Log file open, 01/22/20 13:38:12
LogWindows: Failed to load 'aqProf.dll' (GetLastError=126)
LogWindows: File 'aqProf.dll' does not exist
LogWindows: Failed to load 'VtuneApi.dll' (GetLastError=126)
LogWindows: File 'VtuneApi.dll' does not exist
LogWindows: Failed to load 'VtuneApi32e.dll' (GetLastError=126)
LogWindows: File 'VtuneApi32e.dll' does not exist
LogConsoleResponse: Display: Failed to find resolution value strings in scalability ini. Falling back to default.
LogInit: Display: Running engine for game: JaxAndLegger
LogPlatformFile: Not using cached read wrapper
LogTaskGraph: Started task graph with 5 named threads and 23 total threads with 3 sets of task threads.
LogStats: Stats thread started at 0.091013
LogD3D11RHI: Loaded GFSDK_Aftermath_Lib.x64.dll
LogICUInternationalization: ICU TimeZone Detection - Raw Offset: +1:00, Platform Override: ''
LogPluginManager: Mounting plugin Paper2D
LogPluginManager: Mounting plugin AISupport
LogPluginManager: Mounting plugin LightPropagationVolume
LogPluginManager: Mounting plugin ActorLayerUtilities
LogPluginManager: Mounting plugin AnimationSharing
LogPluginManager: Mounting plugin CLionSourceCodeAccess
LogPluginManager: Mounting plugin CodeLiteSourceCodeAccess
LogPluginManager: Mounting plugin GitSourceControl
LogPluginManager: Mounting plugin KDevelopSourceCodeAccess
LogPluginManager: Mounting plugin NullSourceCodeAccess
LogPluginManager: Mounting plugin PerforceSourceControl
LogPluginManager: Mounting plugin SubversionSourceControl
LogPluginManager: Mounting plugin UObjectPlugin
LogPluginManager: Mounting plugin VisualStudioCodeSourceCodeAccess
LogPluginManager: Mounting plugin VisualStudioSourceCodeAccess
LogPluginManager: Mounting plugin XCodeSourceCodeAccess
LogPluginManager: Mounting plugin AssetManagerEditor
LogPluginManager: Mounting plugin CryptoKeys
LogPluginManager: Mounting plugin CurveEditorTools
LogPluginManager: Mounting plugin DataValidation
LogPluginManager: Mounting plugin FacialAnimation
LogPluginManager: Mounting plugin GameplayTagsEditor
LogPluginManager: Mounting plugin MacGraphicsSwitching
LogPluginManager: Mounting plugin MaterialAnalyzer
LogPluginManager: Mounting plugin MobileLauncherProfileWizard
LogPluginManager: Mounting plugin PluginBrowser
LogPluginManager: Mounting plugin SpeedTreeImporter
LogPluginManager: Mounting plugin DatasmithContent
LogPluginManager: Mounting plugin VariantManagerContent
LogPluginManager: Mounting plugin AlembicImporter
LogPluginManager: Mounting plugin AutomationUtils
LogPluginManager: Mounting plugin BackChannel
LogPluginManager: Mounting plugin CharacterAI
LogPluginManager: Mounting plugin GeometryCache
LogPluginManager: Mounting plugin HTML5Networking
LogPluginManager: Mounting plugin PlatformCrypto
LogPluginManager: Mounting plugin ProxyLODPlugin
LogPluginManager: Mounting plugin SkeletalReduction
LogPluginManager: Mounting plugin MagicLeap
LogPluginManager: Mounting plugin MagicLeapMedia
LogPluginManager: Mounting plugin AndroidMedia
LogPluginManager: Mounting plugin AvfMedia
LogPluginManager: Mounting plugin ImgMedia
LogPluginManager: Mounting plugin MediaCompositing
LogPluginManager: Mounting plugin MediaPlayerEditor
LogPluginManager: Mounting plugin WebMMedia
LogPluginManager: Mounting plugin WmfMedia
LogPluginManager: Mounting plugin TcpMessaging
LogPluginManager: Mounting plugin UdpMessaging
LogPluginManager: Mounting plugin ActorSequence
LogPluginManager: Mounting plugin LevelSequenceEditor
LogPluginManager: Mounting plugin MatineeToLevelSequence
LogPluginManager: Mounting plugin NetcodeUnitTest
LogPluginManager: Mounting plugin NUTUnrealEngine4
LogPluginManager: Mounting plugin OnlineSubsystemGooglePlay
LogPluginManager: Mounting plugin OnlineSubsystemIOS
LogPluginManager: Mounting plugin OnlineSubsystem
LogPluginManager: Mounting plugin OnlineSubsystemNull
LogPluginManager: Mounting plugin OnlineSubsystemUtils
LogPluginManager: Mounting plugin LauncherChunkInstaller
LogPluginManager: Mounting plugin AndroidDeviceProfileSelector
LogPluginManager: Mounting plugin AndroidMoviePlayer
LogPluginManager: Mounting plugin AndroidPermission
LogPluginManager: Mounting plugin AppleImageUtils
LogPluginManager: Mounting plugin AppleMoviePlayer
LogPluginManager: Mounting plugin ArchVisCharacter
LogPluginManager: Mounting plugin AudioCapture
LogPluginManager: Mounting plugin CableComponent
LogPluginManager: Mounting plugin CustomMeshComponent
LogPluginManager: Mounting plugin EditableMesh
LogPluginManager: Mounting plugin ExampleDeviceProfileSelector
LogPluginManager: Mounting plugin GoogleCloudMessaging
LogPluginManager: Mounting plugin IOSDeviceProfileSelector
LogPluginManager: Mounting plugin LinuxDeviceProfileSelector
LogPluginManager: Mounting plugin LocationServicesBPLibrary
LogPluginManager: Mounting plugin MobilePatchingUtils
LogPluginManager: Mounting plugin OculusVR
LogPluginManager: Mounting plugin PhysXVehicles
LogPluginManager: Mounting plugin ProceduralMeshComponent
LogPluginManager: Mounting plugin RuntimePhysXCooking
LogPluginManager: Mounting plugin SignificanceManager
LogPluginManager: Mounting plugin SteamVR
LogPluginManager: Mounting plugin WebMMoviePlayer
LogPluginManager: Mounting plugin WindowsMoviePlayer
LogPluginManager: Mounting plugin ScreenshotTools
LogInit: Using libcurl 7.55.1-DEV
LogInit:  - built for x86_64-pc-win32
LogInit:  - supports SSL with OpenSSL/1.1.1
LogInit:  - supports HTTP deflate (compression) using libz 1.2.8
LogInit:  - other features:
LogInit:      CURL_VERSION_SSL
LogInit:      CURL_VERSION_LIBZ
LogInit:      CURL_VERSION_IPV6
LogInit:      CURL_VERSION_ASYNCHDNS
LogInit:      CURL_VERSION_LARGEFILE
LogInit:      CURL_VERSION_IDN
LogInit:  CurlRequestOptions (configurable via config and command line):
LogInit:  - bVerifyPeer = true  - Libcurl will verify peer certificate
LogInit:  - bUseHttpProxy = false  - Libcurl will NOT use HTTP proxy
LogInit:  - bDontReuseConnections = false  - Libcurl will reuse connections
LogInit:  - MaxHostConnections = 16  - Libcurl will limit the number of connections to a host
LogInit:  - LocalHostAddr = Default
LogInit:  - BufferSize = 65536
LogOnline: OSS: Creating online subsystem instance for: NULL
LogInit: WinSock: version 1.1 (2.2), MaxSocks=32767, MaxUdp=65467
LogInit: Build: ++UE4+Release-4.23-CL-9631420
LogInit: Engine Version: 4.23.1-9631420+++UE4+Release-4.23
LogInit: Compatible Engine Version: 4.23.0-8386587+++UE4+Release-4.23
LogInit: Net CL: 8386587
LogInit: OS: Windows 10 (Release 1909) (), CPU: Intel(R) Core(TM) i7-7700HQ CPU @ 2.80GHz, GPU: Intel(R) HD Graphics 630
LogInit: Compiled (64-bit): Oct 18 2019 02:07:44
LogInit: Compiled with Visual C++: 19.16.27030.01
LogInit: Build Configuration: Development
LogInit: Branch Name: ++UE4+Release-4.23
LogInit: Command Line:  -EpicPortal -epicusername=LastXander -epicuserid=fd28c16ff2b246059b67a59f3fa22300 -epiclocale=en-US
LogInit: Base Directory: D:/Program Files/Epic Games/UE_4.23/Engine/Binaries/Win64/
LogInit: Installed Engine Build: 1
LogDevObjectVersion: Number of dev versions registered: 23
LogDevObjectVersion:   Dev-Blueprints (B0D832E4-1F89-4F0D-ACCF-7EB736FD4AA2): 10
LogDevObjectVersion:   Dev-Build (E1C64328-A22C-4D53-A36C-8E866417BD8C): 0
LogDevObjectVersion:   Dev-Core (375EC13C-06E4-48FB-B500-84F0262A717E): 3
LogDevObjectVersion:   Dev-Editor (E4B068ED-F494-42E9-A231-DA0B2E46BB41): 34
LogDevObjectVersion:   Dev-Framework (CFFC743F-43B0-4480-9391-14DF171D2073): 35
LogDevObjectVersion:   Dev-Mobile (B02B49B5-BB20-44E9-A304-32B752E40360): 2
LogDevObjectVersion:   Dev-Networking (A4E4105C-59A1-49B5-A7C5-40C4547EDFEE): 0
LogDevObjectVersion:   Dev-Online (39C831C9-5AE6-47DC-9A44-9C173E1C8E7C): 0
LogDevObjectVersion:   Dev-Physics (78F01B33-EBEA-4F98-B9B4-84EACCB95AA2): 0
LogDevObjectVersion:   Dev-Platform (6631380F-2D4D-43E0-8009-CF276956A95A): 0
LogDevObjectVersion:   Dev-Rendering (12F88B9F-8875-4AFC-A67C-D90C383ABD29): 31
LogDevObjectVersion:   Dev-Sequencer (7B5AE74C-D270-4C10-A958-57980B212A5A): 11
LogDevObjectVersion:   Dev-VR (D7296918-1DD6-4BDD-9DE2-64A83CC13884): 2
LogDevObjectVersion:   Dev-LoadTimes (C2A15278-BFE7-4AFE-6C17-90FF531DF755): 1
LogDevObjectVersion:   Private-Geometry (6EACA3D4-40EC-4CC1-B786-8BED09428FC5): 3
LogDevObjectVersion:   Dev-AnimPhys (29E575DD-E0A3-4627-9D10-D276232CDCEA): 17
LogDevObjectVersion:   Dev-Anim (AF43A65D-7FD3-4947-9873-3E8ED9C1BB05): 2
LogDevObjectVersion:   Dev-ReflectionCapture (6B266CEC-1EC7-4B8F-A30B-E4D90942FC07): 1
LogDevObjectVersion:   Dev-Automation (0DF73D61-A23F-47EA-B727-89E90C41499A): 1
LogDevObjectVersion:   FortniteMain (601D1886-AC64-4F84-AA16-D3DE0DEAC7D6): 27
LogDevObjectVersion:   Dev-Enterprise (9DFFBCD6-494F-0158-E221-12823C92A888): 6
LogDevObjectVersion:   Dev-Niagara (F2AED0AC-9AFE-416F-8664-AA7FFA26D6FC): 1
LogDevObjectVersion:   Dev-Destruction (174F1F0B-B4C6-45A5-B13F-2EE8D0FB917D): 9
LogInit: Presizing for max 16777216 objects, including 0 objects not considered by GC, pre-allocating 0 bytes for permanent pool.
LogInit: Object subsystem initialized
LogConfig: Setting CVar [[con.DebugEarlyDefault:1]]
LogConfig: Setting CVar [[r.setres:1280x720]]
[2020.01.22-12.38.12:716][  0]LogConfig: Setting CVar [[r.VSync:0]]
[2020.01.22-12.38.12:716][  0]LogConfig: Setting CVar [[r.RHICmdBypass:0]]
[2020.01.22-12.38.12:716][  0]LogConfig: Applying CVar settings from Section [/Script/Engine.RendererSettings] File [F:/Github/Jnckr-Lthr/Saved/Config/Windows/Engine.ini]
[2020.01.22-12.38.12:716][  0]LogConfig: Setting CVar [[r.GPUCrashDebugging:0]]
[2020.01.22-12.38.12:716][  0]LogConfig: Applying CVar settings from Section [/Script/Engine.RendererOverrideSettings] File [F:/Github/Jnckr-Lthr/Saved/Config/Windows/Engine.ini]
[2020.01.22-12.38.12:716][  0]LogConfig: Applying CVar settings from Section [/Script/Engine.StreamingSettings] File [F:/Github/Jnckr-Lthr/Saved/Config/Windows/Engine.ini]
[2020.01.22-12.38.12:716][  0]LogConfig: Setting CVar [[s.MinBulkDataSizeForAsyncLoading:131072]]
[2020.01.22-12.38.12:717][  0]LogConfig: Setting CVar [[s.AsyncLoadingThreadEnabled:0]]
[2020.01.22-12.38.12:717][  0]LogConfig: Setting CVar [[s.EventDrivenLoaderEnabled:1]]
[2020.01.22-12.38.12:717][  0]LogConfig: Setting CVar [[s.WarnIfTimeLimitExceeded:0]]
[2020.01.22-12.38.12:717][  0]LogConfig: Setting CVar [[s.TimeLimitExceededMultiplier:1.5]]
[2020.01.22-12.38.12:717][  0]LogConfig: Setting CVar [[s.TimeLimitExceededMinTime:0.005]]
[2020.01.22-12.38.12:717][  0]LogConfig: Setting CVar [[s.UseBackgroundLevelStreaming:1]]
[2020.01.22-12.38.12:717][  0]LogConfig: Setting CVar [[s.PriorityAsyncLoadingExtraTime:15.0]]
[2020.01.22-12.38.12:717][  0]LogConfig: Setting CVar [[s.LevelStreamingActorsUpdateTimeLimit:5.0]]
[2020.01.22-12.38.12:717][  0]LogConfig: Setting CVar [[s.PriorityLevelStreamingActorsUpdateExtraTime:5.0]]
[2020.01.22-12.38.12:717][  0]LogConfig: Setting CVar [[s.LevelStreamingComponentsRegistrationGranularity:10]]
[2020.01.22-12.38.12:717][  0]LogConfig: Setting CVar [[s.UnregisterComponentsTimeLimit:1.0]]
[2020.01.22-12.38.12:717][  0]LogConfig: Setting CVar [[s.LevelStreamingComponentsUnregistrationGranularity:5]]
[2020.01.22-12.38.12:717][  0]LogConfig: Applying CVar settings from Section [/Script/Engine.GarbageCollectionSettings] File [F:/Github/Jnckr-Lthr/Saved/Config/Windows/Engine.ini]
[2020.01.22-12.38.12:717][  0]LogConfig: Setting CVar [[gc.MaxObjectsNotConsideredByGC:1]]
[2020.01.22-12.38.12:717][  0]LogConfig: Setting CVar [[gc.SizeOfPermanentObjectPool:0]]
[2020.01.22-12.38.12:717][  0]LogConfig: Setting CVar [[gc.FlushStreamingOnGC:0]]
[2020.01.22-12.38.12:717][  0]LogConfig: Setting CVar [[gc.NumRetriesBeforeForcingGC:10]]
[2020.01.22-12.38.12:717][  0]LogConfig: Setting CVar [[gc.AllowParallelGC:1]]
[2020.01.22-12.38.12:717][  0]LogConfig: Setting CVar [[gc.TimeBetweenPurgingPendingKillObjects:61.1]]
[2020.01.22-12.38.12:717][  0]LogConfig: Setting CVar [[gc.MaxObjectsInEditor:16777216]]
[2020.01.22-12.38.12:717][  0]LogConfig: Setting CVar [[gc.IncrementalBeginDestroyEnabled:1]]
[2020.01.22-12.38.12:717][  0]LogConfig: Setting CVar [[gc.CreateGCClusters:1]]
[2020.01.22-12.38.12:717][  0]LogConfig: Setting CVar [[gc.MinGCClusterSize:5]]
[2020.01.22-12.38.12:717][  0]LogConfig: Setting CVar [[gc.ActorClusteringEnabled:0]]
[2020.01.22-12.38.12:717][  0]LogConfig: Setting CVar [[gc.BlueprintClusteringEnabled:0]]
[2020.01.22-12.38.12:717][  0]LogConfig: Setting CVar [[gc.UseDisregardForGCOnDedicatedServers:0]]
[2020.01.22-12.38.12:717][  0]LogConfig: Applying CVar settings from Section [/Script/Engine.NetworkSettings] File [F:/Github/Jnckr-Lthr/Saved/Config/Windows/Engine.ini]
[2020.01.22-12.38.12:717][  0]LogConfig: Applying CVar settings from Section [/Script/UnrealEd.CookerSettings] File [F:/Github/Jnckr-Lthr/Saved/Config/Windows/Engine.ini]
[2020.01.22-12.38.12:723][  0]LogConfig: Applying CVar settings from Section [ViewDistanceQuality@3] File [F:/Github/Jnckr-Lthr/Saved/Config/Windows/Scalability.ini]
[2020.01.22-12.38.12:723][  0]LogConfig: Setting CVar [[r.SkeletalMeshLODBias:0]]
[2020.01.22-12.38.12:723][  0]LogConfig: Setting CVar [[r.ViewDistanceScale:1.0]]
[2020.01.22-12.38.12:723][  0]LogConfig: Applying CVar settings from Section [AntiAliasingQuality@3] File [F:/Github/Jnckr-Lthr/Saved/Config/Windows/Scalability.ini]
[2020.01.22-12.38.12:723][  0]LogConfig: Setting CVar [[r.PostProcessAAQuality:4]]
[2020.01.22-12.38.12:723][  0]LogConfig: Applying CVar settings from Section [ShadowQuality@3] File [F:/Github/Jnckr-Lthr/Saved/Config/Windows/Scalability.ini]
[2020.01.22-12.38.12:723][  0]LogConfig: Setting CVar [[r.LightFunctionQuality:1]]
[2020.01.22-12.38.12:723][  0]LogConfig: Setting CVar [[r.ShadowQuality:5]]
[2020.01.22-12.38.12:723][  0]LogConfig: Setting CVar [[r.Shadow.CSM.MaxCascades:10]]
[2020.01.22-12.38.12:723][  0]LogConfig: Setting CVar [[r.Shadow.MaxResolution:2048]]
[2020.01.22-12.38.12:723][  0]LogConfig: Setting CVar [[r.Shadow.MaxCSMResolution:2048]]
[2020.01.22-12.38.12:723][  0]LogConfig: Setting CVar [[r.Shadow.RadiusThreshold:0.01]]
[2020.01.22-12.38.12:723][  0]LogConfig: Setting CVar [[r.Shadow.DistanceScale:1.0]]
[2020.01.22-12.38.12:723][  0]LogConfig: Setting CVar [[r.Shadow.CSM.TransitionScale:1.0]]
[2020.01.22-12.38.12:723][  0]LogConfig: Setting CVar [[r.Shadow.PreShadowResolutionFactor:1.0]]
[2020.01.22-12.38.12:723][  0]LogConfig: Setting CVar [[r.DistanceFieldShadowing:1]]
[2020.01.22-12.38.12:723][  0]LogConfig: Setting CVar [[r.DistanceFieldAO:1]]
[2020.01.22-12.38.12:723][  0]LogConfig: Setting CVar [[r.AOQuality:2]]
[2020.01.22-12.38.12:724][  0]LogConfig: Setting CVar [[r.VolumetricFog:1]]
[2020.01.22-12.38.12:724][  0]LogConfig: Setting CVar [[r.VolumetricFog.GridPixelSize:8]]
[2020.01.22-12.38.12:724][  0]LogConfig: Setting CVar [[r.VolumetricFog.GridSizeZ:128]]
[2020.01.22-12.38.12:724][  0]LogConfig: Setting CVar [[r.VolumetricFog.HistoryMissSupersampleCount:4]]
[2020.01.22-12.38.12:724][  0]LogConfig: Setting CVar [[r.LightMaxDrawDistanceScale:1]]
[2020.01.22-12.38.12:724][  0]LogConfig: Setting CVar [[r.CapsuleShadows:1]]
[2020.01.22-12.38.12:724][  0]LogConfig: Applying CVar settings from Section [PostProcessQuality@3] File [F:/Github/Jnckr-Lthr/Saved/Config/Windows/Scalability.ini]
[2020.01.22-12.38.12:724][  0]LogConfig: Setting CVar [[r.MotionBlurQuality:4]]
[2020.01.22-12.38.12:724][  0]LogConfig: Setting CVar [[r.AmbientOcclusionMipLevelFactor:0.4]]
[2020.01.22-12.38.12:724][  0]LogConfig: Setting CVar [[r.AmbientOcclusionMaxQuality:100]]
[2020.01.22-12.38.12:724][  0]LogConfig: Setting CVar [[r.AmbientOcclusionLevels:-1]]
[2020.01.22-12.38.12:724][  0]LogConfig: Setting CVar [[r.AmbientOcclusionRadiusScale:1.0]]
[2020.01.22-12.38.12:724][  0]LogConfig: Setting CVar [[r.DepthOfFieldQuality:2]]
[2020.01.22-12.38.12:724][  0]LogConfig: Setting CVar [[r.RenderTargetPoolMin:400]]
[2020.01.22-12.38.12:724][  0]LogConfig: Setting CVar [[r.LensFlareQuality:2]]
[2020.01.22-12.38.12:724][  0]LogConfig: Setting CVar [[r.SceneColorFringeQuality:1]]
[2020.01.22-12.38.12:724][  0]LogConfig: Setting CVar [[r.EyeAdaptationQuality:2]]
[2020.01.22-12.38.12:724][  0]LogConfig: Setting CVar [[r.BloomQuality:5]]
[2020.01.22-12.38.12:724][  0]LogConfig: Setting CVar [[r.FastBlurThreshold:100]]
[2020.01.22-12.38.12:724][  0]LogConfig: Setting CVar [[r.Upscale.Quality:3]]
[2020.01.22-12.38.12:724][  0]LogConfig: Setting CVar [[r.Tonemapper.GrainQuantization:1]]
[2020.01.22-12.38.12:724][  0]LogConfig: Setting CVar [[r.LightShaftQuality:1]]
[2020.01.22-12.38.12:724][  0]LogConfig: Setting CVar [[r.Filter.SizeScale:1]]
[2020.01.22-12.38.12:724][  0]LogConfig: Setting CVar [[r.Tonemapper.Quality:5]]
[2020.01.22-12.38.12:724][  0]LogConfig: Setting CVar [[r.DOF.Gather.AccumulatorQuality:1        ; higher gathering accumulator quality]]
[2020.01.22-12.38.12:724][  0]LogConfig: Setting CVar [[r.DOF.Gather.PostfilterMethod:1          ; Median3x3 postfilering method]]
[2020.01.22-12.38.12:724][  0]LogConfig: Setting CVar [[r.DOF.Gather.EnableBokehSettings:0       ; no bokeh simulation when gathering]]
[2020.01.22-12.38.12:724][  0]LogConfig: Setting CVar [[r.DOF.Gather.RingCount:4                 ; medium number of samples when gathering]]
[2020.01.22-12.38.12:724][  0]LogConfig: Setting CVar [[r.DOF.Scatter.ForegroundCompositing:1    ; additive foreground scattering]]
[2020.01.22-12.38.12:724][  0]LogConfig: Setting CVar [[r.DOF.Scatter.BackgroundCompositing:2    ; additive background scattering]]
[2020.01.22-12.38.12:724][  0]LogConfig: Setting CVar [[r.DOF.Scatter.EnableBokehSettings:1      ; bokeh simulation when scattering]]
[2020.01.22-12.38.12:724][  0]LogConfig: Setting CVar [[r.DOF.Scatter.MaxSpriteRatio:0.1         ; only a maximum of 10% of scattered bokeh]]
[2020.01.22-12.38.12:724][  0]LogConfig: Setting CVar [[r.DOF.Recombine.Quality:1                ; cheap slight out of focus]]
[2020.01.22-12.38.12:724][  0]LogConfig: Setting CVar [[r.DOF.Recombine.EnableBokehSettings:0    ; no bokeh simulation on slight out of focus]]
[2020.01.22-12.38.12:724][  0]LogConfig: Setting CVar [[r.DOF.TemporalAAQuality:1                ; more stable temporal accumulation]]
[2020.01.22-12.38.12:724][  0]LogConfig: Setting CVar [[r.DOF.Kernel.MaxForegroundRadius:0.025]]
[2020.01.22-12.38.12:724][  0]LogConfig: Setting CVar [[r.DOF.Kernel.MaxBackgroundRadius:0.025]]
[2020.01.22-12.38.12:724][  0]LogConfig: Applying CVar settings from Section [TextureQuality@3] File [F:/Github/Jnckr-Lthr/Saved/Config/Windows/Scalability.ini]
[2020.01.22-12.38.12:724][  0]LogConfig: Setting CVar [[r.Streaming.MipBias:0]]
[2020.01.22-12.38.12:724][  0]LogConfig: Setting CVar [[r.Streaming.AmortizeCPUToGPUCopy:0]]
[2020.01.22-12.38.12:724][  0]LogConfig: Setting CVar [[r.Streaming.MaxNumTexturesToStreamPerFrame:0]]
[2020.01.22-12.38.12:724][  0]LogConfig: Setting CVar [[r.Streaming.Boost:1]]
[2020.01.22-12.38.12:724][  0]LogConfig: Setting CVar [[r.MaxAnisotropy:8]]
[2020.01.22-12.38.12:724][  0]LogConfig: Setting CVar [[r.Streaming.LimitPoolSizeToVRAM:0]]
[2020.01.22-12.38.12:724][  0]LogConfig: Setting CVar [[r.Streaming.PoolSize:1000]]
[2020.01.22-12.38.12:724][  0]LogConfig: Setting CVar [[r.Streaming.MaxEffectiveScreenSize:0]]
[2020.01.22-12.38.12:724][  0]LogConfig: Applying CVar settings from Section [EffectsQuality@3] File [F:/Github/Jnckr-Lthr/Saved/Config/Windows/Scalability.ini]
[2020.01.22-12.38.12:724][  0]LogConfig: Setting CVar [[r.TranslucencyLightingVolumeDim:64]]
[2020.01.22-12.38.12:724][  0]LogConfig: Setting CVar [[r.RefractionQuality:2]]
[2020.01.22-12.38.12:724][  0]LogConfig: Setting CVar [[r.SSR.Quality:3]]
[2020.01.22-12.38.12:724][  0]LogConfig: Setting CVar [[r.SceneColorFormat:4]]
[2020.01.22-12.38.12:724][  0]LogConfig: Setting CVar [[r.DetailMode:2]]
[2020.01.22-12.38.12:724][  0]LogConfig: Setting CVar [[r.TranslucencyVolumeBlur:1]]
[2020.01.22-12.38.12:724][  0]LogConfig: Setting CVar [[r.MaterialQualityLevel:1 ; High quality]]
[2020.01.22-12.38.12:724][  0]LogConfig: Setting CVar [[r.SSS.Scale:1]]
[2020.01.22-12.38.12:724][  0]LogConfig: Setting CVar [[r.SSS.SampleSet:2]]
[2020.01.22-12.38.12:724][  0]LogConfig: Setting CVar [[r.SSS.Quality:1]]
[2020.01.22-12.38.12:724][  0]LogConfig: Setting CVar [[r.SSS.HalfRes:1]]
[2020.01.22-12.38.12:724][  0]LogConfig: Setting CVar [[r.EmitterSpawnRateScale:1.0]]
[2020.01.22-12.38.12:724][  0]LogConfig: Setting CVar [[r.ParticleLightQuality:2]]
[2020.01.22-12.38.12:724][  0]LogConfig: Applying CVar settings from Section [FoliageQuality@3] File [F:/Github/Jnckr-Lthr/Saved/Config/Windows/Scalability.ini]
[2020.01.22-12.38.12:724][  0]LogConfig: Setting CVar [[foliage.DensityScale:1.0]]
[2020.01.22-12.38.12:725][  0]LogConfig: Setting CVar [[grass.DensityScale:1.0]]
[2020.01.22-12.38.12:725][  0]LogInit: Selected Device Profile: [Windows]
[2020.01.22-12.38.12:725][  0]LogInit: Applying CVar settings loaded from the selected device profile: [Windows]
[2020.01.22-12.38.12:728][  0]LogHAL: Display: Platform has ~ 8 GB [8469159936 / 8589934592 / 8], which maps to Default [LargestMinGB=32, LargerMinGB=12, DefaultMinGB=8, SmallerMinGB=6, SmallestMinGB=0)
[2020.01.22-12.38.12:728][  0]LogInit: Going up to parent DeviceProfile []
[2020.01.22-12.38.12:728][  0]LogConfig: Applying CVar settings from Section [ViewDistanceQuality@3] File [F:/Github/Jnckr-Lthr/Saved/Config/Windows/Scalability.ini]
[2020.01.22-12.38.12:728][  0]LogConfig: Setting CVar [[r.SkeletalMeshLODBias:0]]
[2020.01.22-12.38.12:728][  0]LogConfig: Setting CVar [[r.ViewDistanceScale:1.0]]
[2020.01.22-12.38.12:728][  0]LogConfig: Applying CVar settings from Section [AntiAliasingQuality@3] File [F:/Github/Jnckr-Lthr/Saved/Config/Windows/Scalability.ini]
[2020.01.22-12.38.12:728][  0]LogConfig: Setting CVar [[r.PostProcessAAQuality:4]]
[2020.01.22-12.38.12:728][  0]LogConfig: Applying CVar settings from Section [ShadowQuality@3] File [F:/Github/Jnckr-Lthr/Saved/Config/Windows/Scalability.ini]
[2020.01.22-12.38.12:728][  0]LogConfig: Setting CVar [[r.LightFunctionQuality:1]]
[2020.01.22-12.38.12:728][  0]LogConfig: Setting CVar [[r.ShadowQuality:5]]
[2020.01.22-12.38.12:728][  0]LogConfig: Setting CVar [[r.Shadow.CSM.MaxCascades:10]]
[2020.01.22-12.38.12:728][  0]LogConfig: Setting CVar [[r.Shadow.MaxResolution:2048]]
[2020.01.22-12.38.12:728][  0]LogConfig: Setting CVar [[r.Shadow.MaxCSMResolution:2048]]
[2020.01.22-12.38.12:728][  0]LogConfig: Setting CVar [[r.Shadow.RadiusThreshold:0.01]]
[2020.01.22-12.38.12:728][  0]LogConfig: Setting CVar [[r.Shadow.DistanceScale:1.0]]
[2020.01.22-12.38.12:728][  0]LogConfig: Setting CVar [[r.Shadow.CSM.TransitionScale:1.0]]
[2020.01.22-12.38.12:728][  0]LogConfig: Setting CVar [[r.Shadow.PreShadowResolutionFactor:1.0]]
[2020.01.22-12.38.12:728][  0]LogConfig: Setting CVar [[r.DistanceFieldShadowing:1]]
[2020.01.22-12.38.12:728][  0]LogConfig: Setting CVar [[r.DistanceFieldAO:1]]
[2020.01.22-12.38.12:728][  0]LogConfig: Setting CVar [[r.AOQuality:2]]
[2020.01.22-12.38.12:728][  0]LogConfig: Setting CVar [[r.VolumetricFog:1]]
[2020.01.22-12.38.12:728][  0]LogConfig: Setting CVar [[r.VolumetricFog.GridPixelSize:8]]
[2020.01.22-12.38.12:728][  0]LogConfig: Setting CVar [[r.VolumetricFog.GridSizeZ:128]]
[2020.01.22-12.38.12:728][  0]LogConfig: Setting CVar [[r.VolumetricFog.HistoryMissSupersampleCount:4]]
[2020.01.22-12.38.12:728][  0]LogConfig: Setting CVar [[r.LightMaxDrawDistanceScale:1]]
[2020.01.22-12.38.12:728][  0]LogConfig: Setting CVar [[r.CapsuleShadows:1]]
[2020.01.22-12.38.12:728][  0]LogConfig: Applying CVar settings from Section [PostProcessQuality@3] File [F:/Github/Jnckr-Lthr/Saved/Config/Windows/Scalability.ini]
[2020.01.22-12.38.12:728][  0]LogConfig: Setting CVar [[r.MotionBlurQuality:4]]
[2020.01.22-12.38.12:728][  0]LogConfig: Setting CVar [[r.AmbientOcclusionMipLevelFactor:0.4]]
[2020.01.22-12.38.12:728][  0]LogConfig: Setting CVar [[r.AmbientOcclusionMaxQuality:100]]
[2020.01.22-12.38.12:728][  0]LogConfig: Setting CVar [[r.AmbientOcclusionLevels:-1]]
[2020.01.22-12.38.12:728][  0]LogConfig: Setting CVar [[r.AmbientOcclusionRadiusScale:1.0]]
[2020.01.22-12.38.12:728][  0]LogConfig: Setting CVar [[r.DepthOfFieldQuality:2]]
[2020.01.22-12.38.12:728][  0]LogConfig: Setting CVar [[r.RenderTargetPoolMin:400]]
[2020.01.22-12.38.12:728][  0]LogConfig: Setting CVar [[r.LensFlareQuality:2]]
[2020.01.22-12.38.12:728][  0]LogConfig: Setting CVar [[r.SceneColorFringeQuality:1]]
[2020.01.22-12.38.12:728][  0]LogConfig: Setting CVar [[r.EyeAdaptationQuality:2]]
[2020.01.22-12.38.12:728][  0]LogConfig: Setting CVar [[r.BloomQuality:5]]
[2020.01.22-12.38.12:728][  0]LogConfig: Setting CVar [[r.FastBlurThreshold:100]]
[2020.01.22-12.38.12:728][  0]LogConfig: Setting CVar [[r.Upscale.Quality:3]]
[2020.01.22-12.38.12:728][  0]LogConfig: Setting CVar [[r.Tonemapper.GrainQuantization:1]]
[2020.01.22-12.38.12:729][  0]LogConfig: Setting CVar [[r.LightShaftQuality:1]]
[2020.01.22-12.38.12:729][  0]LogConfig: Setting CVar [[r.Filter.SizeScale:1]]
[2020.01.22-12.38.12:729][  0]LogConfig: Setting CVar [[r.Tonemapper.Quality:5]]
[2020.01.22-12.38.12:729][  0]LogConfig: Setting CVar [[r.DOF.Gather.AccumulatorQuality:1        ; higher gathering accumulator quality]]
[2020.01.22-12.38.12:729][  0]LogConfig: Setting CVar [[r.DOF.Gather.PostfilterMethod:1          ; Median3x3 postfilering method]]
[2020.01.22-12.38.12:729][  0]LogConfig: Setting CVar [[r.DOF.Gather.EnableBokehSettings:0       ; no bokeh simulation when gathering]]
[2020.01.22-12.38.12:729][  0]LogConfig: Setting CVar [[r.DOF.Gather.RingCount:4                 ; medium number of samples when gathering]]
[2020.01.22-12.38.12:729][  0]LogConfig: Setting CVar [[r.DOF.Scatter.ForegroundCompositing:1    ; additive foreground scattering]]
[2020.01.22-12.38.12:729][  0]LogConfig: Setting CVar [[r.DOF.Scatter.BackgroundCompositing:2    ; additive background scattering]]
[2020.01.22-12.38.12:729][  0]LogConfig: Setting CVar [[r.DOF.Scatter.EnableBokehSettings:1      ; bokeh simulation when scattering]]
[2020.01.22-12.38.12:729][  0]LogConfig: Setting CVar [[r.DOF.Scatter.MaxSpriteRatio:0.1         ; only a maximum of 10% of scattered bokeh]]
[2020.01.22-12.38.12:729][  0]LogConfig: Setting CVar [[r.DOF.Recombine.Quality:1                ; cheap slight out of focus]]
[2020.01.22-12.38.12:729][  0]LogConfig: Setting CVar [[r.DOF.Recombine.EnableBokehSettings:0    ; no bokeh simulation on slight out of focus]]
[2020.01.22-12.38.12:729][  0]LogConfig: Setting CVar [[r.DOF.TemporalAAQuality:1                ; more stable temporal accumulation]]
[2020.01.22-12.38.12:729][  0]LogConfig: Setting CVar [[r.DOF.Kernel.MaxForegroundRadius:0.025]]
[2020.01.22-12.38.12:729][  0]LogConfig: Setting CVar [[r.DOF.Kernel.MaxBackgroundRadius:0.025]]
[2020.01.22-12.38.12:729][  0]LogConfig: Applying CVar settings from Section [TextureQuality@3] File [F:/Github/Jnckr-Lthr/Saved/Config/Windows/Scalability.ini]
[2020.01.22-12.38.12:729][  0]LogConfig: Setting CVar [[r.Streaming.MipBias:0]]
[2020.01.22-12.38.12:729][  0]LogConfig: Setting CVar [[r.Streaming.AmortizeCPUToGPUCopy:0]]
[2020.01.22-12.38.12:729][  0]LogConfig: Setting CVar [[r.Streaming.MaxNumTexturesToStreamPerFrame:0]]
[2020.01.22-12.38.12:729][  0]LogConfig: Setting CVar [[r.Streaming.Boost:1]]
[2020.01.22-12.38.12:729][  0]LogConfig: Setting CVar [[r.MaxAnisotropy:8]]
[2020.01.22-12.38.12:729][  0]LogConfig: Setting CVar [[r.Streaming.LimitPoolSizeToVRAM:0]]
[2020.01.22-12.38.12:729][  0]LogConfig: Setting CVar [[r.Streaming.PoolSize:1000]]
[2020.01.22-12.38.12:729][  0]LogConfig: Setting CVar [[r.Streaming.MaxEffectiveScreenSize:0]]
[2020.01.22-12.38.12:729][  0]LogConfig: Applying CVar settings from Section [EffectsQuality@3] File [F:/Github/Jnckr-Lthr/Saved/Config/Windows/Scalability.ini]
[2020.01.22-12.38.12:729][  0]LogConfig: Setting CVar [[r.TranslucencyLightingVolumeDim:64]]
[2020.01.22-12.38.12:729][  0]LogConfig: Setting CVar [[r.RefractionQuality:2]]
[2020.01.22-12.38.12:729][  0]LogConfig: Setting CVar [[r.SSR.Quality:3]]
[2020.01.22-12.38.12:729][  0]LogConfig: Setting CVar [[r.SceneColorFormat:4]]
[2020.01.22-12.38.12:729][  0]LogConfig: Setting CVar [[r.DetailMode:2]]
[2020.01.22-12.38.12:729][  0]LogConfig: Setting CVar [[r.TranslucencyVolumeBlur:1]]
[2020.01.22-12.38.12:729][  0]LogConfig: Setting CVar [[r.MaterialQualityLevel:1 ; High quality]]
[2020.01.22-12.38.12:729][  0]LogConfig: Setting CVar [[r.SSS.Scale:1]]
[2020.01.22-12.38.12:729][  0]LogConfig: Setting CVar [[r.SSS.SampleSet:2]]
[2020.01.22-12.38.12:729][  0]LogConfig: Setting CVar [[r.SSS.Quality:1]]
[2020.01.22-12.38.12:729][  0]LogConfig: Setting CVar [[r.SSS.HalfRes:1]]
[2020.01.22-12.38.12:729][  0]LogConfig: Setting CVar [[r.EmitterSpawnRateScale:1.0]]
[2020.01.22-12.38.12:729][  0]LogConfig: Setting CVar [[r.ParticleLightQuality:2]]
[2020.01.22-12.38.12:729][  0]LogConfig: Applying CVar settings from Section [FoliageQuality@3] File [F:/Github/Jnckr-Lthr/Saved/Config/Windows/Scalability.ini]
[2020.01.22-12.38.12:729][  0]LogConfig: Setting CVar [[foliage.DensityScale:1.0]]
[2020.01.22-12.38.12:729][  0]LogConfig: Setting CVar [[grass.DensityScale:1.0]]
[2020.01.22-12.38.12:729][  0]LogConfig: Applying CVar settings from Section [Startup] File [../../../Engine/Config/ConsoleVariables.ini]
[2020.01.22-12.38.12:729][  0]LogConfig: Setting CVar [[net.UseAdaptiveNetUpdateFrequency:0]]
[2020.01.22-12.38.12:729][  0]LogConfig: Setting CVar [[p.chaos.AllowCreatePhysxBodies:1]]
[2020.01.22-12.38.12:730][  0]LogConfig: Applying CVar settings from Section [ConsoleVariables] File [F:/Github/Jnckr-Lthr/Saved/Config/Windows/Engine.ini]
[2020.01.22-12.38.12:730][  0]LogInit: Computer: FABIONOTEBOOK
[2020.01.22-12.38.12:730][  0]LogInit: User: morfa
[2020.01.22-12.38.12:730][  0]LogInit: CPU Page size=4096, Cores=4
[2020.01.22-12.38.12:730][  0]LogInit: High frequency timer resolution =10.000000 MHz
[2020.01.22-12.38.12:730][  0]LogMemory: Memory total: Physical=7.9GB (8GB approx)
[2020.01.22-12.38.12:730][  0]LogMemory: Platform Memory Stats for Windows
[2020.01.22-12.38.12:730][  0]LogMemory: Process Physical Memory: 104.71 MB used, 104.72 MB peak
[2020.01.22-12.38.12:730][  0]LogMemory: Process Virtual Memory: 102.62 MB used, 102.62 MB peak
[2020.01.22-12.38.12:730][  0]LogMemory: Physical Memory: 4999.19 MB used,  3077.63 MB free, 8076.82 MB total
[2020.01.22-12.38.12:730][  0]LogMemory: Virtual Memory: 4664.93 MB used,  134213064.00 MB free, 134217728.00 MB total
[2020.01.22-12.38.12:734][  0]LogWindows: WindowsPlatformFeatures enabled
[2020.01.22-12.38.12:765][  0]LogInit: Using OS detected language (en-US).
[2020.01.22-12.38.12:765][  0]LogInit: Using OS detected locale (en-US).
[2020.01.22-12.38.12:766][  0]LogTextLocalizationManager: No specific localization for 'en-US' exists, so the 'en' localization will be used.
[2020.01.22-12.38.12:967][  0]LogInit: Setting process to per monitor DPI aware
[2020.01.22-12.38.13:022][  0]LogSlate: New Slate User Created.  User Index 0, Is Virtual User: 0
[2020.01.22-12.38.13:022][  0]LogSlate: Slate User Registered.  User Index 0, Is Virtual User: 0
[2020.01.22-12.38.13:345][  0]LogHMD: Failed to initialize OpenVR with code 110
[2020.01.22-12.38.13:345][  0]LogD3D11RHI: D3D11 adapters:
[2020.01.22-12.38.13:427][  0]LogD3D11RHI:    0. 'NVIDIA GeForce GTX 1050' (Feature Level 11_0)
[2020.01.22-12.38.13:427][  0]LogD3D11RHI:       1979/0/4038 MB DedicatedVideo/DedicatedSystem/SharedSystem, Outputs:2, VendorId:0x10de
[2020.01.22-12.38.13:437][  0]LogD3D11RHI:    1. 'Intel(R) HD Graphics 630' (Feature Level 11_0)
[2020.01.22-12.38.13:437][  0]LogD3D11RHI:       128/0/4038 MB DedicatedVideo/DedicatedSystem/SharedSystem, Outputs:0, VendorId:0x8086
[2020.01.22-12.38.13:441][  0]LogD3D11RHI:    2. 'Microsoft Basic Render Driver' (Feature Level 11_0)
[2020.01.22-12.38.13:441][  0]LogD3D11RHI:       0/0/4038 MB DedicatedVideo/DedicatedSystem/SharedSystem, Outputs:0, VendorId:0x1414
[2020.01.22-12.38.13:441][  0]LogD3D11RHI: Chosen D3D11 Adapter: 0
[2020.01.22-12.38.13:487][  0]LogD3D11RHI: Creating new Direct3DDevice
[2020.01.22-12.38.13:487][  0]LogD3D11RHI:     GPU DeviceId: 0x1c8d (for the marketing name, search the web for "GPU Device Id")
[2020.01.22-12.38.13:487][  0]LogWindows: EnumDisplayDevices:
[2020.01.22-12.38.13:487][  0]LogWindows:    0. 'Intel(R) HD Graphics 630' (P:1 D:1)
[2020.01.22-12.38.13:488][  0]LogWindows:    1. 'Intel(R) HD Graphics 630' (P:0 D:1)
[2020.01.22-12.38.13:488][  0]LogWindows:    2. 'Intel(R) HD Graphics 630' (P:0 D:0)
[2020.01.22-12.38.13:489][  0]LogWindows: DebugString: PrimaryIsNotTheChoosenAdapter PrimaryIsNotTheChoosenAdapter PrimaryIsNotTheChoosenAdapter FoundDriverCount:0 
[2020.01.22-12.38.13:489][  0]LogD3D11RHI:     Adapter Name: NVIDIA GeForce GTX 1050
[2020.01.22-12.38.13:489][  0]LogD3D11RHI:   Driver Version: Unknown (internal:Unknown, unified:Unknown)
[2020.01.22-12.38.13:489][  0]LogD3D11RHI:      Driver Date: Unknown
[2020.01.22-12.38.13:489][  0]LogRHI: Texture pool is 1385 MB (70% of 1979 MB)
[2020.01.22-12.38.13:538][  0]LogD3D11RHI: Async texture creation enabled
[2020.01.22-12.38.13:551][  0]LogD3D11RHI: GPU Timing Frequency: 1000.000000 (Debug: 2 1)
[2020.01.22-12.38.14:001][  0]LogTemp: Display: Module 'AllDesktopTargetPlatform' loaded TargetPlatform 'AllDesktop'
[2020.01.22-12.38.14:011][  0]LogTemp: Display: Module 'MacClientTargetPlatform' loaded TargetPlatform 'MacClient'
[2020.01.22-12.38.14:021][  0]LogTemp: Display: Module 'MacNoEditorTargetPlatform' loaded TargetPlatform 'MacNoEditor'
[2020.01.22-12.38.14:031][  0]LogTemp: Display: Module 'MacServerTargetPlatform' loaded TargetPlatform 'MacServer'
[2020.01.22-12.38.14:041][  0]LogTemp: Display: Module 'MacTargetPlatform' loaded TargetPlatform 'Mac'
[2020.01.22-12.38.14:050][  0]LogTemp: Display: Module 'WindowsClientTargetPlatform' loaded TargetPlatform 'WindowsClient'
[2020.01.22-12.38.14:059][  0]LogTemp: Display: Module 'WindowsNoEditorTargetPlatform' loaded TargetPlatform 'WindowsNoEditor'
[2020.01.22-12.38.14:069][  0]LogTemp: Display: Module 'WindowsServerTargetPlatform' loaded TargetPlatform 'WindowsServer'
[2020.01.22-12.38.14:073][  0]LogTemp: Display: Module 'WindowsTargetPlatform' loaded TargetPlatform 'Windows'
[2020.01.22-12.38.14:108][  0]LogTemp: Display: Module 'AndroidTargetPlatform' loaded TargetPlatform 'Android'
[2020.01.22-12.38.14:109][  0]LogTemp: Display: Module 'AndroidTargetPlatform' loaded TargetPlatform 'Android_ASTC'
[2020.01.22-12.38.14:109][  0]LogTemp: Display: Module 'AndroidTargetPlatform' loaded TargetPlatform 'Android_ATC'
[2020.01.22-12.38.14:109][  0]LogTemp: Display: Module 'AndroidTargetPlatform' loaded TargetPlatform 'Android_DXT'
[2020.01.22-12.38.14:109][  0]LogTemp: Display: Module 'AndroidTargetPlatform' loaded TargetPlatform 'Android_ETC1'
[2020.01.22-12.38.14:109][  0]LogTemp: Display: Module 'AndroidTargetPlatform' loaded TargetPlatform 'Android_ETC1a'
[2020.01.22-12.38.14:109][  0]LogTemp: Display: Module 'AndroidTargetPlatform' loaded TargetPlatform 'Android_ETC2'
[2020.01.22-12.38.14:109][  0]LogTemp: Display: Module 'AndroidTargetPlatform' loaded TargetPlatform 'Android_PVRTC'
[2020.01.22-12.38.14:109][  0]LogTemp: Display: Module 'AndroidTargetPlatform' loaded TargetPlatform 'AndroidClient'
[2020.01.22-12.38.14:109][  0]LogTemp: Display: Module 'AndroidTargetPlatform' loaded TargetPlatform 'Android_ASTCClient'
[2020.01.22-12.38.14:109][  0]LogTemp: Display: Module 'AndroidTargetPlatform' loaded TargetPlatform 'Android_ATCClient'
[2020.01.22-12.38.14:109][  0]LogTemp: Display: Module 'AndroidTargetPlatform' loaded TargetPlatform 'Android_DXTClient'
[2020.01.22-12.38.14:109][  0]LogTemp: Display: Module 'AndroidTargetPlatform' loaded TargetPlatform 'Android_ETC1Client'
[2020.01.22-12.38.14:109][  0]LogTemp: Display: Module 'AndroidTargetPlatform' loaded TargetPlatform 'Android_ETC1aClient'
[2020.01.22-12.38.14:109][  0]LogTemp: Display: Module 'AndroidTargetPlatform' loaded TargetPlatform 'Android_ETC2Client'
[2020.01.22-12.38.14:109][  0]LogTemp: Display: Module 'AndroidTargetPlatform' loaded TargetPlatform 'Android_PVRTCClient'
[2020.01.22-12.38.14:109][  0]LogTemp: Display: Module 'AndroidTargetPlatform' loaded TargetPlatform 'Android_Multi'
[2020.01.22-12.38.14:109][  0]LogTemp: Display: Module 'AndroidTargetPlatform' loaded TargetPlatform 'Android_MultiClient'
[2020.01.22-12.38.14:111][  0]LogTemp: Display: Module 'HTML5TargetPlatform' loaded TargetPlatform 'HTML5'
[2020.01.22-12.38.14:130][  0]LogTemp: Display: Module 'IOSTargetPlatform' loaded TargetPlatform 'IOSClient'
[2020.01.22-12.38.14:130][  0]LogTemp: Display: Module 'IOSTargetPlatform' loaded TargetPlatform 'IOS'
[2020.01.22-12.38.14:146][  0]LogTemp: Display: Module 'TVOSTargetPlatform' loaded TargetPlatform 'TVOSClient'
[2020.01.22-12.38.14:146][  0]LogTemp: Display: Module 'TVOSTargetPlatform' loaded TargetPlatform 'TVOS'
[2020.01.22-12.38.14:154][  0]LogTemp: Display: Module 'LinuxClientTargetPlatform' loaded TargetPlatform 'LinuxClient'
[2020.01.22-12.38.14:162][  0]LogTemp: Display: Module 'LinuxNoEditorTargetPlatform' loaded TargetPlatform 'LinuxNoEditor'
[2020.01.22-12.38.14:171][  0]LogTemp: Display: Module 'LinuxServerTargetPlatform' loaded TargetPlatform 'LinuxServer'
[2020.01.22-12.38.14:179][  0]LogTemp: Display: Module 'LinuxTargetPlatform' loaded TargetPlatform 'Linux'
[2020.01.22-12.38.14:206][  0]LogTemp: Display: Module 'LuminTargetPlatform' loaded TargetPlatform 'Lumin'
[2020.01.22-12.38.14:206][  0]LogTemp: Display: Module 'LuminTargetPlatform' loaded TargetPlatform 'LuminClient'
[2020.01.22-12.38.14:206][  0]LogTargetPlatformManager: Display: Building Assets For Windows
[2020.01.22-12.38.14:216][  0]LogAudioDebug: Display: Lib vorbis DLL was dynamically loaded.
[2020.01.22-12.38.14:266][  0]LogShaderCompilers: Guid format shader working directory is 26 characters bigger than the processId version (F:/Github/Jnckr-Lthr/Intermediate/Shaders/WorkingDirectory/6000/).
[2020.01.22-12.38.14:266][  0]LogShaderCompilers: Cleaned the shader compiler working directory 'C:/Users/morfa/AppData/Local/Temp/UnrealShaderWorkingDir/AD7164684050E6ED53ABED89846ADF44/'.
[2020.01.22-12.38.14:269][  0]LogXGEController: Cannot use XGE Controller as Incredibuild is not installed on this machine.
[2020.01.22-12.38.14:269][  0]LogShaderCompilers: Cannot use XGE Shader Compiler as Incredibuild is not installed on this machine.
[2020.01.22-12.38.14:269][  0]LogShaderCompilers: Display: Using Local Shader Compiler.
[2020.01.22-12.38.15:008][  0]LogDerivedDataCache: Display: Max Cache Size: 512 MB
[2020.01.22-12.38.15:074][  0]LogDerivedDataCache: Loaded boot cache 0.07s 73MB C:/Users/morfa/AppData/Local/UnrealEngine/4.23/DerivedDataCache/Boot.ddc.
[2020.01.22-12.38.15:074][  0]LogDerivedDataCache: Display: Loaded Boot cache: C:/Users/morfa/AppData/Local/UnrealEngine/4.23/DerivedDataCache/Boot.ddc
[2020.01.22-12.38.15:074][  0]LogDerivedDataCache: FDerivedDataBackendGraph:  Pak pak cache file F:/Github/Jnckr-Lthr/DerivedDataCache/DDC.ddp not found, will not use a pak cache.
[2020.01.22-12.38.15:074][  0]LogDerivedDataCache: Unable to find inner node Pak for hierarchical cache Hierarchy.
[2020.01.22-12.38.15:075][  0]LogDerivedDataCache: FDerivedDataBackendGraph:  CompressedPak pak cache file F:/Github/Jnckr-Lthr/DerivedDataCache/Compressed.ddp not found, will not use a pak cache.
[2020.01.22-12.38.15:075][  0]LogDerivedDataCache: Unable to find inner node CompressedPak for hierarchical cache Hierarchy.
[2020.01.22-12.38.15:088][  0]LogDerivedDataCache: Display: Pak cache opened for reading ../../../Engine/DerivedDataCache/Compressed.ddp.
[2020.01.22-12.38.15:088][  0]LogDerivedDataCache: FDerivedDataBackendGraph:  EnterprisePak pak cache file ../../../Enterprise/DerivedDataCache/Compressed.ddp not found, will not use a pak cache.
[2020.01.22-12.38.15:089][  0]LogDerivedDataCache: Unable to find inner node EnterprisePak for hierarchical cache Hierarchy.
[2020.01.22-12.38.15:090][  0]LogDerivedDataCache: Using Local data cache path C:/Users/morfa/AppData/Local/UnrealEngine/Common/DerivedDataCache: Writable
[2020.01.22-12.38.15:090][  0]LogDerivedDataCache: Shared data cache path not found in *engine.ini, will not use an Shared cache.
[2020.01.22-12.38.15:090][  0]LogDerivedDataCache: Unable to find inner node Shared for hierarchical cache Hierarchy.
[2020.01.22-12.38.15:115][  0]LogMaterial: Verifying Global Shaders for PCD3D_SM5
[2020.01.22-12.38.15:118][  0]LogSlate: Using FreeType 2.6.0
[2020.01.22-12.38.15:119][  0]LogSlate: SlateFontServices - WITH_FREETYPE: 1, WITH_HARFBUZZ: 1
[2020.01.22-12.38.15:201][  0]LogAssetRegistry: FAssetRegistry took 0.0030 seconds to start up
[2020.01.22-12.38.15:489][  0]LogInit: Selected Device Profile: [Windows]
[2020.01.22-12.38.15:649][  0]LogMeshReduction: Using QuadricMeshReduction for automatic static mesh reduction
[2020.01.22-12.38.15:649][  0]LogMeshReduction: Using SimplygonMeshReduction for automatic skeletal mesh reduction
[2020.01.22-12.38.15:649][  0]LogMeshReduction: Using ProxyLODMeshReduction for automatic mesh merging
[2020.01.22-12.38.15:649][  0]LogMeshReduction: No distributed automatic mesh merging module available
[2020.01.22-12.38.15:649][  0]LogMeshMerging: No distributed automatic mesh merging module available
[2020.01.22-12.38.15:660][  0]LogNetVersion: JaxAndLegger 1.0.0, NetCL: 8386587, EngineNetVer: 11, GameNetVer: 0 (Checksum: 2648958118)
[2020.01.22-12.38.16:241][  0]LogPackageLocalizationCache: Processed 12 localized package path(s) for 1 prioritized culture(s) in 0.130631 seconds
[2020.01.22-12.38.16:249][  0]LogUObjectArray: 43444 objects as part of root set at end of initial load.
[2020.01.22-12.38.16:249][  0]LogUObjectAllocator: 7548648 out of 0 bytes used by permanent object pool.
[2020.01.22-12.38.16:249][  0]LogUObjectArray: CloseDisregardForGC: 0/0 objects in disregard for GC pool
[2020.01.22-12.38.17:331][  0]LogTcpMessaging: Initializing TcpMessaging bridge
[2020.01.22-12.38.17:335][  0]LogUdpMessaging: Initializing bridge on interface 0.0.0.0:0 to multicast group 230.0.0.1:6666.
[2020.01.22-12.38.17:404][  0]SourceControl: Source control is disabled
[2020.01.22-12.38.17:405][  0]SourceControl: Source control is disabled
[2020.01.22-12.38.17:406][  0]SourceControl: Source control is disabled
[2020.01.22-12.38.17:408][  0]SourceControl: Source control is disabled
[2020.01.22-12.38.17:536][  0]LogAndroidPermission: UAndroidPermissionCallbackProxy::GetInstance
[2020.01.22-12.38.17:770][  0]LogOcInput: OculusInput pre-init called
[2020.01.22-12.38.17:778][  0]LogWindows: Failed to load 'OVRPlugin.dll' (GetLastError=126)
[2020.01.22-12.38.17:778][  0]LogWindows: File 'OVRPlugin.dll' does not exist
[2020.01.22-12.38.17:852][  0]LogEngine: Initializing Engine...
[2020.01.22-12.38.17:853][  0]LogHMD: Failed to initialize OpenVR with code 110
[2020.01.22-12.38.17:854][  0]LogStats: UGameplayTagsManager::InitializeManager -  0.000 s
[2020.01.22-12.38.18:127][  0]LogInit: Initializing FReadOnlyCVARCache
[2020.01.22-12.38.18:141][  0]LogAIModule: Creating AISystem for world Untitled
[2020.01.22-12.38.18:177][  0]LogInit: XAudio2 using 'Speakers (Realtek High Definition Audio)' : 2 channels at 48 kHz using 32 bits per sample (channel mask 0x3)
[2020.01.22-12.38.18:241][  0]LogInit: FAudioDevice initialized.
[2020.01.22-12.38.18:242][  0]LogNetVersion: Set ProjectVersion to 1.0.0.0. Version Checksum will be recalculated on next use.
[2020.01.22-12.38.18:371][  0]LogDerivedDataCache: Saved boot cache 0.13s 73MB C:/Users/morfa/AppData/Local/UnrealEngine/4.23/DerivedDataCache/Boot.ddc.
[2020.01.22-12.38.18:373][  0]LogInit: Texture streaming: Enabled
[2020.01.22-12.38.18:392][  0]LogEngineSessionManager: EngineSessionManager initialized
[2020.01.22-12.38.18:392][  0]LogEditorSessionSummary: Verbose: Initializing EditorSessionSummaryWriter for editor session tracking
[2020.01.22-12.38.18:395][  0]LogEditorSessionSummary: EditorSessionSummaryWriter initialized
[2020.01.22-12.38.18:485][  0]LogInit: Transaction tracking system initialized
[2020.01.22-12.38.18:513][  0]BlueprintLog: New page: Editor Load
[2020.01.22-12.38.18:595][  0]LocalizationService: Localization service is disabled
[2020.01.22-12.38.18:879][  0]LogCook: Display: Max memory allowance for cook 16384mb min free memory 0mb
[2020.01.22-12.38.18:879][  0]LogCook: Display: Mobile HDR setting 1
[2020.01.22-12.38.19:110][  0]LogFileCache: Scanning file cache for directory 'F:/Github/Jnckr-Lthr/Content/' took 0.01s
[2020.01.22-12.38.19:110][  0]SourceControl: Source control is disabled
[2020.01.22-12.38.19:110][  0]Cmd: MAP LOAD FILE="F:/Github/Jnckr-Lthr/Content/Maps/MainMenu.umap" TEMPLATE=0 SHOWPROGRESS=1 FEATURELEVEL=3
[2020.01.22-12.38.19:111][  0]LightingResults: New page: Lighting Build
[2020.01.22-12.38.19:113][  0]LogWorld: UWorld::CleanupWorld for Untitled, bSessionEnded=true, bCleanupResources=true
[2020.01.22-12.38.19:113][  0]MapCheck: New page: Map Check
[2020.01.22-12.38.19:113][  0]LightingResults: New page: Lighting Build
[2020.01.22-12.38.19:143][  0]LogUObjectHash: Compacting FUObjectHashTables data took   1.99ms
[2020.01.22-12.38.19:298][  0]LogLinker: Warning: While loading 'F:/Github/Jnckr-Lthr/Content/JandL_Models/BuckDock/duckblock_sm__1_.uasset' failed to load '/Game/JandL_Models/lambert1': Can't find file.
[2020.01.22-12.38.19:299][  0]LogLinker: Warning: While loading 'F:/Github/Jnckr-Lthr/Content/JandL_Models/BuckDock/duckblock_sm__1_.uasset' failed to load '/Game/JandL_Models/lambert1': Can't find file.
[2020.01.22-12.38.19:299][  0]LogLinker: Warning: While loading 'F:/Github/Jnckr-Lthr/Content/JandL_Models/BuckDock/duckblock_sm__1_.uasset' failed to load '/Game/JandL_Models/lambert1': Can't find file.
[2020.01.22-12.38.19:299][  0]LogLinker: Warning: While loading 'F:/Github/Jnckr-Lthr/Content/JandL_Models/BuckDock/duckblock_sm__1_.uasset' failed to load '/Game/JandL_Models/lambert1': Can't find file.
[2020.01.22-12.38.19:348][  0]LogLinker: Warning: While loading 'F:/Github/Jnckr-Lthr/Content/JandL_Models/BuckDock/duckblock_sm__1_.uasset' failed to load '/Game/JandL_Models/lambert1': Can't find file.
[2020.01.22-12.38.19:348][  0]LoadErrors: Failed to load /Game/JandL_Models/lambert1.lambert1 Referenced by duckblock_sm__1_
[2020.01.22-12.38.19:348][  0]LogLinker: Warning: While loading 'F:/Github/Jnckr-Lthr/Content/JandL_Models/BuckDock/duckblock_sm__1_.uasset' failed to load '/Game/JandL_Models/lambert1': Can't find file.
[2020.01.22-12.38.19:348][  0]LoadErrors: Failed to load /Game/JandL_Models/lambert1.lambert1 Referenced by duckblock_sm__1_
[2020.01.22-12.38.19:349][  0]LogLinker: Warning: While loading 'F:/Github/Jnckr-Lthr/Content/JandL_Models/BuckDock/duckblock_sm__1_.uasset' failed to load '/Game/JandL_Models/lambert1': Can't find file.
[2020.01.22-12.38.19:349][  0]LoadErrors: Failed to load /Game/JandL_Models/lambert1.lambert1 Referenced by duckblock_sm__1_
[2020.01.22-12.38.19:349][  0]LogLinker: Warning: While loading 'F:/Github/Jnckr-Lthr/Content/JandL_Models/BuckDock/duckblock_sm__1_.uasset' failed to load '/Game/JandL_Models/lambert1': Can't find file.
[2020.01.22-12.38.19:349][  0]LoadErrors: Failed to load /Game/JandL_Models/lambert1.lambert1 Referenced by duckblock_sm__1_
[2020.01.22-12.38.19:428][  0]LogAIModule: Creating AISystem for world MainMenu
[2020.01.22-12.38.19:434][  0]LogEditorServer: Finished looking for orphan Actors (0.000 secs)
[2020.01.22-12.38.19:462][  0]LogUObjectHash: Compacting FUObjectHashTables data took   2.75ms
[2020.01.22-12.38.19:462][  0]Cmd: MAP CHECKDEP NOCLEARLOG
[2020.01.22-12.38.19:462][  0]MapCheck: Map check complete: 0 Error(s), 0 Warning(s), took 0.184ms to complete.
[2020.01.22-12.38.19:463][  0]LogFileHelpers: Loading map 'MainMenu' took 0.352
[2020.01.22-12.38.19:591][  0]LogSlate: Updating window title bar state: overlay mode, drag disabled, window buttons hidden, title bar hidden
[2020.01.22-12.38.19:599][  0]LogSlate: Updating window title bar state: overlay mode, drag disabled, window buttons hidden, title bar hidden
[2020.01.22-12.38.19:607][  0]LogSlate: Updating window title bar state: overlay mode, drag disabled, window buttons hidden, title bar hidden
[2020.01.22-12.38.19:616][  0]LogSlate: Updating window title bar state: overlay mode, drag disabled, window buttons hidden, title bar hidden
[2020.01.22-12.38.19:707][  0]LogSlate: Took 0.000326 seconds to synchronously load lazily loaded font '../../../Engine/Content/Slate/Fonts/Roboto-Regular.ttf' (155K)
[2020.01.22-12.38.19:710][  0]LogSlate: Took 0.000533 seconds to synchronously load lazily loaded font '../../../Engine/Content/Slate/Fonts/Roboto-Bold.ttf' (160K)
[2020.01.22-12.38.19:798][  0]LogRenderer: Reallocating scene render targets to support 952x640 Format 10 NumSamples 1 (Frame:1).
[2020.01.22-12.38.19:939][  0]LogLoad: (Engine Initialization) Total time: 9.18 seconds
[2020.01.22-12.38.19:939][  0]LogLoad: (Engine Initialization) Total Blueprint compile time: 0.00 seconds
[2020.01.22-12.38.20:011][  0]LogContentStreaming: Texture pool size now 1000 MB
[2020.01.22-12.38.20:025][  1]LogFileCache: Retrieving MD5 hashes for directory 'F:/Github/Jnckr-Lthr/Content/' took 0.06s
[2020.01.22-12.38.20:150][  3]LogAssetRegistry: Asset discovery search completed in 4.9497 seconds
[2020.01.22-12.38.20:158][  3]LogCollectionManager: Loaded 0 collections in 0.001364 seconds
[2020.01.22-12.38.20:160][  3]LogFileCache: Scanning file cache for directory 'F:/Github/Jnckr-Lthr/Saved/Collections/' took 0.00s
[2020.01.22-12.38.20:160][  3]LogFileCache: Scanning file cache for directory 'F:/Github/Jnckr-Lthr/Content/Developers/morfa/Collections/' took 0.00s
[2020.01.22-12.38.20:160][  3]LogFileCache: Scanning file cache for directory 'F:/Github/Jnckr-Lthr/Content/Collections/' took 0.00s
[2020.01.22-12.38.20:160][  3]LogCollectionManager: Rebuilt the object cache for 0 collections in 0.000003 seconds (found 0 objects)
[2020.01.22-12.38.20:160][  3]LogCollectionManager: Fixed up redirectors for 0 collections in 0.000134 seconds (updated 0 objects)
[2020.01.22-12.38.22:568][144]LogSlate: FSceneViewport::OnFocusLost() reason 0
[2020.01.22-12.38.22:634][148]LogTemp: Repeating last play command: Standalone Game
[2020.01.22-12.38.22:675][148]LogUObjectHash: Compacting FUObjectHashTables data took   0.79ms
[2020.01.22-12.40.38:093][729]LogTemp: Repeating last play command: Standalone Game
[2020.01.22-12.40.38:136][729]LogUObjectHash: Compacting FUObjectHashTables data took   0.87ms
[2020.01.22-12.44.05:060][760]LogCollectionManager: Rebuilt the GUID cache for 0 collections in 0.000003 seconds
[2020.01.22-12.44.05:074][760]LogContentBrowser: Native class hierarchy populated in 0.0131 seconds. Added 2864 classes and 682 folders.
[2020.01.22-12.44.05:092][760]LogContentBrowser: Native class hierarchy updated for 'WidgetCarousel' in 0.0003 seconds. Added 0 classes and 0 folders.
[2020.01.22-12.44.05:235][760]LogContentBrowser: Native class hierarchy updated for 'AddContentDialog' in 0.0003 seconds. Added 0 classes and 0 folders.
[2020.01.22-12.44.05:248][760]LogSlate: Took 0.000921 seconds to synchronously load lazily loaded font '../../../Engine/Content/Editor/Slate/Fonts/FontAwesome.ttf' (139K)
[2020.01.22-12.44.05:259][760]LogSlate: Took 0.001131 seconds to synchronously load lazily loaded font '../../../Engine/Content/Slate/Fonts/Roboto-Light.ttf' (167K)
[2020.01.22-12.44.12:564][ 83]LogSlate: Took 0.000344 seconds to synchronously load lazily loaded font '../../../Engine/Content/Slate/Fonts/Roboto-Light.ttf' (167K)
[2020.01.22-12.44.12:601][ 83]LogAssetEditorManager: Opening Asset editor for Blueprint /Game/Blueprints/Characters/Jax.Jax
[2020.01.22-12.44.12:925][ 83]LogContentBrowser: Native class hierarchy updated for 'BlueprintGraph' in 0.0007 seconds. Added 121 classes and 0 folders.
[2020.01.22-12.44.13:981][ 83]LogSlate: Took 0.003983 seconds to synchronously load lazily loaded font '../../../Engine/Content/Slate/Fonts/Roboto-BoldCondensed.ttf' (158K)
[2020.01.22-12.44.14:306][ 84]LogSlate: Took 0.004377 seconds to synchronously load lazily loaded font '../../../Engine/Content/Slate/Fonts/Roboto-Italic.ttf' (157K)
[2020.01.22-12.44.23:457][380]BlueprintLog: New page: Compile Jax
[2020.01.22-12.44.23:785][380]LogUObjectHash: Compacting FUObjectHashTables data took   4.81ms
[2020.01.22-12.44.24:465][390]Cmd: OBJ SAVEPACKAGE PACKAGE="/Game/Blueprints/Characters/Jax" FILE="F:/Github/Jnckr-Lthr/Content/Blueprints/Characters/Jax.uasset" SILENT=true
[2020.01.22-12.44.24:955][390]LogSavePackage: Moving 'F:/Github/Jnckr-Lthr/Saved/Jax9A8CA71D4B78B8BA27EA22BDD7B47E93.tmp' to 'F:/Github/Jnckr-Lthr/Content/Blueprints/Characters/Jax.uasset'
[2020.01.22-12.44.25:439][406]LogSlate: Window 'Jax' being destroyed
[2020.01.22-12.44.25:469][406]LogWorld: UWorld::CleanupWorld for World_0, bSessionEnded=true, bCleanupResources=true
[2020.01.22-12.44.26:648][458]LogAssetEditorManager: Opening Asset editor for Blueprint /Game/Blueprints/Characters/Leggers.Leggers
[2020.01.22-12.44.34:818][703]BlueprintLog: New page: Compile Leggers
[2020.01.22-12.44.35:094][703]LogUObjectHash: Compacting FUObjectHashTables data took   4.68ms
[2020.01.22-12.44.35:673][713]Cmd: OBJ SAVEPACKAGE PACKAGE="/Game/Blueprints/Characters/Leggers" FILE="F:/Github/Jnckr-Lthr/Content/Blueprints/Characters/Leggers.uasset" SILENT=true
[2020.01.22-12.44.36:016][713]LogSavePackage: Moving 'F:/Github/Jnckr-Lthr/Saved/Leggers1B69826C4460409EE9402081C749DAC3.tmp' to 'F:/Github/Jnckr-Lthr/Content/Blueprints/Characters/Leggers.uasset'
[2020.01.22-12.44.39:302][827]LogSlate: Window 'Leggers' being destroyed
[2020.01.22-12.44.39:326][827]LogWorld: UWorld::CleanupWorld for World_3, bSessionEnded=true, bCleanupResources=true
[2020.01.22-12.44.47:327][168]LogAssetEditorManager: Opening Asset editor for Blueprint /Game/Blueprints/Props/BP_SignalReceptor.BP_SignalReceptor
[2020.01.22-12.45.08:080][824]LogAssetEditorManager: Opening Asset editor for Blueprint /Game/Blueprints/Beams/CharacterBeams/Beam.Beam
[2020.01.22-12.45.24:458][386]BlueprintLog: New page: Compile Beam
[2020.01.22-12.45.24:942][386]LogUObjectHash: Compacting FUObjectHashTables data took   5.08ms
[2020.01.22-12.45.25:171][391]Cmd: OBJ SAVEPACKAGE PACKAGE="/Game/Blueprints/Beams/CharacterBeams/Beam" FILE="F:/Github/Jnckr-Lthr/Content/Blueprints/Beams/CharacterBeams/Beam.uasset" SILENT=true
[2020.01.22-12.45.25:559][391]LogSavePackage: Moving 'F:/Github/Jnckr-Lthr/Saved/Beam7F90D1744F918EB7D9A2DE84FAF6FED3.tmp' to 'F:/Github/Jnckr-Lthr/Content/Blueprints/Beams/CharacterBeams/Beam.uasset'
[2020.01.22-12.45.28:118][478]LogWorld: UWorld::CleanupWorld for World_10, bSessionEnded=true, bCleanupResources=true
[2020.01.22-12.46.10:278][937]BlueprintLog: New page: Compile BP_SignalReceptor
[2020.01.22-12.46.10:524][937]LogUObjectHash: Compacting FUObjectHashTables data took   4.91ms
[2020.01.22-12.46.11:020][951]Cmd: OBJ SAVEPACKAGE PACKAGE="/Game/Blueprints/Props/BP_SignalReceptor" FILE="F:/Github/Jnckr-Lthr/Content/Blueprints/Props/BP_SignalReceptor.uasset" SILENT=true
[2020.01.22-12.46.11:192][951]LogSavePackage: Moving 'F:/Github/Jnckr-Lthr/Saved/BP_SignalReceptorAA19042D42CC7ABCFFF4098CAAEFC1C5.tmp' to 'F:/Github/Jnckr-Lthr/Content/Blueprints/Props/BP_SignalReceptor.uasset'
[2020.01.22-12.46.13:810][ 43]LogSlate: Window 'BP_SignalReceptor' being destroyed
[2020.01.22-12.46.13:830][ 43]LogActorComponent: UnregisterComponent: (/Engine/Transient.EditorFloorComp) Not registered. Aborting.
[2020.01.22-12.46.13:830][ 43]LogWorld: UWorld::CleanupWorld for World_7, bSessionEnded=true, bCleanupResources=true
[2020.01.22-12.46.15:576][135]LogSlate: Window 'Content Browser' being destroyed
