Log file open, 01/30/20 08:21:36
LogWindows: Failed to load 'aqProf.dll' (GetLastError=126)
LogWindows: File 'aqProf.dll' does not exist
LogWindows: Failed to load 'VtuneApi.dll' (GetLastError=126)
LogWindows: File 'VtuneApi.dll' does not exist
LogWindows: Failed to load 'VtuneApi32e.dll' (GetLastError=126)
LogWindows: File 'VtuneApi32e.dll' does not exist
LogConsoleResponse: Display: Failed to find resolution value strings in scalability ini. Falling back to default.
LogInit: Display: Running engine for game: JaxAndLegger
LogPlatformFile: Not using cached read wrapper
LogTaskGraph: Started task graph with 5 named threads and 23 total threads with 3 sets of task threads.
LogStats: Stats thread started at 0.131375
LogD3D11RHI: Loaded GFSDK_Aftermath_Lib.x64.dll
LogICUInternationalization: ICU TimeZone Detection - Raw Offset: +1:00, Platform Override: ''
LogPluginManager: Mounting plugin Paper2D
LogPluginManager: Mounting plugin AISupport
LogPluginManager: Mounting plugin LightPropagationVolume
LogPluginManager: Mounting plugin ActorLayerUtilities
LogPluginManager: Mounting plugin AnimationSharing
LogPluginManager: Mounting plugin CLionSourceCodeAccess
LogPluginManager: Mounting plugin CodeLiteSourceCodeAccess
LogPluginManager: Mounting plugin GitSourceControl
LogPluginManager: Mounting plugin KDevelopSourceCodeAccess
LogPluginManager: Mounting plugin NullSourceCodeAccess
LogPluginManager: Mounting plugin PerforceSourceControl
LogPluginManager: Mounting plugin SubversionSourceControl
LogPluginManager: Mounting plugin UObjectPlugin
LogPluginManager: Mounting plugin VisualStudioCodeSourceCodeAccess
LogPluginManager: Mounting plugin VisualStudioSourceCodeAccess
LogPluginManager: Mounting plugin XCodeSourceCodeAccess
LogPluginManager: Mounting plugin AssetManagerEditor
LogPluginManager: Mounting plugin CryptoKeys
LogPluginManager: Mounting plugin CurveEditorTools
LogPluginManager: Mounting plugin DataValidation
LogPluginManager: Mounting plugin FacialAnimation
LogPluginManager: Mounting plugin GameplayTagsEditor
LogPluginManager: Mounting plugin MacGraphicsSwitching
LogPluginManager: Mounting plugin MaterialAnalyzer
LogPluginManager: Mounting plugin MobileLauncherProfileWizard
LogPluginManager: Mounting plugin PluginBrowser
LogPluginManager: Mounting plugin SpeedTreeImporter
LogPluginManager: Mounting plugin DatasmithContent
LogPluginManager: Mounting plugin VariantManagerContent
LogPluginManager: Mounting plugin AlembicImporter
LogPluginManager: Mounting plugin AutomationUtils
LogPluginManager: Mounting plugin BackChannel
LogPluginManager: Mounting plugin CharacterAI
LogPluginManager: Mounting plugin GeometryCache
LogPluginManager: Mounting plugin HTML5Networking
LogPluginManager: Mounting plugin PlatformCrypto
LogPluginManager: Mounting plugin ProxyLODPlugin
LogPluginManager: Mounting plugin SkeletalReduction
LogPluginManager: Mounting plugin MagicLeap
LogPluginManager: Mounting plugin MagicLeapMedia
LogPluginManager: Mounting plugin AndroidMedia
LogPluginManager: Mounting plugin AvfMedia
LogPluginManager: Mounting plugin ImgMedia
LogPluginManager: Mounting plugin MediaCompositing
LogPluginManager: Mounting plugin MediaPlayerEditor
LogPluginManager: Mounting plugin WebMMedia
LogPluginManager: Mounting plugin WmfMedia
LogPluginManager: Mounting plugin TcpMessaging
LogPluginManager: Mounting plugin UdpMessaging
LogPluginManager: Mounting plugin ActorSequence
LogPluginManager: Mounting plugin LevelSequenceEditor
LogPluginManager: Mounting plugin MatineeToLevelSequence
LogPluginManager: Mounting plugin NetcodeUnitTest
LogPluginManager: Mounting plugin NUTUnrealEngine4
LogPluginManager: Mounting plugin OnlineSubsystemGooglePlay
LogPluginManager: Mounting plugin OnlineSubsystemIOS
LogPluginManager: Mounting plugin OnlineSubsystem
LogPluginManager: Mounting plugin OnlineSubsystemNull
LogPluginManager: Mounting plugin OnlineSubsystemUtils
LogPluginManager: Mounting plugin LauncherChunkInstaller
LogPluginManager: Mounting plugin AndroidDeviceProfileSelector
LogPluginManager: Mounting plugin AndroidMoviePlayer
LogPluginManager: Mounting plugin AndroidPermission
LogPluginManager: Mounting plugin AppleImageUtils
LogPluginManager: Mounting plugin AppleMoviePlayer
LogPluginManager: Mounting plugin ArchVisCharacter
LogPluginManager: Mounting plugin AudioCapture
LogPluginManager: Mounting plugin CableComponent
LogPluginManager: Mounting plugin CustomMeshComponent
LogPluginManager: Mounting plugin EditableMesh
LogPluginManager: Mounting plugin ExampleDeviceProfileSelector
LogPluginManager: Mounting plugin GoogleCloudMessaging
LogPluginManager: Mounting plugin IOSDeviceProfileSelector
LogPluginManager: Mounting plugin LinuxDeviceProfileSelector
LogPluginManager: Mounting plugin LocationServicesBPLibrary
LogPluginManager: Mounting plugin MobilePatchingUtils
LogPluginManager: Mounting plugin OculusVR
LogPluginManager: Mounting plugin PhysXVehicles
LogPluginManager: Mounting plugin ProceduralMeshComponent
LogPluginManager: Mounting plugin RuntimePhysXCooking
LogPluginManager: Mounting plugin SignificanceManager
LogPluginManager: Mounting plugin SteamVR
LogPluginManager: Mounting plugin WebMMoviePlayer
LogPluginManager: Mounting plugin WindowsMoviePlayer
LogPluginManager: Mounting plugin ScreenshotTools
LogInit: Using libcurl 7.55.1-DEV
LogInit:  - built for x86_64-pc-win32
LogInit:  - supports SSL with OpenSSL/1.1.1
LogInit:  - supports HTTP deflate (compression) using libz 1.2.8
LogInit:  - other features:
LogInit:      CURL_VERSION_SSL
LogInit:      CURL_VERSION_LIBZ
LogInit:      CURL_VERSION_IPV6
LogInit:      CURL_VERSION_ASYNCHDNS
LogInit:      CURL_VERSION_LARGEFILE
LogInit:      CURL_VERSION_IDN
LogInit:  CurlRequestOptions (configurable via config and command line):
LogInit:  - bVerifyPeer = true  - Libcurl will verify peer certificate
LogInit:  - bUseHttpProxy = false  - Libcurl will NOT use HTTP proxy
LogInit:  - bDontReuseConnections = false  - Libcurl will reuse connections
LogInit:  - MaxHostConnections = 16  - Libcurl will limit the number of connections to a host
LogInit:  - LocalHostAddr = Default
LogInit:  - BufferSize = 65536
LogOnline: OSS: Creating online subsystem instance for: NULL
LogInit: WinSock: version 1.1 (2.2), MaxSocks=32767, MaxUdp=65467
LogInit: Build: ++UE4+Release-4.23-CL-9631420
LogInit: Engine Version: 4.23.1-9631420+++UE4+Release-4.23
LogInit: Compatible Engine Version: 4.23.0-8386587+++UE4+Release-4.23
LogInit: Net CL: 8386587
LogInit: OS: Windows 10 (Release 1909) (), CPU: Intel(R) Core(TM) i7-7700HQ CPU @ 2.80GHz, GPU: Intel(R) HD Graphics 630
LogInit: Compiled (64-bit): Oct 18 2019 02:07:44
LogInit: Compiled with Visual C++: 19.16.27030.01
LogInit: Build Configuration: Development
LogInit: Branch Name: ++UE4+Release-4.23
LogInit: Command Line:  /Game/Maps/MainMenu -game -PIEVIACONSOLE -ResX=1280 -ResY=720 -Multiprocess -messaging -SessionName="Play in Standalone Game" -windowed
LogInit: Base Directory: D:/Program Files/Epic Games/UE_4.23/Engine/Binaries/Win64/
LogInit: Installed Engine Build: 1
LogDevObjectVersion: Number of dev versions registered: 23
LogDevObjectVersion:   Dev-Blueprints (B0D832E4-1F89-4F0D-ACCF-7EB736FD4AA2): 10
LogDevObjectVersion:   Dev-Build (E1C64328-A22C-4D53-A36C-8E866417BD8C): 0
LogDevObjectVersion:   Dev-Core (375EC13C-06E4-48FB-B500-84F0262A717E): 3
LogDevObjectVersion:   Dev-Editor (E4B068ED-F494-42E9-A231-DA0B2E46BB41): 34
LogDevObjectVersion:   Dev-Framework (CFFC743F-43B0-4480-9391-14DF171D2073): 35
LogDevObjectVersion:   Dev-Mobile (B02B49B5-BB20-44E9-A304-32B752E40360): 2
LogDevObjectVersion:   Dev-Networking (A4E4105C-59A1-49B5-A7C5-40C4547EDFEE): 0
LogDevObjectVersion:   Dev-Online (39C831C9-5AE6-47DC-9A44-9C173E1C8E7C): 0
LogDevObjectVersion:   Dev-Physics (78F01B33-EBEA-4F98-B9B4-84EACCB95AA2): 0
LogDevObjectVersion:   Dev-Platform (6631380F-2D4D-43E0-8009-CF276956A95A): 0
LogDevObjectVersion:   Dev-Rendering (12F88B9F-8875-4AFC-A67C-D90C383ABD29): 31
LogDevObjectVersion:   Dev-Sequencer (7B5AE74C-D270-4C10-A958-57980B212A5A): 11
LogDevObjectVersion:   Dev-VR (D7296918-1DD6-4BDD-9DE2-64A83CC13884): 2
LogDevObjectVersion:   Dev-LoadTimes (C2A15278-BFE7-4AFE-6C17-90FF531DF755): 1
LogDevObjectVersion:   Private-Geometry (6EACA3D4-40EC-4CC1-B786-8BED09428FC5): 3
LogDevObjectVersion:   Dev-AnimPhys (29E575DD-E0A3-4627-9D10-D276232CDCEA): 17
LogDevObjectVersion:   Dev-Anim (AF43A65D-7FD3-4947-9873-3E8ED9C1BB05): 2
LogDevObjectVersion:   Dev-ReflectionCapture (6B266CEC-1EC7-4B8F-A30B-E4D90942FC07): 1
LogDevObjectVersion:   Dev-Automation (0DF73D61-A23F-47EA-B727-89E90C41499A): 1
LogDevObjectVersion:   FortniteMain (601D1886-AC64-4F84-AA16-D3DE0DEAC7D6): 27
LogDevObjectVersion:   Dev-Enterprise (9DFFBCD6-494F-0158-E221-12823C92A888): 6
LogDevObjectVersion:   Dev-Niagara (F2AED0AC-9AFE-416F-8664-AA7FFA26D6FC): 1
LogDevObjectVersion:   Dev-Destruction (174F1F0B-B4C6-45A5-B13F-2EE8D0FB917D): 9
LogInit: Presizing for max 16777216 objects, including 0 objects not considered by GC, pre-allocating 0 bytes for permanent pool.
LogInit: Object subsystem initialized
LogConfig: Setting CVar [[con.DebugEarlyDefault:1]]
LogConfig: Setting CVar [[r.setres:1280x720]]
[2020.01.30-07.21.36:777][  0]LogConfig: Setting CVar [[con.DebugEarlyDefault:1]]
[2020.01.30-07.21.36:777][  0]LogConfig: Setting CVar [[r.setres:1280x720]]
[2020.01.30-07.21.36:777][  0]LogConfig: Applying CVar settings from Section [/Script/Engine.RendererSettings] File [F:/Github/Jnckr-Lthr/Saved/Config/Windows/Engine.ini]
[2020.01.30-07.21.36:777][  0]LogConfig: Setting CVar [[r.GPUCrashDebugging:0]]
[2020.01.30-07.21.36:777][  0]LogConfig: Applying CVar settings from Section [/Script/Engine.RendererOverrideSettings] File [F:/Github/Jnckr-Lthr/Saved/Config/Windows/Engine.ini]
[2020.01.30-07.21.36:777][  0]LogConfig: Applying CVar settings from Section [/Script/Engine.StreamingSettings] File [F:/Github/Jnckr-Lthr/Saved/Config/Windows/Engine.ini]
[2020.01.30-07.21.36:777][  0]LogConfig: Setting CVar [[s.MinBulkDataSizeForAsyncLoading:131072]]
[2020.01.30-07.21.36:777][  0]LogConfig: Setting CVar [[s.AsyncLoadingThreadEnabled:0]]
[2020.01.30-07.21.36:777][  0]LogConfig: Setting CVar [[s.EventDrivenLoaderEnabled:1]]
[2020.01.30-07.21.36:777][  0]LogConfig: Setting CVar [[s.WarnIfTimeLimitExceeded:0]]
[2020.01.30-07.21.36:777][  0]LogConfig: Setting CVar [[s.TimeLimitExceededMultiplier:1.5]]
[2020.01.30-07.21.36:777][  0]LogConfig: Setting CVar [[s.TimeLimitExceededMinTime:0.005]]
[2020.01.30-07.21.36:777][  0]LogConfig: Setting CVar [[s.UseBackgroundLevelStreaming:1]]
[2020.01.30-07.21.36:777][  0]LogConfig: Setting CVar [[s.PriorityAsyncLoadingExtraTime:15.0]]
[2020.01.30-07.21.36:777][  0]LogConfig: Setting CVar [[s.LevelStreamingActorsUpdateTimeLimit:5.0]]
[2020.01.30-07.21.36:778][  0]LogConfig: Setting CVar [[s.PriorityLevelStreamingActorsUpdateExtraTime:5.0]]
[2020.01.30-07.21.36:778][  0]LogConfig: Setting CVar [[s.LevelStreamingComponentsRegistrationGranularity:10]]
[2020.01.30-07.21.36:778][  0]LogConfig: Setting CVar [[s.UnregisterComponentsTimeLimit:1.0]]
[2020.01.30-07.21.36:778][  0]LogConfig: Setting CVar [[s.LevelStreamingComponentsUnregistrationGranularity:5]]
[2020.01.30-07.21.36:778][  0]LogConfig: Applying CVar settings from Section [/Script/Engine.GarbageCollectionSettings] File [F:/Github/Jnckr-Lthr/Saved/Config/Windows/Engine.ini]
[2020.01.30-07.21.36:778][  0]LogConfig: Setting CVar [[gc.MaxObjectsNotConsideredByGC:1]]
[2020.01.30-07.21.36:778][  0]LogConfig: Setting CVar [[gc.SizeOfPermanentObjectPool:0]]
[2020.01.30-07.21.36:778][  0]LogConfig: Setting CVar [[gc.FlushStreamingOnGC:0]]
[2020.01.30-07.21.36:778][  0]LogConfig: Setting CVar [[gc.NumRetriesBeforeForcingGC:10]]
[2020.01.30-07.21.36:778][  0]LogConfig: Setting CVar [[gc.AllowParallelGC:1]]
[2020.01.30-07.21.36:778][  0]LogConfig: Setting CVar [[gc.TimeBetweenPurgingPendingKillObjects:61.1]]
[2020.01.30-07.21.36:778][  0]LogConfig: Setting CVar [[gc.MaxObjectsInEditor:16777216]]
[2020.01.30-07.21.36:778][  0]LogConfig: Setting CVar [[gc.IncrementalBeginDestroyEnabled:1]]
[2020.01.30-07.21.36:778][  0]LogConfig: Setting CVar [[gc.CreateGCClusters:1]]
[2020.01.30-07.21.36:778][  0]LogConfig: Setting CVar [[gc.MinGCClusterSize:5]]
[2020.01.30-07.21.36:778][  0]LogConfig: Setting CVar [[gc.ActorClusteringEnabled:0]]
[2020.01.30-07.21.36:778][  0]LogConfig: Setting CVar [[gc.BlueprintClusteringEnabled:0]]
[2020.01.30-07.21.36:778][  0]LogConfig: Setting CVar [[gc.UseDisregardForGCOnDedicatedServers:0]]
[2020.01.30-07.21.36:778][  0]LogConfig: Applying CVar settings from Section [/Script/Engine.NetworkSettings] File [F:/Github/Jnckr-Lthr/Saved/Config/Windows/Engine.ini]
[2020.01.30-07.21.36:778][  0]LogConfig: Applying CVar settings from Section [/Script/UnrealEd.CookerSettings] File [F:/Github/Jnckr-Lthr/Saved/Config/Windows/Engine.ini]
[2020.01.30-07.21.36:788][  0]LogConfig: Applying CVar settings from Section [ViewDistanceQuality@3] File [F:/Github/Jnckr-Lthr/Saved/Config/Windows/Scalability.ini]
[2020.01.30-07.21.36:788][  0]LogConfig: Setting CVar [[r.SkeletalMeshLODBias:0]]
[2020.01.30-07.21.36:788][  0]LogConfig: Setting CVar [[r.ViewDistanceScale:1.0]]
[2020.01.30-07.21.36:788][  0]LogConfig: Applying CVar settings from Section [AntiAliasingQuality@3] File [F:/Github/Jnckr-Lthr/Saved/Config/Windows/Scalability.ini]
[2020.01.30-07.21.36:788][  0]LogConfig: Setting CVar [[r.PostProcessAAQuality:4]]
[2020.01.30-07.21.36:788][  0]LogConfig: Applying CVar settings from Section [ShadowQuality@3] File [F:/Github/Jnckr-Lthr/Saved/Config/Windows/Scalability.ini]
[2020.01.30-07.21.36:788][  0]LogConfig: Setting CVar [[r.LightFunctionQuality:1]]
[2020.01.30-07.21.36:788][  0]LogConfig: Setting CVar [[r.ShadowQuality:5]]
[2020.01.30-07.21.36:788][  0]LogConfig: Setting CVar [[r.Shadow.CSM.MaxCascades:10]]
[2020.01.30-07.21.36:788][  0]LogConfig: Setting CVar [[r.Shadow.MaxResolution:2048]]
[2020.01.30-07.21.36:788][  0]LogConfig: Setting CVar [[r.Shadow.MaxCSMResolution:2048]]
[2020.01.30-07.21.36:788][  0]LogConfig: Setting CVar [[r.Shadow.RadiusThreshold:0.01]]
[2020.01.30-07.21.36:788][  0]LogConfig: Setting CVar [[r.Shadow.DistanceScale:1.0]]
[2020.01.30-07.21.36:788][  0]LogConfig: Setting CVar [[r.Shadow.CSM.TransitionScale:1.0]]
[2020.01.30-07.21.36:788][  0]LogConfig: Setting CVar [[r.Shadow.PreShadowResolutionFactor:1.0]]
[2020.01.30-07.21.36:788][  0]LogConfig: Setting CVar [[r.DistanceFieldShadowing:1]]
[2020.01.30-07.21.36:788][  0]LogConfig: Setting CVar [[r.DistanceFieldAO:1]]
[2020.01.30-07.21.36:788][  0]LogConfig: Setting CVar [[r.AOQuality:2]]
[2020.01.30-07.21.36:788][  0]LogConfig: Setting CVar [[r.VolumetricFog:1]]
[2020.01.30-07.21.36:788][  0]LogConfig: Setting CVar [[r.VolumetricFog.GridPixelSize:8]]
[2020.01.30-07.21.36:788][  0]LogConfig: Setting CVar [[r.VolumetricFog.GridSizeZ:128]]
[2020.01.30-07.21.36:788][  0]LogConfig: Setting CVar [[r.VolumetricFog.HistoryMissSupersampleCount:4]]
[2020.01.30-07.21.36:788][  0]LogConfig: Setting CVar [[r.LightMaxDrawDistanceScale:1]]
[2020.01.30-07.21.36:788][  0]LogConfig: Setting CVar [[r.CapsuleShadows:1]]
[2020.01.30-07.21.36:788][  0]LogConfig: Applying CVar settings from Section [PostProcessQuality@3] File [F:/Github/Jnckr-Lthr/Saved/Config/Windows/Scalability.ini]
[2020.01.30-07.21.36:788][  0]LogConfig: Setting CVar [[r.MotionBlurQuality:4]]
[2020.01.30-07.21.36:788][  0]LogConfig: Setting CVar [[r.AmbientOcclusionMipLevelFactor:0.4]]
[2020.01.30-07.21.36:788][  0]LogConfig: Setting CVar [[r.AmbientOcclusionMaxQuality:100]]
[2020.01.30-07.21.36:788][  0]LogConfig: Setting CVar [[r.AmbientOcclusionLevels:-1]]
[2020.01.30-07.21.36:788][  0]LogConfig: Setting CVar [[r.AmbientOcclusionRadiusScale:1.0]]
[2020.01.30-07.21.36:788][  0]LogConfig: Setting CVar [[r.DepthOfFieldQuality:2]]
[2020.01.30-07.21.36:788][  0]LogConfig: Setting CVar [[r.RenderTargetPoolMin:400]]
[2020.01.30-07.21.36:788][  0]LogConfig: Setting CVar [[r.LensFlareQuality:2]]
[2020.01.30-07.21.36:788][  0]LogConfig: Setting CVar [[r.SceneColorFringeQuality:1]]
[2020.01.30-07.21.36:788][  0]LogConfig: Setting CVar [[r.EyeAdaptationQuality:2]]
[2020.01.30-07.21.36:788][  0]LogConfig: Setting CVar [[r.BloomQuality:5]]
[2020.01.30-07.21.36:788][  0]LogConfig: Setting CVar [[r.FastBlurThreshold:100]]
[2020.01.30-07.21.36:788][  0]LogConfig: Setting CVar [[r.Upscale.Quality:3]]
[2020.01.30-07.21.36:788][  0]LogConfig: Setting CVar [[r.Tonemapper.GrainQuantization:1]]
[2020.01.30-07.21.36:788][  0]LogConfig: Setting CVar [[r.LightShaftQuality:1]]
[2020.01.30-07.21.36:788][  0]LogConfig: Setting CVar [[r.Filter.SizeScale:1]]
[2020.01.30-07.21.36:788][  0]LogConfig: Setting CVar [[r.Tonemapper.Quality:5]]
[2020.01.30-07.21.36:788][  0]LogConfig: Setting CVar [[r.DOF.Gather.AccumulatorQuality:1        ; higher gathering accumulator quality]]
[2020.01.30-07.21.36:788][  0]LogConfig: Setting CVar [[r.DOF.Gather.PostfilterMethod:1          ; Median3x3 postfilering method]]
[2020.01.30-07.21.36:788][  0]LogConfig: Setting CVar [[r.DOF.Gather.EnableBokehSettings:0       ; no bokeh simulation when gathering]]
[2020.01.30-07.21.36:788][  0]LogConfig: Setting CVar [[r.DOF.Gather.RingCount:4                 ; medium number of samples when gathering]]
[2020.01.30-07.21.36:788][  0]LogConfig: Setting CVar [[r.DOF.Scatter.ForegroundCompositing:1    ; additive foreground scattering]]
[2020.01.30-07.21.36:788][  0]LogConfig: Setting CVar [[r.DOF.Scatter.BackgroundCompositing:2    ; additive background scattering]]
[2020.01.30-07.21.36:788][  0]LogConfig: Setting CVar [[r.DOF.Scatter.EnableBokehSettings:1      ; bokeh simulation when scattering]]
[2020.01.30-07.21.36:788][  0]LogConfig: Setting CVar [[r.DOF.Scatter.MaxSpriteRatio:0.1         ; only a maximum of 10% of scattered bokeh]]
[2020.01.30-07.21.36:788][  0]LogConfig: Setting CVar [[r.DOF.Recombine.Quality:1                ; cheap slight out of focus]]
[2020.01.30-07.21.36:788][  0]LogConfig: Setting CVar [[r.DOF.Recombine.EnableBokehSettings:0    ; no bokeh simulation on slight out of focus]]
[2020.01.30-07.21.36:789][  0]LogConfig: Setting CVar [[r.DOF.TemporalAAQuality:1                ; more stable temporal accumulation]]
[2020.01.30-07.21.36:789][  0]LogConfig: Setting CVar [[r.DOF.Kernel.MaxForegroundRadius:0.025]]
[2020.01.30-07.21.36:789][  0]LogConfig: Setting CVar [[r.DOF.Kernel.MaxBackgroundRadius:0.025]]
[2020.01.30-07.21.36:789][  0]LogConfig: Applying CVar settings from Section [TextureQuality@3] File [F:/Github/Jnckr-Lthr/Saved/Config/Windows/Scalability.ini]
[2020.01.30-07.21.36:789][  0]LogConfig: Setting CVar [[r.Streaming.MipBias:0]]
[2020.01.30-07.21.36:789][  0]LogConfig: Setting CVar [[r.Streaming.AmortizeCPUToGPUCopy:0]]
[2020.01.30-07.21.36:789][  0]LogConfig: Setting CVar [[r.Streaming.MaxNumTexturesToStreamPerFrame:0]]
[2020.01.30-07.21.36:789][  0]LogConfig: Setting CVar [[r.Streaming.Boost:1]]
[2020.01.30-07.21.36:789][  0]LogConfig: Setting CVar [[r.MaxAnisotropy:8]]
[2020.01.30-07.21.36:789][  0]LogConfig: Setting CVar [[r.Streaming.LimitPoolSizeToVRAM:0]]
[2020.01.30-07.21.36:789][  0]LogConfig: Setting CVar [[r.Streaming.PoolSize:1000]]
[2020.01.30-07.21.36:789][  0]LogConfig: Setting CVar [[r.Streaming.MaxEffectiveScreenSize:0]]
[2020.01.30-07.21.36:789][  0]LogConfig: Applying CVar settings from Section [EffectsQuality@3] File [F:/Github/Jnckr-Lthr/Saved/Config/Windows/Scalability.ini]
[2020.01.30-07.21.36:789][  0]LogConfig: Setting CVar [[r.TranslucencyLightingVolumeDim:64]]
[2020.01.30-07.21.36:789][  0]LogConfig: Setting CVar [[r.RefractionQuality:2]]
[2020.01.30-07.21.36:789][  0]LogConfig: Setting CVar [[r.SSR.Quality:3]]
[2020.01.30-07.21.36:789][  0]LogConfig: Setting CVar [[r.SceneColorFormat:4]]
[2020.01.30-07.21.36:789][  0]LogConfig: Setting CVar [[r.DetailMode:2]]
[2020.01.30-07.21.36:789][  0]LogConfig: Setting CVar [[r.TranslucencyVolumeBlur:1]]
[2020.01.30-07.21.36:789][  0]LogConfig: Setting CVar [[r.MaterialQualityLevel:1 ; High quality]]
[2020.01.30-07.21.36:789][  0]LogConfig: Setting CVar [[r.SSS.Scale:1]]
[2020.01.30-07.21.36:789][  0]LogConfig: Setting CVar [[r.SSS.SampleSet:2]]
[2020.01.30-07.21.36:789][  0]LogConfig: Setting CVar [[r.SSS.Quality:1]]
[2020.01.30-07.21.36:789][  0]LogConfig: Setting CVar [[r.SSS.HalfRes:1]]
[2020.01.30-07.21.36:789][  0]LogConfig: Setting CVar [[r.EmitterSpawnRateScale:1.0]]
[2020.01.30-07.21.36:789][  0]LogConfig: Setting CVar [[r.ParticleLightQuality:2]]
[2020.01.30-07.21.36:789][  0]LogConfig: Applying CVar settings from Section [FoliageQuality@3] File [F:/Github/Jnckr-Lthr/Saved/Config/Windows/Scalability.ini]
[2020.01.30-07.21.36:789][  0]LogConfig: Setting CVar [[foliage.DensityScale:1.0]]
[2020.01.30-07.21.36:789][  0]LogConfig: Setting CVar [[grass.DensityScale:1.0]]
[2020.01.30-07.21.36:789][  0]LogInit: Selected Device Profile: [Windows]
[2020.01.30-07.21.36:789][  0]LogInit: Applying CVar settings loaded from the selected device profile: [Windows]
[2020.01.30-07.21.36:794][  0]LogHAL: Display: Platform has ~ 8 GB [8469159936 / 8589934592 / 8], which maps to Default [LargestMinGB=32, LargerMinGB=12, DefaultMinGB=8, SmallerMinGB=6, SmallestMinGB=0)
[2020.01.30-07.21.36:794][  0]LogInit: Going up to parent DeviceProfile []
[2020.01.30-07.21.36:794][  0]LogConfig: Applying CVar settings from Section [ViewDistanceQuality@3] File [F:/Github/Jnckr-Lthr/Saved/Config/Windows/Scalability.ini]
[2020.01.30-07.21.36:794][  0]LogConfig: Setting CVar [[r.SkeletalMeshLODBias:0]]
[2020.01.30-07.21.36:794][  0]LogConfig: Setting CVar [[r.ViewDistanceScale:1.0]]
[2020.01.30-07.21.36:794][  0]LogConfig: Applying CVar settings from Section [AntiAliasingQuality@3] File [F:/Github/Jnckr-Lthr/Saved/Config/Windows/Scalability.ini]
[2020.01.30-07.21.36:794][  0]LogConfig: Setting CVar [[r.PostProcessAAQuality:4]]
[2020.01.30-07.21.36:794][  0]LogConfig: Applying CVar settings from Section [ShadowQuality@3] File [F:/Github/Jnckr-Lthr/Saved/Config/Windows/Scalability.ini]
[2020.01.30-07.21.36:794][  0]LogConfig: Setting CVar [[r.LightFunctionQuality:1]]
[2020.01.30-07.21.36:794][  0]LogConfig: Setting CVar [[r.ShadowQuality:5]]
[2020.01.30-07.21.36:794][  0]LogConfig: Setting CVar [[r.Shadow.CSM.MaxCascades:10]]
[2020.01.30-07.21.36:794][  0]LogConfig: Setting CVar [[r.Shadow.MaxResolution:2048]]
[2020.01.30-07.21.36:794][  0]LogConfig: Setting CVar [[r.Shadow.MaxCSMResolution:2048]]
[2020.01.30-07.21.36:794][  0]LogConfig: Setting CVar [[r.Shadow.RadiusThreshold:0.01]]
[2020.01.30-07.21.36:794][  0]LogConfig: Setting CVar [[r.Shadow.DistanceScale:1.0]]
[2020.01.30-07.21.36:794][  0]LogConfig: Setting CVar [[r.Shadow.CSM.TransitionScale:1.0]]
[2020.01.30-07.21.36:794][  0]LogConfig: Setting CVar [[r.Shadow.PreShadowResolutionFactor:1.0]]
[2020.01.30-07.21.36:794][  0]LogConfig: Setting CVar [[r.DistanceFieldShadowing:1]]
[2020.01.30-07.21.36:794][  0]LogConfig: Setting CVar [[r.DistanceFieldAO:1]]
[2020.01.30-07.21.36:794][  0]LogConfig: Setting CVar [[r.AOQuality:2]]
[2020.01.30-07.21.36:794][  0]LogConfig: Setting CVar [[r.VolumetricFog:1]]
[2020.01.30-07.21.36:794][  0]LogConfig: Setting CVar [[r.VolumetricFog.GridPixelSize:8]]
[2020.01.30-07.21.36:795][  0]LogConfig: Setting CVar [[r.VolumetricFog.GridSizeZ:128]]
[2020.01.30-07.21.36:795][  0]LogConfig: Setting CVar [[r.VolumetricFog.HistoryMissSupersampleCount:4]]
[2020.01.30-07.21.36:795][  0]LogConfig: Setting CVar [[r.LightMaxDrawDistanceScale:1]]
[2020.01.30-07.21.36:795][  0]LogConfig: Setting CVar [[r.CapsuleShadows:1]]
[2020.01.30-07.21.36:795][  0]LogConfig: Applying CVar settings from Section [PostProcessQuality@3] File [F:/Github/Jnckr-Lthr/Saved/Config/Windows/Scalability.ini]
[2020.01.30-07.21.36:795][  0]LogConfig: Setting CVar [[r.MotionBlurQuality:4]]
[2020.01.30-07.21.36:795][  0]LogConfig: Setting CVar [[r.AmbientOcclusionMipLevelFactor:0.4]]
[2020.01.30-07.21.36:795][  0]LogConfig: Setting CVar [[r.AmbientOcclusionMaxQuality:100]]
[2020.01.30-07.21.36:795][  0]LogConfig: Setting CVar [[r.AmbientOcclusionLevels:-1]]
[2020.01.30-07.21.36:795][  0]LogConfig: Setting CVar [[r.AmbientOcclusionRadiusScale:1.0]]
[2020.01.30-07.21.36:795][  0]LogConfig: Setting CVar [[r.DepthOfFieldQuality:2]]
[2020.01.30-07.21.36:795][  0]LogConfig: Setting CVar [[r.RenderTargetPoolMin:400]]
[2020.01.30-07.21.36:795][  0]LogConfig: Setting CVar [[r.LensFlareQuality:2]]
[2020.01.30-07.21.36:795][  0]LogConfig: Setting CVar [[r.SceneColorFringeQuality:1]]
[2020.01.30-07.21.36:795][  0]LogConfig: Setting CVar [[r.EyeAdaptationQuality:2]]
[2020.01.30-07.21.36:795][  0]LogConfig: Setting CVar [[r.BloomQuality:5]]
[2020.01.30-07.21.36:795][  0]LogConfig: Setting CVar [[r.FastBlurThreshold:100]]
[2020.01.30-07.21.36:795][  0]LogConfig: Setting CVar [[r.Upscale.Quality:3]]
[2020.01.30-07.21.36:795][  0]LogConfig: Setting CVar [[r.Tonemapper.GrainQuantization:1]]
[2020.01.30-07.21.36:795][  0]LogConfig: Setting CVar [[r.LightShaftQuality:1]]
[2020.01.30-07.21.36:795][  0]LogConfig: Setting CVar [[r.Filter.SizeScale:1]]
[2020.01.30-07.21.36:795][  0]LogConfig: Setting CVar [[r.Tonemapper.Quality:5]]
[2020.01.30-07.21.36:795][  0]LogConfig: Setting CVar [[r.DOF.Gather.AccumulatorQuality:1        ; higher gathering accumulator quality]]
[2020.01.30-07.21.36:795][  0]LogConfig: Setting CVar [[r.DOF.Gather.PostfilterMethod:1          ; Median3x3 postfilering method]]
[2020.01.30-07.21.36:795][  0]LogConfig: Setting CVar [[r.DOF.Gather.EnableBokehSettings:0       ; no bokeh simulation when gathering]]
[2020.01.30-07.21.36:795][  0]LogConfig: Setting CVar [[r.DOF.Gather.RingCount:4                 ; medium number of samples when gathering]]
[2020.01.30-07.21.36:795][  0]LogConfig: Setting CVar [[r.DOF.Scatter.ForegroundCompositing:1    ; additive foreground scattering]]
[2020.01.30-07.21.36:795][  0]LogConfig: Setting CVar [[r.DOF.Scatter.BackgroundCompositing:2    ; additive background scattering]]
[2020.01.30-07.21.36:795][  0]LogConfig: Setting CVar [[r.DOF.Scatter.EnableBokehSettings:1      ; bokeh simulation when scattering]]
[2020.01.30-07.21.36:795][  0]LogConfig: Setting CVar [[r.DOF.Scatter.MaxSpriteRatio:0.1         ; only a maximum of 10% of scattered bokeh]]
[2020.01.30-07.21.36:795][  0]LogConfig: Setting CVar [[r.DOF.Recombine.Quality:1                ; cheap slight out of focus]]
[2020.01.30-07.21.36:795][  0]LogConfig: Setting CVar [[r.DOF.Recombine.EnableBokehSettings:0    ; no bokeh simulation on slight out of focus]]
[2020.01.30-07.21.36:795][  0]LogConfig: Setting CVar [[r.DOF.TemporalAAQuality:1                ; more stable temporal accumulation]]
[2020.01.30-07.21.36:795][  0]LogConfig: Setting CVar [[r.DOF.Kernel.MaxForegroundRadius:0.025]]
[2020.01.30-07.21.36:795][  0]LogConfig: Setting CVar [[r.DOF.Kernel.MaxBackgroundRadius:0.025]]
[2020.01.30-07.21.36:795][  0]LogConfig: Applying CVar settings from Section [TextureQuality@3] File [F:/Github/Jnckr-Lthr/Saved/Config/Windows/Scalability.ini]
[2020.01.30-07.21.36:795][  0]LogConfig: Setting CVar [[r.Streaming.MipBias:0]]
[2020.01.30-07.21.36:795][  0]LogConfig: Setting CVar [[r.Streaming.AmortizeCPUToGPUCopy:0]]
[2020.01.30-07.21.36:795][  0]LogConfig: Setting CVar [[r.Streaming.MaxNumTexturesToStreamPerFrame:0]]
[2020.01.30-07.21.36:796][  0]LogConfig: Setting CVar [[r.Streaming.Boost:1]]
[2020.01.30-07.21.36:796][  0]LogConfig: Setting CVar [[r.MaxAnisotropy:8]]
[2020.01.30-07.21.36:796][  0]LogConfig: Setting CVar [[r.Streaming.LimitPoolSizeToVRAM:0]]
[2020.01.30-07.21.36:796][  0]LogConfig: Setting CVar [[r.Streaming.PoolSize:1000]]
[2020.01.30-07.21.36:796][  0]LogConfig: Setting CVar [[r.Streaming.MaxEffectiveScreenSize:0]]
[2020.01.30-07.21.36:796][  0]LogConfig: Applying CVar settings from Section [EffectsQuality@3] File [F:/Github/Jnckr-Lthr/Saved/Config/Windows/Scalability.ini]
[2020.01.30-07.21.36:796][  0]LogConfig: Setting CVar [[r.TranslucencyLightingVolumeDim:64]]
[2020.01.30-07.21.36:796][  0]LogConfig: Setting CVar [[r.RefractionQuality:2]]
[2020.01.30-07.21.36:796][  0]LogConfig: Setting CVar [[r.SSR.Quality:3]]
[2020.01.30-07.21.36:796][  0]LogConfig: Setting CVar [[r.SceneColorFormat:4]]
[2020.01.30-07.21.36:796][  0]LogConfig: Setting CVar [[r.DetailMode:2]]
[2020.01.30-07.21.36:796][  0]LogConfig: Setting CVar [[r.TranslucencyVolumeBlur:1]]
[2020.01.30-07.21.36:796][  0]LogConfig: Setting CVar [[r.MaterialQualityLevel:1 ; High quality]]
[2020.01.30-07.21.36:796][  0]LogConfig: Setting CVar [[r.SSS.Scale:1]]
[2020.01.30-07.21.36:796][  0]LogConfig: Setting CVar [[r.SSS.SampleSet:2]]
[2020.01.30-07.21.36:796][  0]LogConfig: Setting CVar [[r.SSS.Quality:1]]
[2020.01.30-07.21.36:796][  0]LogConfig: Setting CVar [[r.SSS.HalfRes:1]]
[2020.01.30-07.21.36:796][  0]LogConfig: Setting CVar [[r.EmitterSpawnRateScale:1.0]]
[2020.01.30-07.21.36:797][  0]LogConfig: Setting CVar [[r.ParticleLightQuality:2]]
[2020.01.30-07.21.36:797][  0]LogConfig: Applying CVar settings from Section [FoliageQuality@3] File [F:/Github/Jnckr-Lthr/Saved/Config/Windows/Scalability.ini]
[2020.01.30-07.21.36:797][  0]LogConfig: Setting CVar [[foliage.DensityScale:1.0]]
[2020.01.30-07.21.36:797][  0]LogConfig: Setting CVar [[grass.DensityScale:1.0]]
[2020.01.30-07.21.36:797][  0]LogConfig: Applying CVar settings from Section [Startup] File [../../../Engine/Config/ConsoleVariables.ini]
[2020.01.30-07.21.36:797][  0]LogConfig: Setting CVar [[net.UseAdaptiveNetUpdateFrequency:0]]
[2020.01.30-07.21.36:797][  0]LogConfig: Setting CVar [[p.chaos.AllowCreatePhysxBodies:1]]
[2020.01.30-07.21.36:797][  0]LogConfig: Applying CVar settings from Section [ConsoleVariables] File [F:/Github/Jnckr-Lthr/Saved/Config/Windows/Engine.ini]
[2020.01.30-07.21.36:797][  0]LogInit: Computer: FABIONOTEBOOK
[2020.01.30-07.21.36:798][  0]LogInit: User: morfa
[2020.01.30-07.21.36:798][  0]LogInit: CPU Page size=4096, Cores=4
[2020.01.30-07.21.36:798][  0]LogInit: High frequency timer resolution =10.000000 MHz
[2020.01.30-07.21.36:798][  0]LogMemory: Memory total: Physical=7.9GB (8GB approx)
[2020.01.30-07.21.36:798][  0]LogMemory: Platform Memory Stats for Windows
[2020.01.30-07.21.36:798][  0]LogMemory: Process Physical Memory: 103.41 MB used, 103.41 MB peak
[2020.01.30-07.21.36:798][  0]LogMemory: Process Virtual Memory: 111.99 MB used, 111.99 MB peak
[2020.01.30-07.21.36:798][  0]LogMemory: Physical Memory: 5441.54 MB used,  2635.28 MB free, 8076.82 MB total
[2020.01.30-07.21.36:798][  0]LogMemory: Virtual Memory: 4666.80 MB used,  134213064.00 MB free, 134217728.00 MB total
[2020.01.30-07.21.36:803][  0]LogWindows: WindowsPlatformFeatures enabled
[2020.01.30-07.21.36:845][  0]LogInit: Using OS detected language (en-US).
[2020.01.30-07.21.36:845][  0]LogInit: Using OS detected locale (en-US).
[2020.01.30-07.21.36:847][  0]LogTextLocalizationManager: No specific localization for 'en-US' exists, so the 'en' localization will be used.
[2020.01.30-07.21.37:277][  0]LogSlate: New Slate User Created.  User Index 0, Is Virtual User: 0
[2020.01.30-07.21.37:277][  0]LogSlate: Slate User Registered.  User Index 0, Is Virtual User: 0
[2020.01.30-07.21.37:350][  0]LogHMD: Failed to initialize OpenVR with code 110
[2020.01.30-07.21.37:350][  0]LogD3D11RHI: D3D11 adapters:
[2020.01.30-07.21.37:450][  0]LogD3D11RHI:    0. 'NVIDIA GeForce GTX 1050' (Feature Level 11_0)
[2020.01.30-07.21.37:450][  0]LogD3D11RHI:       1979/0/4038 MB DedicatedVideo/DedicatedSystem/SharedSystem, Outputs:2, VendorId:0x10de
[2020.01.30-07.21.37:461][  0]LogD3D11RHI:    1. 'Intel(R) HD Graphics 630' (Feature Level 11_0)
[2020.01.30-07.21.37:461][  0]LogD3D11RHI:       128/0/4038 MB DedicatedVideo/DedicatedSystem/SharedSystem, Outputs:0, VendorId:0x8086
[2020.01.30-07.21.37:466][  0]LogD3D11RHI:    2. 'Microsoft Basic Render Driver' (Feature Level 11_0)
[2020.01.30-07.21.37:466][  0]LogD3D11RHI:       0/0/4038 MB DedicatedVideo/DedicatedSystem/SharedSystem, Outputs:0, VendorId:0x1414
[2020.01.30-07.21.37:466][  0]LogD3D11RHI: Chosen D3D11 Adapter: 0
[2020.01.30-07.21.37:522][  0]LogD3D11RHI: Creating new Direct3DDevice
[2020.01.30-07.21.37:522][  0]LogD3D11RHI:     GPU DeviceId: 0x1c8d (for the marketing name, search the web for "GPU Device Id")
[2020.01.30-07.21.37:522][  0]LogWindows: EnumDisplayDevices:
[2020.01.30-07.21.37:522][  0]LogWindows:    0. 'Intel(R) HD Graphics 630' (P:1 D:1)
[2020.01.30-07.21.37:523][  0]LogWindows:    1. 'Intel(R) HD Graphics 630' (P:0 D:1)
[2020.01.30-07.21.37:523][  0]LogWindows:    2. 'Intel(R) HD Graphics 630' (P:0 D:0)
[2020.01.30-07.21.37:524][  0]LogWindows: DebugString: PrimaryIsNotTheChoosenAdapter PrimaryIsNotTheChoosenAdapter PrimaryIsNotTheChoosenAdapter FoundDriverCount:0 
[2020.01.30-07.21.37:524][  0]LogD3D11RHI:     Adapter Name: NVIDIA GeForce GTX 1050
[2020.01.30-07.21.37:524][  0]LogD3D11RHI:   Driver Version: Unknown (internal:Unknown, unified:Unknown)
[2020.01.30-07.21.37:524][  0]LogD3D11RHI:      Driver Date: Unknown
[2020.01.30-07.21.37:524][  0]LogRHI: Texture pool is 1385 MB (70% of 1979 MB)
[2020.01.30-07.21.37:573][  0]LogD3D11RHI: Async texture creation enabled
[2020.01.30-07.21.37:587][  0]LogD3D11RHI: GPU Timing Frequency: 1000.000000 (Debug: 2 1)
[2020.01.30-07.21.38:090][  0]LogTemp: Display: Module 'WindowsClientTargetPlatform' loaded TargetPlatform 'WindowsClient'
[2020.01.30-07.21.38:098][  0]LogTemp: Display: Module 'WindowsNoEditorTargetPlatform' loaded TargetPlatform 'WindowsNoEditor'
[2020.01.30-07.21.38:108][  0]LogTemp: Display: Module 'WindowsServerTargetPlatform' loaded TargetPlatform 'WindowsServer'
[2020.01.30-07.21.38:112][  0]LogTemp: Display: Module 'WindowsTargetPlatform' loaded TargetPlatform 'Windows'
[2020.01.30-07.21.38:112][  0]LogTargetPlatformManager: Display: Building Assets For Windows
[2020.01.30-07.21.38:122][  0]LogAudioDebug: Display: Lib vorbis DLL was dynamically loaded.
[2020.01.30-07.21.38:170][  0]LogShaderCompilers: Guid format shader working directory is 27 characters bigger than the processId version (F:/Github/Jnckr-Lthr/Intermediate/Shaders/WorkingDirectory/796/).
[2020.01.30-07.21.38:170][  0]LogShaderCompilers: Cleaned the shader compiler working directory 'C:/Users/morfa/AppData/Local/Temp/UnrealShaderWorkingDir/1D891A0242B5E3AF6B4621ADA9A41B99/'.
[2020.01.30-07.21.38:172][  0]LogXGEController: Cannot use XGE Controller as Incredibuild is not installed on this machine.
[2020.01.30-07.21.38:173][  0]LogShaderCompilers: Cannot use XGE Shader Compiler as Incredibuild is not installed on this machine.
[2020.01.30-07.21.38:173][  0]LogShaderCompilers: Display: Using Local Shader Compiler.
[2020.01.30-07.21.38:871][  0]LogDerivedDataCache: Display: Max Cache Size: 512 MB
[2020.01.30-07.21.38:950][  0]LogDerivedDataCache: Loaded boot cache 0.08s 73MB C:/Users/morfa/AppData/Local/UnrealEngine/4.23/DerivedDataCache/Boot.ddc.
[2020.01.30-07.21.38:950][  0]LogDerivedDataCache: Display: Loaded Boot cache: C:/Users/morfa/AppData/Local/UnrealEngine/4.23/DerivedDataCache/Boot.ddc
[2020.01.30-07.21.38:950][  0]LogDerivedDataCache: FDerivedDataBackendGraph:  Pak pak cache file F:/Github/Jnckr-Lthr/DerivedDataCache/DDC.ddp not found, will not use a pak cache.
[2020.01.30-07.21.38:950][  0]LogDerivedDataCache: Unable to find inner node Pak for hierarchical cache Hierarchy.
[2020.01.30-07.21.38:950][  0]LogDerivedDataCache: FDerivedDataBackendGraph:  CompressedPak pak cache file F:/Github/Jnckr-Lthr/DerivedDataCache/Compressed.ddp not found, will not use a pak cache.
[2020.01.30-07.21.38:950][  0]LogDerivedDataCache: Unable to find inner node CompressedPak for hierarchical cache Hierarchy.
[2020.01.30-07.21.38:965][  0]LogDerivedDataCache: Display: Pak cache opened for reading ../../../Engine/DerivedDataCache/Compressed.ddp.
[2020.01.30-07.21.38:965][  0]LogDerivedDataCache: FDerivedDataBackendGraph:  EnterprisePak pak cache file ../../../Enterprise/DerivedDataCache/Compressed.ddp not found, will not use a pak cache.
[2020.01.30-07.21.38:965][  0]LogDerivedDataCache: Unable to find inner node EnterprisePak for hierarchical cache Hierarchy.
[2020.01.30-07.21.38:967][  0]LogDerivedDataCache: Using Local data cache path C:/Users/morfa/AppData/Local/UnrealEngine/Common/DerivedDataCache: Writable
[2020.01.30-07.21.38:967][  0]LogDerivedDataCache: Shared data cache path not found in *engine.ini, will not use an Shared cache.
[2020.01.30-07.21.38:967][  0]LogDerivedDataCache: Unable to find inner node Shared for hierarchical cache Hierarchy.
[2020.01.30-07.21.38:993][  0]LogMaterial: Verifying Global Shaders for PCD3D_SM5
[2020.01.30-07.21.39:000][  0]LogSlate: Using FreeType 2.6.0
[2020.01.30-07.21.39:001][  0]LogSlate: SlateFontServices - WITH_FREETYPE: 1, WITH_HARFBUZZ: 1
[2020.01.30-07.21.39:170][  0]LogInit: Using OS detected language (en-US).
[2020.01.30-07.21.39:170][  0]LogInit: Using OS detected locale (en-US).
[2020.01.30-07.21.39:170][  0]LogTextLocalizationManager: No localization for 'en-US' exists, so 'en' will be used for the language.
[2020.01.30-07.21.39:170][  0]LogTextLocalizationManager: No localization for 'en-US' exists, so 'en' will be used for the locale.
[2020.01.30-07.21.39:170][  0]LogSlate: FontCache flush requested. Reason: Culture for localization was changed
[2020.01.30-07.21.39:170][  0]LogSlate: FontCache flush requested. Reason: Culture for localization was changed
[2020.01.30-07.21.39:172][  0]LogTextLocalizationManager: Compacting localization data took   0.00ms
[2020.01.30-07.21.39:177][  0]LogAssetRegistry: FAssetRegistry took 0.0019 seconds to start up
[2020.01.30-07.21.39:422][  0]LogPackageLocalizationCache: Processed 12 localized package path(s) for 1 prioritized culture(s) in 0.000912 seconds
[2020.01.30-07.21.39:479][  0]LogInit: Selected Device Profile: [Windows]
[2020.01.30-07.21.39:528][  0]LogMeshReduction: Using QuadricMeshReduction for automatic static mesh reduction
[2020.01.30-07.21.39:528][  0]LogMeshReduction: Using SimplygonMeshReduction for automatic skeletal mesh reduction
[2020.01.30-07.21.39:528][  0]LogMeshReduction: Using ProxyLODMeshReduction for automatic mesh merging
[2020.01.30-07.21.39:528][  0]LogMeshReduction: No distributed automatic mesh merging module available
[2020.01.30-07.21.39:528][  0]LogMeshMerging: No distributed automatic mesh merging module available
[2020.01.30-07.21.39:652][  0]LogNetVersion: JaxAndLegger 1.0.0, NetCL: 8386587, EngineNetVer: 11, GameNetVer: 0 (Checksum: 2648958118)
[2020.01.30-07.21.40:320][  0]LogMoviePlayer: Initializing movie player
[2020.01.30-07.21.40:435][  0]LogTcpMessaging: Initializing TcpMessaging bridge
[2020.01.30-07.21.40:438][  0]LogUdpMessaging: Initializing bridge on interface 0.0.0.0:0 to multicast group 230.0.0.1:6666.
[2020.01.30-07.21.40:475][  0]SourceControl: Source control is disabled
[2020.01.30-07.21.40:475][  0]SourceControl: Source control is disabled
[2020.01.30-07.21.40:477][  0]SourceControl: Source control is disabled
[2020.01.30-07.21.40:525][  0]LogAndroidPermission: UAndroidPermissionCallbackProxy::GetInstance
[2020.01.30-07.21.40:744][  0]LogOcInput: OculusInput pre-init called
[2020.01.30-07.21.40:755][  0]LogUObjectArray: 48866 objects as part of root set at end of initial load.
[2020.01.30-07.21.40:755][  0]LogUObjectAllocator: 8609784 out of 0 bytes used by permanent object pool.
[2020.01.30-07.21.40:755][  0]LogUObjectArray: CloseDisregardForGC: 0/0 objects in disregard for GC pool
[2020.01.30-07.21.40:821][  0]LogEngine: Initializing Engine...
[2020.01.30-07.21.40:823][  0]LogHMD: Failed to initialize OpenVR with code 110
[2020.01.30-07.21.40:824][  0]LogStats: UGameplayTagsManager::InitializeManager -  0.000 s
[2020.01.30-07.21.41:045][  0]LogInit: Initializing FReadOnlyCVARCache
[2020.01.30-07.21.41:089][  0]LogInit: XAudio2 using 'Speakers (Realtek High Definition Audio)' : 2 channels at 48 kHz using 32 bits per sample (channel mask 0x3)
[2020.01.30-07.21.41:154][  0]LogInit: FAudioDevice initialized.
[2020.01.30-07.21.41:155][  0]LogNetVersion: Set ProjectVersion to 1.0.0.0. Version Checksum will be recalculated on next use.
[2020.01.30-07.21.41:162][  0]LogInit: Texture streaming: Enabled
[2020.01.30-07.21.41:524][  0]LogSlate: Updating window title bar state: overlay mode, drag disabled, window buttons hidden, title bar hidden
[2020.01.30-07.21.41:526][  0]LogInit: Display: Game Engine Initialized.
[2020.01.30-07.21.41:589][  0]LogInit: Display: Starting Game.
[2020.01.30-07.21.41:593][  0]LogNet: Browse: /Game/Maps/MainMenu?Name=Player
[2020.01.30-07.21.41:593][  0]LogLoad: LoadMap: /Game/Maps/MainMenu?Name=Player
[2020.01.30-07.21.41:593][  0]LogWorld: BeginTearingDown for /Temp/Untitled_0
[2020.01.30-07.21.41:595][  0]LogWorld: UWorld::CleanupWorld for Untitled, bSessionEnded=true, bCleanupResources=true
[2020.01.30-07.21.41:631][  0]LogUObjectHash: Compacting FUObjectHashTables data took   3.80ms
[2020.01.30-07.21.41:753][  0]LogUObjectGlobals: Warning: While loading 'F:/Github/Jnckr-Lthr/Content/JandL_Models/BuckDock/duckblock_sm__1_.uasset' failed to load '/Game/JandL_Models/lambert1': Can't find file.
[2020.01.30-07.21.41:753][  0]LogUObjectGlobals: Warning: While loading 'F:/Github/Jnckr-Lthr/Content/JandL_Models/BuckDock/duckblock_sm__1_.uasset' failed to load '/Game/JandL_Models/lambert1': Can't find file.
[2020.01.30-07.21.41:753][  0]LogUObjectGlobals: Warning: While loading 'F:/Github/Jnckr-Lthr/Content/JandL_Models/BuckDock/duckblock_sm__1_.uasset' failed to load '/Game/JandL_Models/lambert1': Can't find file.
[2020.01.30-07.21.41:754][  0]LogUObjectGlobals: Warning: While loading 'F:/Github/Jnckr-Lthr/Content/JandL_Models/BuckDock/duckblock_sm__1_.uasset' failed to load '/Game/JandL_Models/lambert1': Can't find file.
[2020.01.30-07.21.41:932][  0]LogAIModule: Creating AISystem for world MainMenu
[2020.01.30-07.21.41:932][  0]LogLoad: Game class is 'GameMode'
[2020.01.30-07.21.41:938][  0]LogWorld: Bringing World /Game/Maps/MainMenu.MainMenu up for play (max tick rate 0) at 2020.01.30-08.21.41
[2020.01.30-07.21.41:942][  0]LogWorld: Bringing up level for play took: 0.007838
[2020.01.30-07.21.41:945][  0]LogGameMode: FindPlayerStart: PATHS NOT DEFINED or NO PLAYERSTART with positive rating
[2020.01.30-07.21.41:954][  0]LogGameMode: Display: Match State Changed from EnteringMap to WaitingToStart
[2020.01.30-07.21.41:954][  0]LogGameState: Match State Changed from EnteringMap to WaitingToStart
[2020.01.30-07.21.41:954][  0]LogGameMode: Display: Match State Changed from WaitingToStart to InProgress
[2020.01.30-07.21.41:966][  0]LogGameState: Match State Changed from WaitingToStart to InProgress
[2020.01.30-07.21.41:968][  0]LogLoad: Took 0.373256 seconds to LoadMap(/Game/Maps/MainMenu)
[2020.01.30-07.21.42:005][  0]LogRenderer: Reallocating scene render targets to support 1280x720 Format 10 NumSamples 1 (Frame:1).
[2020.01.30-07.21.42:005][  0]LogLoad: (Engine Initialization) Total time: 8.36 seconds
[2020.01.30-07.21.42:005][  0]LogLoad: (Engine Initialization) Total Blueprint compile time: 0.00 seconds
[2020.01.30-07.21.42:054][  0]LogContentStreaming: Texture pool size now 1000 MB
[2020.01.30-07.21.42:060][  0]LogAudio: Warning: Detected orphaned looping sound 'MenuMusic'.
[2020.01.30-07.21.42:196][  0]LogRenderer: Reallocating scene render targets to support 128x128 Format 10 NumSamples 1 (Frame:1).
[2020.01.30-07.21.42:233][  0]LogRenderer: Reallocating scene render targets to support 1280x720 Format 10 NumSamples 1 (Frame:2).
[2020.01.30-07.21.44:832][161]LogSlate: FSceneViewport::OnFocusLost() reason 0
[2020.01.30-07.21.44:916][166]LogSlate: Took 0.000351 seconds to synchronously load lazily loaded font '../../../Engine/Content/Slate/Fonts/Roboto-Regular.ttf' (155K)
[2020.01.30-07.21.45:684][214]LogSlate: FSceneViewport::OnFocusLost() reason 0
[2020.01.30-07.21.47:374][318]LogInit: WinSock: I am FabioNotebook (192.168.129.98:0)
[2020.01.30-07.21.47:536][318]LogPackageName: SearchForPackageOnDisk took   0.159s to resolve Lobby.umap.
[2020.01.30-07.21.47:537][318]LogGameMode: Display: Match State Changed from InProgress to LeavingMap
[2020.01.30-07.21.47:537][318]LogGameState: Match State Changed from InProgress to LeavingMap
[2020.01.30-07.21.47:692][318]LogPackageName: SearchForPackageOnDisk took   0.155s to resolve Lobby.umap.
[2020.01.30-07.21.47:692][318]LogNet: Browse: /Game/Maps/Lobby?Listen
[2020.01.30-07.21.47:692][318]LogLoad: LoadMap: /Game/Maps/Lobby?Listen
[2020.01.30-07.21.47:692][318]LogWorld: BeginTearingDown for /Game/Maps/MainMenu
[2020.01.30-07.21.47:694][318]LogWorld: UWorld::CleanupWorld for MainMenu, bSessionEnded=true, bCleanupResources=true
[2020.01.30-07.21.47:755][318]LogUObjectHash: Compacting FUObjectHashTables data took   2.27ms
[2020.01.30-07.21.48:317][318]LogBlueprint: Warning: [Compiler 0_Base] InputAction Event references unknown Action 'ResetVR' for  InputAction ResetVR
[2020.01.30-07.21.48:318][318]LogBlueprint: Warning: [Compiler 0_Base] InputAction Event references unknown Action 'Jump' for  InputAction Jump
[2020.01.30-07.21.49:115][318]LogAIModule: Creating AISystem for world Lobby
[2020.01.30-07.21.49:115][318]LogLoad: Game class is 'LobbyGM_C'
[2020.01.30-07.21.49:117][318]LogTemp: Display: ParseSettings for GameNetDriver
[2020.01.30-07.21.49:119][318]LogTemp: Display: ParseSettings for IpNetDriver_0
[2020.01.30-07.21.49:119][318]LogTemp: Display: ParseSettings for GameNetDriver
[2020.01.30-07.21.49:119][318]LogNet: ReplicationDriverClass is null! Not using ReplicationDriver.
[2020.01.30-07.21.49:120][318]PacketHandlerLog: DDoS detection status: detection enabled: 0 analytics enabled: 0
[2020.01.30-07.21.49:121][318]LogInit: WinSock: Socket queue. Rx: 131072 (config 131072) Tx: 131072 (config 131072)
[2020.01.30-07.21.49:121][318]PacketHandlerLog: Loaded PacketHandler component: Engine.EngineHandlerComponentFactory (StatelessConnectHandlerComponent)
[2020.01.30-07.21.49:122][318]LogNet: GameNetDriver IpNetDriver_0 IpNetDriver listening on port 7777
[2020.01.30-07.21.49:124][318]LogWorld: Bringing World /Game/Maps/Lobby.Lobby up for play (max tick rate 0) at 2020.01.30-08.21.49
[2020.01.30-07.21.49:125][318]LogWorld: Bringing up level for play took: 0.001987
[2020.01.30-07.21.49:136][318]LogScript: Warning: UGameplayStatics::BeginSpawningActorFromClass: can not spawn an actor from a NULL class
[2020.01.30-07.21.49:180][318]LogLoad: Took 1.487741 seconds to LoadMap(/Game/Maps/Lobby)
[2020.01.30-07.21.50:768][408]LogSlate: FSceneViewport::OnFocusLost() reason 0
[2020.01.30-07.21.50:821][411]PIE: Warning: This widget does not support focus.  If this is a UserWidget, you should set bIsFocusable to true.
[2020.01.30-07.21.51:849][475]LogSlate: FSceneViewport::OnFocusLost() reason 0
[2020.01.30-07.21.52:778][532]LogScript: Warning: Accessed None trying to read property CallFunc_GetActorOfClass_ReturnValue
	Jax_C /Game/Maps/Lobby.Lobby:PersistentLevel.Jax_C_0
	Function /Game/Blueprints/Characters/Jax.Jax_C:ExecuteUbergraph_Jax:00D9
[2020.01.30-07.21.52:778][532]LogScript: Warning: Script call stack:
	Function /Game/UI/InGame/BeamWheel.BeamWheel_C:Tick
	Function /Game/UI/InGame/BeamWheel.BeamWheel_C:ExecuteUbergraph_BeamWheel
	Function /Game/Blueprints/Characters/Jax.Jax_C:ChangeBeam
	Function /Game/Blueprints/Characters/Jax.Jax_C:ExecuteUbergraph_Jax
	Function /Game/Blueprints/Characters/Jax.Jax_C:SetUpBeams
	Function /Game/Blueprints/Characters/Jax.Jax_C:ExecuteUbergraph_Jax

[2020.01.30-07.21.52:778][532]LogScript: Warning: Accessed None trying to read property CallFunc_GetActorOfClass_ReturnValue
	Jax_C /Game/Maps/Lobby.Lobby:PersistentLevel.Jax_C_0
	Function /Game/Blueprints/Characters/Jax.Jax_C:ExecuteUbergraph_Jax:00FA
[2020.01.30-07.21.52:778][532]LogScript: Warning: Script call stack:
	Function /Game/UI/InGame/BeamWheel.BeamWheel_C:Tick
	Function /Game/UI/InGame/BeamWheel.BeamWheel_C:ExecuteUbergraph_BeamWheel
	Function /Game/Blueprints/Characters/Jax.Jax_C:ChangeBeam
	Function /Game/Blueprints/Characters/Jax.Jax_C:ExecuteUbergraph_Jax
	Function /Game/Blueprints/Characters/Jax.Jax_C:SetUpBeams
	Function /Game/Blueprints/Characters/Jax.Jax_C:ExecuteUbergraph_Jax

[2020.01.30-07.21.52:778][532]LogScript: Warning: Accessed None attempting to assign variable on an object
	Jax_C /Game/Maps/Lobby.Lobby:PersistentLevel.Jax_C_0
	Function /Game/Blueprints/Characters/Jax.Jax_C:ExecuteUbergraph_Jax:010F
[2020.01.30-07.21.52:778][532]LogScript: Warning: Script call stack:
	Function /Game/UI/InGame/BeamWheel.BeamWheel_C:Tick
	Function /Game/UI/InGame/BeamWheel.BeamWheel_C:ExecuteUbergraph_BeamWheel
	Function /Game/Blueprints/Characters/Jax.Jax_C:ChangeBeam
	Function /Game/Blueprints/Characters/Jax.Jax_C:ExecuteUbergraph_Jax
	Function /Game/Blueprints/Characters/Jax.Jax_C:SetUpBeams
	Function /Game/Blueprints/Characters/Jax.Jax_C:ExecuteUbergraph_Jax

[2020.01.30-07.21.52:786][533]LogScript: Warning: Attempted to access Beam_Signal_C_0 via property Beam, but Beam_Signal_C_0 is pending kill
	Jax_C /Game/Maps/Lobby.Lobby:PersistentLevel.Jax_C_0
	Function /Game/Blueprints/Characters/Jax.Jax_C:ActivateBeam:0018
[2020.01.30-07.21.52:786][533]LogScript: Warning: Script call stack:
	Function /Game/UI/InGame/BeamWheel.BeamWheel_C:Tick
	Function /Game/UI/InGame/BeamWheel.BeamWheel_C:ExecuteUbergraph_BeamWheel
	Function /Game/Blueprints/Characters/Jax.Jax_C:ChangeBeam
	Function /Game/Blueprints/Characters/Jax.Jax_C:ExecuteUbergraph_Jax
	Function /Game/Blueprints/Characters/Jax.Jax_C:ActivateBeam

[2020.01.30-07.21.52:787][533]LogScript: Warning: Accessed None trying to read property CallFunc_GetActorOfClass_ReturnValue
	Jax_C /Game/Maps/Lobby.Lobby:PersistentLevel.Jax_C_0
	Function /Game/Blueprints/Characters/Jax.Jax_C:ExecuteUbergraph_Jax:00D9
[2020.01.30-07.21.52:787][533]LogScript: Warning: Script call stack:
	Function /Game/UI/InGame/BeamWheel.BeamWheel_C:Tick
	Function /Game/UI/InGame/BeamWheel.BeamWheel_C:ExecuteUbergraph_BeamWheel
	Function /Game/Blueprints/Characters/Jax.Jax_C:ChangeBeam
	Function /Game/Blueprints/Characters/Jax.Jax_C:ExecuteUbergraph_Jax
	Function /Game/Blueprints/Characters/Jax.Jax_C:SetUpBeams
	Function /Game/Blueprints/Characters/Jax.Jax_C:ExecuteUbergraph_Jax

[2020.01.30-07.21.52:787][533]LogScript: Warning: Accessed None trying to read property CallFunc_GetActorOfClass_ReturnValue
	Jax_C /Game/Maps/Lobby.Lobby:PersistentLevel.Jax_C_0
	Function /Game/Blueprints/Characters/Jax.Jax_C:ExecuteUbergraph_Jax:00FA
[2020.01.30-07.21.52:787][533]LogScript: Warning: Script call stack:
	Function /Game/UI/InGame/BeamWheel.BeamWheel_C:Tick
	Function /Game/UI/InGame/BeamWheel.BeamWheel_C:ExecuteUbergraph_BeamWheel
	Function /Game/Blueprints/Characters/Jax.Jax_C:ChangeBeam
	Function /Game/Blueprints/Characters/Jax.Jax_C:ExecuteUbergraph_Jax
	Function /Game/Blueprints/Characters/Jax.Jax_C:SetUpBeams
	Function /Game/Blueprints/Characters/Jax.Jax_C:ExecuteUbergraph_Jax

[2020.01.30-07.21.52:787][533]LogScript: Warning: Accessed None attempting to assign variable on an object
	Jax_C /Game/Maps/Lobby.Lobby:PersistentLevel.Jax_C_0
	Function /Game/Blueprints/Characters/Jax.Jax_C:ExecuteUbergraph_Jax:010F
[2020.01.30-07.21.52:787][533]LogScript: Warning: Script call stack:
	Function /Game/UI/InGame/BeamWheel.BeamWheel_C:Tick
	Function /Game/UI/InGame/BeamWheel.BeamWheel_C:ExecuteUbergraph_BeamWheel
	Function /Game/Blueprints/Characters/Jax.Jax_C:ChangeBeam
	Function /Game/Blueprints/Characters/Jax.Jax_C:ExecuteUbergraph_Jax
	Function /Game/Blueprints/Characters/Jax.Jax_C:SetUpBeams
	Function /Game/Blueprints/Characters/Jax.Jax_C:ExecuteUbergraph_Jax

[2020.01.30-07.21.52:802][534]LogScript: Warning: Attempted to access Beam_Signal_C_1 via property Beam, but Beam_Signal_C_1 is pending kill
	Jax_C /Game/Maps/Lobby.Lobby:PersistentLevel.Jax_C_0
	Function /Game/Blueprints/Characters/Jax.Jax_C:ActivateBeam:0018
[2020.01.30-07.21.52:802][534]LogScript: Warning: Script call stack:
	Function /Game/UI/InGame/BeamWheel.BeamWheel_C:Tick
	Function /Game/UI/InGame/BeamWheel.BeamWheel_C:ExecuteUbergraph_BeamWheel
	Function /Game/Blueprints/Characters/Jax.Jax_C:ChangeBeam
	Function /Game/Blueprints/Characters/Jax.Jax_C:ExecuteUbergraph_Jax
	Function /Game/Blueprints/Characters/Jax.Jax_C:ActivateBeam

[2020.01.30-07.21.52:802][534]LogScript: Warning: Accessed None trying to read property CallFunc_GetActorOfClass_ReturnValue
	Jax_C /Game/Maps/Lobby.Lobby:PersistentLevel.Jax_C_0
	Function /Game/Blueprints/Characters/Jax.Jax_C:ExecuteUbergraph_Jax:00D9
[2020.01.30-07.21.52:802][534]LogScript: Warning: Script call stack:
	Function /Game/UI/InGame/BeamWheel.BeamWheel_C:Tick
	Function /Game/UI/InGame/BeamWheel.BeamWheel_C:ExecuteUbergraph_BeamWheel
	Function /Game/Blueprints/Characters/Jax.Jax_C:ChangeBeam
	Function /Game/Blueprints/Characters/Jax.Jax_C:ExecuteUbergraph_Jax
	Function /Game/Blueprints/Characters/Jax.Jax_C:SetUpBeams
	Function /Game/Blueprints/Characters/Jax.Jax_C:ExecuteUbergraph_Jax

[2020.01.30-07.21.52:802][534]LogScript: Warning: Accessed None trying to read property CallFunc_GetActorOfClass_ReturnValue
	Jax_C /Game/Maps/Lobby.Lobby:PersistentLevel.Jax_C_0
	Function /Game/Blueprints/Characters/Jax.Jax_C:ExecuteUbergraph_Jax:00FA
[2020.01.30-07.21.52:802][534]LogScript: Warning: Script call stack:
	Function /Game/UI/InGame/BeamWheel.BeamWheel_C:Tick
	Function /Game/UI/InGame/BeamWheel.BeamWheel_C:ExecuteUbergraph_BeamWheel
	Function /Game/Blueprints/Characters/Jax.Jax_C:ChangeBeam
	Function /Game/Blueprints/Characters/Jax.Jax_C:ExecuteUbergraph_Jax
	Function /Game/Blueprints/Characters/Jax.Jax_C:SetUpBeams
	Function /Game/Blueprints/Characters/Jax.Jax_C:ExecuteUbergraph_Jax

[2020.01.30-07.21.52:802][534]LogScript: Warning: Accessed None attempting to assign variable on an object
	Jax_C /Game/Maps/Lobby.Lobby:PersistentLevel.Jax_C_0
	Function /Game/Blueprints/Characters/Jax.Jax_C:ExecuteUbergraph_Jax:010F
[2020.01.30-07.21.52:802][534]LogScript: Warning: Script call stack:
	Function /Game/UI/InGame/BeamWheel.BeamWheel_C:Tick
	Function /Game/UI/InGame/BeamWheel.BeamWheel_C:ExecuteUbergraph_BeamWheel
	Function /Game/Blueprints/Characters/Jax.Jax_C:ChangeBeam
	Function /Game/Blueprints/Characters/Jax.Jax_C:ExecuteUbergraph_Jax
	Function /Game/Blueprints/Characters/Jax.Jax_C:SetUpBeams
	Function /Game/Blueprints/Characters/Jax.Jax_C:ExecuteUbergraph_Jax

[2020.01.30-07.21.52:818][535]LogScript: Warning: Attempted to access Beam_Signal_C_2 via property Beam, but Beam_Signal_C_2 is pending kill
	Jax_C /Game/Maps/Lobby.Lobby:PersistentLevel.Jax_C_0
	Function /Game/Blueprints/Characters/Jax.Jax_C:ActivateBeam:0018
[2020.01.30-07.21.52:818][535]LogScript: Warning: Script call stack:
	Function /Game/UI/InGame/BeamWheel.BeamWheel_C:Tick
	Function /Game/UI/InGame/BeamWheel.BeamWheel_C:ExecuteUbergraph_BeamWheel
	Function /Game/Blueprints/Characters/Jax.Jax_C:ChangeBeam
	Function /Game/Blueprints/Characters/Jax.Jax_C:ExecuteUbergraph_Jax
	Function /Game/Blueprints/Characters/Jax.Jax_C:ActivateBeam

[2020.01.30-07.21.52:819][535]LogScript: Warning: Accessed None trying to read property CallFunc_GetActorOfClass_ReturnValue
	Jax_C /Game/Maps/Lobby.Lobby:PersistentLevel.Jax_C_0
	Function /Game/Blueprints/Characters/Jax.Jax_C:ExecuteUbergraph_Jax:00D9
[2020.01.30-07.21.52:819][535]LogScript: Warning: Script call stack:
	Function /Game/UI/InGame/BeamWheel.BeamWheel_C:Tick
	Function /Game/UI/InGame/BeamWheel.BeamWheel_C:ExecuteUbergraph_BeamWheel
	Function /Game/Blueprints/Characters/Jax.Jax_C:ChangeBeam
	Function /Game/Blueprints/Characters/Jax.Jax_C:ExecuteUbergraph_Jax
	Function /Game/Blueprints/Characters/Jax.Jax_C:SetUpBeams
	Function /Game/Blueprints/Characters/Jax.Jax_C:ExecuteUbergraph_Jax

[2020.01.30-07.21.52:819][535]LogScript: Warning: Accessed None trying to read property CallFunc_GetActorOfClass_ReturnValue
	Jax_C /Game/Maps/Lobby.Lobby:PersistentLevel.Jax_C_0
	Function /Game/Blueprints/Characters/Jax.Jax_C:ExecuteUbergraph_Jax:00FA
[2020.01.30-07.21.52:819][535]LogScript: Warning: Script call stack:
	Function /Game/UI/InGame/BeamWheel.BeamWheel_C:Tick
	Function /Game/UI/InGame/BeamWheel.BeamWheel_C:ExecuteUbergraph_BeamWheel
	Function /Game/Blueprints/Characters/Jax.Jax_C:ChangeBeam
	Function /Game/Blueprints/Characters/Jax.Jax_C:ExecuteUbergraph_Jax
	Function /Game/Blueprints/Characters/Jax.Jax_C:SetUpBeams
	Function /Game/Blueprints/Characters/Jax.Jax_C:ExecuteUbergraph_Jax

[2020.01.30-07.21.52:819][535]LogScript: Warning: Accessed None attempting to assign variable on an object
	Jax_C /Game/Maps/Lobby.Lobby:PersistentLevel.Jax_C_0
	Function /Game/Blueprints/Characters/Jax.Jax_C:ExecuteUbergraph_Jax:010F
[2020.01.30-07.21.52:819][535]LogScript: Warning: Script call stack:
	Function /Game/UI/InGame/BeamWheel.BeamWheel_C:Tick
	Function /Game/UI/InGame/BeamWheel.BeamWheel_C:ExecuteUbergraph_BeamWheel
	Function /Game/Blueprints/Characters/Jax.Jax_C:ChangeBeam
	Function /Game/Blueprints/Characters/Jax.Jax_C:ExecuteUbergraph_Jax
	Function /Game/Blueprints/Characters/Jax.Jax_C:SetUpBeams
	Function /Game/Blueprints/Characters/Jax.Jax_C:ExecuteUbergraph_Jax

[2020.01.30-07.21.52:834][536]LogScript: Warning: Attempted to access Beam_Signal_C_3 via property Beam, but Beam_Signal_C_3 is pending kill
	Jax_C /Game/Maps/Lobby.Lobby:PersistentLevel.Jax_C_0
	Function /Game/Blueprints/Characters/Jax.Jax_C:ActivateBeam:0018
[2020.01.30-07.21.52:834][536]LogScript: Warning: Script call stack:
	Function /Game/UI/InGame/BeamWheel.BeamWheel_C:Tick
	Function /Game/UI/InGame/BeamWheel.BeamWheel_C:ExecuteUbergraph_BeamWheel
	Function /Game/Blueprints/Characters/Jax.Jax_C:ChangeBeam
	Function /Game/Blueprints/Characters/Jax.Jax_C:ExecuteUbergraph_Jax
	Function /Game/Blueprints/Characters/Jax.Jax_C:ActivateBeam

[2020.01.30-07.21.52:834][536]LogScript: Warning: Accessed None trying to read property CallFunc_GetActorOfClass_ReturnValue
	Jax_C /Game/Maps/Lobby.Lobby:PersistentLevel.Jax_C_0
	Function /Game/Blueprints/Characters/Jax.Jax_C:ExecuteUbergraph_Jax:00D9
[2020.01.30-07.21.52:835][536]LogScript: Warning: Script call stack:
	Function /Game/UI/InGame/BeamWheel.BeamWheel_C:Tick
	Function /Game/UI/InGame/BeamWheel.BeamWheel_C:ExecuteUbergraph_BeamWheel
	Function /Game/Blueprints/Characters/Jax.Jax_C:ChangeBeam
	Function /Game/Blueprints/Characters/Jax.Jax_C:ExecuteUbergraph_Jax
	Function /Game/Blueprints/Characters/Jax.Jax_C:SetUpBeams
	Function /Game/Blueprints/Characters/Jax.Jax_C:ExecuteUbergraph_Jax

[2020.01.30-07.21.53:964][606]LogBlueprintUserMessages: [EmotesWheel_C_0] 3
[2020.01.30-07.21.53:980][607]LogBlueprintUserMessages: [EmotesWheel_C_0] 3
[2020.01.30-07.21.53:995][608]LogBlueprintUserMessages: [EmotesWheel_C_0] 3
[2020.01.30-07.21.54:012][609]LogBlueprintUserMessages: [EmotesWheel_C_0] 3
[2020.01.30-07.21.54:028][610]LogBlueprintUserMessages: [EmotesWheel_C_0] 3
[2020.01.30-07.21.54:044][611]LogBlueprintUserMessages: [EmotesWheel_C_0] 3
[2020.01.30-07.21.54:060][612]LogBlueprintUserMessages: [EmotesWheel_C_0] 3
[2020.01.30-07.21.54:076][613]LogBlueprintUserMessages: [EmotesWheel_C_0] 3
[2020.01.30-07.21.54:093][614]LogBlueprintUserMessages: [EmotesWheel_C_0] 3
[2020.01.30-07.21.54:108][615]LogBlueprintUserMessages: [EmotesWheel_C_0] 3
[2020.01.30-07.21.54:125][616]LogBlueprintUserMessages: [EmotesWheel_C_0] 3
[2020.01.30-07.21.54:141][617]LogBlueprintUserMessages: [EmotesWheel_C_0] 3
[2020.01.30-07.21.54:157][618]LogBlueprintUserMessages: [EmotesWheel_C_0] 3
[2020.01.30-07.21.54:173][619]LogBlueprintUserMessages: [EmotesWheel_C_0] 3
[2020.01.30-07.21.54:189][620]LogBlueprintUserMessages: [EmotesWheel_C_0] 3
[2020.01.30-07.21.54:205][621]LogBlueprintUserMessages: [EmotesWheel_C_0] 3
[2020.01.30-07.21.54:221][622]LogBlueprintUserMessages: [EmotesWheel_C_0] 3
[2020.01.30-07.21.54:237][623]LogBlueprintUserMessages: [EmotesWheel_C_0] 3
[2020.01.30-07.21.54:253][624]LogBlueprintUserMessages: [EmotesWheel_C_0] 3
[2020.01.30-07.21.54:269][625]LogBlueprintUserMessages: [EmotesWheel_C_0] 3
[2020.01.30-07.21.54:285][626]LogBlueprintUserMessages: [EmotesWheel_C_0] 3
[2020.01.30-07.21.54:301][627]LogBlueprintUserMessages: [EmotesWheel_C_0] 3
[2020.01.30-07.21.54:317][628]LogBlueprintUserMessages: [EmotesWheel_C_0] 3
[2020.01.30-07.21.54:334][629]LogBlueprintUserMessages: [EmotesWheel_C_0] 3
[2020.01.30-07.21.54:350][630]LogBlueprintUserMessages: [EmotesWheel_C_0] 3
[2020.01.30-07.21.54:366][631]LogBlueprintUserMessages: [EmotesWheel_C_0] 3
[2020.01.30-07.21.54:382][632]LogBlueprintUserMessages: [EmotesWheel_C_0] 3
[2020.01.30-07.21.54:398][633]LogBlueprintUserMessages: [EmotesWheel_C_0] 3
[2020.01.30-07.21.54:414][634]LogBlueprintUserMessages: [EmotesWheel_C_0] 3
[2020.01.30-07.21.54:431][635]LogBlueprintUserMessages: [EmotesWheel_C_0] 3
[2020.01.30-07.21.54:447][636]LogBlueprintUserMessages: [EmotesWheel_C_0] 3
[2020.01.30-07.21.54:464][637]LogBlueprintUserMessages: [EmotesWheel_C_0] 3
[2020.01.30-07.21.54:480][638]LogBlueprintUserMessages: [EmotesWheel_C_0] 11
[2020.01.30-07.21.54:496][639]LogBlueprintUserMessages: [EmotesWheel_C_0] 11
[2020.01.30-07.21.54:512][640]LogBlueprintUserMessages: [EmotesWheel_C_0] 11
[2020.01.30-07.21.54:527][641]LogBlueprintUserMessages: [EmotesWheel_C_0] 11
[2020.01.30-07.21.54:543][642]LogBlueprintUserMessages: [EmotesWheel_C_0] 11
[2020.01.30-07.21.54:560][643]LogBlueprintUserMessages: [EmotesWheel_C_0] 11
[2020.01.30-07.21.54:576][644]LogBlueprintUserMessages: [EmotesWheel_C_0] 11
[2020.01.30-07.21.54:592][645]LogBlueprintUserMessages: [EmotesWheel_C_0] 11
[2020.01.30-07.21.54:608][646]LogBlueprintUserMessages: [EmotesWheel_C_0] 11
[2020.01.30-07.21.54:626][647]LogBlueprintUserMessages: [EmotesWheel_C_0] 11
[2020.01.30-07.21.54:640][648]LogBlueprintUserMessages: [EmotesWheel_C_0] 11
[2020.01.30-07.21.54:656][649]LogBlueprintUserMessages: [EmotesWheel_C_0] 11
[2020.01.30-07.21.54:673][650]LogBlueprintUserMessages: [EmotesWheel_C_0] 11
[2020.01.30-07.21.54:689][651]LogBlueprintUserMessages: [EmotesWheel_C_0] 11
[2020.01.30-07.21.54:706][652]LogBlueprintUserMessages: [EmotesWheel_C_0] 11
[2020.01.30-07.21.54:722][653]LogBlueprintUserMessages: [EmotesWheel_C_0] 11
[2020.01.30-07.21.54:738][654]LogBlueprintUserMessages: [EmotesWheel_C_0] 11
[2020.01.30-07.21.54:753][655]LogBlueprintUserMessages: [EmotesWheel_C_0] 11
[2020.01.30-07.21.54:769][656]LogBlueprintUserMessages: [EmotesWheel_C_0] 11
[2020.01.30-07.21.54:785][657]LogBlueprintUserMessages: [EmotesWheel_C_0] 11
[2020.01.30-07.21.54:801][658]LogBlueprintUserMessages: [EmotesWheel_C_0] 11
[2020.01.30-07.21.54:818][659]LogBlueprintUserMessages: [EmotesWheel_C_0] 11
[2020.01.30-07.21.54:834][660]LogBlueprintUserMessages: [EmotesWheel_C_0] 11
[2020.01.30-07.21.54:850][661]LogBlueprintUserMessages: [EmotesWheel_C_0] 11
[2020.01.30-07.21.54:867][662]LogBlueprintUserMessages: [EmotesWheel_C_0] 11
[2020.01.30-07.21.54:883][663]LogBlueprintUserMessages: [EmotesWheel_C_0] 11
[2020.01.30-07.21.54:899][664]LogBlueprintUserMessages: [EmotesWheel_C_0] 11
[2020.01.30-07.21.54:915][665]LogBlueprintUserMessages: [EmotesWheel_C_0] 11
[2020.01.30-07.21.54:931][666]LogBlueprintUserMessages: [EmotesWheel_C_0] 11
[2020.01.30-07.21.54:948][667]LogBlueprintUserMessages: [EmotesWheel_C_0] 10
[2020.01.30-07.21.54:964][668]LogBlueprintUserMessages: [EmotesWheel_C_0] 10
[2020.01.30-07.21.54:980][669]LogBlueprintUserMessages: [EmotesWheel_C_0] 10
[2020.01.30-07.21.54:996][670]LogBlueprintUserMessages: [EmotesWheel_C_0] 10
[2020.01.30-07.21.55:015][671]LogBlueprintUserMessages: [EmotesWheel_C_0] 10
[2020.01.30-07.21.55:028][672]LogBlueprintUserMessages: [EmotesWheel_C_0] 10
[2020.01.30-07.21.55:044][673]LogBlueprintUserMessages: [EmotesWheel_C_0] 10
[2020.01.30-07.21.55:060][674]LogBlueprintUserMessages: [EmotesWheel_C_0] 10
[2020.01.30-07.21.55:076][675]LogBlueprintUserMessages: [EmotesWheel_C_0] 10
[2020.01.30-07.21.55:093][676]LogBlueprintUserMessages: [EmotesWheel_C_0] 10
[2020.01.30-07.21.55:109][677]LogBlueprintUserMessages: [EmotesWheel_C_0] 10
[2020.01.30-07.21.55:125][678]LogBlueprintUserMessages: [EmotesWheel_C_0] 10
[2020.01.30-07.21.55:140][679]LogBlueprintUserMessages: [EmotesWheel_C_0] 10
[2020.01.30-07.21.55:156][680]LogBlueprintUserMessages: [EmotesWheel_C_0] 10
[2020.01.30-07.21.55:173][681]LogBlueprintUserMessages: [EmotesWheel_C_0] 10
[2020.01.30-07.21.55:189][682]LogBlueprintUserMessages: [EmotesWheel_C_0] 10
[2020.01.30-07.21.55:206][683]LogBlueprintUserMessages: [EmotesWheel_C_0] 10
[2020.01.30-07.21.55:221][684]LogBlueprintUserMessages: [EmotesWheel_C_0] 10
[2020.01.30-07.21.55:237][685]LogBlueprintUserMessages: [EmotesWheel_C_0] 10
[2020.01.30-07.21.55:253][686]LogBlueprintUserMessages: [EmotesWheel_C_0] 10
[2020.01.30-07.21.55:269][687]LogBlueprintUserMessages: [EmotesWheel_C_0] 10
[2020.01.30-07.21.55:286][688]LogBlueprintUserMessages: [EmotesWheel_C_0] 10
[2020.01.30-07.21.55:302][689]LogBlueprintUserMessages: [EmotesWheel_C_0] 10
[2020.01.30-07.21.55:318][690]LogBlueprintUserMessages: [EmotesWheel_C_0] 10
[2020.01.30-07.21.55:334][691]LogBlueprintUserMessages: [EmotesWheel_C_0] 10
[2020.01.30-07.21.55:350][692]LogBlueprintUserMessages: [EmotesWheel_C_0] 10
[2020.01.30-07.21.55:367][693]LogBlueprintUserMessages: [EmotesWheel_C_0] 10
[2020.01.30-07.21.55:383][694]LogBlueprintUserMessages: [EmotesWheel_C_0] 10
[2020.01.30-07.21.55:399][695]LogBlueprintUserMessages: [EmotesWheel_C_0] 10
[2020.01.30-07.21.55:415][696]LogBlueprintUserMessages: [EmotesWheel_C_0] 10
[2020.01.30-07.21.55:431][697]LogBlueprintUserMessages: [EmotesWheel_C_0] 10
[2020.01.30-07.21.55:448][698]LogBlueprintUserMessages: [EmotesWheel_C_0] 10
[2020.01.30-07.21.55:464][699]LogBlueprintUserMessages: [EmotesWheel_C_0] 10
[2020.01.30-07.21.55:480][700]LogBlueprintUserMessages: [EmotesWheel_C_0] 10
[2020.01.30-07.21.55:497][701]LogBlueprintUserMessages: [EmotesWheel_C_0] 10
[2020.01.30-07.21.55:510][702]LogBlueprintUserMessages: [Jax_C_0] Server
[2020.01.30-07.21.59:238][933]LogBlueprintUserMessages: [EmotesWheel_C_1] 3
[2020.01.30-07.21.59:254][934]LogBlueprintUserMessages: [EmotesWheel_C_1] 3
[2020.01.30-07.21.59:269][935]LogBlueprintUserMessages: [EmotesWheel_C_1] 3
[2020.01.30-07.21.59:286][936]LogBlueprintUserMessages: [EmotesWheel_C_1] 3
[2020.01.30-07.21.59:302][937]LogBlueprintUserMessages: [EmotesWheel_C_1] 3
[2020.01.30-07.21.59:318][938]LogBlueprintUserMessages: [EmotesWheel_C_1] 3
[2020.01.30-07.21.59:334][939]LogBlueprintUserMessages: [EmotesWheel_C_1] 3
[2020.01.30-07.21.59:350][940]LogBlueprintUserMessages: [EmotesWheel_C_1] 3
[2020.01.30-07.21.59:367][941]LogBlueprintUserMessages: [EmotesWheel_C_1] 3
[2020.01.30-07.21.59:383][942]LogBlueprintUserMessages: [EmotesWheel_C_1] 3
[2020.01.30-07.21.59:399][943]LogBlueprintUserMessages: [EmotesWheel_C_1] 1
[2020.01.30-07.21.59:416][944]LogBlueprintUserMessages: [EmotesWheel_C_1] 0
[2020.01.30-07.21.59:432][945]LogBlueprintUserMessages: [EmotesWheel_C_1] 1
[2020.01.30-07.21.59:448][946]LogBlueprintUserMessages: [EmotesWheel_C_1] 0
[2020.01.30-07.21.59:464][947]LogBlueprintUserMessages: [EmotesWheel_C_1] 0
[2020.01.30-07.21.59:481][948]LogBlueprintUserMessages: [EmotesWheel_C_1] 0
[2020.01.30-07.21.59:497][949]LogBlueprintUserMessages: [EmotesWheel_C_1] 0
[2020.01.30-07.21.59:513][950]LogBlueprintUserMessages: [EmotesWheel_C_1] 0
[2020.01.30-07.21.59:528][951]LogBlueprintUserMessages: [EmotesWheel_C_1] 0
[2020.01.30-07.21.59:545][952]LogBlueprintUserMessages: [EmotesWheel_C_1] 0
[2020.01.30-07.21.59:560][953]LogBlueprintUserMessages: [EmotesWheel_C_1] 0
[2020.01.30-07.21.59:577][954]LogBlueprintUserMessages: [EmotesWheel_C_1] 0
[2020.01.30-07.21.59:593][955]LogBlueprintUserMessages: [EmotesWheel_C_1] 0
[2020.01.30-07.21.59:608][956]LogBlueprintUserMessages: [EmotesWheel_C_1] 0
[2020.01.30-07.21.59:625][957]LogBlueprintUserMessages: [EmotesWheel_C_1] 11
[2020.01.30-07.21.59:641][958]LogBlueprintUserMessages: [EmotesWheel_C_1] 3
[2020.01.30-07.21.59:657][959]LogBlueprintUserMessages: [EmotesWheel_C_1] 3
[2020.01.30-07.21.59:673][960]LogBlueprintUserMessages: [EmotesWheel_C_1] 3
[2020.01.30-07.21.59:689][961]LogBlueprintUserMessages: [EmotesWheel_C_1] 3
[2020.01.30-07.21.59:706][962]LogBlueprintUserMessages: [EmotesWheel_C_1] 3
[2020.01.30-07.21.59:722][963]LogBlueprintUserMessages: [EmotesWheel_C_1] 3
[2020.01.30-07.21.59:738][964]LogBlueprintUserMessages: [EmotesWheel_C_1] 3
[2020.01.30-07.21.59:753][965]LogBlueprintUserMessages: [EmotesWheel_C_1] 3
[2020.01.30-07.21.59:770][966]LogBlueprintUserMessages: [EmotesWheel_C_1] 3
[2020.01.30-07.21.59:786][967]LogBlueprintUserMessages: [EmotesWheel_C_1] 3
[2020.01.30-07.21.59:802][968]LogBlueprintUserMessages: [EmotesWheel_C_1] 3
[2020.01.30-07.21.59:818][969]LogBlueprintUserMessages: [EmotesWheel_C_1] 3
[2020.01.30-07.21.59:834][970]LogBlueprintUserMessages: [EmotesWheel_C_1] 0
[2020.01.30-07.21.59:850][971]LogBlueprintUserMessages: [EmotesWheel_C_1] 0
[2020.01.30-07.21.59:866][972]LogBlueprintUserMessages: [EmotesWheel_C_1] 0
[2020.01.30-07.21.59:883][973]LogBlueprintUserMessages: [EmotesWheel_C_1] 0
[2020.01.30-07.21.59:899][974]LogBlueprintUserMessages: [EmotesWheel_C_1] 11
[2020.01.30-07.21.59:915][975]LogBlueprintUserMessages: [EmotesWheel_C_1] 11
[2020.01.30-07.21.59:932][976]LogBlueprintUserMessages: [EmotesWheel_C_1] 11
[2020.01.30-07.21.59:948][977]LogBlueprintUserMessages: [EmotesWheel_C_1] 11
[2020.01.30-07.21.59:965][978]LogBlueprintUserMessages: [EmotesWheel_C_1] 11
[2020.01.30-07.21.59:981][979]LogBlueprintUserMessages: [EmotesWheel_C_1] 11
[2020.01.30-07.21.59:997][980]LogBlueprintUserMessages: [EmotesWheel_C_1] 11
[2020.01.30-07.22.00:014][981]LogBlueprintUserMessages: [EmotesWheel_C_1] 11
[2020.01.30-07.22.00:030][982]LogBlueprintUserMessages: [EmotesWheel_C_1] 11
[2020.01.30-07.22.00:045][983]LogBlueprintUserMessages: [EmotesWheel_C_1] 11
[2020.01.30-07.22.00:060][984]LogBlueprintUserMessages: [EmotesWheel_C_1] 11
[2020.01.30-07.22.00:077][985]LogBlueprintUserMessages: [EmotesWheel_C_1] 11
[2020.01.30-07.22.00:093][986]LogBlueprintUserMessages: [EmotesWheel_C_1] 11
[2020.01.30-07.22.00:109][987]LogBlueprintUserMessages: [EmotesWheel_C_1] 11
[2020.01.30-07.22.00:125][988]LogBlueprintUserMessages: [EmotesWheel_C_1] 11
[2020.01.30-07.22.00:142][989]LogBlueprintUserMessages: [EmotesWheel_C_1] 11
[2020.01.30-07.22.00:158][990]LogBlueprintUserMessages: [EmotesWheel_C_1] 11
[2020.01.30-07.22.00:174][991]LogBlueprintUserMessages: [EmotesWheel_C_1] 11
[2020.01.30-07.22.00:189][992]LogBlueprintUserMessages: [EmotesWheel_C_1] 11
[2020.01.30-07.22.00:205][993]LogBlueprintUserMessages: [EmotesWheel_C_1] 10
[2020.01.30-07.22.00:221][994]LogBlueprintUserMessages: [EmotesWheel_C_1] 10
[2020.01.30-07.22.00:238][995]LogBlueprintUserMessages: [EmotesWheel_C_1] 10
[2020.01.30-07.22.00:254][996]LogBlueprintUserMessages: [EmotesWheel_C_1] 10
[2020.01.30-07.22.00:270][997]LogBlueprintUserMessages: [EmotesWheel_C_1] 10
[2020.01.30-07.22.00:286][998]LogBlueprintUserMessages: [EmotesWheel_C_1] 10
[2020.01.30-07.22.00:302][999]LogBlueprintUserMessages: [EmotesWheel_C_1] 10
[2020.01.30-07.22.00:318][  0]LogBlueprintUserMessages: [EmotesWheel_C_1] 10
[2020.01.30-07.22.00:334][  1]LogBlueprintUserMessages: [EmotesWheel_C_1] 10
[2020.01.30-07.22.00:351][  2]LogBlueprintUserMessages: [EmotesWheel_C_1] 10
[2020.01.30-07.22.00:368][  3]LogBlueprintUserMessages: [EmotesWheel_C_1] 9
[2020.01.30-07.22.00:384][  4]LogBlueprintUserMessages: [EmotesWheel_C_1] 9
[2020.01.30-07.22.00:400][  5]LogBlueprintUserMessages: [EmotesWheel_C_1] 9
[2020.01.30-07.22.00:416][  6]LogBlueprintUserMessages: [EmotesWheel_C_1] 9
[2020.01.30-07.22.00:432][  7]LogBlueprintUserMessages: [EmotesWheel_C_1] 9
[2020.01.30-07.22.00:448][  8]LogBlueprintUserMessages: [EmotesWheel_C_1] 9
[2020.01.30-07.22.00:464][  9]LogBlueprintUserMessages: [EmotesWheel_C_1] 9
[2020.01.30-07.22.00:480][ 10]LogBlueprintUserMessages: [EmotesWheel_C_1] 9
[2020.01.30-07.22.00:497][ 11]LogBlueprintUserMessages: [EmotesWheel_C_1] 9
[2020.01.30-07.22.00:513][ 12]LogBlueprintUserMessages: [EmotesWheel_C_1] 9
[2020.01.30-07.22.00:528][ 13]LogBlueprintUserMessages: [EmotesWheel_C_1] 9
[2020.01.30-07.22.00:544][ 14]LogBlueprintUserMessages: [EmotesWheel_C_1] 9
[2020.01.30-07.22.00:561][ 15]LogBlueprintUserMessages: [EmotesWheel_C_1] 9
[2020.01.30-07.22.00:577][ 16]LogBlueprintUserMessages: [EmotesWheel_C_1] 9
[2020.01.30-07.22.00:592][ 17]LogBlueprintUserMessages: [EmotesWheel_C_1] 9
[2020.01.30-07.22.00:609][ 18]LogBlueprintUserMessages: [EmotesWheel_C_1] 9
[2020.01.30-07.22.00:625][ 19]LogBlueprintUserMessages: [EmotesWheel_C_1] 9
[2020.01.30-07.22.00:641][ 20]LogBlueprintUserMessages: [EmotesWheel_C_1] 9
[2020.01.30-07.22.00:657][ 21]LogBlueprintUserMessages: [EmotesWheel_C_1] 9
[2020.01.30-07.22.00:673][ 22]LogBlueprintUserMessages: [EmotesWheel_C_1] 10
[2020.01.30-07.22.00:689][ 23]LogBlueprintUserMessages: [EmotesWheel_C_1] 10
[2020.01.30-07.22.00:707][ 24]LogBlueprintUserMessages: [EmotesWheel_C_1] 10
[2020.01.30-07.22.00:722][ 25]LogBlueprintUserMessages: [EmotesWheel_C_1] 10
[2020.01.30-07.22.00:738][ 26]LogBlueprintUserMessages: [EmotesWheel_C_1] 10
[2020.01.30-07.22.00:754][ 27]LogBlueprintUserMessages: [EmotesWheel_C_1] 10
[2020.01.30-07.22.00:770][ 28]LogBlueprintUserMessages: [EmotesWheel_C_1] 10
[2020.01.30-07.22.00:786][ 29]LogBlueprintUserMessages: [EmotesWheel_C_1] 10
[2020.01.30-07.22.00:802][ 30]LogBlueprintUserMessages: [EmotesWheel_C_1] 10
[2020.01.30-07.22.00:818][ 31]LogBlueprintUserMessages: [EmotesWheel_C_1] 10
[2020.01.30-07.22.00:834][ 32]LogBlueprintUserMessages: [EmotesWheel_C_1] 10
[2020.01.30-07.22.00:850][ 33]LogBlueprintUserMessages: [EmotesWheel_C_1] 10
[2020.01.30-07.22.00:867][ 34]LogBlueprintUserMessages: [EmotesWheel_C_1] 10
[2020.01.30-07.22.00:883][ 35]LogBlueprintUserMessages: [EmotesWheel_C_1] 10
[2020.01.30-07.22.00:899][ 36]LogBlueprintUserMessages: [EmotesWheel_C_1] 10
[2020.01.30-07.22.00:915][ 37]LogBlueprintUserMessages: [EmotesWheel_C_1] 10
[2020.01.30-07.22.00:932][ 38]LogBlueprintUserMessages: [EmotesWheel_C_1] 10
[2020.01.30-07.22.00:948][ 39]LogBlueprintUserMessages: [EmotesWheel_C_1] 10
[2020.01.30-07.22.00:965][ 40]LogBlueprintUserMessages: [EmotesWheel_C_1] 10
[2020.01.30-07.22.00:982][ 41]LogBlueprintUserMessages: [EmotesWheel_C_1] 10
[2020.01.30-07.22.00:998][ 42]LogBlueprintUserMessages: [EmotesWheel_C_1] 10
[2020.01.30-07.22.01:013][ 43]LogBlueprintUserMessages: [EmotesWheel_C_1] 10
[2020.01.30-07.22.01:029][ 44]LogBlueprintUserMessages: [EmotesWheel_C_1] 10
[2020.01.30-07.22.01:045][ 45]LogBlueprintUserMessages: [EmotesWheel_C_1] 10
[2020.01.30-07.22.01:059][ 46]LogBlueprintUserMessages: [Jax_C_0] Server
[2020.01.30-07.22.53:341][281]LogWindowsDesktop: Alt-F4 pressed!
[2020.01.30-07.22.53:349][281]LogSlate: Window 'JaxAndLegger (64-bit Development PCD3D_SM5) ' being destroyed
[2020.01.30-07.22.53:351][281]LogWindowsTextInputMethodSystem: Display: IME system now deactivated.
[2020.01.30-07.22.53:357][281]LogScript: Warning: Script Msg: DestroySession - Invalid player state
[2020.01.30-07.22.53:357][281]LogSlate: Updating window title bar state: overlay mode, drag disabled, window buttons hidden, title bar hidden
[2020.01.30-07.22.53:357][281]LogEngine: All Windows Closed
[2020.01.30-07.22.53:357][281]LogWindows: FPlatformMisc::RequestExit(0)
[2020.01.30-07.22.53:371][282]LogWorld: BeginTearingDown for /Game/Maps/Lobby
[2020.01.30-07.22.53:372][282]LogNet: World NetDriver shutdown IpNetDriver_0 [GameNetDriver]
[2020.01.30-07.22.53:372][282]LogNet: DestroyNamedNetDriver IpNetDriver_0 [GameNetDriver]
[2020.01.30-07.22.53:372][282]LogExit: GameNetDriver IpNetDriver_0 shut down
[2020.01.30-07.22.53:372][282]LogWorld: UWorld::CleanupWorld for Lobby, bSessionEnded=true, bCleanupResources=true
[2020.01.30-07.22.53:868][282]LogExit: Preparing to exit.
[2020.01.30-07.22.53:868][282]LogMoviePlayer: Shutting down movie player
[2020.01.30-07.22.54:528][282]LogSlate: Updating window title bar state: overlay mode, drag disabled, window buttons hidden, title bar hidden
[2020.01.30-07.22.54:539][282]LogDemo: Cleaned up 0 splitscreen connections with owner deletion
[2020.01.30-07.22.54:546][282]LogExit: Game engine shut down
[2020.01.30-07.22.54:624][282]LogExit: Object subsystem successfully closed.
[2020.01.30-07.22.54:646][282]LogShaderCompilers: Display: Shaders left to compile 0
[2020.01.30-07.22.54:660][282]LogModuleManager: Shutting down and abandoning module SequenceRecorderSections (410)
[2020.01.30-07.22.54:660][282]LogModuleManager: Shutting down and abandoning module SequenceRecorder (408)
[2020.01.30-07.22.54:660][282]LogModuleManager: Shutting down and abandoning module AutomationController (406)
[2020.01.30-07.22.54:660][282]LogModuleManager: Shutting down and abandoning module AutomationWorker (404)
[2020.01.30-07.22.54:660][282]LogModuleManager: Shutting down and abandoning module Voice (402)
[2020.01.30-07.22.54:660][282]LogModuleManager: Shutting down and abandoning module AIModule (400)
[2020.01.30-07.22.54:660][282]LogModuleManager: Shutting down and abandoning module GameplayDebugger (399)
[2020.01.30-07.22.54:660][282]LogModuleManager: Shutting down and abandoning module AITestSuite (397)
[2020.01.30-07.22.54:660][282]LogModuleManager: Shutting down and abandoning module NavigationSystem (395)
[2020.01.30-07.22.54:660][282]LogModuleManager: Shutting down and abandoning module OculusMR (392)
[2020.01.30-07.22.54:660][282]LogModuleManager: Shutting down and abandoning module WmfMediaFactory (390)
[2020.01.30-07.22.54:660][282]LogModuleManager: Shutting down and abandoning module WebMMediaFactory (388)
[2020.01.30-07.22.54:660][282]LogModuleManager: Shutting down and abandoning module WebMMedia (386)
[2020.01.30-07.22.54:660][282]LogModuleManager: Shutting down and abandoning module OpenExrWrapper (384)
[2020.01.30-07.22.54:660][282]LogModuleManager: Shutting down and abandoning module ImgMediaFactory (382)
[2020.01.30-07.22.54:660][282]LogModuleManager: Shutting down and abandoning module AvfMediaFactory (380)
[2020.01.30-07.22.54:660][282]LogModuleManager: Shutting down and abandoning module MagicLeapCameraPreviewFactory (378)
[2020.01.30-07.22.54:660][282]LogModuleManager: Shutting down and abandoning module MagicLeapMediaCodecFactory (376)
[2020.01.30-07.22.54:661][282]LogModuleManager: Shutting down and abandoning module MagicLeapMediaFactory (374)
[2020.01.30-07.22.54:661][282]LogModuleManager: Shutting down and abandoning module CharacterAI (372)
[2020.01.30-07.22.54:661][282]LogModuleManager: Shutting down and abandoning module SessionServices (370)
[2020.01.30-07.22.54:661][282]LogModuleManager: Shutting down and abandoning module MovieSceneCapture (368)
[2020.01.30-07.22.54:661][282]LogModuleManager: Shutting down and abandoning module LiveCoding (366)
[2020.01.30-07.22.54:661][282]LogModuleManager: Shutting down and abandoning module LevelSequence (364)
[2020.01.30-07.22.54:661][282]LogModuleManager: Shutting down and abandoning module MovieSceneTracks (362)
[2020.01.30-07.22.54:661][282]LogModuleManager: Shutting down and abandoning module MovieScene (360)
[2020.01.30-07.22.54:661][282]LogModuleManager: Shutting down and abandoning module StreamingPauseRendering (358)
[2020.01.30-07.22.54:661][282]LogModuleManager: Shutting down and abandoning module PortalServices (356)
[2020.01.30-07.22.54:661][282]LogModuleManager: Shutting down and abandoning module PortalRpc (354)
[2020.01.30-07.22.54:661][282]LogModuleManager: Shutting down and abandoning module MessagingRpc (352)
[2020.01.30-07.22.54:661][282]LogModuleManager: Shutting down and abandoning module ImageWriteQueue (350)
[2020.01.30-07.22.54:664][282]LogModuleManager: Shutting down and abandoning module ProfilerService (348)
[2020.01.30-07.22.54:665][282]LogModuleManager: Shutting down and abandoning module TaskGraph (346)
[2020.01.30-07.22.54:665][282]LogModuleManager: Shutting down and abandoning module SteamVRController (344)
[2020.01.30-07.22.54:665][282]LogModuleManager: Shutting down and abandoning module ProceduralMeshComponent (342)
[2020.01.30-07.22.54:665][282]LogModuleManager: Shutting down and abandoning module OculusInput (340)
[2020.01.30-07.22.54:665][282]LogModuleManager: Shutting down and abandoning module MobilePatchingUtils (338)
[2020.01.30-07.22.54:665][282]LogModuleManager: Shutting down and abandoning module EditableMesh (336)
[2020.01.30-07.22.54:665][282]LogModuleManager: Shutting down and abandoning module CustomMeshComponent (334)
[2020.01.30-07.22.54:665][282]LogModuleManager: Shutting down and abandoning module CableComponent (332)
[2020.01.30-07.22.54:665][282]LogModuleManager: Shutting down and abandoning module AudioCapture (330)
[2020.01.30-07.22.54:665][282]LogModuleManager: Shutting down and abandoning module ArchVisCharacter (328)
[2020.01.30-07.22.54:665][282]LogModuleManager: Shutting down and abandoning module AppleImageUtilsBlueprintSupport (326)
[2020.01.30-07.22.54:665][282]LogModuleManager: Shutting down and abandoning module AppleImageUtils (324)
[2020.01.30-07.22.54:666][282]LogModuleManager: Shutting down and abandoning module AndroidPermission (322)
[2020.01.30-07.22.54:666][282]LogModuleManager: Shutting down and abandoning module NUTUnrealEngine4 (320)
[2020.01.30-07.22.54:666][282]LogModuleManager: Shutting down and abandoning module NetcodeUnitTest (318)
[2020.01.30-07.22.54:666][282]LogModuleManager: Shutting down and abandoning module MediaCompositing (316)
[2020.01.30-07.22.54:666][282]LogModuleManager: Shutting down and abandoning module ImgMedia (314)
[2020.01.30-07.22.54:666][282]LogModuleManager: Shutting down and abandoning module MagicLeapHelperVulkan (312)
[2020.01.30-07.22.54:666][282]LogModuleManager: Shutting down and abandoning module MagicLeapHelperOpenGL (310)
[2020.01.30-07.22.54:666][282]LogModuleManager: Shutting down and abandoning module MagicLeapAudio (308)
[2020.01.30-07.22.54:666][282]LogModuleManager: Shutting down and abandoning module HTML5Networking (306)
[2020.01.30-07.22.54:666][282]LogModuleManager: Shutting down and abandoning module GeometryCacheTracks (304)
[2020.01.30-07.22.54:666][282]LogModuleManager: Shutting down and abandoning module GeometryCacheSequencer (303)
[2020.01.30-07.22.54:666][282]LogModuleManager: Shutting down and abandoning module GeometryCache (300)
[2020.01.30-07.22.54:666][282]LogModuleManager: Shutting down and abandoning module GeometryCacheEd (299)
[2020.01.30-07.22.54:666][282]LogModuleManager: Shutting down and abandoning module BackChannel (296)
[2020.01.30-07.22.54:666][282]LogModuleManager: Shutting down and abandoning module AutomationUtils (294)
[2020.01.30-07.22.54:666][282]LogModuleManager: Shutting down and abandoning module VariantManagerContent (292)
[2020.01.30-07.22.54:666][282]LogModuleManager: Shutting down and abandoning module CryptoKeysOpenSSL (290)
[2020.01.30-07.22.54:666][282]LogModuleManager: Shutting down and abandoning module CryptoKeys (288)
[2020.01.30-07.22.54:666][282]LogModuleManager: Shutting down and abandoning module VisualStudioSourceCodeAccess (286)
[2020.01.30-07.22.54:666][282]LogModuleManager: Shutting down and abandoning module HotReload (285)
[2020.01.30-07.22.54:666][282]LogModuleManager: Shutting down and abandoning module DirectoryWatcher (284)
[2020.01.30-07.22.54:666][282]LogModuleManager: Shutting down and abandoning module VisualStudioCodeSourceCodeAccess (280)
[2020.01.30-07.22.54:666][282]LogModuleManager: Shutting down and abandoning module UObjectPlugin (278)
[2020.01.30-07.22.54:666][282]LogModuleManager: Shutting down and abandoning module SubversionSourceControl (276)
[2020.01.30-07.22.54:666][282]LogModuleManager: Shutting down and abandoning module PerforceSourceControl (274)
[2020.01.30-07.22.54:666][282]LogModuleManager: Shutting down and abandoning module SourceControl (273)
[2020.01.30-07.22.54:666][282]LogModuleManager: Shutting down and abandoning module CLionSourceCodeAccess (270)
[2020.01.30-07.22.54:666][282]LogModuleManager: Shutting down and abandoning module ActorLayerUtilities (268)
[2020.01.30-07.22.54:666][282]LogModuleManager: Shutting down and abandoning module JaxAndLegger (266)
[2020.01.30-07.22.54:666][282]LogModuleManager: Shutting down and abandoning module SignificanceManager (264)
[2020.01.30-07.22.54:666][282]LogModuleManager: Shutting down and abandoning module RuntimePhysXCooking (262)
[2020.01.30-07.22.54:666][282]LogModuleManager: Shutting down and abandoning module PhysXVehiclesEditor (260)
[2020.01.30-07.22.54:666][282]LogModuleManager: Shutting down and abandoning module LocationServicesBPLibrary (256)
[2020.01.30-07.22.54:666][282]LogModuleManager: Shutting down and abandoning module ActorSequence (254)
[2020.01.30-07.22.54:666][282]LogModuleManager: Shutting down and abandoning module UdpMessaging (252)
[2020.01.30-07.22.54:767][282]LogModuleManager: Shutting down and abandoning module TcpMessaging (250)
[2020.01.30-07.22.55:486][282]LogModuleManager: Shutting down and abandoning module MagicLeapIdentity (248)
[2020.01.30-07.22.55:486][282]LogModuleManager: Shutting down and abandoning module MagicLeapSecureStorage (246)
[2020.01.30-07.22.55:486][282]LogModuleManager: Shutting down and abandoning module MagicLeapHandTracking (244)
[2020.01.30-07.22.55:487][282]LogModuleManager: Shutting down and abandoning module MagicLeapEyeTracker (242)
[2020.01.30-07.22.55:487][282]LogModuleManager: Shutting down and abandoning module MagicLeapController (240)
[2020.01.30-07.22.55:487][282]LogSlate: Slate User Destroyed.  User Index 0, Is Virtual User: 0
[2020.01.30-07.22.55:488][282]LogModuleManager: Shutting down and abandoning module MagicLeapAR (238)
[2020.01.30-07.22.55:488][282]LogModuleManager: Shutting down and abandoning module AugmentedReality (237)
[2020.01.30-07.22.55:488][282]LogModuleManager: Shutting down and abandoning module GameplayTagsEditor (234)
[2020.01.30-07.22.55:488][282]LogModuleManager: Shutting down and abandoning module FacialAnimation (232)
[2020.01.30-07.22.55:488][282]LogModuleManager: Shutting down and abandoning module AssetManagerEditor (230)
[2020.01.30-07.22.55:488][282]LogModuleManager: Shutting down and abandoning module TreeMap (229)
[2020.01.30-07.22.55:488][282]LogModuleManager: Shutting down and abandoning module AnimationSharing (226)
[2020.01.30-07.22.55:488][282]LogModuleManager: Shutting down and abandoning module LightPropagationVolumeRuntime (224)
[2020.01.30-07.22.55:488][282]LogModuleManager: Shutting down and abandoning module Paper2D (222)
[2020.01.30-07.22.55:488][282]LogModuleManager: Shutting down and abandoning module WindowsMoviePlayer (220)
[2020.01.30-07.22.55:492][282]LogModuleManager: Shutting down and abandoning module WebMMoviePlayer (218)
[2020.01.30-07.22.55:492][282]LogModuleManager: Shutting down and abandoning module NetworkReplayStreaming (216)
[2020.01.30-07.22.55:492][282]LogModuleManager: Shutting down and abandoning module PacketHandler (214)
[2020.01.30-07.22.55:492][282]LogModuleManager: Shutting down and abandoning module ClothingSystemEditor (212)
[2020.01.30-07.22.55:492][282]LogModuleManager: Shutting down and abandoning module ClothingSystemRuntime (210)
[2020.01.30-07.22.55:492][282]LogModuleManager: Shutting down and abandoning module MediaAssets (208)
[2020.01.30-07.22.55:492][282]LogModuleManager: Shutting down and abandoning module Overlay (206)
[2020.01.30-07.22.55:492][282]LogModuleManager: Shutting down and abandoning module OverlayEditor (205)
[2020.01.30-07.22.55:492][282]LogModuleManager: Shutting down and abandoning module VREditor (202)
[2020.01.30-07.22.55:492][282]LogModuleManager: Shutting down and abandoning module StringTableEditor (200)
[2020.01.30-07.22.55:492][282]LogModuleManager: Shutting down and abandoning module GameplayTasksEditor (198)
[2020.01.30-07.22.55:492][282]LogModuleManager: Shutting down and abandoning module BehaviorTreeEditor (196)
[2020.01.30-07.22.55:492][282]LogModuleManager: Shutting down and abandoning module FunctionalTesting (194)
[2020.01.30-07.22.55:492][282]LogModuleManager: Shutting down and abandoning module CollisionAnalyzer (192)
[2020.01.30-07.22.55:492][282]LogModuleManager: Shutting down and abandoning module WorkspaceMenuStructure (191)
[2020.01.30-07.22.55:492][282]LogModuleManager: Shutting down and abandoning module UMG (188)
[2020.01.30-07.22.55:492][282]LogModuleManager: Shutting down and abandoning module UMGEditor (187)
[2020.01.30-07.22.55:492][282]LogModuleManager: Shutting down and abandoning module Sequencer (186)
[2020.01.30-07.22.55:492][282]LogModuleManager: Shutting down and abandoning module MessageLog (183)
[2020.01.30-07.22.55:493][282]LogModuleManager: Shutting down and abandoning module SlateReflector (178)
[2020.01.30-07.22.55:493][282]LogModuleManager: Shutting down and abandoning module Slate (176)
[2020.01.30-07.22.55:493][282]LogModuleManager: Shutting down and abandoning module LandscapeEditorUtilities (174)
[2020.01.30-07.22.55:493][282]LogModuleManager: Shutting down and abandoning module EditorStyle (172)
[2020.01.30-07.22.55:494][282]LogModuleManager: Shutting down and abandoning module UnrealEd (170)
[2020.01.30-07.22.55:494][282]LogModuleManager: Shutting down and abandoning module MRMesh (168)
[2020.01.30-07.22.55:494][282]LogModuleManager: Shutting down and abandoning module Messaging (166)
[2020.01.30-07.22.55:494][282]LogModuleManager: Shutting down and abandoning module SourceCodeAccess (164)
[2020.01.30-07.22.55:494][282]LogModuleManager: Shutting down and abandoning module HeadMountedDisplay (162)
[2020.01.30-07.22.55:494][282]LogModuleManager: Shutting down and abandoning module XAudio2 (160)
[2020.01.30-07.22.55:494][282]LogModuleManager: Shutting down and abandoning module Networking (158)
[2020.01.30-07.22.55:494][282]LogModuleManager: Shutting down and abandoning module Core (156)
[2020.01.30-07.22.55:494][282]LogModuleManager: Shutting down and abandoning module KismetCompiler (154)
[2020.01.30-07.22.55:494][282]LogModuleManager: Shutting down and abandoning module MeshUtilities (152)
[2020.01.30-07.22.55:494][282]LogModuleManager: Shutting down and abandoning module MeshMergeUtilities (151)
[2020.01.30-07.22.55:494][282]LogModuleManager: Shutting down and abandoning module MeshReductionInterface (150)
[2020.01.30-07.22.55:494][282]LogModuleManager: Shutting down and abandoning module SkeletalMeshReduction (149)
[2020.01.30-07.22.55:494][282]LogModuleManager: Shutting down and abandoning module ProxyLODMeshReduction (147)
[2020.01.30-07.22.55:494][282]LogModuleManager: Shutting down and abandoning module QuadricMeshReduction (145)
[2020.01.30-07.22.55:494][282]LogModuleManager: Shutting down and abandoning module MaterialBaking (141)
[2020.01.30-07.22.55:494][282]LogModuleManager: Shutting down and abandoning module NullInstallBundleManager (136)
[2020.01.30-07.22.55:494][282]LogModuleManager: Shutting down and abandoning module PIEPreviewDeviceProfileSelector (134)
[2020.01.30-07.22.55:494][282]LogModuleManager: Shutting down and abandoning module DerivedDataCache (132)
[2020.01.30-07.22.55:574][282]LogDerivedDataCache: Shutdown
[2020.01.30-07.22.55:574][282]LogModuleManager: Shutting down and abandoning module XGEController (130)
[2020.01.30-07.22.55:574][282]LogModuleManager: Shutting down and abandoning module TargetPlatform (128)
[2020.01.30-07.22.55:574][282]LogModuleManager: Shutting down and abandoning module VulkanShaderFormat (127)
[2020.01.30-07.22.55:574][282]LogModuleManager: Shutting down and abandoning module ShaderFormatVectorVM (125)
[2020.01.30-07.22.55:574][282]LogModuleManager: Shutting down and abandoning module ShaderFormatOpenGL (123)
[2020.01.30-07.22.55:574][282]LogModuleManager: Shutting down and abandoning module ShaderFormatD3D (121)
[2020.01.30-07.22.55:574][282]LogModuleManager: Shutting down and abandoning module MetalShaderFormat (119)
[2020.01.30-07.22.55:574][282]LogModuleManager: Shutting down and abandoning module TextureFormatUncompressed (117)
[2020.01.30-07.22.55:574][282]LogModuleManager: Shutting down and abandoning module TextureFormatPVR (115)
[2020.01.30-07.22.55:574][282]LogModuleManager: Shutting down and abandoning module TextureFormatDXT (113)
[2020.01.30-07.22.55:574][282]LogModuleManager: Shutting down and abandoning module TextureFormatIntelISPCTexComp (111)
[2020.01.30-07.22.55:574][282]LogModuleManager: Shutting down and abandoning module TextureFormatASTC (109)
[2020.01.30-07.22.55:574][282]LogModuleManager: Shutting down and abandoning module ImageWrapper (108)
[2020.01.30-07.22.55:574][282]LogModuleManager: Shutting down and abandoning module TextureFormatAndroid (105)
[2020.01.30-07.22.55:574][282]LogModuleManager: Shutting down and abandoning module AudioFormatOpus (103)
[2020.01.30-07.22.55:574][282]LogModuleManager: Shutting down and abandoning module AudioFormatOgg (101)
[2020.01.30-07.22.55:575][282]LogModuleManager: Shutting down and abandoning module AudioFormatADPCM (99)
[2020.01.30-07.22.55:575][282]LogModuleManager: Shutting down and abandoning module WindowsTargetPlatform (97)
[2020.01.30-07.22.55:575][282]LogModuleManager: Shutting down and abandoning module WindowsServerTargetPlatform (95)
[2020.01.30-07.22.55:575][282]LogModuleManager: Shutting down and abandoning module WindowsNoEditorTargetPlatform (93)
[2020.01.30-07.22.55:575][282]LogModuleManager: Shutting down and abandoning module WindowsClientTargetPlatform (91)
[2020.01.30-07.22.55:575][282]LogModuleManager: Shutting down and abandoning module InputCore (88)
[2020.01.30-07.22.55:575][282]LogModuleManager: Shutting down and abandoning module Settings (86)
[2020.01.30-07.22.55:575][282]LogModuleManager: Shutting down and abandoning module PhysXCooking (84)
[2020.01.30-07.22.55:575][282]LogModuleManager: Shutting down and abandoning module WindowsPlatformFeatures (82)
[2020.01.30-07.22.55:575][282]LogModuleManager: Shutting down and abandoning module GameplayMediaEncoder (81)
[2020.01.30-07.22.55:575][282]LogModuleManager: Shutting down and abandoning module SteamVR (78)
[2020.01.30-07.22.55:575][282]LogHMD: Freeing OpenVRDLLHandle.
[2020.01.30-07.22.55:575][282]LogModuleManager: Shutting down and abandoning module OculusHMD (76)
[2020.01.30-07.22.55:575][282]LogModuleManager: Shutting down and abandoning module ExampleDeviceProfileSelector (74)
[2020.01.30-07.22.55:575][282]LogModuleManager: Shutting down and abandoning module LauncherChunkInstaller (72)
[2020.01.30-07.22.55:575][282]LogModuleManager: Shutting down and abandoning module OnlineBlueprintSupport (70)
[2020.01.30-07.22.55:575][282]LogModuleManager: Shutting down and abandoning module OnlineSubsystem (66)
[2020.01.30-07.22.55:576][282]LogModuleManager: Shutting down and abandoning module XMPP (61)
[2020.01.30-07.22.55:576][282]LogModuleManager: Shutting down and abandoning module WebSockets (60)
[2020.01.30-07.22.55:585][282]LogModuleManager: Shutting down and abandoning module HTTP (57)
[2020.01.30-07.22.55:617][282]LogModuleManager: Shutting down and abandoning module SSL (56)
[2020.01.30-07.22.55:626][282]LogModuleManager: Shutting down and abandoning module WmfMedia (52)
[2020.01.30-07.22.55:631][282]LogModuleManager: Shutting down and abandoning module Media (51)
[2020.01.30-07.22.55:632][282]LogModuleManager: Shutting down and abandoning module MagicLeap (48)
[2020.01.30-07.22.55:632][282]LogModuleManager: Shutting down and abandoning module DatasmithContent (46)
[2020.01.30-07.22.55:636][282]LogModuleManager: Shutting down and abandoning module AISupportModule (44)
[2020.01.30-07.22.55:636][282]LogModuleManager: Shutting down and abandoning module PlatformCryptoOpenSSL (42)
[2020.01.30-07.22.55:636][282]LogModuleManager: Shutting down and abandoning module PlatformCrypto (40)
[2020.01.30-07.22.55:636][282]LogModuleManager: Shutting down and abandoning module AnimationModifiers (38)
[2020.01.30-07.22.55:636][282]LogModuleManager: Shutting down and abandoning module PropertyEditor (37)
[2020.01.30-07.22.55:636][282]LogModuleManager: Shutting down and abandoning module AudioEditor (34)
[2020.01.30-07.22.55:636][282]LogModuleManager: Shutting down and abandoning module TextureCompressor (32)
[2020.01.30-07.22.55:636][282]LogModuleManager: Shutting down and abandoning module RenderCore (30)
[2020.01.30-07.22.55:636][282]LogModuleManager: Shutting down and abandoning module Landscape (28)
[2020.01.30-07.22.55:636][282]LogModuleManager: Shutting down and abandoning module SlateRHIRenderer (26)
[2020.01.30-07.22.55:637][282]LogModuleManager: Shutting down and abandoning module OpenGLDrv (24)
[2020.01.30-07.22.55:637][282]LogModuleManager: Shutting down and abandoning module D3D11RHI (22)
[2020.01.30-07.22.55:637][282]LogModuleManager: Shutting down and abandoning module AnimGraphRuntime (20)
[2020.01.30-07.22.55:637][282]LogModuleManager: Shutting down and abandoning module Renderer (18)
[2020.01.30-07.22.55:637][282]LogModuleManager: Shutting down and abandoning module Engine (16)
[2020.01.30-07.22.55:637][282]LogModuleManager: Shutting down and abandoning module CoreUObject (14)
[2020.01.30-07.22.55:637][282]LogModuleManager: Shutting down and abandoning module NetworkFile (12)
[2020.01.30-07.22.55:637][282]LogModuleManager: Shutting down and abandoning module CookedIterativeFile (10)
[2020.01.30-07.22.55:637][282]LogModuleManager: Shutting down and abandoning module StreamingFile (8)
[2020.01.30-07.22.55:637][282]LogModuleManager: Shutting down and abandoning module SandboxFile (6)
[2020.01.30-07.22.55:638][282]LogModuleManager: Shutting down and abandoning module PakFile (4)
[2020.01.30-07.22.55:638][282]LogModuleManager: Shutting down and abandoning module RSA (3)
[2020.01.30-07.22.55:638][282]LogD3D11RHI: Shutdown
[2020.01.30-07.22.55:638][282]LogD3D11RHI: CleanupD3DDevice
[2020.01.30-07.22.55:638][282]LogRendererCore: FGlobalDynamicReadBuffer::Cleanup()
[2020.01.30-07.22.55:638][282]LogRendererCore: FGlobalDynamicReadBuffer::Cleanup()
[2020.01.30-07.22.55:638][282]LogRendererCore: FGlobalDynamicReadBuffer::Cleanup()
[2020.01.30-07.22.55:762][282]LogD3D11RHI: ~FD3D11DynamicRHI
[2020.01.30-07.22.55:775][282]LogExit: Exiting.
[2020.01.30-07.22.55:789][282]Log file closed, 01/30/20 08:22:55
