Log file open, 01/22/20 14:21:47
LogWindows: Failed to load 'aqProf.dll' (GetLastError=126)
LogWindows: File 'aqProf.dll' does not exist
LogWindows: Failed to load 'VtuneApi.dll' (GetLastError=126)
LogWindows: File 'VtuneApi.dll' does not exist
LogWindows: Failed to load 'VtuneApi32e.dll' (GetLastError=126)
LogWindows: File 'VtuneApi32e.dll' does not exist
LogConsoleResponse: Display: Failed to find resolution value strings in scalability ini. Falling back to default.
LogInit: Display: Running engine for game: JaxAndLegger
LogPlatformFile: Not using cached read wrapper
LogTaskGraph: Started task graph with 5 named threads and 23 total threads with 3 sets of task threads.
LogStats: Stats thread started at 0.154721
LogD3D11RHI: Loaded GFSDK_Aftermath_Lib.x64.dll
LogICUInternationalization: ICU TimeZone Detection - Raw Offset: +1:00, Platform Override: ''
LogPluginManager: Mounting plugin Paper2D
LogPluginManager: Mounting plugin AISupport
LogPluginManager: Mounting plugin LightPropagationVolume
LogPluginManager: Mounting plugin ActorLayerUtilities
LogPluginManager: Mounting plugin AnimationSharing
LogPluginManager: Mounting plugin CLionSourceCodeAccess
LogPluginManager: Mounting plugin CodeLiteSourceCodeAccess
LogPluginManager: Mounting plugin GitSourceControl
LogPluginManager: Mounting plugin KDevelopSourceCodeAccess
LogPluginManager: Mounting plugin NullSourceCodeAccess
LogPluginManager: Mounting plugin PerforceSourceControl
LogPluginManager: Mounting plugin SubversionSourceControl
LogPluginManager: Mounting plugin UObjectPlugin
LogPluginManager: Mounting plugin VisualStudioCodeSourceCodeAccess
LogPluginManager: Mounting plugin VisualStudioSourceCodeAccess
LogPluginManager: Mounting plugin XCodeSourceCodeAccess
LogPluginManager: Mounting plugin AssetManagerEditor
LogPluginManager: Mounting plugin CryptoKeys
LogPluginManager: Mounting plugin CurveEditorTools
LogPluginManager: Mounting plugin DataValidation
LogPluginManager: Mounting plugin FacialAnimation
LogPluginManager: Mounting plugin GameplayTagsEditor
LogPluginManager: Mounting plugin MacGraphicsSwitching
LogPluginManager: Mounting plugin MaterialAnalyzer
LogPluginManager: Mounting plugin MobileLauncherProfileWizard
LogPluginManager: Mounting plugin PluginBrowser
LogPluginManager: Mounting plugin SpeedTreeImporter
LogPluginManager: Mounting plugin DatasmithContent
LogPluginManager: Mounting plugin VariantManagerContent
LogPluginManager: Mounting plugin AlembicImporter
LogPluginManager: Mounting plugin AutomationUtils
LogPluginManager: Mounting plugin BackChannel
LogPluginManager: Mounting plugin CharacterAI
LogPluginManager: Mounting plugin GeometryCache
LogPluginManager: Mounting plugin HTML5Networking
LogPluginManager: Mounting plugin PlatformCrypto
LogPluginManager: Mounting plugin ProxyLODPlugin
LogPluginManager: Mounting plugin SkeletalReduction
LogPluginManager: Mounting plugin MagicLeap
LogPluginManager: Mounting plugin MagicLeapMedia
LogPluginManager: Mounting plugin AndroidMedia
LogPluginManager: Mounting plugin AvfMedia
LogPluginManager: Mounting plugin ImgMedia
LogPluginManager: Mounting plugin MediaCompositing
LogPluginManager: Mounting plugin MediaPlayerEditor
LogPluginManager: Mounting plugin WebMMedia
LogPluginManager: Mounting plugin WmfMedia
LogPluginManager: Mounting plugin TcpMessaging
LogPluginManager: Mounting plugin UdpMessaging
LogPluginManager: Mounting plugin ActorSequence
LogPluginManager: Mounting plugin LevelSequenceEditor
LogPluginManager: Mounting plugin MatineeToLevelSequence
LogPluginManager: Mounting plugin NetcodeUnitTest
LogPluginManager: Mounting plugin NUTUnrealEngine4
LogPluginManager: Mounting plugin OnlineSubsystemGooglePlay
LogPluginManager: Mounting plugin OnlineSubsystemIOS
LogPluginManager: Mounting plugin OnlineSubsystem
LogPluginManager: Mounting plugin OnlineSubsystemNull
LogPluginManager: Mounting plugin OnlineSubsystemUtils
LogPluginManager: Mounting plugin LauncherChunkInstaller
LogPluginManager: Mounting plugin AndroidDeviceProfileSelector
LogPluginManager: Mounting plugin AndroidMoviePlayer
LogPluginManager: Mounting plugin AndroidPermission
LogPluginManager: Mounting plugin AppleImageUtils
LogPluginManager: Mounting plugin AppleMoviePlayer
LogPluginManager: Mounting plugin ArchVisCharacter
LogPluginManager: Mounting plugin AudioCapture
LogPluginManager: Mounting plugin CableComponent
LogPluginManager: Mounting plugin CustomMeshComponent
LogPluginManager: Mounting plugin EditableMesh
LogPluginManager: Mounting plugin ExampleDeviceProfileSelector
LogPluginManager: Mounting plugin GoogleCloudMessaging
LogPluginManager: Mounting plugin IOSDeviceProfileSelector
LogPluginManager: Mounting plugin LinuxDeviceProfileSelector
LogPluginManager: Mounting plugin LocationServicesBPLibrary
LogPluginManager: Mounting plugin MobilePatchingUtils
LogPluginManager: Mounting plugin OculusVR
LogPluginManager: Mounting plugin PhysXVehicles
LogPluginManager: Mounting plugin ProceduralMeshComponent
LogPluginManager: Mounting plugin RuntimePhysXCooking
LogPluginManager: Mounting plugin SignificanceManager
LogPluginManager: Mounting plugin SteamVR
LogPluginManager: Mounting plugin WebMMoviePlayer
LogPluginManager: Mounting plugin WindowsMoviePlayer
LogPluginManager: Mounting plugin ScreenshotTools
LogInit: Using libcurl 7.55.1-DEV
LogInit:  - built for x86_64-pc-win32
LogInit:  - supports SSL with OpenSSL/1.1.1
LogInit:  - supports HTTP deflate (compression) using libz 1.2.8
LogInit:  - other features:
LogInit:      CURL_VERSION_SSL
LogInit:      CURL_VERSION_LIBZ
LogInit:      CURL_VERSION_IPV6
LogInit:      CURL_VERSION_ASYNCHDNS
LogInit:      CURL_VERSION_LARGEFILE
LogInit:      CURL_VERSION_IDN
LogInit:  CurlRequestOptions (configurable via config and command line):
LogInit:  - bVerifyPeer = true  - Libcurl will verify peer certificate
LogInit:  - bUseHttpProxy = false  - Libcurl will NOT use HTTP proxy
LogInit:  - bDontReuseConnections = false  - Libcurl will reuse connections
LogInit:  - MaxHostConnections = 16  - Libcurl will limit the number of connections to a host
LogInit:  - LocalHostAddr = Default
LogInit:  - BufferSize = 65536
LogOnline: OSS: Creating online subsystem instance for: NULL
LogInit: WinSock: version 1.1 (2.2), MaxSocks=32767, MaxUdp=65467
LogInit: Build: ++UE4+Release-4.23-CL-9631420
LogInit: Engine Version: 4.23.1-9631420+++UE4+Release-4.23
LogInit: Compatible Engine Version: 4.23.0-8386587+++UE4+Release-4.23
LogInit: Net CL: 8386587
LogInit: OS: Windows 10 (Release 1909) (), CPU: Intel(R) Core(TM) i7-7700HQ CPU @ 2.80GHz, GPU: Intel(R) HD Graphics 630
LogInit: Compiled (64-bit): Oct 18 2019 02:07:44
LogInit: Compiled with Visual C++: 19.16.27030.01
LogInit: Build Configuration: Development
LogInit: Branch Name: ++UE4+Release-4.23
LogInit: Command Line:  /Game/Maps/MainMenu -game -PIEVIACONSOLE -ResX=1280 -ResY=720 -Multiprocess -messaging -SessionName="Play in Standalone Game" -windowed
LogInit: Base Directory: D:/Program Files/Epic Games/UE_4.23/Engine/Binaries/Win64/
LogInit: Installed Engine Build: 1
LogDevObjectVersion: Number of dev versions registered: 23
LogDevObjectVersion:   Dev-Blueprints (B0D832E4-1F89-4F0D-ACCF-7EB736FD4AA2): 10
LogDevObjectVersion:   Dev-Build (E1C64328-A22C-4D53-A36C-8E866417BD8C): 0
LogDevObjectVersion:   Dev-Core (375EC13C-06E4-48FB-B500-84F0262A717E): 3
LogDevObjectVersion:   Dev-Editor (E4B068ED-F494-42E9-A231-DA0B2E46BB41): 34
LogDevObjectVersion:   Dev-Framework (CFFC743F-43B0-4480-9391-14DF171D2073): 35
LogDevObjectVersion:   Dev-Mobile (B02B49B5-BB20-44E9-A304-32B752E40360): 2
LogDevObjectVersion:   Dev-Networking (A4E4105C-59A1-49B5-A7C5-40C4547EDFEE): 0
LogDevObjectVersion:   Dev-Online (39C831C9-5AE6-47DC-9A44-9C173E1C8E7C): 0
LogDevObjectVersion:   Dev-Physics (78F01B33-EBEA-4F98-B9B4-84EACCB95AA2): 0
LogDevObjectVersion:   Dev-Platform (6631380F-2D4D-43E0-8009-CF276956A95A): 0
LogDevObjectVersion:   Dev-Rendering (12F88B9F-8875-4AFC-A67C-D90C383ABD29): 31
LogDevObjectVersion:   Dev-Sequencer (7B5AE74C-D270-4C10-A958-57980B212A5A): 11
LogDevObjectVersion:   Dev-VR (D7296918-1DD6-4BDD-9DE2-64A83CC13884): 2
LogDevObjectVersion:   Dev-LoadTimes (C2A15278-BFE7-4AFE-6C17-90FF531DF755): 1
LogDevObjectVersion:   Private-Geometry (6EACA3D4-40EC-4CC1-B786-8BED09428FC5): 3
LogDevObjectVersion:   Dev-AnimPhys (29E575DD-E0A3-4627-9D10-D276232CDCEA): 17
LogDevObjectVersion:   Dev-Anim (AF43A65D-7FD3-4947-9873-3E8ED9C1BB05): 2
LogDevObjectVersion:   Dev-ReflectionCapture (6B266CEC-1EC7-4B8F-A30B-E4D90942FC07): 1
LogDevObjectVersion:   Dev-Automation (0DF73D61-A23F-47EA-B727-89E90C41499A): 1
LogDevObjectVersion:   FortniteMain (601D1886-AC64-4F84-AA16-D3DE0DEAC7D6): 27
LogDevObjectVersion:   Dev-Enterprise (9DFFBCD6-494F-0158-E221-12823C92A888): 6
LogDevObjectVersion:   Dev-Niagara (F2AED0AC-9AFE-416F-8664-AA7FFA26D6FC): 1
LogDevObjectVersion:   Dev-Destruction (174F1F0B-B4C6-45A5-B13F-2EE8D0FB917D): 9
LogInit: Presizing for max 16777216 objects, including 0 objects not considered by GC, pre-allocating 0 bytes for permanent pool.
LogInit: Object subsystem initialized
LogConfig: Setting CVar [[con.DebugEarlyDefault:1]]
LogConfig: Setting CVar [[r.setres:1280x720]]
[2020.01.22-13.21.48:255][  0]LogConfig: Setting CVar [[con.DebugEarlyDefault:1]]
[2020.01.22-13.21.48:255][  0]LogConfig: Setting CVar [[r.setres:1280x720]]
[2020.01.22-13.21.48:255][  0]LogConfig: Applying CVar settings from Section [/Script/Engine.RendererSettings] File [F:/Github/Jnckr-Lthr/Saved/Config/Windows/Engine.ini]
[2020.01.22-13.21.48:255][  0]LogConfig: Setting CVar [[r.GPUCrashDebugging:0]]
[2020.01.22-13.21.48:255][  0]LogConfig: Applying CVar settings from Section [/Script/Engine.RendererOverrideSettings] File [F:/Github/Jnckr-Lthr/Saved/Config/Windows/Engine.ini]
[2020.01.22-13.21.48:255][  0]LogConfig: Applying CVar settings from Section [/Script/Engine.StreamingSettings] File [F:/Github/Jnckr-Lthr/Saved/Config/Windows/Engine.ini]
[2020.01.22-13.21.48:256][  0]LogConfig: Setting CVar [[s.MinBulkDataSizeForAsyncLoading:131072]]
[2020.01.22-13.21.48:256][  0]LogConfig: Setting CVar [[s.AsyncLoadingThreadEnabled:0]]
[2020.01.22-13.21.48:256][  0]LogConfig: Setting CVar [[s.EventDrivenLoaderEnabled:1]]
[2020.01.22-13.21.48:256][  0]LogConfig: Setting CVar [[s.WarnIfTimeLimitExceeded:0]]
[2020.01.22-13.21.48:256][  0]LogConfig: Setting CVar [[s.TimeLimitExceededMultiplier:1.5]]
[2020.01.22-13.21.48:256][  0]LogConfig: Setting CVar [[s.TimeLimitExceededMinTime:0.005]]
[2020.01.22-13.21.48:256][  0]LogConfig: Setting CVar [[s.UseBackgroundLevelStreaming:1]]
[2020.01.22-13.21.48:256][  0]LogConfig: Setting CVar [[s.PriorityAsyncLoadingExtraTime:15.0]]
[2020.01.22-13.21.48:256][  0]LogConfig: Setting CVar [[s.LevelStreamingActorsUpdateTimeLimit:5.0]]
[2020.01.22-13.21.48:256][  0]LogConfig: Setting CVar [[s.PriorityLevelStreamingActorsUpdateExtraTime:5.0]]
[2020.01.22-13.21.48:256][  0]LogConfig: Setting CVar [[s.LevelStreamingComponentsRegistrationGranularity:10]]
[2020.01.22-13.21.48:256][  0]LogConfig: Setting CVar [[s.UnregisterComponentsTimeLimit:1.0]]
[2020.01.22-13.21.48:256][  0]LogConfig: Setting CVar [[s.LevelStreamingComponentsUnregistrationGranularity:5]]
[2020.01.22-13.21.48:256][  0]LogConfig: Applying CVar settings from Section [/Script/Engine.GarbageCollectionSettings] File [F:/Github/Jnckr-Lthr/Saved/Config/Windows/Engine.ini]
[2020.01.22-13.21.48:256][  0]LogConfig: Setting CVar [[gc.MaxObjectsNotConsideredByGC:1]]
[2020.01.22-13.21.48:256][  0]LogConfig: Setting CVar [[gc.SizeOfPermanentObjectPool:0]]
[2020.01.22-13.21.48:256][  0]LogConfig: Setting CVar [[gc.FlushStreamingOnGC:0]]
[2020.01.22-13.21.48:256][  0]LogConfig: Setting CVar [[gc.NumRetriesBeforeForcingGC:10]]
[2020.01.22-13.21.48:256][  0]LogConfig: Setting CVar [[gc.AllowParallelGC:1]]
[2020.01.22-13.21.48:256][  0]LogConfig: Setting CVar [[gc.TimeBetweenPurgingPendingKillObjects:61.1]]
[2020.01.22-13.21.48:256][  0]LogConfig: Setting CVar [[gc.MaxObjectsInEditor:16777216]]
[2020.01.22-13.21.48:256][  0]LogConfig: Setting CVar [[gc.IncrementalBeginDestroyEnabled:1]]
[2020.01.22-13.21.48:256][  0]LogConfig: Setting CVar [[gc.CreateGCClusters:1]]
[2020.01.22-13.21.48:256][  0]LogConfig: Setting CVar [[gc.MinGCClusterSize:5]]
[2020.01.22-13.21.48:256][  0]LogConfig: Setting CVar [[gc.ActorClusteringEnabled:0]]
[2020.01.22-13.21.48:256][  0]LogConfig: Setting CVar [[gc.BlueprintClusteringEnabled:0]]
[2020.01.22-13.21.48:256][  0]LogConfig: Setting CVar [[gc.UseDisregardForGCOnDedicatedServers:0]]
[2020.01.22-13.21.48:256][  0]LogConfig: Applying CVar settings from Section [/Script/Engine.NetworkSettings] File [F:/Github/Jnckr-Lthr/Saved/Config/Windows/Engine.ini]
[2020.01.22-13.21.48:256][  0]LogConfig: Applying CVar settings from Section [/Script/UnrealEd.CookerSettings] File [F:/Github/Jnckr-Lthr/Saved/Config/Windows/Engine.ini]
[2020.01.22-13.21.48:266][  0]LogConfig: Applying CVar settings from Section [ViewDistanceQuality@3] File [F:/Github/Jnckr-Lthr/Saved/Config/Windows/Scalability.ini]
[2020.01.22-13.21.48:266][  0]LogConfig: Setting CVar [[r.SkeletalMeshLODBias:0]]
[2020.01.22-13.21.48:266][  0]LogConfig: Setting CVar [[r.ViewDistanceScale:1.0]]
[2020.01.22-13.21.48:266][  0]LogConfig: Applying CVar settings from Section [AntiAliasingQuality@3] File [F:/Github/Jnckr-Lthr/Saved/Config/Windows/Scalability.ini]
[2020.01.22-13.21.48:266][  0]LogConfig: Setting CVar [[r.PostProcessAAQuality:4]]
[2020.01.22-13.21.48:266][  0]LogConfig: Applying CVar settings from Section [ShadowQuality@3] File [F:/Github/Jnckr-Lthr/Saved/Config/Windows/Scalability.ini]
[2020.01.22-13.21.48:266][  0]LogConfig: Setting CVar [[r.LightFunctionQuality:1]]
[2020.01.22-13.21.48:266][  0]LogConfig: Setting CVar [[r.ShadowQuality:5]]
[2020.01.22-13.21.48:266][  0]LogConfig: Setting CVar [[r.Shadow.CSM.MaxCascades:10]]
[2020.01.22-13.21.48:266][  0]LogConfig: Setting CVar [[r.Shadow.MaxResolution:2048]]
[2020.01.22-13.21.48:266][  0]LogConfig: Setting CVar [[r.Shadow.MaxCSMResolution:2048]]
[2020.01.22-13.21.48:266][  0]LogConfig: Setting CVar [[r.Shadow.RadiusThreshold:0.01]]
[2020.01.22-13.21.48:266][  0]LogConfig: Setting CVar [[r.Shadow.DistanceScale:1.0]]
[2020.01.22-13.21.48:266][  0]LogConfig: Setting CVar [[r.Shadow.CSM.TransitionScale:1.0]]
[2020.01.22-13.21.48:266][  0]LogConfig: Setting CVar [[r.Shadow.PreShadowResolutionFactor:1.0]]
[2020.01.22-13.21.48:266][  0]LogConfig: Setting CVar [[r.DistanceFieldShadowing:1]]
[2020.01.22-13.21.48:266][  0]LogConfig: Setting CVar [[r.DistanceFieldAO:1]]
[2020.01.22-13.21.48:266][  0]LogConfig: Setting CVar [[r.AOQuality:2]]
[2020.01.22-13.21.48:266][  0]LogConfig: Setting CVar [[r.VolumetricFog:1]]
[2020.01.22-13.21.48:266][  0]LogConfig: Setting CVar [[r.VolumetricFog.GridPixelSize:8]]
[2020.01.22-13.21.48:266][  0]LogConfig: Setting CVar [[r.VolumetricFog.GridSizeZ:128]]
[2020.01.22-13.21.48:266][  0]LogConfig: Setting CVar [[r.VolumetricFog.HistoryMissSupersampleCount:4]]
[2020.01.22-13.21.48:266][  0]LogConfig: Setting CVar [[r.LightMaxDrawDistanceScale:1]]
[2020.01.22-13.21.48:266][  0]LogConfig: Setting CVar [[r.CapsuleShadows:1]]
[2020.01.22-13.21.48:266][  0]LogConfig: Applying CVar settings from Section [PostProcessQuality@3] File [F:/Github/Jnckr-Lthr/Saved/Config/Windows/Scalability.ini]
[2020.01.22-13.21.48:266][  0]LogConfig: Setting CVar [[r.MotionBlurQuality:4]]
[2020.01.22-13.21.48:266][  0]LogConfig: Setting CVar [[r.AmbientOcclusionMipLevelFactor:0.4]]
[2020.01.22-13.21.48:266][  0]LogConfig: Setting CVar [[r.AmbientOcclusionMaxQuality:100]]
[2020.01.22-13.21.48:266][  0]LogConfig: Setting CVar [[r.AmbientOcclusionLevels:-1]]
[2020.01.22-13.21.48:266][  0]LogConfig: Setting CVar [[r.AmbientOcclusionRadiusScale:1.0]]
[2020.01.22-13.21.48:266][  0]LogConfig: Setting CVar [[r.DepthOfFieldQuality:2]]
[2020.01.22-13.21.48:266][  0]LogConfig: Setting CVar [[r.RenderTargetPoolMin:400]]
[2020.01.22-13.21.48:266][  0]LogConfig: Setting CVar [[r.LensFlareQuality:2]]
[2020.01.22-13.21.48:266][  0]LogConfig: Setting CVar [[r.SceneColorFringeQuality:1]]
[2020.01.22-13.21.48:266][  0]LogConfig: Setting CVar [[r.EyeAdaptationQuality:2]]
[2020.01.22-13.21.48:266][  0]LogConfig: Setting CVar [[r.BloomQuality:5]]
[2020.01.22-13.21.48:266][  0]LogConfig: Setting CVar [[r.FastBlurThreshold:100]]
[2020.01.22-13.21.48:266][  0]LogConfig: Setting CVar [[r.Upscale.Quality:3]]
[2020.01.22-13.21.48:266][  0]LogConfig: Setting CVar [[r.Tonemapper.GrainQuantization:1]]
[2020.01.22-13.21.48:266][  0]LogConfig: Setting CVar [[r.LightShaftQuality:1]]
[2020.01.22-13.21.48:267][  0]LogConfig: Setting CVar [[r.Filter.SizeScale:1]]
[2020.01.22-13.21.48:267][  0]LogConfig: Setting CVar [[r.Tonemapper.Quality:5]]
[2020.01.22-13.21.48:267][  0]LogConfig: Setting CVar [[r.DOF.Gather.AccumulatorQuality:1        ; higher gathering accumulator quality]]
[2020.01.22-13.21.48:267][  0]LogConfig: Setting CVar [[r.DOF.Gather.PostfilterMethod:1          ; Median3x3 postfilering method]]
[2020.01.22-13.21.48:267][  0]LogConfig: Setting CVar [[r.DOF.Gather.EnableBokehSettings:0       ; no bokeh simulation when gathering]]
[2020.01.22-13.21.48:267][  0]LogConfig: Setting CVar [[r.DOF.Gather.RingCount:4                 ; medium number of samples when gathering]]
[2020.01.22-13.21.48:267][  0]LogConfig: Setting CVar [[r.DOF.Scatter.ForegroundCompositing:1    ; additive foreground scattering]]
[2020.01.22-13.21.48:267][  0]LogConfig: Setting CVar [[r.DOF.Scatter.BackgroundCompositing:2    ; additive background scattering]]
[2020.01.22-13.21.48:267][  0]LogConfig: Setting CVar [[r.DOF.Scatter.EnableBokehSettings:1      ; bokeh simulation when scattering]]
[2020.01.22-13.21.48:267][  0]LogConfig: Setting CVar [[r.DOF.Scatter.MaxSpriteRatio:0.1         ; only a maximum of 10% of scattered bokeh]]
[2020.01.22-13.21.48:267][  0]LogConfig: Setting CVar [[r.DOF.Recombine.Quality:1                ; cheap slight out of focus]]
[2020.01.22-13.21.48:267][  0]LogConfig: Setting CVar [[r.DOF.Recombine.EnableBokehSettings:0    ; no bokeh simulation on slight out of focus]]
[2020.01.22-13.21.48:267][  0]LogConfig: Setting CVar [[r.DOF.TemporalAAQuality:1                ; more stable temporal accumulation]]
[2020.01.22-13.21.48:267][  0]LogConfig: Setting CVar [[r.DOF.Kernel.MaxForegroundRadius:0.025]]
[2020.01.22-13.21.48:267][  0]LogConfig: Setting CVar [[r.DOF.Kernel.MaxBackgroundRadius:0.025]]
[2020.01.22-13.21.48:267][  0]LogConfig: Applying CVar settings from Section [TextureQuality@3] File [F:/Github/Jnckr-Lthr/Saved/Config/Windows/Scalability.ini]
[2020.01.22-13.21.48:267][  0]LogConfig: Setting CVar [[r.Streaming.MipBias:0]]
[2020.01.22-13.21.48:267][  0]LogConfig: Setting CVar [[r.Streaming.AmortizeCPUToGPUCopy:0]]
[2020.01.22-13.21.48:267][  0]LogConfig: Setting CVar [[r.Streaming.MaxNumTexturesToStreamPerFrame:0]]
[2020.01.22-13.21.48:267][  0]LogConfig: Setting CVar [[r.Streaming.Boost:1]]
[2020.01.22-13.21.48:267][  0]LogConfig: Setting CVar [[r.MaxAnisotropy:8]]
[2020.01.22-13.21.48:267][  0]LogConfig: Setting CVar [[r.Streaming.LimitPoolSizeToVRAM:0]]
[2020.01.22-13.21.48:267][  0]LogConfig: Setting CVar [[r.Streaming.PoolSize:1000]]
[2020.01.22-13.21.48:267][  0]LogConfig: Setting CVar [[r.Streaming.MaxEffectiveScreenSize:0]]
[2020.01.22-13.21.48:267][  0]LogConfig: Applying CVar settings from Section [EffectsQuality@3] File [F:/Github/Jnckr-Lthr/Saved/Config/Windows/Scalability.ini]
[2020.01.22-13.21.48:267][  0]LogConfig: Setting CVar [[r.TranslucencyLightingVolumeDim:64]]
[2020.01.22-13.21.48:267][  0]LogConfig: Setting CVar [[r.RefractionQuality:2]]
[2020.01.22-13.21.48:267][  0]LogConfig: Setting CVar [[r.SSR.Quality:3]]
[2020.01.22-13.21.48:267][  0]LogConfig: Setting CVar [[r.SceneColorFormat:4]]
[2020.01.22-13.21.48:267][  0]LogConfig: Setting CVar [[r.DetailMode:2]]
[2020.01.22-13.21.48:267][  0]LogConfig: Setting CVar [[r.TranslucencyVolumeBlur:1]]
[2020.01.22-13.21.48:267][  0]LogConfig: Setting CVar [[r.MaterialQualityLevel:1 ; High quality]]
[2020.01.22-13.21.48:267][  0]LogConfig: Setting CVar [[r.SSS.Scale:1]]
[2020.01.22-13.21.48:267][  0]LogConfig: Setting CVar [[r.SSS.SampleSet:2]]
[2020.01.22-13.21.48:267][  0]LogConfig: Setting CVar [[r.SSS.Quality:1]]
[2020.01.22-13.21.48:267][  0]LogConfig: Setting CVar [[r.SSS.HalfRes:1]]
[2020.01.22-13.21.48:267][  0]LogConfig: Setting CVar [[r.EmitterSpawnRateScale:1.0]]
[2020.01.22-13.21.48:267][  0]LogConfig: Setting CVar [[r.ParticleLightQuality:2]]
[2020.01.22-13.21.48:267][  0]LogConfig: Applying CVar settings from Section [FoliageQuality@3] File [F:/Github/Jnckr-Lthr/Saved/Config/Windows/Scalability.ini]
[2020.01.22-13.21.48:267][  0]LogConfig: Setting CVar [[foliage.DensityScale:1.0]]
[2020.01.22-13.21.48:267][  0]LogConfig: Setting CVar [[grass.DensityScale:1.0]]
[2020.01.22-13.21.48:267][  0]LogInit: Selected Device Profile: [Windows]
[2020.01.22-13.21.48:267][  0]LogInit: Applying CVar settings loaded from the selected device profile: [Windows]
[2020.01.22-13.21.48:272][  0]LogHAL: Display: Platform has ~ 8 GB [8469159936 / 8589934592 / 8], which maps to Default [LargestMinGB=32, LargerMinGB=12, DefaultMinGB=8, SmallerMinGB=6, SmallestMinGB=0)
[2020.01.22-13.21.48:272][  0]LogInit: Going up to parent DeviceProfile []
[2020.01.22-13.21.48:272][  0]LogConfig: Applying CVar settings from Section [ViewDistanceQuality@3] File [F:/Github/Jnckr-Lthr/Saved/Config/Windows/Scalability.ini]
[2020.01.22-13.21.48:272][  0]LogConfig: Setting CVar [[r.SkeletalMeshLODBias:0]]
[2020.01.22-13.21.48:272][  0]LogConfig: Setting CVar [[r.ViewDistanceScale:1.0]]
[2020.01.22-13.21.48:272][  0]LogConfig: Applying CVar settings from Section [AntiAliasingQuality@3] File [F:/Github/Jnckr-Lthr/Saved/Config/Windows/Scalability.ini]
[2020.01.22-13.21.48:272][  0]LogConfig: Setting CVar [[r.PostProcessAAQuality:4]]
[2020.01.22-13.21.48:272][  0]LogConfig: Applying CVar settings from Section [ShadowQuality@3] File [F:/Github/Jnckr-Lthr/Saved/Config/Windows/Scalability.ini]
[2020.01.22-13.21.48:272][  0]LogConfig: Setting CVar [[r.LightFunctionQuality:1]]
[2020.01.22-13.21.48:272][  0]LogConfig: Setting CVar [[r.ShadowQuality:5]]
[2020.01.22-13.21.48:272][  0]LogConfig: Setting CVar [[r.Shadow.CSM.MaxCascades:10]]
[2020.01.22-13.21.48:272][  0]LogConfig: Setting CVar [[r.Shadow.MaxResolution:2048]]
[2020.01.22-13.21.48:272][  0]LogConfig: Setting CVar [[r.Shadow.MaxCSMResolution:2048]]
[2020.01.22-13.21.48:272][  0]LogConfig: Setting CVar [[r.Shadow.RadiusThreshold:0.01]]
[2020.01.22-13.21.48:272][  0]LogConfig: Setting CVar [[r.Shadow.DistanceScale:1.0]]
[2020.01.22-13.21.48:272][  0]LogConfig: Setting CVar [[r.Shadow.CSM.TransitionScale:1.0]]
[2020.01.22-13.21.48:272][  0]LogConfig: Setting CVar [[r.Shadow.PreShadowResolutionFactor:1.0]]
[2020.01.22-13.21.48:272][  0]LogConfig: Setting CVar [[r.DistanceFieldShadowing:1]]
[2020.01.22-13.21.48:272][  0]LogConfig: Setting CVar [[r.DistanceFieldAO:1]]
[2020.01.22-13.21.48:272][  0]LogConfig: Setting CVar [[r.AOQuality:2]]
[2020.01.22-13.21.48:272][  0]LogConfig: Setting CVar [[r.VolumetricFog:1]]
[2020.01.22-13.21.48:272][  0]LogConfig: Setting CVar [[r.VolumetricFog.GridPixelSize:8]]
[2020.01.22-13.21.48:272][  0]LogConfig: Setting CVar [[r.VolumetricFog.GridSizeZ:128]]
[2020.01.22-13.21.48:273][  0]LogConfig: Setting CVar [[r.VolumetricFog.HistoryMissSupersampleCount:4]]
[2020.01.22-13.21.48:273][  0]LogConfig: Setting CVar [[r.LightMaxDrawDistanceScale:1]]
[2020.01.22-13.21.48:273][  0]LogConfig: Setting CVar [[r.CapsuleShadows:1]]
[2020.01.22-13.21.48:273][  0]LogConfig: Applying CVar settings from Section [PostProcessQuality@3] File [F:/Github/Jnckr-Lthr/Saved/Config/Windows/Scalability.ini]
[2020.01.22-13.21.48:273][  0]LogConfig: Setting CVar [[r.MotionBlurQuality:4]]
[2020.01.22-13.21.48:273][  0]LogConfig: Setting CVar [[r.AmbientOcclusionMipLevelFactor:0.4]]
[2020.01.22-13.21.48:273][  0]LogConfig: Setting CVar [[r.AmbientOcclusionMaxQuality:100]]
[2020.01.22-13.21.48:273][  0]LogConfig: Setting CVar [[r.AmbientOcclusionLevels:-1]]
[2020.01.22-13.21.48:273][  0]LogConfig: Setting CVar [[r.AmbientOcclusionRadiusScale:1.0]]
[2020.01.22-13.21.48:273][  0]LogConfig: Setting CVar [[r.DepthOfFieldQuality:2]]
[2020.01.22-13.21.48:273][  0]LogConfig: Setting CVar [[r.RenderTargetPoolMin:400]]
[2020.01.22-13.21.48:273][  0]LogConfig: Setting CVar [[r.LensFlareQuality:2]]
[2020.01.22-13.21.48:273][  0]LogConfig: Setting CVar [[r.SceneColorFringeQuality:1]]
[2020.01.22-13.21.48:273][  0]LogConfig: Setting CVar [[r.EyeAdaptationQuality:2]]
[2020.01.22-13.21.48:273][  0]LogConfig: Setting CVar [[r.BloomQuality:5]]
[2020.01.22-13.21.48:273][  0]LogConfig: Setting CVar [[r.FastBlurThreshold:100]]
[2020.01.22-13.21.48:273][  0]LogConfig: Setting CVar [[r.Upscale.Quality:3]]
[2020.01.22-13.21.48:273][  0]LogConfig: Setting CVar [[r.Tonemapper.GrainQuantization:1]]
[2020.01.22-13.21.48:273][  0]LogConfig: Setting CVar [[r.LightShaftQuality:1]]
[2020.01.22-13.21.48:273][  0]LogConfig: Setting CVar [[r.Filter.SizeScale:1]]
[2020.01.22-13.21.48:273][  0]LogConfig: Setting CVar [[r.Tonemapper.Quality:5]]
[2020.01.22-13.21.48:273][  0]LogConfig: Setting CVar [[r.DOF.Gather.AccumulatorQuality:1        ; higher gathering accumulator quality]]
[2020.01.22-13.21.48:273][  0]LogConfig: Setting CVar [[r.DOF.Gather.PostfilterMethod:1          ; Median3x3 postfilering method]]
[2020.01.22-13.21.48:273][  0]LogConfig: Setting CVar [[r.DOF.Gather.EnableBokehSettings:0       ; no bokeh simulation when gathering]]
[2020.01.22-13.21.48:273][  0]LogConfig: Setting CVar [[r.DOF.Gather.RingCount:4                 ; medium number of samples when gathering]]
[2020.01.22-13.21.48:273][  0]LogConfig: Setting CVar [[r.DOF.Scatter.ForegroundCompositing:1    ; additive foreground scattering]]
[2020.01.22-13.21.48:273][  0]LogConfig: Setting CVar [[r.DOF.Scatter.BackgroundCompositing:2    ; additive background scattering]]
[2020.01.22-13.21.48:273][  0]LogConfig: Setting CVar [[r.DOF.Scatter.EnableBokehSettings:1      ; bokeh simulation when scattering]]
[2020.01.22-13.21.48:273][  0]LogConfig: Setting CVar [[r.DOF.Scatter.MaxSpriteRatio:0.1         ; only a maximum of 10% of scattered bokeh]]
[2020.01.22-13.21.48:273][  0]LogConfig: Setting CVar [[r.DOF.Recombine.Quality:1                ; cheap slight out of focus]]
[2020.01.22-13.21.48:273][  0]LogConfig: Setting CVar [[r.DOF.Recombine.EnableBokehSettings:0    ; no bokeh simulation on slight out of focus]]
[2020.01.22-13.21.48:273][  0]LogConfig: Setting CVar [[r.DOF.TemporalAAQuality:1                ; more stable temporal accumulation]]
[2020.01.22-13.21.48:273][  0]LogConfig: Setting CVar [[r.DOF.Kernel.MaxForegroundRadius:0.025]]
[2020.01.22-13.21.48:273][  0]LogConfig: Setting CVar [[r.DOF.Kernel.MaxBackgroundRadius:0.025]]
[2020.01.22-13.21.48:273][  0]LogConfig: Applying CVar settings from Section [TextureQuality@3] File [F:/Github/Jnckr-Lthr/Saved/Config/Windows/Scalability.ini]
[2020.01.22-13.21.48:273][  0]LogConfig: Setting CVar [[r.Streaming.MipBias:0]]
[2020.01.22-13.21.48:273][  0]LogConfig: Setting CVar [[r.Streaming.AmortizeCPUToGPUCopy:0]]
[2020.01.22-13.21.48:273][  0]LogConfig: Setting CVar [[r.Streaming.MaxNumTexturesToStreamPerFrame:0]]
[2020.01.22-13.21.48:273][  0]LogConfig: Setting CVar [[r.Streaming.Boost:1]]
[2020.01.22-13.21.48:273][  0]LogConfig: Setting CVar [[r.MaxAnisotropy:8]]
[2020.01.22-13.21.48:273][  0]LogConfig: Setting CVar [[r.Streaming.LimitPoolSizeToVRAM:0]]
[2020.01.22-13.21.48:273][  0]LogConfig: Setting CVar [[r.Streaming.PoolSize:1000]]
[2020.01.22-13.21.48:273][  0]LogConfig: Setting CVar [[r.Streaming.MaxEffectiveScreenSize:0]]
[2020.01.22-13.21.48:273][  0]LogConfig: Applying CVar settings from Section [EffectsQuality@3] File [F:/Github/Jnckr-Lthr/Saved/Config/Windows/Scalability.ini]
[2020.01.22-13.21.48:273][  0]LogConfig: Setting CVar [[r.TranslucencyLightingVolumeDim:64]]
[2020.01.22-13.21.48:273][  0]LogConfig: Setting CVar [[r.RefractionQuality:2]]
[2020.01.22-13.21.48:273][  0]LogConfig: Setting CVar [[r.SSR.Quality:3]]
[2020.01.22-13.21.48:273][  0]LogConfig: Setting CVar [[r.SceneColorFormat:4]]
[2020.01.22-13.21.48:273][  0]LogConfig: Setting CVar [[r.DetailMode:2]]
[2020.01.22-13.21.48:273][  0]LogConfig: Setting CVar [[r.TranslucencyVolumeBlur:1]]
[2020.01.22-13.21.48:273][  0]LogConfig: Setting CVar [[r.MaterialQualityLevel:1 ; High quality]]
[2020.01.22-13.21.48:273][  0]LogConfig: Setting CVar [[r.SSS.Scale:1]]
[2020.01.22-13.21.48:273][  0]LogConfig: Setting CVar [[r.SSS.SampleSet:2]]
[2020.01.22-13.21.48:273][  0]LogConfig: Setting CVar [[r.SSS.Quality:1]]
[2020.01.22-13.21.48:273][  0]LogConfig: Setting CVar [[r.SSS.HalfRes:1]]
[2020.01.22-13.21.48:273][  0]LogConfig: Setting CVar [[r.EmitterSpawnRateScale:1.0]]
[2020.01.22-13.21.48:273][  0]LogConfig: Setting CVar [[r.ParticleLightQuality:2]]
[2020.01.22-13.21.48:273][  0]LogConfig: Applying CVar settings from Section [FoliageQuality@3] File [F:/Github/Jnckr-Lthr/Saved/Config/Windows/Scalability.ini]
[2020.01.22-13.21.48:274][  0]LogConfig: Setting CVar [[foliage.DensityScale:1.0]]
[2020.01.22-13.21.48:274][  0]LogConfig: Setting CVar [[grass.DensityScale:1.0]]
[2020.01.22-13.21.48:274][  0]LogConfig: Applying CVar settings from Section [Startup] File [../../../Engine/Config/ConsoleVariables.ini]
[2020.01.22-13.21.48:274][  0]LogConfig: Setting CVar [[net.UseAdaptiveNetUpdateFrequency:0]]
[2020.01.22-13.21.48:274][  0]LogConfig: Setting CVar [[p.chaos.AllowCreatePhysxBodies:1]]
[2020.01.22-13.21.48:274][  0]LogConfig: Applying CVar settings from Section [ConsoleVariables] File [F:/Github/Jnckr-Lthr/Saved/Config/Windows/Engine.ini]
[2020.01.22-13.21.48:274][  0]LogInit: Computer: FABIONOTEBOOK
[2020.01.22-13.21.48:274][  0]LogInit: User: morfa
[2020.01.22-13.21.48:274][  0]LogInit: CPU Page size=4096, Cores=4
[2020.01.22-13.21.48:274][  0]LogInit: High frequency timer resolution =10.000000 MHz
[2020.01.22-13.21.48:275][  0]LogMemory: Memory total: Physical=7.9GB (8GB approx)
[2020.01.22-13.21.48:275][  0]LogMemory: Platform Memory Stats for Windows
[2020.01.22-13.21.48:275][  0]LogMemory: Process Physical Memory: 105.02 MB used, 105.02 MB peak
[2020.01.22-13.21.48:275][  0]LogMemory: Process Virtual Memory: 106.55 MB used, 106.55 MB peak
[2020.01.22-13.21.48:275][  0]LogMemory: Physical Memory: 5589.61 MB used,  2487.21 MB free, 8076.82 MB total
[2020.01.22-13.21.48:275][  0]LogMemory: Virtual Memory: 4668.93 MB used,  134213056.00 MB free, 134217728.00 MB total
[2020.01.22-13.21.48:281][  0]LogWindows: WindowsPlatformFeatures enabled
[2020.01.22-13.21.48:319][  0]LogInit: Using OS detected language (en-US).
[2020.01.22-13.21.48:319][  0]LogInit: Using OS detected locale (en-US).
[2020.01.22-13.21.48:321][  0]LogTextLocalizationManager: No specific localization for 'en-US' exists, so the 'en' localization will be used.
[2020.01.22-13.21.48:668][  0]LogSlate: New Slate User Created.  User Index 0, Is Virtual User: 0
[2020.01.22-13.21.48:668][  0]LogSlate: Slate User Registered.  User Index 0, Is Virtual User: 0
[2020.01.22-13.21.48:738][  0]LogHMD: Failed to initialize OpenVR with code 110
[2020.01.22-13.21.48:738][  0]LogD3D11RHI: D3D11 adapters:
[2020.01.22-13.21.48:834][  0]LogD3D11RHI:    0. 'NVIDIA GeForce GTX 1050' (Feature Level 11_0)
[2020.01.22-13.21.48:835][  0]LogD3D11RHI:       1979/0/4038 MB DedicatedVideo/DedicatedSystem/SharedSystem, Outputs:2, VendorId:0x10de
[2020.01.22-13.21.48:845][  0]LogD3D11RHI:    1. 'Intel(R) HD Graphics 630' (Feature Level 11_0)
[2020.01.22-13.21.48:846][  0]LogD3D11RHI:       128/0/4038 MB DedicatedVideo/DedicatedSystem/SharedSystem, Outputs:0, VendorId:0x8086
[2020.01.22-13.21.48:850][  0]LogD3D11RHI:    2. 'Microsoft Basic Render Driver' (Feature Level 11_0)
[2020.01.22-13.21.48:851][  0]LogD3D11RHI:       0/0/4038 MB DedicatedVideo/DedicatedSystem/SharedSystem, Outputs:0, VendorId:0x1414
[2020.01.22-13.21.48:851][  0]LogD3D11RHI: Chosen D3D11 Adapter: 0
[2020.01.22-13.21.48:901][  0]LogD3D11RHI: Creating new Direct3DDevice
[2020.01.22-13.21.48:901][  0]LogD3D11RHI:     GPU DeviceId: 0x1c8d (for the marketing name, search the web for "GPU Device Id")
[2020.01.22-13.21.48:901][  0]LogWindows: EnumDisplayDevices:
[2020.01.22-13.21.48:901][  0]LogWindows:    0. 'Intel(R) HD Graphics 630' (P:1 D:1)
[2020.01.22-13.21.48:902][  0]LogWindows:    1. 'Intel(R) HD Graphics 630' (P:0 D:1)
[2020.01.22-13.21.48:902][  0]LogWindows:    2. 'Intel(R) HD Graphics 630' (P:0 D:0)
[2020.01.22-13.21.48:903][  0]LogWindows: DebugString: PrimaryIsNotTheChoosenAdapter PrimaryIsNotTheChoosenAdapter PrimaryIsNotTheChoosenAdapter FoundDriverCount:0 
[2020.01.22-13.21.48:903][  0]LogD3D11RHI:     Adapter Name: NVIDIA GeForce GTX 1050
[2020.01.22-13.21.48:903][  0]LogD3D11RHI:   Driver Version: Unknown (internal:Unknown, unified:Unknown)
[2020.01.22-13.21.48:903][  0]LogD3D11RHI:      Driver Date: Unknown
[2020.01.22-13.21.48:903][  0]LogRHI: Texture pool is 1385 MB (70% of 1979 MB)
[2020.01.22-13.21.48:955][  0]LogD3D11RHI: Async texture creation enabled
[2020.01.22-13.21.48:968][  0]LogD3D11RHI: GPU Timing Frequency: 1000.000000 (Debug: 2 1)
[2020.01.22-13.21.49:461][  0]LogTemp: Display: Module 'WindowsClientTargetPlatform' loaded TargetPlatform 'WindowsClient'
[2020.01.22-13.21.49:471][  0]LogTemp: Display: Module 'WindowsNoEditorTargetPlatform' loaded TargetPlatform 'WindowsNoEditor'
[2020.01.22-13.21.49:481][  0]LogTemp: Display: Module 'WindowsServerTargetPlatform' loaded TargetPlatform 'WindowsServer'
[2020.01.22-13.21.49:486][  0]LogTemp: Display: Module 'WindowsTargetPlatform' loaded TargetPlatform 'Windows'
[2020.01.22-13.21.49:486][  0]LogTargetPlatformManager: Display: Building Assets For Windows
[2020.01.22-13.21.49:496][  0]LogAudioDebug: Display: Lib vorbis DLL was dynamically loaded.
[2020.01.22-13.21.49:548][  0]LogShaderCompilers: Guid format shader working directory is 25 characters bigger than the processId version (F:/Github/Jnckr-Lthr/Intermediate/Shaders/WorkingDirectory/21240/).
[2020.01.22-13.21.49:548][  0]LogShaderCompilers: Cleaned the shader compiler working directory 'C:/Users/morfa/AppData/Local/Temp/UnrealShaderWorkingDir/3ECDC31B4D1FC5BF2C2887A6364998EE/'.
[2020.01.22-13.21.49:551][  0]LogXGEController: Cannot use XGE Controller as Incredibuild is not installed on this machine.
[2020.01.22-13.21.49:551][  0]LogShaderCompilers: Cannot use XGE Shader Compiler as Incredibuild is not installed on this machine.
[2020.01.22-13.21.49:551][  0]LogShaderCompilers: Display: Using Local Shader Compiler.
[2020.01.22-13.21.50:196][  0]LogDerivedDataCache: Display: Max Cache Size: 512 MB
[2020.01.22-13.21.50:261][  0]LogDerivedDataCache: Loaded boot cache 0.06s 73MB C:/Users/morfa/AppData/Local/UnrealEngine/4.23/DerivedDataCache/Boot.ddc.
[2020.01.22-13.21.50:261][  0]LogDerivedDataCache: Display: Loaded Boot cache: C:/Users/morfa/AppData/Local/UnrealEngine/4.23/DerivedDataCache/Boot.ddc
[2020.01.22-13.21.50:261][  0]LogDerivedDataCache: FDerivedDataBackendGraph:  Pak pak cache file F:/Github/Jnckr-Lthr/DerivedDataCache/DDC.ddp not found, will not use a pak cache.
[2020.01.22-13.21.50:261][  0]LogDerivedDataCache: Unable to find inner node Pak for hierarchical cache Hierarchy.
[2020.01.22-13.21.50:261][  0]LogDerivedDataCache: FDerivedDataBackendGraph:  CompressedPak pak cache file F:/Github/Jnckr-Lthr/DerivedDataCache/Compressed.ddp not found, will not use a pak cache.
[2020.01.22-13.21.50:261][  0]LogDerivedDataCache: Unable to find inner node CompressedPak for hierarchical cache Hierarchy.
[2020.01.22-13.21.50:275][  0]LogDerivedDataCache: Display: Pak cache opened for reading ../../../Engine/DerivedDataCache/Compressed.ddp.
[2020.01.22-13.21.50:275][  0]LogDerivedDataCache: FDerivedDataBackendGraph:  EnterprisePak pak cache file ../../../Enterprise/DerivedDataCache/Compressed.ddp not found, will not use a pak cache.
[2020.01.22-13.21.50:275][  0]LogDerivedDataCache: Unable to find inner node EnterprisePak for hierarchical cache Hierarchy.
[2020.01.22-13.21.50:276][  0]LogDerivedDataCache: Using Local data cache path C:/Users/morfa/AppData/Local/UnrealEngine/Common/DerivedDataCache: Writable
[2020.01.22-13.21.50:276][  0]LogDerivedDataCache: Shared data cache path not found in *engine.ini, will not use an Shared cache.
[2020.01.22-13.21.50:276][  0]LogDerivedDataCache: Unable to find inner node Shared for hierarchical cache Hierarchy.
[2020.01.22-13.21.50:301][  0]LogMaterial: Verifying Global Shaders for PCD3D_SM5
[2020.01.22-13.21.50:304][  0]LogSlate: Using FreeType 2.6.0
[2020.01.22-13.21.50:305][  0]LogSlate: SlateFontServices - WITH_FREETYPE: 1, WITH_HARFBUZZ: 1
[2020.01.22-13.21.50:466][  0]LogInit: Using OS detected language (en-US).
[2020.01.22-13.21.50:466][  0]LogInit: Using OS detected locale (en-US).
[2020.01.22-13.21.50:466][  0]LogTextLocalizationManager: No localization for 'en-US' exists, so 'en' will be used for the language.
[2020.01.22-13.21.50:466][  0]LogTextLocalizationManager: No localization for 'en-US' exists, so 'en' will be used for the locale.
[2020.01.22-13.21.50:466][  0]LogSlate: FontCache flush requested. Reason: Culture for localization was changed
[2020.01.22-13.21.50:466][  0]LogSlate: FontCache flush requested. Reason: Culture for localization was changed
[2020.01.22-13.21.50:468][  0]LogTextLocalizationManager: Compacting localization data took   0.00ms
[2020.01.22-13.21.50:472][  0]LogAssetRegistry: FAssetRegistry took 0.0018 seconds to start up
[2020.01.22-13.21.50:708][  0]LogPackageLocalizationCache: Processed 12 localized package path(s) for 1 prioritized culture(s) in 0.000869 seconds
[2020.01.22-13.21.50:763][  0]LogInit: Selected Device Profile: [Windows]
[2020.01.22-13.21.50:908][  0]LogMeshReduction: Using QuadricMeshReduction for automatic static mesh reduction
[2020.01.22-13.21.50:908][  0]LogMeshReduction: Using SimplygonMeshReduction for automatic skeletal mesh reduction
[2020.01.22-13.21.50:908][  0]LogMeshReduction: Using ProxyLODMeshReduction for automatic mesh merging
[2020.01.22-13.21.50:908][  0]LogMeshReduction: No distributed automatic mesh merging module available
[2020.01.22-13.21.50:908][  0]LogMeshMerging: No distributed automatic mesh merging module available
[2020.01.22-13.21.50:924][  0]LogNetVersion: JaxAndLegger 1.0.0, NetCL: 8386587, EngineNetVer: 11, GameNetVer: 0 (Checksum: 2648958118)
[2020.01.22-13.21.51:543][  0]LogMoviePlayer: Initializing movie player
[2020.01.22-13.21.51:650][  0]LogTcpMessaging: Initializing TcpMessaging bridge
[2020.01.22-13.21.51:653][  0]LogUdpMessaging: Initializing bridge on interface 0.0.0.0:0 to multicast group 230.0.0.1:6666.
[2020.01.22-13.21.51:694][  0]SourceControl: Source control is disabled
[2020.01.22-13.21.51:694][  0]SourceControl: Source control is disabled
[2020.01.22-13.21.51:695][  0]SourceControl: Source control is disabled
[2020.01.22-13.21.51:751][  0]LogAndroidPermission: UAndroidPermissionCallbackProxy::GetInstance
[2020.01.22-13.21.51:972][  0]LogOcInput: OculusInput pre-init called
[2020.01.22-13.21.51:984][  0]LogUObjectArray: 48866 objects as part of root set at end of initial load.
[2020.01.22-13.21.51:984][  0]LogUObjectAllocator: 8609784 out of 0 bytes used by permanent object pool.
[2020.01.22-13.21.51:984][  0]LogUObjectArray: CloseDisregardForGC: 0/0 objects in disregard for GC pool
[2020.01.22-13.21.52:057][  0]LogEngine: Initializing Engine...
[2020.01.22-13.21.52:059][  0]LogHMD: Failed to initialize OpenVR with code 110
[2020.01.22-13.21.52:060][  0]LogStats: UGameplayTagsManager::InitializeManager -  0.000 s
[2020.01.22-13.21.52:243][  0]LogInit: Initializing FReadOnlyCVARCache
[2020.01.22-13.21.52:280][  0]LogInit: XAudio2 using 'Speakers (Realtek High Definition Audio)' : 2 channels at 48 kHz using 32 bits per sample (channel mask 0x3)
[2020.01.22-13.21.52:347][  0]LogInit: FAudioDevice initialized.
[2020.01.22-13.21.52:348][  0]LogNetVersion: Set ProjectVersion to 1.0.0.0. Version Checksum will be recalculated on next use.
[2020.01.22-13.21.52:355][  0]LogInit: Texture streaming: Enabled
[2020.01.22-13.21.52:663][  0]LogSlate: Updating window title bar state: overlay mode, drag disabled, window buttons hidden, title bar hidden
[2020.01.22-13.21.52:664][  0]LogInit: Display: Game Engine Initialized.
[2020.01.22-13.21.52:726][  0]LogInit: Display: Starting Game.
[2020.01.22-13.21.52:726][  0]LogNet: Browse: /Game/Maps/MainMenu?Name=Player
[2020.01.22-13.21.52:726][  0]LogLoad: LoadMap: /Game/Maps/MainMenu?Name=Player
[2020.01.22-13.21.52:726][  0]LogWorld: BeginTearingDown for /Temp/Untitled_0
[2020.01.22-13.21.52:728][  0]LogWorld: UWorld::CleanupWorld for Untitled, bSessionEnded=true, bCleanupResources=true
[2020.01.22-13.21.52:754][  0]LogUObjectHash: Compacting FUObjectHashTables data took   2.09ms
[2020.01.22-13.21.52:790][  0]LogUObjectGlobals: Warning: While loading 'F:/Github/Jnckr-Lthr/Content/JandL_Models/BuckDock/duckblock_sm__1_.uasset' failed to load '/Game/JandL_Models/lambert1': Can't find file.
[2020.01.22-13.21.52:791][  0]LogUObjectGlobals: Warning: While loading 'F:/Github/Jnckr-Lthr/Content/JandL_Models/BuckDock/duckblock_sm__1_.uasset' failed to load '/Game/JandL_Models/lambert1': Can't find file.
[2020.01.22-13.21.52:791][  0]LogUObjectGlobals: Warning: While loading 'F:/Github/Jnckr-Lthr/Content/JandL_Models/BuckDock/duckblock_sm__1_.uasset' failed to load '/Game/JandL_Models/lambert1': Can't find file.
[2020.01.22-13.21.52:791][  0]LogUObjectGlobals: Warning: While loading 'F:/Github/Jnckr-Lthr/Content/JandL_Models/BuckDock/duckblock_sm__1_.uasset' failed to load '/Game/JandL_Models/lambert1': Can't find file.
[2020.01.22-13.21.52:886][  0]LogAIModule: Creating AISystem for world MainMenu
[2020.01.22-13.21.52:886][  0]LogLoad: Game class is 'GameMode'
[2020.01.22-13.21.52:890][  0]LogWorld: Bringing World /Game/Maps/MainMenu.MainMenu up for play (max tick rate 0) at 2020.01.22-14.21.52
[2020.01.22-13.21.52:890][  0]LogWorld: Bringing up level for play took: 0.002597
[2020.01.22-13.21.52:891][  0]LogGameMode: FindPlayerStart: PATHS NOT DEFINED or NO PLAYERSTART with positive rating
[2020.01.22-13.21.52:894][  0]LogGameMode: Display: Match State Changed from EnteringMap to WaitingToStart
[2020.01.22-13.21.52:894][  0]LogGameState: Match State Changed from EnteringMap to WaitingToStart
[2020.01.22-13.21.52:894][  0]LogGameMode: Display: Match State Changed from WaitingToStart to InProgress
[2020.01.22-13.21.52:896][  0]LogGameState: Match State Changed from WaitingToStart to InProgress
[2020.01.22-13.21.52:896][  0]LogLoad: Took 0.169510 seconds to LoadMap(/Game/Maps/MainMenu)
[2020.01.22-13.21.52:925][  0]LogRenderer: Reallocating scene render targets to support 1280x720 Format 10 NumSamples 1 (Frame:1).
[2020.01.22-13.21.52:925][  0]LogLoad: (Engine Initialization) Total time: 7.36 seconds
[2020.01.22-13.21.52:925][  0]LogLoad: (Engine Initialization) Total Blueprint compile time: 0.00 seconds
[2020.01.22-13.21.52:968][  0]LogContentStreaming: Texture pool size now 1000 MB
[2020.01.22-13.21.52:974][  0]LogAudio: Warning: Detected orphaned looping sound 'MenuMusic'.
[2020.01.22-13.21.53:151][  0]LogRenderer: Reallocating scene render targets to support 128x128 Format 10 NumSamples 1 (Frame:1).
[2020.01.22-13.21.53:193][  0]LogRenderer: Reallocating scene render targets to support 1280x720 Format 10 NumSamples 1 (Frame:2).
[2020.01.22-13.21.54:257][ 66]LogSlate: Took 0.000355 seconds to synchronously load lazily loaded font '../../../Engine/Content/Slate/Fonts/Roboto-Regular.ttf' (155K)
[2020.01.22-13.21.54:947][109]LogSlate: FSceneViewport::OnFocusLost() reason 0
[2020.01.22-13.21.58:296][316]LogInit: WinSock: I am FabioNotebook (192.168.129.98:0)
[2020.01.22-13.21.58:437][316]LogPackageName: SearchForPackageOnDisk took   0.140s to resolve Lobby.umap.
[2020.01.22-13.21.58:437][316]LogGameMode: Display: Match State Changed from InProgress to LeavingMap
[2020.01.22-13.21.58:437][316]LogGameState: Match State Changed from InProgress to LeavingMap
[2020.01.22-13.21.58:578][316]LogPackageName: SearchForPackageOnDisk took   0.140s to resolve Lobby.umap.
[2020.01.22-13.21.58:578][316]LogNet: Browse: /Game/Maps/Lobby?Listen
[2020.01.22-13.21.58:578][316]LogLoad: LoadMap: /Game/Maps/Lobby?Listen
[2020.01.22-13.21.58:578][316]LogWorld: BeginTearingDown for /Game/Maps/MainMenu
[2020.01.22-13.21.58:579][316]LogWorld: UWorld::CleanupWorld for MainMenu, bSessionEnded=true, bCleanupResources=true
[2020.01.22-13.21.58:637][316]LogUObjectHash: Compacting FUObjectHashTables data took   2.12ms
[2020.01.22-13.21.59:051][316]LogBlueprint: Warning: [Compiler 0_Base] InputAction Event references unknown Action 'ResetVR' for  InputAction ResetVR
[2020.01.22-13.21.59:052][316]LogBlueprint: Warning: [Compiler 0_Base] InputAction Event references unknown Action 'Jump' for  InputAction Jump
[2020.01.22-13.21.59:689][316]LogAIModule: Creating AISystem for world Lobby
[2020.01.22-13.21.59:689][316]LogLoad: Game class is 'LobbyGM_C'
[2020.01.22-13.21.59:690][316]LogTemp: Display: ParseSettings for GameNetDriver
[2020.01.22-13.21.59:690][316]LogTemp: Display: ParseSettings for IpNetDriver_0
[2020.01.22-13.21.59:690][316]LogTemp: Display: ParseSettings for GameNetDriver
[2020.01.22-13.21.59:690][316]LogNet: ReplicationDriverClass is null! Not using ReplicationDriver.
[2020.01.22-13.21.59:690][316]PacketHandlerLog: DDoS detection status: detection enabled: 0 analytics enabled: 0
[2020.01.22-13.21.59:691][316]LogInit: WinSock: Socket queue. Rx: 131072 (config 131072) Tx: 131072 (config 131072)
[2020.01.22-13.21.59:691][316]PacketHandlerLog: Loaded PacketHandler component: Engine.EngineHandlerComponentFactory (StatelessConnectHandlerComponent)
[2020.01.22-13.21.59:691][316]LogNet: GameNetDriver IpNetDriver_0 IpNetDriver listening on port 7777
[2020.01.22-13.21.59:695][316]LogWorld: Bringing World /Game/Maps/Lobby.Lobby up for play (max tick rate 0) at 2020.01.22-14.21.59
[2020.01.22-13.21.59:695][316]LogWorld: Bringing up level for play took: 0.003590
[2020.01.22-13.21.59:696][316]LogScript: Warning: UGameplayStatics::BeginSpawningActorFromClass: can not spawn an actor from a NULL class
[2020.01.22-13.21.59:705][316]LogLoad: Took 1.127576 seconds to LoadMap(/Game/Maps/Lobby)
[2020.01.22-13.22.00:416][344]LogRenderer: Reallocating scene render targets to support 1920x1060 Format 10 NumSamples 1 (Frame:31).
[2020.01.22-13.22.01:212][393]LogSlate: FSceneViewport::OnFocusLost() reason 0
[2020.01.22-13.22.01:291][398]PIE: Warning: This widget does not support focus.  If this is a UserWidget, you should set bIsFocusable to true.
[2020.01.22-13.22.01:452][408]LogSlate: FSceneViewport::OnFocusLost() reason 0
[2020.01.22-13.22.02:324][462]LogBlueprintUserMessages: [Jax_C_0] NoBeam
[2020.01.22-13.22.02:388][466]LogBlueprintUserMessages: [Jax_C_0] NoBeam
[2020.01.22-13.22.25:326][888]LogNet: NotifyAcceptingConnection accepted from: 192.168.129.158:58118
[2020.01.22-13.22.25:326][888]LogHandshake: SendConnectChallenge. Timestamp: 27.049547, Cookie: 019142056153168019211205149077054121112230064245079132148180
[2020.01.22-13.22.25:342][889]LogNet: NotifyAcceptingConnection accepted from: 192.168.129.158:58118
[2020.01.22-13.22.25:342][889]LogHandshake: SendChallengeAck. InCookie: 019142056153168019211205149077054121112230064245079132148180
[2020.01.22-13.22.25:342][889]LogNet: Server accepting post-challenge connection from: 192.168.129.158:58118
[2020.01.22-13.22.25:343][889]PacketHandlerLog: Loaded PacketHandler component: Engine.EngineHandlerComponentFactory (StatelessConnectHandlerComponent)
[2020.01.22-13.22.25:343][889]LogNet: NotifyAcceptedConnection: Name: Lobby, TimeStamp: 01/22/20 14:22:25, [UNetConnection] RemoteAddr: 192.168.129.158:58118, Name: IpConnection_0, Driver: GameNetDriver IpNetDriver_0, IsServer: YES, PC: NULL, Owner: NULL, UniqueId: INVALID
[2020.01.22-13.22.25:343][889]LogNet: AddClientConnection: Added client connection: [UNetConnection] RemoteAddr: 192.168.129.158:58118, Name: IpConnection_0, Driver: GameNetDriver IpNetDriver_0, IsServer: YES, PC: NULL, Owner: NULL, UniqueId: INVALID
[2020.01.22-13.22.25:358][890]LogNet: NotifyAcceptingChannel Control 0 server World /Game/Maps/Lobby.Lobby: Accepted
[2020.01.22-13.22.25:358][890]LogNet: Remote platform little endian=1
[2020.01.22-13.22.25:358][890]LogNet: This platform little endian=1
[2020.01.22-13.22.25:358][890]LogNetVersion: JaxAndLegger 1.0.0.0, NetCL: 8386587, EngineNetVer: 11, GameNetVer: 0 (Checksum: 2830000141)
[2020.01.22-13.22.25:375][891]LogNet: Login request: /Game/Maps/MainMenu?Name=MSI-1B1892BD449F01C50E6D279CA9070106 userId: NULL:MSI-1B1892BD449F01C50E6D279CA9070106 platform: NULL
[2020.01.22-13.22.25:391][892]LogNet: Client netspeed is 10000
[2020.01.22-13.22.27:713][ 36]LogNet: Join request: /Game/Maps/MainMenu?Name=MSI-1B1892BD449F01C50E6D279CA9070106?SplitscreenCount=1
[2020.01.22-13.22.27:718][ 36]LogNet: Join succeeded: MSI-1B1892BD449F01C5
[2020.01.22-13.22.27:955][ 51]LogScript: Warning: UGameplayStatics::BeginSpawningActorFromClass: can not spawn an actor from a NULL class
[2020.01.22-13.22.32:407][327]LogSlate: FSceneViewport::OnFocusLost() reason 0
[2020.01.22-13.22.32:472][331]LogGameMode: ProcessServerTravel: /Game/Maps/Prop_Test_2
[2020.01.22-13.22.32:475][331]LogWorld: SeamlessTravel to: /Game/Maps/Prop_Test_2
[2020.01.22-13.22.32:488][332]LogWorld: BeginTearingDown for /Game/Maps/Lobby
[2020.01.22-13.22.32:488][332]LogWorld: UWorld::CleanupWorld for Lobby, bSessionEnded=false, bCleanupResources=true
[2020.01.22-13.22.32:535][332]LogUObjectHash: Compacting FUObjectHashTables data took   3.36ms
[2020.01.22-13.22.32:536][332]LogAIModule: Creating AISystem for world TravelMap
[2020.01.22-13.22.32:538][332]LogStats:     SeamlessTravel FlushLevelStreaming  -  0.001 s
[2020.01.22-13.22.32:538][332]LogWorld: Bringing World /Game/Maps/TravelMap.TravelMap up for play (max tick rate 0) at 2020.01.22-14.22.32
[2020.01.22-13.22.32:538][332]LogWorld: Bringing up level for play took: 0.000295
[2020.01.22-13.22.32:538][332]LogWorld: Sending NotifyLoadedWorld for LP: LocalPlayer_0 PC: LobbyPC_C_0
[2020.01.22-13.22.32:538][332]LogNet: Verbose: NotifyLoadedWorld Begin
[2020.01.22-13.22.32:538][332]LogNet: VeryVerbose: GetFunctionCallspace Server calling Server function: ServerNotifyLoadedWorld Local
[2020.01.22-13.22.32:538][332]LogNet: Verbose: NotifyLoadedWorld End
[2020.01.22-13.22.32:538][332]LogWorld: StartLoadingDestination to: /Game/Maps/Prop_Test_2
[2020.01.22-13.22.32:741][337]LogStreaming: Error: Couldn't find file for package /Game/JandL_Models/lambert1 requested by async loading code. NameToLoad: /Game/JandL_Models/lambert1
[2020.01.22-13.22.32:908][341]LogAudioDerivedData: Display: Building compressed audio format OGG hash OGG wave Puzzle-Game_Looping...
[2020.01.22-13.22.35:595][341]LogAudioDerivedData: Display: Updated SoundWave->RawPCMDataSize from 0 to 26431488 while cooking SoundWave /Game/Sounds/Music/SoundFiles/Puzzle-Game_Looping.Puzzle-Game_Looping.
[2020.01.22-13.22.35:604][342]LogAudioDerivedData: Display: Building compressed audio format OGG hash OGG wave Puzzle-Game-5_Looping...
[2020.01.22-13.22.37:236][342]LogAudioDerivedData: Display: Updated SoundWave->RawPCMDataSize from 0 to 16206336 while cooking SoundWave /Game/Sounds/Music/SoundFiles/Puzzle-Game-5_Looping.Puzzle-Game-5_Looping.
[2020.01.22-13.22.37:292][343]LogAudioDerivedData: Display: Building compressed audio format OGG hash OGG wave Puzzle-Game-3_Looping...
[2020.01.22-13.22.39:793][343]LogAudioDerivedData: Display: Updated SoundWave->RawPCMDataSize from 0 to 24837120 while cooking SoundWave /Game/Sounds/Music/SoundFiles/Puzzle-Game-3_Looping.Puzzle-Game-3_Looping.
[2020.01.22-13.22.39:837][345]LogAudioDerivedData: Display: Building compressed audio format OGG hash OGG wave Puzzle-Game-2_Looping...
[2020.01.22-13.22.43:626][345]LogAudioDerivedData: Display: Updated SoundWave->RawPCMDataSize from 0 to 38163456 while cooking SoundWave /Game/Sounds/Music/SoundFiles/Puzzle-Game-2_Looping.Puzzle-Game-2_Looping.
[2020.01.22-13.22.43:633][345]LogAudioDerivedData: Display: Building compressed audio format OGG hash OGG wave Mysterious-Puzzle...
[2020.01.22-13.22.45:391][345]LogAudioDerivedData: Display: Updated SoundWave->RawPCMDataSize from 0 to 17773056 while cooking SoundWave /Game/Sounds/Music/SoundFiles/Mysterious-Puzzle.Mysterious-Puzzle.
[2020.01.22-13.22.45:398][346]LogAudioDerivedData: Display: Building compressed audio format OGG hash OGG wave Mind-Bender...
[2020.01.22-13.22.46:638][346]LogAudioDerivedData: Display: Updated SoundWave->RawPCMDataSize from 0 to 11913348 while cooking SoundWave /Game/Sounds/Music/SoundFiles/Mind-Bender.Mind-Bender.
[2020.01.22-13.22.46:640][346]LogNet: UNetDriver::TickDispatch: Very long time between ticks. DeltaTime: 5.56, Realtime: 3.01. IpNetDriver_0
[2020.01.22-13.22.46:643][347]LogWorld: BeginTearingDown for /Game/Maps/TravelMap
[2020.01.22-13.22.46:643][347]LogWorld: UWorld::CleanupWorld for TravelMap, bSessionEnded=true, bCleanupResources=true
[2020.01.22-13.22.46:672][347]LogUObjectHash: Compacting FUObjectHashTables data took   2.91ms
[2020.01.22-13.22.46:674][347]LogAIModule: Creating AISystem for world Prop_Test_2
[2020.01.22-13.22.46:674][347]LogLoad: Game class is 'GameplayGM_C'
[2020.01.22-13.22.46:676][347]LogStats:     SeamlessTravel FlushLevelStreaming  -  0.001 s
[2020.01.22-13.22.46:692][347]LogWorld: Bringing World /Game/Maps/Prop_Test_2.Prop_Test_2 up for play (max tick rate 0) at 2020.01.22-14.22.46
[2020.01.22-13.22.46:692][347]LogWorld: Bringing up level for play took: 0.016521
[2020.01.22-13.22.46:692][347]LogWorld: Sending NotifyLoadedWorld for LP: LocalPlayer_0 PC: LobbyPC_C_0
[2020.01.22-13.22.46:692][347]LogNet: Verbose: NotifyLoadedWorld Begin
[2020.01.22-13.22.46:692][347]LogNet: VeryVerbose: GetFunctionCallspace Server calling Server function: ServerNotifyLoadedWorld Local
[2020.01.22-13.22.46:692][347]LogNet: Verbose: NotifyLoadedWorld End
[2020.01.22-13.22.46:692][347]LogWorld: ----SeamlessTravel finished in 14.22 seconds ------
[2020.01.22-13.22.46:693][347]LogScript: Warning: Script Msg: DestroySession - Invalid player state
[2020.01.22-13.22.46:694][347]LogSlate: Updating window title bar state: overlay mode, drag disabled, window buttons hidden, title bar hidden
[2020.01.22-13.22.46:696][347]LogScript: Warning: Accessed None trying to read property CallFunc_GetPlayerCameraManager_ReturnValue
	Jax_C /Game/Maps/Prop_Test_2.Prop_Test_2:PersistentLevel.Jax_C_0
	Function /Game/Blueprints/Characters/Jax.Jax_C:ExecuteUbergraph_Jax:0817
[2020.01.22-13.22.46:696][347]LogScript: Warning: Script call stack:
	Function /Game/Blueprints/Characters/Jax.Jax_C:ReceiveBeginPlay
	Function /Game/Blueprints/Characters/Jax.Jax_C:ExecuteUbergraph_Jax

[2020.01.22-13.22.46:696][347]LogScript: Warning: Attempted to assign to None
	Jax_C /Game/Maps/Prop_Test_2.Prop_Test_2:PersistentLevel.Jax_C_0
	Function /Game/Blueprints/Characters/Jax.Jax_C:ExecuteUbergraph_Jax:082C
[2020.01.22-13.22.46:696][347]LogScript: Warning: Script call stack:
	Function /Game/Blueprints/Characters/Jax.Jax_C:ReceiveBeginPlay
	Function /Game/Blueprints/Characters/Jax.Jax_C:ExecuteUbergraph_Jax

[2020.01.22-13.22.46:696][347]LogScript: Warning: Accessed None trying to read property CallFunc_GetPlayerCameraManager_ReturnValue
	Jax_C /Game/Maps/Prop_Test_2.Prop_Test_2:PersistentLevel.Jax_C_0
	Function /Game/Blueprints/Characters/Jax.Jax_C:ExecuteUbergraph_Jax:0862
[2020.01.22-13.22.46:696][347]LogScript: Warning: Script call stack:
	Function /Game/Blueprints/Characters/Jax.Jax_C:ReceiveBeginPlay
	Function /Game/Blueprints/Characters/Jax.Jax_C:ExecuteUbergraph_Jax

[2020.01.22-13.22.46:696][347]LogScript: Warning: Attempted to assign to None
	Jax_C /Game/Maps/Prop_Test_2.Prop_Test_2:PersistentLevel.Jax_C_0
	Function /Game/Blueprints/Characters/Jax.Jax_C:ExecuteUbergraph_Jax:0877
[2020.01.22-13.22.46:696][347]LogScript: Warning: Script call stack:
	Function /Game/Blueprints/Characters/Jax.Jax_C:ReceiveBeginPlay
	Function /Game/Blueprints/Characters/Jax.Jax_C:ExecuteUbergraph_Jax

[2020.01.22-13.22.46:696][347]PIE: Error: Only Local Player Controllers can be assigned to widgets. LobbyPC_C_1 is not a Local Player Controller.
[2020.01.22-13.22.46:697][347]LogScript: Warning: Accessed None trying to read property CallFunc_Create_ReturnValue
	Beam_Signal_C /Game/Maps/Prop_Test_2.Prop_Test_2:PersistentLevel.Beam_Signal_C_0
	Function /Game/Blueprints/Beams/CharacterBeams/Beam_Signal.Beam_Signal_C:ExecuteUbergraph_Beam_Signal:00B0
[2020.01.22-13.22.46:697][347]LogScript: Warning: Script call stack:
	Function /Game/Blueprints/Beams/CharacterBeams/Beam_Signal.Beam_Signal_C:ReceiveBeginPlay
	Function /Game/Blueprints/Beams/CharacterBeams/Beam_Signal.Beam_Signal_C:ExecuteUbergraph_Beam_Signal

[2020.01.22-13.22.46:697][347]LogScript: Warning: Accessed None trying to read property Beamfo
	Beam_Signal_C /Game/Maps/Prop_Test_2.Prop_Test_2:PersistentLevel.Beam_Signal_C_0
	Function /Game/Blueprints/Beams/CharacterBeams/Beam_Signal.Beam_Signal_C:ExecuteUbergraph_Beam_Signal:00E8
[2020.01.22-13.22.46:697][347]LogScript: Warning: Script call stack:
	Function /Game/Blueprints/Beams/CharacterBeams/Beam_Signal.Beam_Signal_C:ReceiveBeginPlay
	Function /Game/Blueprints/Beams/CharacterBeams/Beam_Signal.Beam_Signal_C:ExecuteUbergraph_Beam_Signal

[2020.01.22-13.22.46:697][347]LogScript: Warning: Accessed None trying to read property Beamfo
	Beam_Signal_C /Game/Maps/Prop_Test_2.Prop_Test_2:PersistentLevel.Beam_Signal_C_0
	Function /Game/Blueprints/Beams/CharacterBeams/Beam_Signal.Beam_Signal_C:ExecuteUbergraph_Beam_Signal:0112
[2020.01.22-13.22.46:697][347]LogScript: Warning: Script call stack:
	Function /Game/Blueprints/Beams/CharacterBeams/Beam_Signal.Beam_Signal_C:ReceiveBeginPlay
	Function /Game/Blueprints/Beams/CharacterBeams/Beam_Signal.Beam_Signal_C:ExecuteUbergraph_Beam_Signal

[2020.01.22-13.22.46:697][347]LogScript: Warning: Accessed None attempting to assign variable on an object
	Beam_Signal_C /Game/Maps/Prop_Test_2.Prop_Test_2:PersistentLevel.Beam_Signal_C_0
	Function /Game/Blueprints/Beams/CharacterBeams/Beam_Signal.Beam_Signal_C:ExecuteUbergraph_Beam_Signal:0127
[2020.01.22-13.22.46:697][347]LogScript: Warning: Script call stack:
	Function /Game/Blueprints/Beams/CharacterBeams/Beam_Signal.Beam_Signal_C:ReceiveBeginPlay
	Function /Game/Blueprints/Beams/CharacterBeams/Beam_Signal.Beam_Signal_C:ExecuteUbergraph_Beam_Signal

[2020.01.22-13.22.46:707][348]LogAudio: Warning: Detected orphaned looping sound 'LevelMusic'.
[2020.01.22-13.22.46:814][349]LogScript: Warning: Script Msg: DestroySession - Invalid player state
[2020.01.22-13.22.56:597][952]LogBlueprintUserMessages: [BP_SignalReceptor_2] true
[2020.01.22-13.23.02:696][330]LogBlueprintUserMessages: [BP_SignalReceptor_2] true
[2020.01.22-13.23.03:389][373]LogBlueprintUserMessages: [BP_SignalReceptor_2] true
[2020.01.22-13.23.04:115][418]LogBlueprintUserMessages: [BP_SignalReceptor_2] true
[2020.01.22-13.23.04:517][443]LogBlueprintUserMessages: [BP_SignalReceptor_2] true
[2020.01.22-13.23.04:904][467]LogBlueprintUserMessages: [BP_SignalReceptor_2] true
[2020.01.22-13.23.05:293][491]LogBlueprintUserMessages: [BP_SignalReceptor_2] true
[2020.01.22-13.23.07:401][621]LogBlueprintUserMessages: [BP_SignalReceptor_2] true
[2020.01.22-13.23.08:176][669]LogBlueprintUserMessages: [BP_SignalReceptor_2] true
[2020.01.22-13.23.08:869][712]LogBlueprintUserMessages: [BP_SignalReceptor_2] true
[2020.01.22-13.23.09:450][748]LogBlueprintUserMessages: [BP_SignalReceptor_2] true
[2020.01.22-13.23.10:225][796]LogBlueprintUserMessages: [BP_SignalReceptor_2] true
[2020.01.22-13.23.12:499][937]LogBlueprintUserMessages: [BP_SignalReceptor_2] true
[2020.01.22-13.23.15:984][153]LogBlueprintUserMessages: [BP_SignalReceptor_2] true
[2020.01.22-13.23.18:615][316]LogBlueprintUserMessages: [BP_SignalReceptor_2] true
[2020.01.22-13.23.20:985][463]LogBlueprintUserMessages: [BP_SignalReceptor_2] true
[2020.01.22-13.23.23:339][609]LogBlueprintUserMessages: [BP_SignalReceptor_2] true
[2020.01.22-13.23.34:566][305]LogBlueprintUserMessages: [BP_SignalReceptor_2] true
[2020.01.22-13.23.35:937][390]LogBlueprintUserMessages: [BP_SignalReceptor_2] true
[2020.01.22-13.23.39:357][602]LogBlueprintUserMessages: [BP_SignalReceptor_2] true
[2020.01.22-13.23.40:518][674]LogBlueprintUserMessages: [BP_SignalReceptor_2] true
[2020.01.22-13.24.05:213][205]LogBlueprintUserMessages: [BP_SignalReceptor_2] true
[2020.01.22-13.24.05:584][228]LogBlueprintUserMessages: [BP_SignalReceptor_2] true
[2020.01.22-13.24.05:971][252]LogBlueprintUserMessages: [BP_SignalReceptor_2] true
[2020.01.22-13.24.06:326][274]LogBlueprintUserMessages: [BP_SignalReceptor_2] true
[2020.01.22-13.24.07:843][368]LogBlueprintUserMessages: [BP_SignalReceptor_2] true
[2020.01.22-13.24.08:503][408]LogBlueprintUserMessages: [BP_SignalReceptor_2] true
[2020.01.22-13.24.09:794][488]LogBlueprintUserMessages: [BP_SignalReceptor_2] true
[2020.01.22-13.24.25:520][463]LogNet: UChannel::ReceivedSequencedBunch: Bunch.bClose == true. ChIndex == 0. Calling ConditionalCleanUp.
[2020.01.22-13.24.25:521][463]LogNet: UChannel::CleanUp: ChIndex == 0. Closing connection. [UChannel] ChIndex: 0, Closing: 0 [UNetConnection] RemoteAddr: 192.168.129.158:58118, Name: IpConnection_0, Driver: GameNetDriver IpNetDriver_0, IsServer: YES, PC: GameplayPC_C_1, Owner: GameplayPC_C_1, UniqueId: NULL:MSI-1B1892BD449F01C50E6D279CA9070106
[2020.01.22-13.24.25:521][463]LogNet: UNetConnection::Close: [UNetConnection] RemoteAddr: 192.168.129.158:58118, Name: IpConnection_0, Driver: GameNetDriver IpNetDriver_0, IsServer: YES, PC: GameplayPC_C_1, Owner: GameplayPC_C_1, UniqueId: NULL:MSI-1B1892BD449F01C50E6D279CA9070106, Channels: 30, Time: 2020.01.22-13.24.25
[2020.01.22-13.24.25:521][463]LogNet: UChannel::Close: Sending CloseBunch. ChIndex == 0. Name: [UChannel] ChIndex: 0, Closing: 0 [UNetConnection] RemoteAddr: 192.168.129.158:58118, Name: IpConnection_0, Driver: GameNetDriver IpNetDriver_0, IsServer: YES, PC: GameplayPC_C_1, Owner: GameplayPC_C_1, UniqueId: NULL:MSI-1B1892BD449F01C50E6D279CA9070106
[2020.01.22-13.24.25:537][464]LogOnlineSession: Warning: OSS: No game present to leave for session (GameSession)
[2020.01.22-13.24.31:102][809]LogBlueprintUserMessages: [Jax_C_0] NoBeam
[2020.01.22-13.24.31:183][814]LogBlueprintUserMessages: [Jax_C_0] NoBeam
[2020.01.22-13.24.32:521][897]LogWindowsDesktop: Alt-F4 pressed!
[2020.01.22-13.24.32:529][897]LogSlate: Window 'JaxAndLegger (64-bit Development PCD3D_SM5) ' being destroyed
[2020.01.22-13.24.32:529][897]LogWindowsTextInputMethodSystem: Display: IME system now deactivated.
[2020.01.22-13.24.32:544][897]LogWindowsTextInputMethodSystem: Display: IME system now deactivated.
[2020.01.22-13.24.32:547][897]LogOnlineSession: Warning: OSS: Can't destroy a null online session (GameSession)
[2020.01.22-13.24.32:547][897]LogOnlineSession: Warning: OSS: No game present to leave for session (GameSession)
[2020.01.22-13.24.32:547][897]LogSlate: Updating window title bar state: overlay mode, drag disabled, window buttons hidden, title bar hidden
[2020.01.22-13.24.32:547][897]LogEngine: All Windows Closed
[2020.01.22-13.24.32:547][897]LogWindows: FPlatformMisc::RequestExit(0)
[2020.01.22-13.24.32:559][898]LogWorld: BeginTearingDown for /Game/Maps/Prop_Test_2
[2020.01.22-13.24.32:559][898]LogNet: World NetDriver shutdown IpNetDriver_0 [GameNetDriver]
[2020.01.22-13.24.32:559][898]LogNet: DestroyNamedNetDriver IpNetDriver_0 [GameNetDriver]
[2020.01.22-13.24.32:559][898]LogExit: GameNetDriver IpNetDriver_0 shut down
[2020.01.22-13.24.32:560][898]LogWorld: UWorld::CleanupWorld for Prop_Test_2, bSessionEnded=true, bCleanupResources=true
[2020.01.22-13.24.33:156][898]LogExit: Preparing to exit.
[2020.01.22-13.24.33:156][898]LogMoviePlayer: Shutting down movie player
[2020.01.22-13.24.33:777][898]LogSlate: Updating window title bar state: overlay mode, drag disabled, window buttons hidden, title bar hidden
[2020.01.22-13.24.33:788][898]LogDemo: Cleaned up 0 splitscreen connections with owner deletion
[2020.01.22-13.24.33:795][898]LogExit: Game engine shut down
[2020.01.22-13.24.33:905][898]LogExit: Object subsystem successfully closed.
[2020.01.22-13.24.33:927][898]LogShaderCompilers: Display: Shaders left to compile 0
[2020.01.22-13.24.33:945][898]LogModuleManager: Shutting down and abandoning module SequenceRecorderSections (410)
[2020.01.22-13.24.33:945][898]LogModuleManager: Shutting down and abandoning module SequenceRecorder (408)
[2020.01.22-13.24.33:945][898]LogModuleManager: Shutting down and abandoning module AutomationController (406)
[2020.01.22-13.24.33:945][898]LogModuleManager: Shutting down and abandoning module AutomationWorker (404)
[2020.01.22-13.24.33:945][898]LogModuleManager: Shutting down and abandoning module Voice (402)
[2020.01.22-13.24.33:945][898]LogModuleManager: Shutting down and abandoning module AIModule (400)
[2020.01.22-13.24.33:945][898]LogModuleManager: Shutting down and abandoning module GameplayDebugger (399)
[2020.01.22-13.24.33:945][898]LogModuleManager: Shutting down and abandoning module AITestSuite (397)
[2020.01.22-13.24.33:945][898]LogModuleManager: Shutting down and abandoning module NavigationSystem (395)
[2020.01.22-13.24.33:945][898]LogModuleManager: Shutting down and abandoning module OculusMR (392)
[2020.01.22-13.24.33:945][898]LogModuleManager: Shutting down and abandoning module WmfMediaFactory (390)
[2020.01.22-13.24.33:945][898]LogModuleManager: Shutting down and abandoning module WebMMediaFactory (388)
[2020.01.22-13.24.33:945][898]LogModuleManager: Shutting down and abandoning module WebMMedia (386)
[2020.01.22-13.24.33:945][898]LogModuleManager: Shutting down and abandoning module OpenExrWrapper (384)
[2020.01.22-13.24.33:945][898]LogModuleManager: Shutting down and abandoning module ImgMediaFactory (382)
[2020.01.22-13.24.33:945][898]LogModuleManager: Shutting down and abandoning module AvfMediaFactory (380)
[2020.01.22-13.24.33:945][898]LogModuleManager: Shutting down and abandoning module MagicLeapCameraPreviewFactory (378)
[2020.01.22-13.24.33:945][898]LogModuleManager: Shutting down and abandoning module MagicLeapMediaCodecFactory (376)
[2020.01.22-13.24.33:945][898]LogModuleManager: Shutting down and abandoning module MagicLeapMediaFactory (374)
[2020.01.22-13.24.33:945][898]LogModuleManager: Shutting down and abandoning module CharacterAI (372)
[2020.01.22-13.24.33:945][898]LogModuleManager: Shutting down and abandoning module SessionServices (370)
[2020.01.22-13.24.33:945][898]LogModuleManager: Shutting down and abandoning module MovieSceneCapture (368)
[2020.01.22-13.24.33:945][898]LogModuleManager: Shutting down and abandoning module LiveCoding (366)
[2020.01.22-13.24.33:946][898]LogModuleManager: Shutting down and abandoning module LevelSequence (364)
[2020.01.22-13.24.33:946][898]LogModuleManager: Shutting down and abandoning module MovieSceneTracks (362)
[2020.01.22-13.24.33:946][898]LogModuleManager: Shutting down and abandoning module MovieScene (360)
[2020.01.22-13.24.33:946][898]LogModuleManager: Shutting down and abandoning module StreamingPauseRendering (358)
[2020.01.22-13.24.33:946][898]LogModuleManager: Shutting down and abandoning module PortalServices (356)
[2020.01.22-13.24.33:946][898]LogModuleManager: Shutting down and abandoning module PortalRpc (354)
[2020.01.22-13.24.33:946][898]LogModuleManager: Shutting down and abandoning module MessagingRpc (352)
[2020.01.22-13.24.33:946][898]LogModuleManager: Shutting down and abandoning module ImageWriteQueue (350)
[2020.01.22-13.24.33:948][898]LogModuleManager: Shutting down and abandoning module ProfilerService (348)
[2020.01.22-13.24.34:049][898]LogModuleManager: Shutting down and abandoning module TaskGraph (346)
[2020.01.22-13.24.34:049][898]LogModuleManager: Shutting down and abandoning module SteamVRController (344)
[2020.01.22-13.24.34:049][898]LogModuleManager: Shutting down and abandoning module ProceduralMeshComponent (342)
[2020.01.22-13.24.34:049][898]LogModuleManager: Shutting down and abandoning module OculusInput (340)
[2020.01.22-13.24.34:049][898]LogModuleManager: Shutting down and abandoning module MobilePatchingUtils (338)
[2020.01.22-13.24.34:050][898]LogModuleManager: Shutting down and abandoning module EditableMesh (336)
[2020.01.22-13.24.34:050][898]LogModuleManager: Shutting down and abandoning module CustomMeshComponent (334)
[2020.01.22-13.24.34:050][898]LogModuleManager: Shutting down and abandoning module CableComponent (332)
[2020.01.22-13.24.34:050][898]LogModuleManager: Shutting down and abandoning module AudioCapture (330)
[2020.01.22-13.24.34:050][898]LogModuleManager: Shutting down and abandoning module ArchVisCharacter (328)
[2020.01.22-13.24.34:050][898]LogModuleManager: Shutting down and abandoning module AppleImageUtilsBlueprintSupport (326)
[2020.01.22-13.24.34:050][898]LogModuleManager: Shutting down and abandoning module AppleImageUtils (324)
[2020.01.22-13.24.34:050][898]LogModuleManager: Shutting down and abandoning module AndroidPermission (322)
[2020.01.22-13.24.34:050][898]LogModuleManager: Shutting down and abandoning module NUTUnrealEngine4 (320)
[2020.01.22-13.24.34:050][898]LogModuleManager: Shutting down and abandoning module NetcodeUnitTest (318)
[2020.01.22-13.24.34:050][898]LogModuleManager: Shutting down and abandoning module MediaCompositing (316)
[2020.01.22-13.24.34:050][898]LogModuleManager: Shutting down and abandoning module ImgMedia (314)
[2020.01.22-13.24.34:050][898]LogModuleManager: Shutting down and abandoning module MagicLeapHelperVulkan (312)
[2020.01.22-13.24.34:050][898]LogModuleManager: Shutting down and abandoning module MagicLeapHelperOpenGL (310)
[2020.01.22-13.24.34:050][898]LogModuleManager: Shutting down and abandoning module MagicLeapAudio (308)
[2020.01.22-13.24.34:050][898]LogModuleManager: Shutting down and abandoning module HTML5Networking (306)
[2020.01.22-13.24.34:050][898]LogModuleManager: Shutting down and abandoning module GeometryCacheTracks (304)
[2020.01.22-13.24.34:050][898]LogModuleManager: Shutting down and abandoning module GeometryCacheSequencer (303)
[2020.01.22-13.24.34:050][898]LogModuleManager: Shutting down and abandoning module GeometryCache (300)
[2020.01.22-13.24.34:050][898]LogModuleManager: Shutting down and abandoning module GeometryCacheEd (299)
[2020.01.22-13.24.34:050][898]LogModuleManager: Shutting down and abandoning module BackChannel (296)
[2020.01.22-13.24.34:050][898]LogModuleManager: Shutting down and abandoning module AutomationUtils (294)
[2020.01.22-13.24.34:050][898]LogModuleManager: Shutting down and abandoning module VariantManagerContent (292)
[2020.01.22-13.24.34:050][898]LogModuleManager: Shutting down and abandoning module CryptoKeysOpenSSL (290)
[2020.01.22-13.24.34:050][898]LogModuleManager: Shutting down and abandoning module CryptoKeys (288)
[2020.01.22-13.24.34:050][898]LogModuleManager: Shutting down and abandoning module VisualStudioSourceCodeAccess (286)
[2020.01.22-13.24.34:050][898]LogModuleManager: Shutting down and abandoning module HotReload (285)
[2020.01.22-13.24.34:050][898]LogModuleManager: Shutting down and abandoning module DirectoryWatcher (284)
[2020.01.22-13.24.34:050][898]LogModuleManager: Shutting down and abandoning module VisualStudioCodeSourceCodeAccess (280)
[2020.01.22-13.24.34:050][898]LogModuleManager: Shutting down and abandoning module UObjectPlugin (278)
[2020.01.22-13.24.34:050][898]LogModuleManager: Shutting down and abandoning module SubversionSourceControl (276)
[2020.01.22-13.24.34:050][898]LogModuleManager: Shutting down and abandoning module PerforceSourceControl (274)
[2020.01.22-13.24.34:050][898]LogModuleManager: Shutting down and abandoning module SourceControl (273)
[2020.01.22-13.24.34:050][898]LogModuleManager: Shutting down and abandoning module CLionSourceCodeAccess (270)
[2020.01.22-13.24.34:050][898]LogModuleManager: Shutting down and abandoning module ActorLayerUtilities (268)
[2020.01.22-13.24.34:050][898]LogModuleManager: Shutting down and abandoning module JaxAndLegger (266)
[2020.01.22-13.24.34:050][898]LogModuleManager: Shutting down and abandoning module SignificanceManager (264)
[2020.01.22-13.24.34:050][898]LogModuleManager: Shutting down and abandoning module RuntimePhysXCooking (262)
[2020.01.22-13.24.34:050][898]LogModuleManager: Shutting down and abandoning module PhysXVehiclesEditor (260)
[2020.01.22-13.24.34:050][898]LogModuleManager: Shutting down and abandoning module LocationServicesBPLibrary (256)
[2020.01.22-13.24.34:051][898]LogModuleManager: Shutting down and abandoning module ActorSequence (254)
[2020.01.22-13.24.34:051][898]LogModuleManager: Shutting down and abandoning module UdpMessaging (252)
[2020.01.22-13.24.34:152][898]LogModuleManager: Shutting down and abandoning module TcpMessaging (250)
[2020.01.22-13.24.34:747][898]LogModuleManager: Shutting down and abandoning module MagicLeapIdentity (248)
[2020.01.22-13.24.34:747][898]LogModuleManager: Shutting down and abandoning module MagicLeapSecureStorage (246)
[2020.01.22-13.24.34:747][898]LogModuleManager: Shutting down and abandoning module MagicLeapHandTracking (244)
[2020.01.22-13.24.34:747][898]LogModuleManager: Shutting down and abandoning module MagicLeapEyeTracker (242)
[2020.01.22-13.24.34:747][898]LogModuleManager: Shutting down and abandoning module MagicLeapController (240)
[2020.01.22-13.24.34:747][898]LogSlate: Slate User Destroyed.  User Index 0, Is Virtual User: 0
[2020.01.22-13.24.34:748][898]LogModuleManager: Shutting down and abandoning module MagicLeapAR (238)
[2020.01.22-13.24.34:748][898]LogModuleManager: Shutting down and abandoning module AugmentedReality (237)
[2020.01.22-13.24.34:748][898]LogModuleManager: Shutting down and abandoning module GameplayTagsEditor (234)
[2020.01.22-13.24.34:748][898]LogModuleManager: Shutting down and abandoning module FacialAnimation (232)
[2020.01.22-13.24.34:748][898]LogModuleManager: Shutting down and abandoning module AssetManagerEditor (230)
[2020.01.22-13.24.34:748][898]LogModuleManager: Shutting down and abandoning module TreeMap (229)
[2020.01.22-13.24.34:748][898]LogModuleManager: Shutting down and abandoning module AnimationSharing (226)
[2020.01.22-13.24.34:748][898]LogModuleManager: Shutting down and abandoning module LightPropagationVolumeRuntime (224)
[2020.01.22-13.24.34:748][898]LogModuleManager: Shutting down and abandoning module Paper2D (222)
[2020.01.22-13.24.34:748][898]LogModuleManager: Shutting down and abandoning module WindowsMoviePlayer (220)
[2020.01.22-13.24.34:752][898]LogModuleManager: Shutting down and abandoning module WebMMoviePlayer (218)
[2020.01.22-13.24.34:753][898]LogModuleManager: Shutting down and abandoning module NetworkReplayStreaming (216)
[2020.01.22-13.24.34:753][898]LogModuleManager: Shutting down and abandoning module PacketHandler (214)
[2020.01.22-13.24.34:753][898]LogModuleManager: Shutting down and abandoning module ClothingSystemEditor (212)
[2020.01.22-13.24.34:753][898]LogModuleManager: Shutting down and abandoning module ClothingSystemRuntime (210)
[2020.01.22-13.24.34:753][898]LogModuleManager: Shutting down and abandoning module MediaAssets (208)
[2020.01.22-13.24.34:753][898]LogModuleManager: Shutting down and abandoning module Overlay (206)
[2020.01.22-13.24.34:753][898]LogModuleManager: Shutting down and abandoning module OverlayEditor (205)
[2020.01.22-13.24.34:753][898]LogModuleManager: Shutting down and abandoning module VREditor (202)
[2020.01.22-13.24.34:753][898]LogModuleManager: Shutting down and abandoning module StringTableEditor (200)
[2020.01.22-13.24.34:753][898]LogModuleManager: Shutting down and abandoning module GameplayTasksEditor (198)
[2020.01.22-13.24.34:753][898]LogModuleManager: Shutting down and abandoning module BehaviorTreeEditor (196)
[2020.01.22-13.24.34:753][898]LogModuleManager: Shutting down and abandoning module FunctionalTesting (194)
[2020.01.22-13.24.34:753][898]LogModuleManager: Shutting down and abandoning module CollisionAnalyzer (192)
[2020.01.22-13.24.34:753][898]LogModuleManager: Shutting down and abandoning module WorkspaceMenuStructure (191)
[2020.01.22-13.24.34:753][898]LogModuleManager: Shutting down and abandoning module UMG (188)
[2020.01.22-13.24.34:753][898]LogModuleManager: Shutting down and abandoning module UMGEditor (187)
[2020.01.22-13.24.34:753][898]LogModuleManager: Shutting down and abandoning module Sequencer (186)
[2020.01.22-13.24.34:753][898]LogModuleManager: Shutting down and abandoning module MessageLog (183)
[2020.01.22-13.24.34:754][898]LogModuleManager: Shutting down and abandoning module SlateReflector (178)
[2020.01.22-13.24.34:754][898]LogModuleManager: Shutting down and abandoning module Slate (176)
[2020.01.22-13.24.34:754][898]LogModuleManager: Shutting down and abandoning module LandscapeEditorUtilities (174)
[2020.01.22-13.24.34:754][898]LogModuleManager: Shutting down and abandoning module EditorStyle (172)
[2020.01.22-13.24.34:755][898]LogModuleManager: Shutting down and abandoning module UnrealEd (170)
[2020.01.22-13.24.34:755][898]LogModuleManager: Shutting down and abandoning module MRMesh (168)
[2020.01.22-13.24.34:755][898]LogModuleManager: Shutting down and abandoning module Messaging (166)
[2020.01.22-13.24.34:755][898]LogModuleManager: Shutting down and abandoning module SourceCodeAccess (164)
[2020.01.22-13.24.34:755][898]LogModuleManager: Shutting down and abandoning module HeadMountedDisplay (162)
[2020.01.22-13.24.34:755][898]LogModuleManager: Shutting down and abandoning module XAudio2 (160)
[2020.01.22-13.24.34:755][898]LogModuleManager: Shutting down and abandoning module Networking (158)
[2020.01.22-13.24.34:755][898]LogModuleManager: Shutting down and abandoning module Core (156)
[2020.01.22-13.24.34:755][898]LogModuleManager: Shutting down and abandoning module KismetCompiler (154)
[2020.01.22-13.24.34:755][898]LogModuleManager: Shutting down and abandoning module MeshUtilities (152)
[2020.01.22-13.24.34:755][898]LogModuleManager: Shutting down and abandoning module MeshMergeUtilities (151)
[2020.01.22-13.24.34:755][898]LogModuleManager: Shutting down and abandoning module MeshReductionInterface (150)
[2020.01.22-13.24.34:755][898]LogModuleManager: Shutting down and abandoning module SkeletalMeshReduction (149)
[2020.01.22-13.24.34:756][898]LogModuleManager: Shutting down and abandoning module ProxyLODMeshReduction (147)
[2020.01.22-13.24.34:756][898]LogModuleManager: Shutting down and abandoning module QuadricMeshReduction (145)
[2020.01.22-13.24.34:756][898]LogModuleManager: Shutting down and abandoning module MaterialBaking (141)
[2020.01.22-13.24.34:756][898]LogModuleManager: Shutting down and abandoning module NullInstallBundleManager (136)
[2020.01.22-13.24.34:756][898]LogModuleManager: Shutting down and abandoning module PIEPreviewDeviceProfileSelector (134)
[2020.01.22-13.24.34:756][898]LogModuleManager: Shutting down and abandoning module DerivedDataCache (132)
[2020.01.22-13.24.34:757][898]LogDerivedDataCache: Shutdown
[2020.01.22-13.24.34:757][898]LogModuleManager: Shutting down and abandoning module XGEController (130)
[2020.01.22-13.24.34:758][898]LogModuleManager: Shutting down and abandoning module TargetPlatform (128)
[2020.01.22-13.24.34:758][898]LogModuleManager: Shutting down and abandoning module VulkanShaderFormat (127)
[2020.01.22-13.24.34:758][898]LogModuleManager: Shutting down and abandoning module ShaderFormatVectorVM (125)
[2020.01.22-13.24.34:758][898]LogModuleManager: Shutting down and abandoning module ShaderFormatOpenGL (123)
[2020.01.22-13.24.34:758][898]LogModuleManager: Shutting down and abandoning module ShaderFormatD3D (121)
[2020.01.22-13.24.34:758][898]LogModuleManager: Shutting down and abandoning module MetalShaderFormat (119)
[2020.01.22-13.24.34:758][898]LogModuleManager: Shutting down and abandoning module TextureFormatUncompressed (117)
[2020.01.22-13.24.34:758][898]LogModuleManager: Shutting down and abandoning module TextureFormatPVR (115)
[2020.01.22-13.24.34:758][898]LogModuleManager: Shutting down and abandoning module TextureFormatDXT (113)
[2020.01.22-13.24.34:758][898]LogModuleManager: Shutting down and abandoning module TextureFormatIntelISPCTexComp (111)
[2020.01.22-13.24.34:758][898]LogModuleManager: Shutting down and abandoning module TextureFormatASTC (109)
[2020.01.22-13.24.34:758][898]LogModuleManager: Shutting down and abandoning module ImageWrapper (108)
[2020.01.22-13.24.34:758][898]LogModuleManager: Shutting down and abandoning module TextureFormatAndroid (105)
[2020.01.22-13.24.34:758][898]LogModuleManager: Shutting down and abandoning module AudioFormatOpus (103)
[2020.01.22-13.24.34:758][898]LogModuleManager: Shutting down and abandoning module AudioFormatOgg (101)
[2020.01.22-13.24.34:758][898]LogModuleManager: Shutting down and abandoning module AudioFormatADPCM (99)
[2020.01.22-13.24.34:758][898]LogModuleManager: Shutting down and abandoning module WindowsTargetPlatform (97)
[2020.01.22-13.24.34:758][898]LogModuleManager: Shutting down and abandoning module WindowsServerTargetPlatform (95)
[2020.01.22-13.24.34:758][898]LogModuleManager: Shutting down and abandoning module WindowsNoEditorTargetPlatform (93)
[2020.01.22-13.24.34:758][898]LogModuleManager: Shutting down and abandoning module WindowsClientTargetPlatform (91)
[2020.01.22-13.24.34:758][898]LogModuleManager: Shutting down and abandoning module InputCore (88)
[2020.01.22-13.24.34:758][898]LogModuleManager: Shutting down and abandoning module Settings (86)
[2020.01.22-13.24.34:758][898]LogModuleManager: Shutting down and abandoning module PhysXCooking (84)
[2020.01.22-13.24.34:758][898]LogModuleManager: Shutting down and abandoning module WindowsPlatformFeatures (82)
[2020.01.22-13.24.34:758][898]LogModuleManager: Shutting down and abandoning module GameplayMediaEncoder (81)
[2020.01.22-13.24.34:758][898]LogModuleManager: Shutting down and abandoning module SteamVR (78)
[2020.01.22-13.24.34:758][898]LogHMD: Freeing OpenVRDLLHandle.
[2020.01.22-13.24.34:758][898]LogModuleManager: Shutting down and abandoning module OculusHMD (76)
[2020.01.22-13.24.34:758][898]LogModuleManager: Shutting down and abandoning module ExampleDeviceProfileSelector (74)
[2020.01.22-13.24.34:758][898]LogModuleManager: Shutting down and abandoning module LauncherChunkInstaller (72)
[2020.01.22-13.24.34:758][898]LogModuleManager: Shutting down and abandoning module OnlineBlueprintSupport (70)
[2020.01.22-13.24.34:758][898]LogModuleManager: Shutting down and abandoning module OnlineSubsystem (66)
[2020.01.22-13.24.34:759][898]LogModuleManager: Shutting down and abandoning module XMPP (61)
[2020.01.22-13.24.34:759][898]LogModuleManager: Shutting down and abandoning module WebSockets (60)
[2020.01.22-13.24.34:791][898]LogModuleManager: Shutting down and abandoning module HTTP (57)
[2020.01.22-13.24.34:792][898]LogModuleManager: Shutting down and abandoning module SSL (56)
[2020.01.22-13.24.34:794][898]LogModuleManager: Shutting down and abandoning module WmfMedia (52)
[2020.01.22-13.24.34:796][898]LogModuleManager: Shutting down and abandoning module Media (51)
[2020.01.22-13.24.34:797][898]LogModuleManager: Shutting down and abandoning module MagicLeap (48)
[2020.01.22-13.24.34:797][898]LogModuleManager: Shutting down and abandoning module DatasmithContent (46)
[2020.01.22-13.24.34:800][898]LogModuleManager: Shutting down and abandoning module AISupportModule (44)
[2020.01.22-13.24.34:800][898]LogModuleManager: Shutting down and abandoning module PlatformCryptoOpenSSL (42)
[2020.01.22-13.24.34:800][898]LogModuleManager: Shutting down and abandoning module PlatformCrypto (40)
[2020.01.22-13.24.34:800][898]LogModuleManager: Shutting down and abandoning module AnimationModifiers (38)
[2020.01.22-13.24.34:800][898]LogModuleManager: Shutting down and abandoning module PropertyEditor (37)
[2020.01.22-13.24.34:801][898]LogModuleManager: Shutting down and abandoning module AudioEditor (34)
[2020.01.22-13.24.34:802][898]LogModuleManager: Shutting down and abandoning module TextureCompressor (32)
[2020.01.22-13.24.34:802][898]LogModuleManager: Shutting down and abandoning module RenderCore (30)
[2020.01.22-13.24.34:802][898]LogModuleManager: Shutting down and abandoning module Landscape (28)
[2020.01.22-13.24.34:802][898]LogModuleManager: Shutting down and abandoning module SlateRHIRenderer (26)
[2020.01.22-13.24.34:804][898]LogModuleManager: Shutting down and abandoning module OpenGLDrv (24)
[2020.01.22-13.24.34:804][898]LogModuleManager: Shutting down and abandoning module D3D11RHI (22)
[2020.01.22-13.24.34:805][898]LogModuleManager: Shutting down and abandoning module AnimGraphRuntime (20)
[2020.01.22-13.24.34:805][898]LogModuleManager: Shutting down and abandoning module Renderer (18)
[2020.01.22-13.24.34:805][898]LogModuleManager: Shutting down and abandoning module Engine (16)
[2020.01.22-13.24.34:805][898]LogModuleManager: Shutting down and abandoning module CoreUObject (14)
[2020.01.22-13.24.34:805][898]LogModuleManager: Shutting down and abandoning module NetworkFile (12)
[2020.01.22-13.24.34:805][898]LogModuleManager: Shutting down and abandoning module CookedIterativeFile (10)
[2020.01.22-13.24.34:805][898]LogModuleManager: Shutting down and abandoning module StreamingFile (8)
[2020.01.22-13.24.34:805][898]LogModuleManager: Shutting down and abandoning module SandboxFile (6)
[2020.01.22-13.24.34:805][898]LogModuleManager: Shutting down and abandoning module PakFile (4)
[2020.01.22-13.24.34:805][898]LogModuleManager: Shutting down and abandoning module RSA (3)
[2020.01.22-13.24.34:806][898]LogD3D11RHI: Shutdown
[2020.01.22-13.24.34:806][898]LogD3D11RHI: CleanupD3DDevice
[2020.01.22-13.24.34:806][898]LogRendererCore: FGlobalDynamicReadBuffer::Cleanup()
[2020.01.22-13.24.34:806][898]LogRendererCore: FGlobalDynamicReadBuffer::Cleanup()
[2020.01.22-13.24.34:806][898]LogRendererCore: FGlobalDynamicReadBuffer::Cleanup()
[2020.01.22-13.24.34:807][898]LogD3D11RHI: ~FD3D11DynamicRHI
[2020.01.22-13.24.34:815][898]LogExit: Exiting.
[2020.01.22-13.24.34:829][898]Log file closed, 01/22/20 14:24:34
