Log file open, 01/29/20 15:09:38
LogWindows: Failed to load 'aqProf.dll' (GetLastError=126)
LogWindows: File 'aqProf.dll' does not exist
LogWindows: Failed to load 'VtuneApi.dll' (GetLastError=126)
LogWindows: File 'VtuneApi.dll' does not exist
LogWindows: Failed to load 'VtuneApi32e.dll' (GetLastError=126)
LogWindows: File 'VtuneApi32e.dll' does not exist
LogConsoleResponse: Display: Failed to find resolution value strings in scalability ini. Falling back to default.
LogInit: Display: Running engine for game: JaxAndLegger
LogPlatformFile: Not using cached read wrapper
LogTaskGraph: Started task graph with 5 named threads and 35 total threads with 3 sets of task threads.
LogStats: Stats thread started at 0.087938
LogD3D11RHI: Loaded GFSDK_Aftermath_Lib.x64.dll
LogICUInternationalization: ICU TimeZone Detection - Raw Offset: +1:00, Platform Override: ''
LogPluginManager: Mounting plugin Paper2D
LogPluginManager: Mounting plugin AISupport
LogPluginManager: Mounting plugin LightPropagationVolume
LogPluginManager: Mounting plugin ActorLayerUtilities
LogPluginManager: Mounting plugin AnimationSharing
LogPluginManager: Mounting plugin CLionSourceCodeAccess
LogPluginManager: Mounting plugin CodeLiteSourceCodeAccess
LogPluginManager: Mounting plugin GitSourceControl
LogPluginManager: Mounting plugin KDevelopSourceCodeAccess
LogPluginManager: Mounting plugin NullSourceCodeAccess
LogPluginManager: Mounting plugin PerforceSourceControl
LogPluginManager: Mounting plugin SubversionSourceControl
LogPluginManager: Mounting plugin UObjectPlugin
LogPluginManager: Mounting plugin VisualStudioCodeSourceCodeAccess
LogPluginManager: Mounting plugin VisualStudioSourceCodeAccess
LogPluginManager: Mounting plugin XCodeSourceCodeAccess
LogPluginManager: Mounting plugin AssetManagerEditor
LogPluginManager: Mounting plugin CryptoKeys
LogPluginManager: Mounting plugin CurveEditorTools
LogPluginManager: Mounting plugin DataValidation
LogPluginManager: Mounting plugin FacialAnimation
LogPluginManager: Mounting plugin GameplayTagsEditor
LogPluginManager: Mounting plugin MacGraphicsSwitching
LogPluginManager: Mounting plugin MaterialAnalyzer
LogPluginManager: Mounting plugin MobileLauncherProfileWizard
LogPluginManager: Mounting plugin PluginBrowser
LogPluginManager: Mounting plugin SpeedTreeImporter
LogPluginManager: Mounting plugin DatasmithContent
LogPluginManager: Mounting plugin VariantManagerContent
LogPluginManager: Mounting plugin AlembicImporter
LogPluginManager: Mounting plugin AutomationUtils
LogPluginManager: Mounting plugin BackChannel
LogPluginManager: Mounting plugin CharacterAI
LogPluginManager: Mounting plugin GeometryCache
LogPluginManager: Mounting plugin HTML5Networking
LogPluginManager: Mounting plugin PlatformCrypto
LogPluginManager: Mounting plugin ProxyLODPlugin
LogPluginManager: Mounting plugin SkeletalReduction
LogPluginManager: Mounting plugin MagicLeap
LogPluginManager: Mounting plugin MagicLeapMedia
LogPluginManager: Mounting plugin AndroidMedia
LogPluginManager: Mounting plugin AvfMedia
LogPluginManager: Mounting plugin ImgMedia
LogPluginManager: Mounting plugin MediaCompositing
LogPluginManager: Mounting plugin MediaPlayerEditor
LogPluginManager: Mounting plugin WebMMedia
LogPluginManager: Mounting plugin WmfMedia
LogPluginManager: Mounting plugin TcpMessaging
LogPluginManager: Mounting plugin UdpMessaging
LogPluginManager: Mounting plugin ActorSequence
LogPluginManager: Mounting plugin LevelSequenceEditor
LogPluginManager: Mounting plugin MatineeToLevelSequence
LogPluginManager: Mounting plugin NetcodeUnitTest
LogPluginManager: Mounting plugin NUTUnrealEngine4
LogPluginManager: Mounting plugin OnlineSubsystemGooglePlay
LogPluginManager: Mounting plugin OnlineSubsystemIOS
LogPluginManager: Mounting plugin OnlineSubsystem
LogPluginManager: Mounting plugin OnlineSubsystemNull
LogPluginManager: Mounting plugin OnlineSubsystemUtils
LogPluginManager: Mounting plugin LauncherChunkInstaller
LogPluginManager: Mounting plugin AndroidDeviceProfileSelector
LogPluginManager: Mounting plugin AndroidMoviePlayer
LogPluginManager: Mounting plugin AndroidPermission
LogPluginManager: Mounting plugin AppleImageUtils
LogPluginManager: Mounting plugin AppleMoviePlayer
LogPluginManager: Mounting plugin ArchVisCharacter
LogPluginManager: Mounting plugin AudioCapture
LogPluginManager: Mounting plugin CableComponent
LogPluginManager: Mounting plugin CustomMeshComponent
LogPluginManager: Mounting plugin EditableMesh
LogPluginManager: Mounting plugin ExampleDeviceProfileSelector
LogPluginManager: Mounting plugin GoogleCloudMessaging
LogPluginManager: Mounting plugin IOSDeviceProfileSelector
LogPluginManager: Mounting plugin LinuxDeviceProfileSelector
LogPluginManager: Mounting plugin LocationServicesBPLibrary
LogPluginManager: Mounting plugin MobilePatchingUtils
LogPluginManager: Mounting plugin OculusVR
LogPluginManager: Mounting plugin PhysXVehicles
LogPluginManager: Mounting plugin ProceduralMeshComponent
LogPluginManager: Mounting plugin RuntimePhysXCooking
LogPluginManager: Mounting plugin SignificanceManager
LogPluginManager: Mounting plugin SteamVR
LogPluginManager: Mounting plugin WebMMoviePlayer
LogPluginManager: Mounting plugin WindowsMoviePlayer
LogPluginManager: Mounting plugin ScreenshotTools
LogInit: Using libcurl 7.55.1-DEV
LogInit:  - built for x86_64-pc-win32
LogInit:  - supports SSL with OpenSSL/1.1.1
LogInit:  - supports HTTP deflate (compression) using libz 1.2.8
LogInit:  - other features:
LogInit:      CURL_VERSION_SSL
LogInit:      CURL_VERSION_LIBZ
LogInit:      CURL_VERSION_IPV6
LogInit:      CURL_VERSION_ASYNCHDNS
LogInit:      CURL_VERSION_LARGEFILE
LogInit:      CURL_VERSION_IDN
LogInit:  CurlRequestOptions (configurable via config and command line):
LogInit:  - bVerifyPeer = true  - Libcurl will verify peer certificate
LogInit:  - bUseHttpProxy = false  - Libcurl will NOT use HTTP proxy
LogInit:  - bDontReuseConnections = false  - Libcurl will reuse connections
LogInit:  - MaxHostConnections = 16  - Libcurl will limit the number of connections to a host
LogInit:  - LocalHostAddr = Default
LogInit:  - BufferSize = 65536
LogOnline: OSS: Creating online subsystem instance for: NULL
LogInit: WinSock: version 1.1 (2.2), MaxSocks=32767, MaxUdp=65467
LogInit: Build: ++UE4+Release-4.23-CL-9631420
LogInit: Engine Version: 4.23.1-9631420+++UE4+Release-4.23
LogInit: Compatible Engine Version: 4.23.0-8386587+++UE4+Release-4.23
LogInit: Net CL: 8386587
LogInit: OS: Windows 10 (Release 1903) (), CPU: Intel(R) Core(TM) i7-8750H CPU @ 2.20GHz, GPU: Intel(R) UHD Graphics 630
LogInit: Compiled (64-bit): Oct 18 2019 02:07:44
LogInit: Compiled with Visual C++: 19.16.27030.01
LogInit: Build Configuration: Development
LogInit: Branch Name: ++UE4+Release-4.23
LogInit: Command Line:  /Game/Maps/MainMenu -game -PIEVIACONSOLE -ResX=1280 -ResY=720 -Multiprocess -messaging -SessionName="Play in Standalone Game" -windowed
LogInit: Base Directory: D:/Program Files/Epic Games/UE_4.23/Engine/Binaries/Win64/
LogInit: Installed Engine Build: 1
LogDevObjectVersion: Number of dev versions registered: 23
LogDevObjectVersion:   Dev-Blueprints (B0D832E4-1F89-4F0D-ACCF-7EB736FD4AA2): 10
LogDevObjectVersion:   Dev-Build (E1C64328-A22C-4D53-A36C-8E866417BD8C): 0
LogDevObjectVersion:   Dev-Core (375EC13C-06E4-48FB-B500-84F0262A717E): 3
LogDevObjectVersion:   Dev-Editor (E4B068ED-F494-42E9-A231-DA0B2E46BB41): 34
LogDevObjectVersion:   Dev-Framework (CFFC743F-43B0-4480-9391-14DF171D2073): 35
LogDevObjectVersion:   Dev-Mobile (B02B49B5-BB20-44E9-A304-32B752E40360): 2
LogDevObjectVersion:   Dev-Networking (A4E4105C-59A1-49B5-A7C5-40C4547EDFEE): 0
LogDevObjectVersion:   Dev-Online (39C831C9-5AE6-47DC-9A44-9C173E1C8E7C): 0
LogDevObjectVersion:   Dev-Physics (78F01B33-EBEA-4F98-B9B4-84EACCB95AA2): 0
LogDevObjectVersion:   Dev-Platform (6631380F-2D4D-43E0-8009-CF276956A95A): 0
LogDevObjectVersion:   Dev-Rendering (12F88B9F-8875-4AFC-A67C-D90C383ABD29): 31
LogDevObjectVersion:   Dev-Sequencer (7B5AE74C-D270-4C10-A958-57980B212A5A): 11
LogDevObjectVersion:   Dev-VR (D7296918-1DD6-4BDD-9DE2-64A83CC13884): 2
LogDevObjectVersion:   Dev-LoadTimes (C2A15278-BFE7-4AFE-6C17-90FF531DF755): 1
LogDevObjectVersion:   Private-Geometry (6EACA3D4-40EC-4CC1-B786-8BED09428FC5): 3
LogDevObjectVersion:   Dev-AnimPhys (29E575DD-E0A3-4627-9D10-D276232CDCEA): 17
LogDevObjectVersion:   Dev-Anim (AF43A65D-7FD3-4947-9873-3E8ED9C1BB05): 2
LogDevObjectVersion:   Dev-ReflectionCapture (6B266CEC-1EC7-4B8F-A30B-E4D90942FC07): 1
LogDevObjectVersion:   Dev-Automation (0DF73D61-A23F-47EA-B727-89E90C41499A): 1
LogDevObjectVersion:   FortniteMain (601D1886-AC64-4F84-AA16-D3DE0DEAC7D6): 27
LogDevObjectVersion:   Dev-Enterprise (9DFFBCD6-494F-0158-E221-12823C92A888): 6
LogDevObjectVersion:   Dev-Niagara (F2AED0AC-9AFE-416F-8664-AA7FFA26D6FC): 1
LogDevObjectVersion:   Dev-Destruction (174F1F0B-B4C6-45A5-B13F-2EE8D0FB917D): 9
LogInit: Presizing for max 16777216 objects, including 0 objects not considered by GC, pre-allocating 0 bytes for permanent pool.
LogInit: Object subsystem initialized
LogConfig: Setting CVar [[con.DebugEarlyDefault:1]]
LogConfig: Setting CVar [[r.setres:1280x720]]
[2020.01.29-14.09.38:292][  0]LogConfig: Setting CVar [[con.DebugEarlyDefault:1]]
[2020.01.29-14.09.38:292][  0]LogConfig: Setting CVar [[r.setres:1280x720]]
[2020.01.29-14.09.38:292][  0]LogConfig: Applying CVar settings from Section [/Script/Engine.RendererSettings] File [D:/BTS/OneDrive - 365education/Semester3/GOPRO/JaxAndLeggers_FabioVersion/Saved/Config/Windows/Engine.ini]
[2020.01.29-14.09.38:292][  0]LogConfig: Setting CVar [[r.GPUCrashDebugging:0]]
[2020.01.29-14.09.38:292][  0]LogConfig: Applying CVar settings from Section [/Script/Engine.RendererOverrideSettings] File [D:/BTS/OneDrive - 365education/Semester3/GOPRO/JaxAndLeggers_FabioVersion/Saved/Config/Windows/Engine.ini]
[2020.01.29-14.09.38:292][  0]LogConfig: Applying CVar settings from Section [/Script/Engine.StreamingSettings] File [D:/BTS/OneDrive - 365education/Semester3/GOPRO/JaxAndLeggers_FabioVersion/Saved/Config/Windows/Engine.ini]
[2020.01.29-14.09.38:292][  0]LogConfig: Setting CVar [[s.MinBulkDataSizeForAsyncLoading:131072]]
[2020.01.29-14.09.38:292][  0]LogConfig: Setting CVar [[s.AsyncLoadingThreadEnabled:0]]
[2020.01.29-14.09.38:292][  0]LogConfig: Setting CVar [[s.EventDrivenLoaderEnabled:1]]
[2020.01.29-14.09.38:292][  0]LogConfig: Setting CVar [[s.WarnIfTimeLimitExceeded:0]]
[2020.01.29-14.09.38:292][  0]LogConfig: Setting CVar [[s.TimeLimitExceededMultiplier:1.5]]
[2020.01.29-14.09.38:292][  0]LogConfig: Setting CVar [[s.TimeLimitExceededMinTime:0.005]]
[2020.01.29-14.09.38:292][  0]LogConfig: Setting CVar [[s.UseBackgroundLevelStreaming:1]]
[2020.01.29-14.09.38:292][  0]LogConfig: Setting CVar [[s.PriorityAsyncLoadingExtraTime:15.0]]
[2020.01.29-14.09.38:292][  0]LogConfig: Setting CVar [[s.LevelStreamingActorsUpdateTimeLimit:5.0]]
[2020.01.29-14.09.38:292][  0]LogConfig: Setting CVar [[s.PriorityLevelStreamingActorsUpdateExtraTime:5.0]]
[2020.01.29-14.09.38:292][  0]LogConfig: Setting CVar [[s.LevelStreamingComponentsRegistrationGranularity:10]]
[2020.01.29-14.09.38:292][  0]LogConfig: Setting CVar [[s.UnregisterComponentsTimeLimit:1.0]]
[2020.01.29-14.09.38:292][  0]LogConfig: Setting CVar [[s.LevelStreamingComponentsUnregistrationGranularity:5]]
[2020.01.29-14.09.38:292][  0]LogConfig: Applying CVar settings from Section [/Script/Engine.GarbageCollectionSettings] File [D:/BTS/OneDrive - 365education/Semester3/GOPRO/JaxAndLeggers_FabioVersion/Saved/Config/Windows/Engine.ini]
[2020.01.29-14.09.38:292][  0]LogConfig: Setting CVar [[gc.MaxObjectsNotConsideredByGC:1]]
[2020.01.29-14.09.38:292][  0]LogConfig: Setting CVar [[gc.SizeOfPermanentObjectPool:0]]
[2020.01.29-14.09.38:292][  0]LogConfig: Setting CVar [[gc.FlushStreamingOnGC:0]]
[2020.01.29-14.09.38:292][  0]LogConfig: Setting CVar [[gc.NumRetriesBeforeForcingGC:10]]
[2020.01.29-14.09.38:292][  0]LogConfig: Setting CVar [[gc.AllowParallelGC:1]]
[2020.01.29-14.09.38:293][  0]LogConfig: Setting CVar [[gc.TimeBetweenPurgingPendingKillObjects:61.1]]
[2020.01.29-14.09.38:293][  0]LogConfig: Setting CVar [[gc.MaxObjectsInEditor:16777216]]
[2020.01.29-14.09.38:293][  0]LogConfig: Setting CVar [[gc.IncrementalBeginDestroyEnabled:1]]
[2020.01.29-14.09.38:293][  0]LogConfig: Setting CVar [[gc.CreateGCClusters:1]]
[2020.01.29-14.09.38:293][  0]LogConfig: Setting CVar [[gc.MinGCClusterSize:5]]
[2020.01.29-14.09.38:293][  0]LogConfig: Setting CVar [[gc.ActorClusteringEnabled:0]]
[2020.01.29-14.09.38:293][  0]LogConfig: Setting CVar [[gc.BlueprintClusteringEnabled:0]]
[2020.01.29-14.09.38:293][  0]LogConfig: Setting CVar [[gc.UseDisregardForGCOnDedicatedServers:0]]
[2020.01.29-14.09.38:293][  0]LogConfig: Applying CVar settings from Section [/Script/Engine.NetworkSettings] File [D:/BTS/OneDrive - 365education/Semester3/GOPRO/JaxAndLeggers_FabioVersion/Saved/Config/Windows/Engine.ini]
[2020.01.29-14.09.38:293][  0]LogConfig: Applying CVar settings from Section [/Script/UnrealEd.CookerSettings] File [D:/BTS/OneDrive - 365education/Semester3/GOPRO/JaxAndLeggers_FabioVersion/Saved/Config/Windows/Engine.ini]
[2020.01.29-14.09.38:299][  0]LogConfig: Applying CVar settings from Section [ViewDistanceQuality@3] File [D:/BTS/OneDrive - 365education/Semester3/GOPRO/JaxAndLeggers_FabioVersion/Saved/Config/Windows/Scalability.ini]
[2020.01.29-14.09.38:299][  0]LogConfig: Setting CVar [[r.SkeletalMeshLODBias:0]]
[2020.01.29-14.09.38:299][  0]LogConfig: Setting CVar [[r.ViewDistanceScale:1.0]]
[2020.01.29-14.09.38:299][  0]LogConfig: Applying CVar settings from Section [AntiAliasingQuality@3] File [D:/BTS/OneDrive - 365education/Semester3/GOPRO/JaxAndLeggers_FabioVersion/Saved/Config/Windows/Scalability.ini]
[2020.01.29-14.09.38:299][  0]LogConfig: Setting CVar [[r.PostProcessAAQuality:4]]
[2020.01.29-14.09.38:299][  0]LogConfig: Applying CVar settings from Section [ShadowQuality@3] File [D:/BTS/OneDrive - 365education/Semester3/GOPRO/JaxAndLeggers_FabioVersion/Saved/Config/Windows/Scalability.ini]
[2020.01.29-14.09.38:299][  0]LogConfig: Setting CVar [[r.LightFunctionQuality:1]]
[2020.01.29-14.09.38:299][  0]LogConfig: Setting CVar [[r.ShadowQuality:5]]
[2020.01.29-14.09.38:299][  0]LogConfig: Setting CVar [[r.Shadow.CSM.MaxCascades:10]]
[2020.01.29-14.09.38:299][  0]LogConfig: Setting CVar [[r.Shadow.MaxResolution:2048]]
[2020.01.29-14.09.38:299][  0]LogConfig: Setting CVar [[r.Shadow.MaxCSMResolution:2048]]
[2020.01.29-14.09.38:299][  0]LogConfig: Setting CVar [[r.Shadow.RadiusThreshold:0.01]]
[2020.01.29-14.09.38:299][  0]LogConfig: Setting CVar [[r.Shadow.DistanceScale:1.0]]
[2020.01.29-14.09.38:299][  0]LogConfig: Setting CVar [[r.Shadow.CSM.TransitionScale:1.0]]
[2020.01.29-14.09.38:299][  0]LogConfig: Setting CVar [[r.Shadow.PreShadowResolutionFactor:1.0]]
[2020.01.29-14.09.38:299][  0]LogConfig: Setting CVar [[r.DistanceFieldShadowing:1]]
[2020.01.29-14.09.38:300][  0]LogConfig: Setting CVar [[r.DistanceFieldAO:1]]
[2020.01.29-14.09.38:300][  0]LogConfig: Setting CVar [[r.AOQuality:2]]
[2020.01.29-14.09.38:300][  0]LogConfig: Setting CVar [[r.VolumetricFog:1]]
[2020.01.29-14.09.38:300][  0]LogConfig: Setting CVar [[r.VolumetricFog.GridPixelSize:8]]
[2020.01.29-14.09.38:300][  0]LogConfig: Setting CVar [[r.VolumetricFog.GridSizeZ:128]]
[2020.01.29-14.09.38:300][  0]LogConfig: Setting CVar [[r.VolumetricFog.HistoryMissSupersampleCount:4]]
[2020.01.29-14.09.38:300][  0]LogConfig: Setting CVar [[r.LightMaxDrawDistanceScale:1]]
[2020.01.29-14.09.38:300][  0]LogConfig: Setting CVar [[r.CapsuleShadows:1]]
[2020.01.29-14.09.38:300][  0]LogConfig: Applying CVar settings from Section [PostProcessQuality@3] File [D:/BTS/OneDrive - 365education/Semester3/GOPRO/JaxAndLeggers_FabioVersion/Saved/Config/Windows/Scalability.ini]
[2020.01.29-14.09.38:300][  0]LogConfig: Setting CVar [[r.MotionBlurQuality:4]]
[2020.01.29-14.09.38:300][  0]LogConfig: Setting CVar [[r.AmbientOcclusionMipLevelFactor:0.4]]
[2020.01.29-14.09.38:300][  0]LogConfig: Setting CVar [[r.AmbientOcclusionMaxQuality:100]]
[2020.01.29-14.09.38:300][  0]LogConfig: Setting CVar [[r.AmbientOcclusionLevels:-1]]
[2020.01.29-14.09.38:300][  0]LogConfig: Setting CVar [[r.AmbientOcclusionRadiusScale:1.0]]
[2020.01.29-14.09.38:300][  0]LogConfig: Setting CVar [[r.DepthOfFieldQuality:2]]
[2020.01.29-14.09.38:300][  0]LogConfig: Setting CVar [[r.RenderTargetPoolMin:400]]
[2020.01.29-14.09.38:300][  0]LogConfig: Setting CVar [[r.LensFlareQuality:2]]
[2020.01.29-14.09.38:300][  0]LogConfig: Setting CVar [[r.SceneColorFringeQuality:1]]
[2020.01.29-14.09.38:300][  0]LogConfig: Setting CVar [[r.EyeAdaptationQuality:2]]
[2020.01.29-14.09.38:300][  0]LogConfig: Setting CVar [[r.BloomQuality:5]]
[2020.01.29-14.09.38:300][  0]LogConfig: Setting CVar [[r.FastBlurThreshold:100]]
[2020.01.29-14.09.38:300][  0]LogConfig: Setting CVar [[r.Upscale.Quality:3]]
[2020.01.29-14.09.38:300][  0]LogConfig: Setting CVar [[r.Tonemapper.GrainQuantization:1]]
[2020.01.29-14.09.38:300][  0]LogConfig: Setting CVar [[r.LightShaftQuality:1]]
[2020.01.29-14.09.38:300][  0]LogConfig: Setting CVar [[r.Filter.SizeScale:1]]
[2020.01.29-14.09.38:300][  0]LogConfig: Setting CVar [[r.Tonemapper.Quality:5]]
[2020.01.29-14.09.38:300][  0]LogConfig: Setting CVar [[r.DOF.Gather.AccumulatorQuality:1        ; higher gathering accumulator quality]]
[2020.01.29-14.09.38:300][  0]LogConfig: Setting CVar [[r.DOF.Gather.PostfilterMethod:1          ; Median3x3 postfilering method]]
[2020.01.29-14.09.38:300][  0]LogConfig: Setting CVar [[r.DOF.Gather.EnableBokehSettings:0       ; no bokeh simulation when gathering]]
[2020.01.29-14.09.38:300][  0]LogConfig: Setting CVar [[r.DOF.Gather.RingCount:4                 ; medium number of samples when gathering]]
[2020.01.29-14.09.38:300][  0]LogConfig: Setting CVar [[r.DOF.Scatter.ForegroundCompositing:1    ; additive foreground scattering]]
[2020.01.29-14.09.38:300][  0]LogConfig: Setting CVar [[r.DOF.Scatter.BackgroundCompositing:2    ; additive background scattering]]
[2020.01.29-14.09.38:300][  0]LogConfig: Setting CVar [[r.DOF.Scatter.EnableBokehSettings:1      ; bokeh simulation when scattering]]
[2020.01.29-14.09.38:300][  0]LogConfig: Setting CVar [[r.DOF.Scatter.MaxSpriteRatio:0.1         ; only a maximum of 10% of scattered bokeh]]
[2020.01.29-14.09.38:300][  0]LogConfig: Setting CVar [[r.DOF.Recombine.Quality:1                ; cheap slight out of focus]]
[2020.01.29-14.09.38:300][  0]LogConfig: Setting CVar [[r.DOF.Recombine.EnableBokehSettings:0    ; no bokeh simulation on slight out of focus]]
[2020.01.29-14.09.38:300][  0]LogConfig: Setting CVar [[r.DOF.TemporalAAQuality:1                ; more stable temporal accumulation]]
[2020.01.29-14.09.38:300][  0]LogConfig: Setting CVar [[r.DOF.Kernel.MaxForegroundRadius:0.025]]
[2020.01.29-14.09.38:300][  0]LogConfig: Setting CVar [[r.DOF.Kernel.MaxBackgroundRadius:0.025]]
[2020.01.29-14.09.38:300][  0]LogConfig: Applying CVar settings from Section [TextureQuality@3] File [D:/BTS/OneDrive - 365education/Semester3/GOPRO/JaxAndLeggers_FabioVersion/Saved/Config/Windows/Scalability.ini]
[2020.01.29-14.09.38:300][  0]LogConfig: Setting CVar [[r.Streaming.MipBias:0]]
[2020.01.29-14.09.38:300][  0]LogConfig: Setting CVar [[r.Streaming.AmortizeCPUToGPUCopy:0]]
[2020.01.29-14.09.38:300][  0]LogConfig: Setting CVar [[r.Streaming.MaxNumTexturesToStreamPerFrame:0]]
[2020.01.29-14.09.38:300][  0]LogConfig: Setting CVar [[r.Streaming.Boost:1]]
[2020.01.29-14.09.38:300][  0]LogConfig: Setting CVar [[r.MaxAnisotropy:8]]
[2020.01.29-14.09.38:300][  0]LogConfig: Setting CVar [[r.Streaming.LimitPoolSizeToVRAM:0]]
[2020.01.29-14.09.38:300][  0]LogConfig: Setting CVar [[r.Streaming.PoolSize:1000]]
[2020.01.29-14.09.38:300][  0]LogConfig: Setting CVar [[r.Streaming.MaxEffectiveScreenSize:0]]
[2020.01.29-14.09.38:300][  0]LogConfig: Applying CVar settings from Section [EffectsQuality@3] File [D:/BTS/OneDrive - 365education/Semester3/GOPRO/JaxAndLeggers_FabioVersion/Saved/Config/Windows/Scalability.ini]
[2020.01.29-14.09.38:300][  0]LogConfig: Setting CVar [[r.TranslucencyLightingVolumeDim:64]]
[2020.01.29-14.09.38:300][  0]LogConfig: Setting CVar [[r.RefractionQuality:2]]
[2020.01.29-14.09.38:300][  0]LogConfig: Setting CVar [[r.SSR.Quality:3]]
[2020.01.29-14.09.38:300][  0]LogConfig: Setting CVar [[r.SceneColorFormat:4]]
[2020.01.29-14.09.38:300][  0]LogConfig: Setting CVar [[r.DetailMode:2]]
[2020.01.29-14.09.38:300][  0]LogConfig: Setting CVar [[r.TranslucencyVolumeBlur:1]]
[2020.01.29-14.09.38:300][  0]LogConfig: Setting CVar [[r.MaterialQualityLevel:1 ; High quality]]
[2020.01.29-14.09.38:300][  0]LogConfig: Setting CVar [[r.SSS.Scale:1]]
[2020.01.29-14.09.38:300][  0]LogConfig: Setting CVar [[r.SSS.SampleSet:2]]
[2020.01.29-14.09.38:300][  0]LogConfig: Setting CVar [[r.SSS.Quality:1]]
[2020.01.29-14.09.38:300][  0]LogConfig: Setting CVar [[r.SSS.HalfRes:1]]
[2020.01.29-14.09.38:301][  0]LogConfig: Setting CVar [[r.EmitterSpawnRateScale:1.0]]
[2020.01.29-14.09.38:301][  0]LogConfig: Setting CVar [[r.ParticleLightQuality:2]]
[2020.01.29-14.09.38:301][  0]LogConfig: Applying CVar settings from Section [FoliageQuality@3] File [D:/BTS/OneDrive - 365education/Semester3/GOPRO/JaxAndLeggers_FabioVersion/Saved/Config/Windows/Scalability.ini]
[2020.01.29-14.09.38:301][  0]LogConfig: Setting CVar [[foliage.DensityScale:1.0]]
[2020.01.29-14.09.38:301][  0]LogConfig: Setting CVar [[grass.DensityScale:1.0]]
[2020.01.29-14.09.38:301][  0]LogInit: Selected Device Profile: [Windows]
[2020.01.29-14.09.38:301][  0]LogInit: Applying CVar settings loaded from the selected device profile: [Windows]
[2020.01.29-14.09.38:304][  0]LogHAL: Display: Platform has ~ 16 GB [17014734848 / 17179869184 / 16], which maps to Larger [LargestMinGB=32, LargerMinGB=12, DefaultMinGB=8, SmallerMinGB=6, SmallestMinGB=0)
[2020.01.29-14.09.38:304][  0]LogInit: Going up to parent DeviceProfile []
[2020.01.29-14.09.38:304][  0]LogConfig: Applying CVar settings from Section [ViewDistanceQuality@3] File [D:/BTS/OneDrive - 365education/Semester3/GOPRO/JaxAndLeggers_FabioVersion/Saved/Config/Windows/Scalability.ini]
[2020.01.29-14.09.38:304][  0]LogConfig: Setting CVar [[r.SkeletalMeshLODBias:0]]
[2020.01.29-14.09.38:304][  0]LogConfig: Setting CVar [[r.ViewDistanceScale:1.0]]
[2020.01.29-14.09.38:304][  0]LogConfig: Applying CVar settings from Section [AntiAliasingQuality@3] File [D:/BTS/OneDrive - 365education/Semester3/GOPRO/JaxAndLeggers_FabioVersion/Saved/Config/Windows/Scalability.ini]
[2020.01.29-14.09.38:304][  0]LogConfig: Setting CVar [[r.PostProcessAAQuality:4]]
[2020.01.29-14.09.38:304][  0]LogConfig: Applying CVar settings from Section [ShadowQuality@3] File [D:/BTS/OneDrive - 365education/Semester3/GOPRO/JaxAndLeggers_FabioVersion/Saved/Config/Windows/Scalability.ini]
[2020.01.29-14.09.38:304][  0]LogConfig: Setting CVar [[r.LightFunctionQuality:1]]
[2020.01.29-14.09.38:304][  0]LogConfig: Setting CVar [[r.ShadowQuality:5]]
[2020.01.29-14.09.38:304][  0]LogConfig: Setting CVar [[r.Shadow.CSM.MaxCascades:10]]
[2020.01.29-14.09.38:304][  0]LogConfig: Setting CVar [[r.Shadow.MaxResolution:2048]]
[2020.01.29-14.09.38:304][  0]LogConfig: Setting CVar [[r.Shadow.MaxCSMResolution:2048]]
[2020.01.29-14.09.38:304][  0]LogConfig: Setting CVar [[r.Shadow.RadiusThreshold:0.01]]
[2020.01.29-14.09.38:304][  0]LogConfig: Setting CVar [[r.Shadow.DistanceScale:1.0]]
[2020.01.29-14.09.38:304][  0]LogConfig: Setting CVar [[r.Shadow.CSM.TransitionScale:1.0]]
[2020.01.29-14.09.38:304][  0]LogConfig: Setting CVar [[r.Shadow.PreShadowResolutionFactor:1.0]]
[2020.01.29-14.09.38:304][  0]LogConfig: Setting CVar [[r.DistanceFieldShadowing:1]]
[2020.01.29-14.09.38:304][  0]LogConfig: Setting CVar [[r.DistanceFieldAO:1]]
[2020.01.29-14.09.38:304][  0]LogConfig: Setting CVar [[r.AOQuality:2]]
[2020.01.29-14.09.38:304][  0]LogConfig: Setting CVar [[r.VolumetricFog:1]]
[2020.01.29-14.09.38:304][  0]LogConfig: Setting CVar [[r.VolumetricFog.GridPixelSize:8]]
[2020.01.29-14.09.38:304][  0]LogConfig: Setting CVar [[r.VolumetricFog.GridSizeZ:128]]
[2020.01.29-14.09.38:304][  0]LogConfig: Setting CVar [[r.VolumetricFog.HistoryMissSupersampleCount:4]]
[2020.01.29-14.09.38:304][  0]LogConfig: Setting CVar [[r.LightMaxDrawDistanceScale:1]]
[2020.01.29-14.09.38:304][  0]LogConfig: Setting CVar [[r.CapsuleShadows:1]]
[2020.01.29-14.09.38:304][  0]LogConfig: Applying CVar settings from Section [PostProcessQuality@3] File [D:/BTS/OneDrive - 365education/Semester3/GOPRO/JaxAndLeggers_FabioVersion/Saved/Config/Windows/Scalability.ini]
[2020.01.29-14.09.38:304][  0]LogConfig: Setting CVar [[r.MotionBlurQuality:4]]
[2020.01.29-14.09.38:304][  0]LogConfig: Setting CVar [[r.AmbientOcclusionMipLevelFactor:0.4]]
[2020.01.29-14.09.38:304][  0]LogConfig: Setting CVar [[r.AmbientOcclusionMaxQuality:100]]
[2020.01.29-14.09.38:304][  0]LogConfig: Setting CVar [[r.AmbientOcclusionLevels:-1]]
[2020.01.29-14.09.38:304][  0]LogConfig: Setting CVar [[r.AmbientOcclusionRadiusScale:1.0]]
[2020.01.29-14.09.38:304][  0]LogConfig: Setting CVar [[r.DepthOfFieldQuality:2]]
[2020.01.29-14.09.38:304][  0]LogConfig: Setting CVar [[r.RenderTargetPoolMin:400]]
[2020.01.29-14.09.38:304][  0]LogConfig: Setting CVar [[r.LensFlareQuality:2]]
[2020.01.29-14.09.38:304][  0]LogConfig: Setting CVar [[r.SceneColorFringeQuality:1]]
[2020.01.29-14.09.38:304][  0]LogConfig: Setting CVar [[r.EyeAdaptationQuality:2]]
[2020.01.29-14.09.38:304][  0]LogConfig: Setting CVar [[r.BloomQuality:5]]
[2020.01.29-14.09.38:304][  0]LogConfig: Setting CVar [[r.FastBlurThreshold:100]]
[2020.01.29-14.09.38:304][  0]LogConfig: Setting CVar [[r.Upscale.Quality:3]]
[2020.01.29-14.09.38:304][  0]LogConfig: Setting CVar [[r.Tonemapper.GrainQuantization:1]]
[2020.01.29-14.09.38:304][  0]LogConfig: Setting CVar [[r.LightShaftQuality:1]]
[2020.01.29-14.09.38:304][  0]LogConfig: Setting CVar [[r.Filter.SizeScale:1]]
[2020.01.29-14.09.38:304][  0]LogConfig: Setting CVar [[r.Tonemapper.Quality:5]]
[2020.01.29-14.09.38:304][  0]LogConfig: Setting CVar [[r.DOF.Gather.AccumulatorQuality:1        ; higher gathering accumulator quality]]
[2020.01.29-14.09.38:304][  0]LogConfig: Setting CVar [[r.DOF.Gather.PostfilterMethod:1          ; Median3x3 postfilering method]]
[2020.01.29-14.09.38:304][  0]LogConfig: Setting CVar [[r.DOF.Gather.EnableBokehSettings:0       ; no bokeh simulation when gathering]]
[2020.01.29-14.09.38:304][  0]LogConfig: Setting CVar [[r.DOF.Gather.RingCount:4                 ; medium number of samples when gathering]]
[2020.01.29-14.09.38:304][  0]LogConfig: Setting CVar [[r.DOF.Scatter.ForegroundCompositing:1    ; additive foreground scattering]]
[2020.01.29-14.09.38:304][  0]LogConfig: Setting CVar [[r.DOF.Scatter.BackgroundCompositing:2    ; additive background scattering]]
[2020.01.29-14.09.38:304][  0]LogConfig: Setting CVar [[r.DOF.Scatter.EnableBokehSettings:1      ; bokeh simulation when scattering]]
[2020.01.29-14.09.38:304][  0]LogConfig: Setting CVar [[r.DOF.Scatter.MaxSpriteRatio:0.1         ; only a maximum of 10% of scattered bokeh]]
[2020.01.29-14.09.38:304][  0]LogConfig: Setting CVar [[r.DOF.Recombine.Quality:1                ; cheap slight out of focus]]
[2020.01.29-14.09.38:304][  0]LogConfig: Setting CVar [[r.DOF.Recombine.EnableBokehSettings:0    ; no bokeh simulation on slight out of focus]]
[2020.01.29-14.09.38:304][  0]LogConfig: Setting CVar [[r.DOF.TemporalAAQuality:1                ; more stable temporal accumulation]]
[2020.01.29-14.09.38:305][  0]LogConfig: Setting CVar [[r.DOF.Kernel.MaxForegroundRadius:0.025]]
[2020.01.29-14.09.38:305][  0]LogConfig: Setting CVar [[r.DOF.Kernel.MaxBackgroundRadius:0.025]]
[2020.01.29-14.09.38:305][  0]LogConfig: Applying CVar settings from Section [TextureQuality@3] File [D:/BTS/OneDrive - 365education/Semester3/GOPRO/JaxAndLeggers_FabioVersion/Saved/Config/Windows/Scalability.ini]
[2020.01.29-14.09.38:305][  0]LogConfig: Setting CVar [[r.Streaming.MipBias:0]]
[2020.01.29-14.09.38:305][  0]LogConfig: Setting CVar [[r.Streaming.AmortizeCPUToGPUCopy:0]]
[2020.01.29-14.09.38:305][  0]LogConfig: Setting CVar [[r.Streaming.MaxNumTexturesToStreamPerFrame:0]]
[2020.01.29-14.09.38:305][  0]LogConfig: Setting CVar [[r.Streaming.Boost:1]]
[2020.01.29-14.09.38:305][  0]LogConfig: Setting CVar [[r.MaxAnisotropy:8]]
[2020.01.29-14.09.38:305][  0]LogConfig: Setting CVar [[r.Streaming.LimitPoolSizeToVRAM:0]]
[2020.01.29-14.09.38:305][  0]LogConfig: Setting CVar [[r.Streaming.PoolSize:1000]]
[2020.01.29-14.09.38:305][  0]LogConfig: Setting CVar [[r.Streaming.MaxEffectiveScreenSize:0]]
[2020.01.29-14.09.38:305][  0]LogConfig: Applying CVar settings from Section [EffectsQuality@3] File [D:/BTS/OneDrive - 365education/Semester3/GOPRO/JaxAndLeggers_FabioVersion/Saved/Config/Windows/Scalability.ini]
[2020.01.29-14.09.38:305][  0]LogConfig: Setting CVar [[r.TranslucencyLightingVolumeDim:64]]
[2020.01.29-14.09.38:305][  0]LogConfig: Setting CVar [[r.RefractionQuality:2]]
[2020.01.29-14.09.38:305][  0]LogConfig: Setting CVar [[r.SSR.Quality:3]]
[2020.01.29-14.09.38:305][  0]LogConfig: Setting CVar [[r.SceneColorFormat:4]]
[2020.01.29-14.09.38:305][  0]LogConfig: Setting CVar [[r.DetailMode:2]]
[2020.01.29-14.09.38:305][  0]LogConfig: Setting CVar [[r.TranslucencyVolumeBlur:1]]
[2020.01.29-14.09.38:305][  0]LogConfig: Setting CVar [[r.MaterialQualityLevel:1 ; High quality]]
[2020.01.29-14.09.38:305][  0]LogConfig: Setting CVar [[r.SSS.Scale:1]]
[2020.01.29-14.09.38:305][  0]LogConfig: Setting CVar [[r.SSS.SampleSet:2]]
[2020.01.29-14.09.38:305][  0]LogConfig: Setting CVar [[r.SSS.Quality:1]]
[2020.01.29-14.09.38:305][  0]LogConfig: Setting CVar [[r.SSS.HalfRes:1]]
[2020.01.29-14.09.38:305][  0]LogConfig: Setting CVar [[r.EmitterSpawnRateScale:1.0]]
[2020.01.29-14.09.38:305][  0]LogConfig: Setting CVar [[r.ParticleLightQuality:2]]
[2020.01.29-14.09.38:305][  0]LogConfig: Applying CVar settings from Section [FoliageQuality@3] File [D:/BTS/OneDrive - 365education/Semester3/GOPRO/JaxAndLeggers_FabioVersion/Saved/Config/Windows/Scalability.ini]
[2020.01.29-14.09.38:305][  0]LogConfig: Setting CVar [[foliage.DensityScale:1.0]]
[2020.01.29-14.09.38:305][  0]LogConfig: Setting CVar [[grass.DensityScale:1.0]]
[2020.01.29-14.09.38:305][  0]LogConfig: Applying CVar settings from Section [Startup] File [../../../Engine/Config/ConsoleVariables.ini]
[2020.01.29-14.09.38:305][  0]LogConfig: Setting CVar [[net.UseAdaptiveNetUpdateFrequency:0]]
[2020.01.29-14.09.38:305][  0]LogConfig: Setting CVar [[p.chaos.AllowCreatePhysxBodies:1]]
[2020.01.29-14.09.38:305][  0]LogConfig: Applying CVar settings from Section [ConsoleVariables] File [D:/BTS/OneDrive - 365education/Semester3/GOPRO/JaxAndLeggers_FabioVersion/Saved/Config/Windows/Engine.ini]
[2020.01.29-14.09.38:305][  0]LogInit: Computer: MSI
[2020.01.29-14.09.38:305][  0]LogInit: User: admin
[2020.01.29-14.09.38:305][  0]LogInit: CPU Page size=4096, Cores=6
[2020.01.29-14.09.38:305][  0]LogInit: High frequency timer resolution =10.000000 MHz
[2020.01.29-14.09.38:306][  0]LogMemory: Memory total: Physical=15.8GB (16GB approx)
[2020.01.29-14.09.38:306][  0]LogMemory: Platform Memory Stats for Windows
[2020.01.29-14.09.38:306][  0]LogMemory: Process Physical Memory: 101.80 MB used, 101.80 MB peak
[2020.01.29-14.09.38:306][  0]LogMemory: Process Virtual Memory: 105.65 MB used, 105.65 MB peak
[2020.01.29-14.09.38:306][  0]LogMemory: Physical Memory: 11851.94 MB used,  4374.57 MB free, 16226.52 MB total
[2020.01.29-14.09.38:306][  0]LogMemory: Virtual Memory: 4690.68 MB used,  134213040.00 MB free, 134217728.00 MB total
[2020.01.29-14.09.38:698][  0]LogWindows: WindowsPlatformFeatures enabled
[2020.01.29-14.09.38:725][  0]LogInit: Using OS detected language (en-US).
[2020.01.29-14.09.38:725][  0]LogInit: Using OS detected locale (en-GB).
[2020.01.29-14.09.38:725][  0]LogTextLocalizationManager: No specific localization for 'en-US' exists, so the 'en' localization will be used.
[2020.01.29-14.09.38:994][  0]LogSlate: New Slate User Created.  User Index 0, Is Virtual User: 0
[2020.01.29-14.09.38:994][  0]LogSlate: Slate User Registered.  User Index 0, Is Virtual User: 0
[2020.01.29-14.09.39:040][  0]LogHMD: Failed to initialize OpenVR with code 110
[2020.01.29-14.09.39:040][  0]LogD3D11RHI: D3D11 adapters:
[2020.01.29-14.09.39:116][  0]LogD3D11RHI:    0. 'NVIDIA GeForce GTX 1070' (Feature Level 11_0)
[2020.01.29-14.09.39:116][  0]LogD3D11RHI:       8081/0/8113 MB DedicatedVideo/DedicatedSystem/SharedSystem, Outputs:2, VendorId:0x10de
[2020.01.29-14.09.39:133][  0]LogD3D11RHI:    1. 'Intel(R) UHD Graphics 630' (Feature Level 11_0)
[2020.01.29-14.09.39:133][  0]LogD3D11RHI:       128/0/8113 MB DedicatedVideo/DedicatedSystem/SharedSystem, Outputs:0, VendorId:0x8086
[2020.01.29-14.09.39:135][  0]LogD3D11RHI:    2. 'Microsoft Basic Render Driver' (Feature Level 11_0)
[2020.01.29-14.09.39:135][  0]LogD3D11RHI:       0/0/8113 MB DedicatedVideo/DedicatedSystem/SharedSystem, Outputs:0, VendorId:0x1414
[2020.01.29-14.09.39:136][  0]LogD3D11RHI: Chosen D3D11 Adapter: 0
[2020.01.29-14.09.39:174][  0]LogD3D11RHI: Creating new Direct3DDevice
[2020.01.29-14.09.39:174][  0]LogD3D11RHI:     GPU DeviceId: 0x1ba1 (for the marketing name, search the web for "GPU Device Id")
[2020.01.29-14.09.39:174][  0]LogWindows: EnumDisplayDevices:
[2020.01.29-14.09.39:175][  0]LogWindows:    0. 'Intel(R) UHD Graphics 630' (P:1 D:1)
[2020.01.29-14.09.39:175][  0]LogWindows:    1. 'Intel(R) UHD Graphics 630' (P:0 D:0)
[2020.01.29-14.09.39:175][  0]LogWindows:    2. 'Intel(R) UHD Graphics 630' (P:0 D:0)
[2020.01.29-14.09.39:176][  0]LogWindows:    3. 'NVIDIA GeForce GTX 1070' (P:0 D:1)
[2020.01.29-14.09.39:176][  0]LogWindows:    4. 'NVIDIA GeForce GTX 1070' (P:0 D:0)
[2020.01.29-14.09.39:176][  0]LogWindows:    5. 'NVIDIA GeForce GTX 1070' (P:0 D:0)
[2020.01.29-14.09.39:177][  0]LogWindows:    6. 'NVIDIA GeForce GTX 1070' (P:0 D:0)
[2020.01.29-14.09.39:177][  0]LogWindows: DebugString: PrimaryIsNotTheChoosenAdapter PrimaryIsNotTheChoosenAdapter PrimaryIsNotTheChoosenAdapter FoundDriverCount:4 
[2020.01.29-14.09.39:177][  0]LogD3D11RHI:     Adapter Name: NVIDIA GeForce GTX 1070
[2020.01.29-14.09.39:177][  0]LogD3D11RHI:   Driver Version: 430.86 (internal:26.21.14.3086, unified:430.86)
[2020.01.29-14.09.39:177][  0]LogD3D11RHI:      Driver Date: 5-22-2019
[2020.01.29-14.09.39:177][  0]LogRHI: Texture pool is 5656 MB (70% of 8081 MB)
[2020.01.29-14.09.39:224][  0]LogD3D11RHI: Async texture creation enabled
[2020.01.29-14.09.39:237][  0]LogD3D11RHI: GPU Timing Frequency: 1000.000000 (Debug: 2 1)
[2020.01.29-14.09.39:625][  0]LogTemp: Display: Module 'WindowsClientTargetPlatform' loaded TargetPlatform 'WindowsClient'
[2020.01.29-14.09.39:634][  0]LogTemp: Display: Module 'WindowsNoEditorTargetPlatform' loaded TargetPlatform 'WindowsNoEditor'
[2020.01.29-14.09.39:641][  0]LogTemp: Display: Module 'WindowsServerTargetPlatform' loaded TargetPlatform 'WindowsServer'
[2020.01.29-14.09.39:647][  0]LogTemp: Display: Module 'WindowsTargetPlatform' loaded TargetPlatform 'Windows'
[2020.01.29-14.09.39:647][  0]LogTargetPlatformManager: Display: Building Assets For Windows
[2020.01.29-14.09.39:655][  0]LogAudioDebug: Display: Lib vorbis DLL was dynamically loaded.
[2020.01.29-14.09.39:694][  0]LogShaderCompilers: Guid format shader working directory is -43 characters bigger than the processId version (../../../../../../BTS/OneDrive - 365education/Semester3/GOPRO/JaxAndLeggers_FabioVersion/Intermediate/Shaders/WorkingDirectory/25796/).
[2020.01.29-14.09.39:694][  0]LogShaderCompilers: Cleaned the shader compiler working directory 'C:/Users/admin/AppData/Local/Temp/UnrealShaderWorkingDir/56FDB37240FCFEA8E69F16A502FDC51D/'.
[2020.01.29-14.09.39:696][  0]LogXGEController: Cannot use XGE Controller as Incredibuild is not installed on this machine.
[2020.01.29-14.09.39:696][  0]LogShaderCompilers: Cannot use XGE Shader Compiler as Incredibuild is not installed on this machine.
[2020.01.29-14.09.39:696][  0]LogShaderCompilers: Display: Using Local Shader Compiler.
[2020.01.29-14.09.40:344][  0]LogDerivedDataCache: Display: Max Cache Size: 512 MB
[2020.01.29-14.09.40:402][  0]LogDerivedDataCache: Loaded boot cache 0.06s 73MB C:/Users/admin/AppData/Local/UnrealEngine/4.23/DerivedDataCache/Boot.ddc.
[2020.01.29-14.09.40:402][  0]LogDerivedDataCache: Display: Loaded Boot cache: C:/Users/admin/AppData/Local/UnrealEngine/4.23/DerivedDataCache/Boot.ddc
[2020.01.29-14.09.40:402][  0]LogDerivedDataCache: FDerivedDataBackendGraph:  Pak pak cache file ../../../../../../BTS/OneDrive - 365education/Semester3/GOPRO/JaxAndLeggers_FabioVersion/DerivedDataCache/DDC.ddp not found, will not use a pak cache.
[2020.01.29-14.09.40:402][  0]LogDerivedDataCache: Unable to find inner node Pak for hierarchical cache Hierarchy.
[2020.01.29-14.09.40:402][  0]LogDerivedDataCache: FDerivedDataBackendGraph:  CompressedPak pak cache file ../../../../../../BTS/OneDrive - 365education/Semester3/GOPRO/JaxAndLeggers_FabioVersion/DerivedDataCache/Compressed.ddp not found, will not use a pak cache.
[2020.01.29-14.09.40:402][  0]LogDerivedDataCache: Unable to find inner node CompressedPak for hierarchical cache Hierarchy.
[2020.01.29-14.09.40:412][  0]LogDerivedDataCache: Display: Pak cache opened for reading ../../../Engine/DerivedDataCache/Compressed.ddp.
[2020.01.29-14.09.40:412][  0]LogDerivedDataCache: FDerivedDataBackendGraph:  EnterprisePak pak cache file ../../../Enterprise/DerivedDataCache/Compressed.ddp not found, will not use a pak cache.
[2020.01.29-14.09.40:412][  0]LogDerivedDataCache: Unable to find inner node EnterprisePak for hierarchical cache Hierarchy.
[2020.01.29-14.09.40:413][  0]LogDerivedDataCache: Using Local data cache path C:/Users/admin/AppData/Local/UnrealEngine/Common/DerivedDataCache: Writable
[2020.01.29-14.09.40:413][  0]LogDerivedDataCache: Shared data cache path not found in *engine.ini, will not use an Shared cache.
[2020.01.29-14.09.40:413][  0]LogDerivedDataCache: Unable to find inner node Shared for hierarchical cache Hierarchy.
[2020.01.29-14.09.40:433][  0]LogMaterial: Verifying Global Shaders for PCD3D_SM5
[2020.01.29-14.09.40:436][  0]LogSlate: Using FreeType 2.6.0
[2020.01.29-14.09.40:436][  0]LogSlate: SlateFontServices - WITH_FREETYPE: 1, WITH_HARFBUZZ: 1
[2020.01.29-14.09.40:558][  0]LogInit: Using OS detected language (en-US).
[2020.01.29-14.09.40:558][  0]LogInit: Using OS detected locale (en-GB).
[2020.01.29-14.09.40:558][  0]LogTextLocalizationManager: No localization for 'en-US' exists, so 'en' will be used for the language.
[2020.01.29-14.09.40:559][  0]LogTextLocalizationManager: No localization for 'en-GB' exists, so 'en' will be used for the locale.
[2020.01.29-14.09.40:559][  0]LogSlate: FontCache flush requested. Reason: Culture for localization was changed
[2020.01.29-14.09.40:559][  0]LogSlate: FontCache flush requested. Reason: Culture for localization was changed
[2020.01.29-14.09.40:563][  0]LogTextLocalizationManager: Compacting localization data took   0.01ms
[2020.01.29-14.09.40:569][  0]LogAssetRegistry: FAssetRegistry took 0.0033 seconds to start up
[2020.01.29-14.09.40:802][  0]LogPackageLocalizationCache: Processed 12 localized package path(s) for 1 prioritized culture(s) in 0.000498 seconds
[2020.01.29-14.09.40:853][  0]LogInit: Selected Device Profile: [Windows]
[2020.01.29-14.09.40:987][  0]LogMeshReduction: Using QuadricMeshReduction for automatic static mesh reduction
[2020.01.29-14.09.40:987][  0]LogMeshReduction: Using SimplygonMeshReduction for automatic skeletal mesh reduction
[2020.01.29-14.09.40:987][  0]LogMeshReduction: Using ProxyLODMeshReduction for automatic mesh merging
[2020.01.29-14.09.40:987][  0]LogMeshReduction: No distributed automatic mesh merging module available
[2020.01.29-14.09.40:987][  0]LogMeshMerging: No distributed automatic mesh merging module available
[2020.01.29-14.09.40:998][  0]LogNetVersion: JaxAndLegger 1.0.0, NetCL: 8386587, EngineNetVer: 11, GameNetVer: 0 (Checksum: 2648958118)
[2020.01.29-14.09.41:500][  0]LogMoviePlayer: Initializing movie player
[2020.01.29-14.09.41:585][  0]LogTcpMessaging: Initializing TcpMessaging bridge
[2020.01.29-14.09.41:586][  0]LogUdpMessaging: Initializing bridge on interface 0.0.0.0:0 to multicast group 230.0.0.1:6666.
[2020.01.29-14.09.41:614][  0]SourceControl: Source control is disabled
[2020.01.29-14.09.41:614][  0]SourceControl: Source control is disabled
[2020.01.29-14.09.41:615][  0]SourceControl: Source control is disabled
[2020.01.29-14.09.41:650][  0]LogAndroidPermission: UAndroidPermissionCallbackProxy::GetInstance
[2020.01.29-14.09.42:085][  0]LogOcInput: OculusInput pre-init called
[2020.01.29-14.09.42:097][  0]LogUObjectArray: 48866 objects as part of root set at end of initial load.
[2020.01.29-14.09.42:097][  0]LogUObjectAllocator: 8609784 out of 0 bytes used by permanent object pool.
[2020.01.29-14.09.42:097][  0]LogUObjectArray: CloseDisregardForGC: 0/0 objects in disregard for GC pool
[2020.01.29-14.09.42:155][  0]LogEngine: Initializing Engine...
[2020.01.29-14.09.42:156][  0]LogHMD: Failed to initialize OpenVR with code 110
[2020.01.29-14.09.42:157][  0]LogStats: UGameplayTagsManager::InitializeManager -  0.000 s
[2020.01.29-14.09.42:346][  0]LogInit: Initializing FReadOnlyCVARCache
[2020.01.29-14.09.42:362][  0]LogInit: XAudio2 using 'Speakers (Realtek(R) Audio)' : 6 channels at 48 kHz using 32 bits per sample (channel mask 0x3f)
[2020.01.29-14.09.42:439][  0]LogInit: FAudioDevice initialized.
[2020.01.29-14.09.42:440][  0]LogNetVersion: Set ProjectVersion to 1.0.0.0. Version Checksum will be recalculated on next use.
[2020.01.29-14.09.42:441][  0]LogInit: Texture streaming: Enabled
[2020.01.29-14.09.42:734][  0]LogSlate: Updating window title bar state: overlay mode, drag disabled, window buttons hidden, title bar hidden
[2020.01.29-14.09.42:734][  0]LogInit: Display: Game Engine Initialized.
[2020.01.29-14.09.42:787][  0]LogInit: Display: Starting Game.
[2020.01.29-14.09.42:787][  0]LogNet: Browse: /Game/Maps/MainMenu?Name=Player
[2020.01.29-14.09.42:788][  0]LogLoad: LoadMap: /Game/Maps/MainMenu?Name=Player
[2020.01.29-14.09.42:788][  0]LogWorld: BeginTearingDown for /Temp/Untitled_0
[2020.01.29-14.09.42:789][  0]LogWorld: UWorld::CleanupWorld for Untitled, bSessionEnded=true, bCleanupResources=true
[2020.01.29-14.09.42:823][  0]LogUObjectHash: Compacting FUObjectHashTables data took   2.06ms
[2020.01.29-14.09.42:937][  0]LogUObjectGlobals: Warning: While loading '../../../../../../BTS/OneDrive - 365education/Semester3/GOPRO/JaxAndLeggers_FabioVersion/Content/JandL_Models/BuckDock/duckblock_sm__1_.uasset' failed to load '/Game/JandL_Models/lambert1': Can't find file.
[2020.01.29-14.09.42:937][  0]LogUObjectGlobals: Warning: While loading '../../../../../../BTS/OneDrive - 365education/Semester3/GOPRO/JaxAndLeggers_FabioVersion/Content/JandL_Models/BuckDock/duckblock_sm__1_.uasset' failed to load '/Game/JandL_Models/lambert1': Can't find file.
[2020.01.29-14.09.42:937][  0]LogUObjectGlobals: Warning: While loading '../../../../../../BTS/OneDrive - 365education/Semester3/GOPRO/JaxAndLeggers_FabioVersion/Content/JandL_Models/BuckDock/duckblock_sm__1_.uasset' failed to load '/Game/JandL_Models/lambert1': Can't find file.
[2020.01.29-14.09.42:938][  0]LogUObjectGlobals: Warning: While loading '../../../../../../BTS/OneDrive - 365education/Semester3/GOPRO/JaxAndLeggers_FabioVersion/Content/JandL_Models/BuckDock/duckblock_sm__1_.uasset' failed to load '/Game/JandL_Models/lambert1': Can't find file.
[2020.01.29-14.09.43:099][  0]LogAIModule: Creating AISystem for world MainMenu
[2020.01.29-14.09.43:099][  0]LogLoad: Game class is 'GameMode'
[2020.01.29-14.09.43:119][  0]LogWorld: Bringing World /Game/Maps/MainMenu.MainMenu up for play (max tick rate 0) at 2020.01.29-15.09.43
[2020.01.29-14.09.43:120][  0]LogWorld: Bringing up level for play took: 0.019960
[2020.01.29-14.09.43:120][  0]LogGameMode: FindPlayerStart: PATHS NOT DEFINED or NO PLAYERSTART with positive rating
[2020.01.29-14.09.43:122][  0]LogGameMode: Display: Match State Changed from EnteringMap to WaitingToStart
[2020.01.29-14.09.43:122][  0]LogGameState: Match State Changed from EnteringMap to WaitingToStart
[2020.01.29-14.09.43:122][  0]LogGameMode: Display: Match State Changed from WaitingToStart to InProgress
[2020.01.29-14.09.43:125][  0]LogGameState: Match State Changed from WaitingToStart to InProgress
[2020.01.29-14.09.43:125][  0]LogLoad: Took 0.337800 seconds to LoadMap(/Game/Maps/MainMenu)
[2020.01.29-14.09.43:148][  0]LogRenderer: Reallocating scene render targets to support 1280x720 Format 10 NumSamples 1 (Frame:1).
[2020.01.29-14.09.43:148][  0]LogLoad: (Engine Initialization) Total time: 6.14 seconds
[2020.01.29-14.09.43:148][  0]LogLoad: (Engine Initialization) Total Blueprint compile time: 0.00 seconds
[2020.01.29-14.09.43:182][  0]LogContentStreaming: Texture pool size now 1000 MB
[2020.01.29-14.09.43:189][  0]LogAudio: Warning: Detected orphaned looping sound 'MenuMusic'.
[2020.01.29-14.09.43:189][  0]LogRenderer: Reallocating scene render targets to support 128x128 Format 10 NumSamples 1 (Frame:1).
[2020.01.29-14.09.43:211][  0]LogRenderer: Reallocating scene render targets to support 1280x720 Format 10 NumSamples 1 (Frame:2).
[2020.01.29-14.09.51:597][517]LogSlate: FSceneViewport::OnFocusLost() reason 0
[2020.01.29-14.09.51:697][523]LogSlate: Took 0.000132 seconds to synchronously load lazily loaded font '../../../Engine/Content/Slate/Fonts/Roboto-Regular.ttf' (155K)
[2020.01.29-14.10.00:295][ 45]LogInit: WinSock: I am MSI (192.168.129.158:0)
[2020.01.29-14.10.00:731][ 45]LogPackageName: SearchForPackageOnDisk took   0.061s to resolve Lobby.umap.
[2020.01.29-14.10.00:732][ 45]LogGameMode: Display: Match State Changed from InProgress to LeavingMap
[2020.01.29-14.10.00:732][ 45]LogGameState: Match State Changed from InProgress to LeavingMap
[2020.01.29-14.10.00:788][ 45]LogPackageName: SearchForPackageOnDisk took   0.055s to resolve Lobby.umap.
[2020.01.29-14.10.00:788][ 45]LogNet: Browse: /Game/Maps/Lobby?Listen
[2020.01.29-14.10.00:788][ 45]LogLoad: LoadMap: /Game/Maps/Lobby?Listen
[2020.01.29-14.10.00:788][ 45]LogWorld: BeginTearingDown for /Game/Maps/MainMenu
[2020.01.29-14.10.00:789][ 45]LogWorld: UWorld::CleanupWorld for MainMenu, bSessionEnded=true, bCleanupResources=true
[2020.01.29-14.10.00:827][ 45]LogUObjectHash: Compacting FUObjectHashTables data took   2.65ms
[2020.01.29-14.10.01:180][ 45]LogBlueprint: Warning: [Compiler 0_Base] InputAction Event references unknown Action 'ResetVR' for  InputAction ResetVR
[2020.01.29-14.10.01:180][ 45]LogBlueprint: Warning: [Compiler 0_Base] InputAction Event references unknown Action 'Jump' for  InputAction Jump
[2020.01.29-14.10.01:695][ 45]LogAIModule: Creating AISystem for world Lobby
[2020.01.29-14.10.01:695][ 45]LogLoad: Game class is 'LobbyGM_C'
[2020.01.29-14.10.01:695][ 45]LogTemp: Display: ParseSettings for GameNetDriver
[2020.01.29-14.10.01:695][ 45]LogTemp: Display: ParseSettings for IpNetDriver_0
[2020.01.29-14.10.01:695][ 45]LogTemp: Display: ParseSettings for GameNetDriver
[2020.01.29-14.10.01:696][ 45]LogNet: ReplicationDriverClass is null! Not using ReplicationDriver.
[2020.01.29-14.10.01:696][ 45]PacketHandlerLog: DDoS detection status: detection enabled: 0 analytics enabled: 0
[2020.01.29-14.10.01:696][ 45]LogInit: WinSock: Socket queue. Rx: 131072 (config 131072) Tx: 131072 (config 131072)
[2020.01.29-14.10.01:696][ 45]PacketHandlerLog: Loaded PacketHandler component: Engine.EngineHandlerComponentFactory (StatelessConnectHandlerComponent)
[2020.01.29-14.10.01:696][ 45]LogNet: GameNetDriver IpNetDriver_0 IpNetDriver listening on port 7777
[2020.01.29-14.10.01:698][ 45]LogWorld: Bringing World /Game/Maps/Lobby.Lobby up for play (max tick rate 0) at 2020.01.29-15.10.01
[2020.01.29-14.10.01:698][ 45]LogWorld: Bringing up level for play took: 0.001545
[2020.01.29-14.10.01:719][ 45]LogScript: Warning: UGameplayStatics::BeginSpawningActorFromClass: can not spawn an actor from a NULL class
[2020.01.29-14.10.01:728][ 45]LogLoad: Took 0.939859 seconds to LoadMap(/Game/Maps/Lobby)
[2020.01.29-14.10.08:681][470]LogSlate: FSceneViewport::OnFocusLost() reason 0
[2020.01.29-14.10.08:745][474]LogScript: Warning: Script Msg: DestroySession - Invalid player state
[2020.01.29-14.10.09:390][514]LogScript: Warning: Script Msg: DestroySession - Invalid player state
[2020.01.29-14.10.09:714][534]LogScript: Warning: Script Msg: DestroySession - Invalid player state
[2020.01.29-14.10.09:939][548]LogScript: Warning: Script Msg: DestroySession - Invalid player state
[2020.01.29-14.10.10:084][557]LogScript: Warning: Script Msg: DestroySession - Invalid player state
[2020.01.29-14.10.10:262][568]LogScript: Warning: Script Msg: DestroySession - Invalid player state
[2020.01.29-14.10.10:536][585]LogScript: Warning: Script Msg: DestroySession - Invalid player state
[2020.01.29-14.10.10:890][607]LogScript: Warning: Script Msg: DestroySession - Invalid player state
[2020.01.29-14.10.11:342][635]LogScript: Warning: Script Msg: DestroySession - Invalid player state
[2020.01.29-14.10.13:100][744]LogScript: Warning: Script Msg: DestroySession - Invalid player state
[2020.01.29-14.10.13:375][761]LogScript: Warning: Script Msg: DestroySession - Invalid player state
[2020.01.29-14.10.13:552][772]LogScript: Warning: Script Msg: DestroySession - Invalid player state
[2020.01.29-14.10.14:392][824]LogScript: Warning: Script Msg: DestroySession - Invalid player state
[2020.01.29-14.10.14:552][834]LogScript: Warning: Script Msg: DestroySession - Invalid player state
[2020.01.29-14.10.14:746][846]LogScript: Warning: Script Msg: DestroySession - Invalid player state
[2020.01.29-14.10.17:372][  4]LogScript: Warning: Script Msg: DestroySession - Invalid player state
[2020.01.29-14.10.17:517][ 13]LogScript: Warning: Script Msg: DestroySession - Invalid player state
[2020.01.29-14.10.17:695][ 24]LogScript: Warning: Script Msg: DestroySession - Invalid player state
[2020.01.29-14.10.17:871][ 35]LogScript: Warning: Script Msg: DestroySession - Invalid player state
[2020.01.29-14.10.18:049][ 46]LogScript: Warning: Script Msg: DestroySession - Invalid player state
[2020.01.29-14.10.18:582][ 79]LogScript: Warning: Script Msg: DestroySession - Invalid player state
[2020.01.29-14.10.18:758][ 90]LogScript: Warning: Script Msg: DestroySession - Invalid player state
[2020.01.29-14.10.18:952][102]LogScript: Warning: Script Msg: DestroySession - Invalid player state
[2020.01.29-14.10.19:162][115]LogScript: Warning: Script Msg: DestroySession - Invalid player state
[2020.01.29-14.10.19:372][128]LogScript: Warning: Script Msg: DestroySession - Invalid player state
[2020.01.29-14.10.22:419][311]LogSlate: Window 'JaxAndLegger (64-bit Development PCD3D_SM5) ' being destroyed
[2020.01.29-14.10.22:421][311]LogWindowsTextInputMethodSystem: Display: IME system now deactivated.
[2020.01.29-14.10.22:427][311]LogWindowsTextInputMethodSystem: Display: IME system now deactivated.
[2020.01.29-14.10.22:428][311]LogScript: Warning: Script Msg: DestroySession - Invalid player state
[2020.01.29-14.10.22:429][311]LogSlate: Updating window title bar state: overlay mode, drag disabled, window buttons hidden, title bar hidden
[2020.01.29-14.10.22:429][311]LogEngine: All Windows Closed
[2020.01.29-14.10.22:429][311]LogWindows: FPlatformMisc::RequestExit(0)
[2020.01.29-14.10.22:443][312]LogWorld: BeginTearingDown for /Game/Maps/Lobby
[2020.01.29-14.10.22:443][312]LogNet: World NetDriver shutdown IpNetDriver_0 [GameNetDriver]
[2020.01.29-14.10.22:443][312]LogNet: DestroyNamedNetDriver IpNetDriver_0 [GameNetDriver]
[2020.01.29-14.10.22:443][312]LogExit: GameNetDriver IpNetDriver_0 shut down
[2020.01.29-14.10.22:443][312]LogWorld: UWorld::CleanupWorld for Lobby, bSessionEnded=true, bCleanupResources=true
[2020.01.29-14.10.23:180][312]LogExit: Preparing to exit.
[2020.01.29-14.10.23:180][312]LogMoviePlayer: Shutting down movie player
