Log file open, 01/22/20 11:39:03
LogWindows: Failed to load 'aqProf.dll' (GetLastError=126)
LogWindows: File 'aqProf.dll' does not exist
LogWindows: Failed to load 'VtuneApi.dll' (GetLastError=126)
LogWindows: File 'VtuneApi.dll' does not exist
LogWindows: Failed to load 'VtuneApi32e.dll' (GetLastError=126)
LogWindows: File 'VtuneApi32e.dll' does not exist
LogConsoleResponse: Display: Failed to find resolution value strings in scalability ini. Falling back to default.
LogInit: Display: Running engine for game: JaxAndLegger
LogPlatformFile: Not using cached read wrapper
LogTaskGraph: Started task graph with 5 named threads and 23 total threads with 3 sets of task threads.
LogStats: Stats thread started at 0.238220
LogD3D11RHI: Loaded GFSDK_Aftermath_Lib.x64.dll
LogICUInternationalization: ICU TimeZone Detection - Raw Offset: +1:00, Platform Override: ''
LogPluginManager: Mounting plugin Paper2D
LogPluginManager: Mounting plugin AISupport
LogPluginManager: Mounting plugin LightPropagationVolume
LogPluginManager: Mounting plugin ActorLayerUtilities
LogPluginManager: Mounting plugin AnimationSharing
LogPluginManager: Mounting plugin CLionSourceCodeAccess
LogPluginManager: Mounting plugin CodeLiteSourceCodeAccess
LogPluginManager: Mounting plugin GitSourceControl
LogPluginManager: Mounting plugin KDevelopSourceCodeAccess
LogPluginManager: Mounting plugin NullSourceCodeAccess
LogPluginManager: Mounting plugin PerforceSourceControl
LogPluginManager: Mounting plugin SubversionSourceControl
LogPluginManager: Mounting plugin UObjectPlugin
LogPluginManager: Mounting plugin VisualStudioCodeSourceCodeAccess
LogPluginManager: Mounting plugin VisualStudioSourceCodeAccess
LogPluginManager: Mounting plugin XCodeSourceCodeAccess
LogPluginManager: Mounting plugin AssetManagerEditor
LogPluginManager: Mounting plugin CryptoKeys
LogPluginManager: Mounting plugin CurveEditorTools
LogPluginManager: Mounting plugin DataValidation
LogPluginManager: Mounting plugin FacialAnimation
LogPluginManager: Mounting plugin GameplayTagsEditor
LogPluginManager: Mounting plugin MacGraphicsSwitching
LogPluginManager: Mounting plugin MaterialAnalyzer
LogPluginManager: Mounting plugin MobileLauncherProfileWizard
LogPluginManager: Mounting plugin PluginBrowser
LogPluginManager: Mounting plugin SpeedTreeImporter
LogPluginManager: Mounting plugin DatasmithContent
LogPluginManager: Mounting plugin VariantManagerContent
LogPluginManager: Mounting plugin AlembicImporter
LogPluginManager: Mounting plugin AutomationUtils
LogPluginManager: Mounting plugin BackChannel
LogPluginManager: Mounting plugin CharacterAI
LogPluginManager: Mounting plugin GeometryCache
LogPluginManager: Mounting plugin HTML5Networking
LogPluginManager: Mounting plugin PlatformCrypto
LogPluginManager: Mounting plugin ProxyLODPlugin
LogPluginManager: Mounting plugin SkeletalReduction
LogPluginManager: Mounting plugin MagicLeap
LogPluginManager: Mounting plugin MagicLeapMedia
LogPluginManager: Mounting plugin AndroidMedia
LogPluginManager: Mounting plugin AvfMedia
LogPluginManager: Mounting plugin ImgMedia
LogPluginManager: Mounting plugin MediaCompositing
LogPluginManager: Mounting plugin MediaPlayerEditor
LogPluginManager: Mounting plugin WebMMedia
LogPluginManager: Mounting plugin WmfMedia
LogPluginManager: Mounting plugin TcpMessaging
LogPluginManager: Mounting plugin UdpMessaging
LogPluginManager: Mounting plugin ActorSequence
LogPluginManager: Mounting plugin LevelSequenceEditor
LogPluginManager: Mounting plugin MatineeToLevelSequence
LogPluginManager: Mounting plugin NetcodeUnitTest
LogPluginManager: Mounting plugin NUTUnrealEngine4
LogPluginManager: Mounting plugin OnlineSubsystemGooglePlay
LogPluginManager: Mounting plugin OnlineSubsystemIOS
LogPluginManager: Mounting plugin OnlineSubsystem
LogPluginManager: Mounting plugin OnlineSubsystemNull
LogPluginManager: Mounting plugin OnlineSubsystemUtils
LogPluginManager: Mounting plugin LauncherChunkInstaller
LogPluginManager: Mounting plugin AndroidDeviceProfileSelector
LogPluginManager: Mounting plugin AndroidMoviePlayer
LogPluginManager: Mounting plugin AndroidPermission
LogPluginManager: Mounting plugin AppleImageUtils
LogPluginManager: Mounting plugin AppleMoviePlayer
LogPluginManager: Mounting plugin ArchVisCharacter
LogPluginManager: Mounting plugin AudioCapture
LogPluginManager: Mounting plugin CableComponent
LogPluginManager: Mounting plugin CustomMeshComponent
LogPluginManager: Mounting plugin EditableMesh
LogPluginManager: Mounting plugin ExampleDeviceProfileSelector
LogPluginManager: Mounting plugin GoogleCloudMessaging
LogPluginManager: Mounting plugin IOSDeviceProfileSelector
LogPluginManager: Mounting plugin LinuxDeviceProfileSelector
LogPluginManager: Mounting plugin LocationServicesBPLibrary
LogPluginManager: Mounting plugin MobilePatchingUtils
LogPluginManager: Mounting plugin OculusVR
LogPluginManager: Mounting plugin PhysXVehicles
LogPluginManager: Mounting plugin ProceduralMeshComponent
LogPluginManager: Mounting plugin RuntimePhysXCooking
LogPluginManager: Mounting plugin SignificanceManager
LogPluginManager: Mounting plugin SteamVR
LogPluginManager: Mounting plugin WebMMoviePlayer
LogPluginManager: Mounting plugin WindowsMoviePlayer
LogPluginManager: Mounting plugin ScreenshotTools
LogInit: Using libcurl 7.55.1-DEV
LogInit:  - built for x86_64-pc-win32
LogInit:  - supports SSL with OpenSSL/1.1.1
LogInit:  - supports HTTP deflate (compression) using libz 1.2.8
LogInit:  - other features:
LogInit:      CURL_VERSION_SSL
LogInit:      CURL_VERSION_LIBZ
LogInit:      CURL_VERSION_IPV6
LogInit:      CURL_VERSION_ASYNCHDNS
LogInit:      CURL_VERSION_LARGEFILE
LogInit:      CURL_VERSION_IDN
LogInit:  CurlRequestOptions (configurable via config and command line):
LogInit:  - bVerifyPeer = true  - Libcurl will verify peer certificate
LogInit:  - bUseHttpProxy = false  - Libcurl will NOT use HTTP proxy
LogInit:  - bDontReuseConnections = false  - Libcurl will reuse connections
LogInit:  - MaxHostConnections = 16  - Libcurl will limit the number of connections to a host
LogInit:  - LocalHostAddr = Default
LogInit:  - BufferSize = 65536
LogOnline: OSS: Creating online subsystem instance for: NULL
LogInit: WinSock: version 1.1 (2.2), MaxSocks=32767, MaxUdp=65467
LogInit: Build: ++UE4+Release-4.23-CL-9631420
LogInit: Engine Version: 4.23.1-9631420+++UE4+Release-4.23
LogInit: Compatible Engine Version: 4.23.0-8386587+++UE4+Release-4.23
LogInit: Net CL: 8386587
LogInit: OS: Windows 10 (Release 1909) (), CPU: Intel(R) Core(TM) i7-7700HQ CPU @ 2.80GHz, GPU: Intel(R) HD Graphics 630
LogInit: Compiled (64-bit): Oct 18 2019 02:07:44
LogInit: Compiled with Visual C++: 19.16.27030.01
LogInit: Build Configuration: Development
LogInit: Branch Name: ++UE4+Release-4.23
LogInit: Command Line:  /Game/Maps/MainMenu -game -PIEVIACONSOLE -ResX=1280 -ResY=720 -Multiprocess -messaging -SessionName="Play in Standalone Game" -windowed
LogInit: Base Directory: D:/Program Files/Epic Games/UE_4.23/Engine/Binaries/Win64/
LogInit: Installed Engine Build: 1
LogDevObjectVersion: Number of dev versions registered: 23
LogDevObjectVersion:   Dev-Blueprints (B0D832E4-1F89-4F0D-ACCF-7EB736FD4AA2): 10
LogDevObjectVersion:   Dev-Build (E1C64328-A22C-4D53-A36C-8E866417BD8C): 0
LogDevObjectVersion:   Dev-Core (375EC13C-06E4-48FB-B500-84F0262A717E): 3
LogDevObjectVersion:   Dev-Editor (E4B068ED-F494-42E9-A231-DA0B2E46BB41): 34
LogDevObjectVersion:   Dev-Framework (CFFC743F-43B0-4480-9391-14DF171D2073): 35
LogDevObjectVersion:   Dev-Mobile (B02B49B5-BB20-44E9-A304-32B752E40360): 2
LogDevObjectVersion:   Dev-Networking (A4E4105C-59A1-49B5-A7C5-40C4547EDFEE): 0
LogDevObjectVersion:   Dev-Online (39C831C9-5AE6-47DC-9A44-9C173E1C8E7C): 0
LogDevObjectVersion:   Dev-Physics (78F01B33-EBEA-4F98-B9B4-84EACCB95AA2): 0
LogDevObjectVersion:   Dev-Platform (6631380F-2D4D-43E0-8009-CF276956A95A): 0
LogDevObjectVersion:   Dev-Rendering (12F88B9F-8875-4AFC-A67C-D90C383ABD29): 31
LogDevObjectVersion:   Dev-Sequencer (7B5AE74C-D270-4C10-A958-57980B212A5A): 11
LogDevObjectVersion:   Dev-VR (D7296918-1DD6-4BDD-9DE2-64A83CC13884): 2
LogDevObjectVersion:   Dev-LoadTimes (C2A15278-BFE7-4AFE-6C17-90FF531DF755): 1
LogDevObjectVersion:   Private-Geometry (6EACA3D4-40EC-4CC1-B786-8BED09428FC5): 3
LogDevObjectVersion:   Dev-AnimPhys (29E575DD-E0A3-4627-9D10-D276232CDCEA): 17
LogDevObjectVersion:   Dev-Anim (AF43A65D-7FD3-4947-9873-3E8ED9C1BB05): 2
LogDevObjectVersion:   Dev-ReflectionCapture (6B266CEC-1EC7-4B8F-A30B-E4D90942FC07): 1
LogDevObjectVersion:   Dev-Automation (0DF73D61-A23F-47EA-B727-89E90C41499A): 1
LogDevObjectVersion:   FortniteMain (601D1886-AC64-4F84-AA16-D3DE0DEAC7D6): 27
LogDevObjectVersion:   Dev-Enterprise (9DFFBCD6-494F-0158-E221-12823C92A888): 6
LogDevObjectVersion:   Dev-Niagara (F2AED0AC-9AFE-416F-8664-AA7FFA26D6FC): 1
LogDevObjectVersion:   Dev-Destruction (174F1F0B-B4C6-45A5-B13F-2EE8D0FB917D): 9
LogInit: Presizing for max 16777216 objects, including 0 objects not considered by GC, pre-allocating 0 bytes for permanent pool.
LogInit: Object subsystem initialized
LogConfig: Setting CVar [[con.DebugEarlyDefault:1]]
LogConfig: Setting CVar [[r.setres:1280x720]]
[2020.01.22-10.39.04:290][  0]LogConfig: Setting CVar [[con.DebugEarlyDefault:1]]
[2020.01.22-10.39.04:291][  0]LogConfig: Setting CVar [[r.setres:1280x720]]
[2020.01.22-10.39.04:291][  0]LogConfig: Applying CVar settings from Section [/Script/Engine.RendererSettings] File [F:/Github/Jnckr-Lthr/Saved/Config/Windows/Engine.ini]
[2020.01.22-10.39.04:291][  0]LogConfig: Setting CVar [[r.GPUCrashDebugging:0]]
[2020.01.22-10.39.04:291][  0]LogConfig: Applying CVar settings from Section [/Script/Engine.RendererOverrideSettings] File [F:/Github/Jnckr-Lthr/Saved/Config/Windows/Engine.ini]
[2020.01.22-10.39.04:291][  0]LogConfig: Applying CVar settings from Section [/Script/Engine.StreamingSettings] File [F:/Github/Jnckr-Lthr/Saved/Config/Windows/Engine.ini]
[2020.01.22-10.39.04:291][  0]LogConfig: Setting CVar [[s.MinBulkDataSizeForAsyncLoading:131072]]
[2020.01.22-10.39.04:291][  0]LogConfig: Setting CVar [[s.AsyncLoadingThreadEnabled:0]]
[2020.01.22-10.39.04:291][  0]LogConfig: Setting CVar [[s.EventDrivenLoaderEnabled:1]]
[2020.01.22-10.39.04:291][  0]LogConfig: Setting CVar [[s.WarnIfTimeLimitExceeded:0]]
[2020.01.22-10.39.04:291][  0]LogConfig: Setting CVar [[s.TimeLimitExceededMultiplier:1.5]]
[2020.01.22-10.39.04:291][  0]LogConfig: Setting CVar [[s.TimeLimitExceededMinTime:0.005]]
[2020.01.22-10.39.04:291][  0]LogConfig: Setting CVar [[s.UseBackgroundLevelStreaming:1]]
[2020.01.22-10.39.04:291][  0]LogConfig: Setting CVar [[s.PriorityAsyncLoadingExtraTime:15.0]]
[2020.01.22-10.39.04:291][  0]LogConfig: Setting CVar [[s.LevelStreamingActorsUpdateTimeLimit:5.0]]
[2020.01.22-10.39.04:291][  0]LogConfig: Setting CVar [[s.PriorityLevelStreamingActorsUpdateExtraTime:5.0]]
[2020.01.22-10.39.04:291][  0]LogConfig: Setting CVar [[s.LevelStreamingComponentsRegistrationGranularity:10]]
[2020.01.22-10.39.04:291][  0]LogConfig: Setting CVar [[s.UnregisterComponentsTimeLimit:1.0]]
[2020.01.22-10.39.04:291][  0]LogConfig: Setting CVar [[s.LevelStreamingComponentsUnregistrationGranularity:5]]
[2020.01.22-10.39.04:291][  0]LogConfig: Applying CVar settings from Section [/Script/Engine.GarbageCollectionSettings] File [F:/Github/Jnckr-Lthr/Saved/Config/Windows/Engine.ini]
[2020.01.22-10.39.04:291][  0]LogConfig: Setting CVar [[gc.MaxObjectsNotConsideredByGC:1]]
[2020.01.22-10.39.04:291][  0]LogConfig: Setting CVar [[gc.SizeOfPermanentObjectPool:0]]
[2020.01.22-10.39.04:291][  0]LogConfig: Setting CVar [[gc.FlushStreamingOnGC:0]]
[2020.01.22-10.39.04:291][  0]LogConfig: Setting CVar [[gc.NumRetriesBeforeForcingGC:10]]
[2020.01.22-10.39.04:291][  0]LogConfig: Setting CVar [[gc.AllowParallelGC:1]]
[2020.01.22-10.39.04:291][  0]LogConfig: Setting CVar [[gc.TimeBetweenPurgingPendingKillObjects:61.1]]
[2020.01.22-10.39.04:291][  0]LogConfig: Setting CVar [[gc.MaxObjectsInEditor:16777216]]
[2020.01.22-10.39.04:291][  0]LogConfig: Setting CVar [[gc.IncrementalBeginDestroyEnabled:1]]
[2020.01.22-10.39.04:291][  0]LogConfig: Setting CVar [[gc.CreateGCClusters:1]]
[2020.01.22-10.39.04:291][  0]LogConfig: Setting CVar [[gc.MinGCClusterSize:5]]
[2020.01.22-10.39.04:291][  0]LogConfig: Setting CVar [[gc.ActorClusteringEnabled:0]]
[2020.01.22-10.39.04:291][  0]LogConfig: Setting CVar [[gc.BlueprintClusteringEnabled:0]]
[2020.01.22-10.39.04:291][  0]LogConfig: Setting CVar [[gc.UseDisregardForGCOnDedicatedServers:0]]
[2020.01.22-10.39.04:291][  0]LogConfig: Applying CVar settings from Section [/Script/Engine.NetworkSettings] File [F:/Github/Jnckr-Lthr/Saved/Config/Windows/Engine.ini]
[2020.01.22-10.39.04:291][  0]LogConfig: Applying CVar settings from Section [/Script/UnrealEd.CookerSettings] File [F:/Github/Jnckr-Lthr/Saved/Config/Windows/Engine.ini]
[2020.01.22-10.39.04:304][  0]LogConfig: Applying CVar settings from Section [ViewDistanceQuality@3] File [F:/Github/Jnckr-Lthr/Saved/Config/Windows/Scalability.ini]
[2020.01.22-10.39.04:304][  0]LogConfig: Setting CVar [[r.SkeletalMeshLODBias:0]]
[2020.01.22-10.39.04:304][  0]LogConfig: Setting CVar [[r.ViewDistanceScale:1.0]]
[2020.01.22-10.39.04:304][  0]LogConfig: Applying CVar settings from Section [AntiAliasingQuality@3] File [F:/Github/Jnckr-Lthr/Saved/Config/Windows/Scalability.ini]
[2020.01.22-10.39.04:304][  0]LogConfig: Setting CVar [[r.PostProcessAAQuality:4]]
[2020.01.22-10.39.04:304][  0]LogConfig: Applying CVar settings from Section [ShadowQuality@3] File [F:/Github/Jnckr-Lthr/Saved/Config/Windows/Scalability.ini]
[2020.01.22-10.39.04:304][  0]LogConfig: Setting CVar [[r.LightFunctionQuality:1]]
[2020.01.22-10.39.04:304][  0]LogConfig: Setting CVar [[r.ShadowQuality:5]]
[2020.01.22-10.39.04:304][  0]LogConfig: Setting CVar [[r.Shadow.CSM.MaxCascades:10]]
[2020.01.22-10.39.04:304][  0]LogConfig: Setting CVar [[r.Shadow.MaxResolution:2048]]
[2020.01.22-10.39.04:305][  0]LogConfig: Setting CVar [[r.Shadow.MaxCSMResolution:2048]]
[2020.01.22-10.39.04:305][  0]LogConfig: Setting CVar [[r.Shadow.RadiusThreshold:0.01]]
[2020.01.22-10.39.04:305][  0]LogConfig: Setting CVar [[r.Shadow.DistanceScale:1.0]]
[2020.01.22-10.39.04:305][  0]LogConfig: Setting CVar [[r.Shadow.CSM.TransitionScale:1.0]]
[2020.01.22-10.39.04:305][  0]LogConfig: Setting CVar [[r.Shadow.PreShadowResolutionFactor:1.0]]
[2020.01.22-10.39.04:305][  0]LogConfig: Setting CVar [[r.DistanceFieldShadowing:1]]
[2020.01.22-10.39.04:305][  0]LogConfig: Setting CVar [[r.DistanceFieldAO:1]]
[2020.01.22-10.39.04:305][  0]LogConfig: Setting CVar [[r.AOQuality:2]]
[2020.01.22-10.39.04:305][  0]LogConfig: Setting CVar [[r.VolumetricFog:1]]
[2020.01.22-10.39.04:305][  0]LogConfig: Setting CVar [[r.VolumetricFog.GridPixelSize:8]]
[2020.01.22-10.39.04:305][  0]LogConfig: Setting CVar [[r.VolumetricFog.GridSizeZ:128]]
[2020.01.22-10.39.04:305][  0]LogConfig: Setting CVar [[r.VolumetricFog.HistoryMissSupersampleCount:4]]
[2020.01.22-10.39.04:305][  0]LogConfig: Setting CVar [[r.LightMaxDrawDistanceScale:1]]
[2020.01.22-10.39.04:305][  0]LogConfig: Setting CVar [[r.CapsuleShadows:1]]
[2020.01.22-10.39.04:305][  0]LogConfig: Applying CVar settings from Section [PostProcessQuality@3] File [F:/Github/Jnckr-Lthr/Saved/Config/Windows/Scalability.ini]
[2020.01.22-10.39.04:306][  0]LogConfig: Setting CVar [[r.MotionBlurQuality:4]]
[2020.01.22-10.39.04:306][  0]LogConfig: Setting CVar [[r.AmbientOcclusionMipLevelFactor:0.4]]
[2020.01.22-10.39.04:306][  0]LogConfig: Setting CVar [[r.AmbientOcclusionMaxQuality:100]]
[2020.01.22-10.39.04:306][  0]LogConfig: Setting CVar [[r.AmbientOcclusionLevels:-1]]
[2020.01.22-10.39.04:306][  0]LogConfig: Setting CVar [[r.AmbientOcclusionRadiusScale:1.0]]
[2020.01.22-10.39.04:306][  0]LogConfig: Setting CVar [[r.DepthOfFieldQuality:2]]
[2020.01.22-10.39.04:306][  0]LogConfig: Setting CVar [[r.RenderTargetPoolMin:400]]
[2020.01.22-10.39.04:306][  0]LogConfig: Setting CVar [[r.LensFlareQuality:2]]
[2020.01.22-10.39.04:306][  0]LogConfig: Setting CVar [[r.SceneColorFringeQuality:1]]
[2020.01.22-10.39.04:306][  0]LogConfig: Setting CVar [[r.EyeAdaptationQuality:2]]
[2020.01.22-10.39.04:306][  0]LogConfig: Setting CVar [[r.BloomQuality:5]]
[2020.01.22-10.39.04:306][  0]LogConfig: Setting CVar [[r.FastBlurThreshold:100]]
[2020.01.22-10.39.04:307][  0]LogConfig: Setting CVar [[r.Upscale.Quality:3]]
[2020.01.22-10.39.04:307][  0]LogConfig: Setting CVar [[r.Tonemapper.GrainQuantization:1]]
[2020.01.22-10.39.04:307][  0]LogConfig: Setting CVar [[r.LightShaftQuality:1]]
[2020.01.22-10.39.04:307][  0]LogConfig: Setting CVar [[r.Filter.SizeScale:1]]
[2020.01.22-10.39.04:307][  0]LogConfig: Setting CVar [[r.Tonemapper.Quality:5]]
[2020.01.22-10.39.04:307][  0]LogConfig: Setting CVar [[r.DOF.Gather.AccumulatorQuality:1        ; higher gathering accumulator quality]]
[2020.01.22-10.39.04:307][  0]LogConfig: Setting CVar [[r.DOF.Gather.PostfilterMethod:1          ; Median3x3 postfilering method]]
[2020.01.22-10.39.04:307][  0]LogConfig: Setting CVar [[r.DOF.Gather.EnableBokehSettings:0       ; no bokeh simulation when gathering]]
[2020.01.22-10.39.04:307][  0]LogConfig: Setting CVar [[r.DOF.Gather.RingCount:4                 ; medium number of samples when gathering]]
[2020.01.22-10.39.04:307][  0]LogConfig: Setting CVar [[r.DOF.Scatter.ForegroundCompositing:1    ; additive foreground scattering]]
[2020.01.22-10.39.04:307][  0]LogConfig: Setting CVar [[r.DOF.Scatter.BackgroundCompositing:2    ; additive background scattering]]
[2020.01.22-10.39.04:307][  0]LogConfig: Setting CVar [[r.DOF.Scatter.EnableBokehSettings:1      ; bokeh simulation when scattering]]
[2020.01.22-10.39.04:307][  0]LogConfig: Setting CVar [[r.DOF.Scatter.MaxSpriteRatio:0.1         ; only a maximum of 10% of scattered bokeh]]
[2020.01.22-10.39.04:307][  0]LogConfig: Setting CVar [[r.DOF.Recombine.Quality:1                ; cheap slight out of focus]]
[2020.01.22-10.39.04:308][  0]LogConfig: Setting CVar [[r.DOF.Recombine.EnableBokehSettings:0    ; no bokeh simulation on slight out of focus]]
[2020.01.22-10.39.04:308][  0]LogConfig: Setting CVar [[r.DOF.TemporalAAQuality:1                ; more stable temporal accumulation]]
[2020.01.22-10.39.04:308][  0]LogConfig: Setting CVar [[r.DOF.Kernel.MaxForegroundRadius:0.025]]
[2020.01.22-10.39.04:308][  0]LogConfig: Setting CVar [[r.DOF.Kernel.MaxBackgroundRadius:0.025]]
[2020.01.22-10.39.04:308][  0]LogConfig: Applying CVar settings from Section [TextureQuality@3] File [F:/Github/Jnckr-Lthr/Saved/Config/Windows/Scalability.ini]
[2020.01.22-10.39.04:308][  0]LogConfig: Setting CVar [[r.Streaming.MipBias:0]]
[2020.01.22-10.39.04:308][  0]LogConfig: Setting CVar [[r.Streaming.AmortizeCPUToGPUCopy:0]]
[2020.01.22-10.39.04:308][  0]LogConfig: Setting CVar [[r.Streaming.MaxNumTexturesToStreamPerFrame:0]]
[2020.01.22-10.39.04:308][  0]LogConfig: Setting CVar [[r.Streaming.Boost:1]]
[2020.01.22-10.39.04:308][  0]LogConfig: Setting CVar [[r.MaxAnisotropy:8]]
[2020.01.22-10.39.04:308][  0]LogConfig: Setting CVar [[r.Streaming.LimitPoolSizeToVRAM:0]]
[2020.01.22-10.39.04:308][  0]LogConfig: Setting CVar [[r.Streaming.PoolSize:1000]]
[2020.01.22-10.39.04:308][  0]LogConfig: Setting CVar [[r.Streaming.MaxEffectiveScreenSize:0]]
[2020.01.22-10.39.04:308][  0]LogConfig: Applying CVar settings from Section [EffectsQuality@3] File [F:/Github/Jnckr-Lthr/Saved/Config/Windows/Scalability.ini]
[2020.01.22-10.39.04:308][  0]LogConfig: Setting CVar [[r.TranslucencyLightingVolumeDim:64]]
[2020.01.22-10.39.04:308][  0]LogConfig: Setting CVar [[r.RefractionQuality:2]]
[2020.01.22-10.39.04:308][  0]LogConfig: Setting CVar [[r.SSR.Quality:3]]
[2020.01.22-10.39.04:308][  0]LogConfig: Setting CVar [[r.SceneColorFormat:4]]
[2020.01.22-10.39.04:308][  0]LogConfig: Setting CVar [[r.DetailMode:2]]
[2020.01.22-10.39.04:308][  0]LogConfig: Setting CVar [[r.TranslucencyVolumeBlur:1]]
[2020.01.22-10.39.04:308][  0]LogConfig: Setting CVar [[r.MaterialQualityLevel:1 ; High quality]]
[2020.01.22-10.39.04:308][  0]LogConfig: Setting CVar [[r.SSS.Scale:1]]
[2020.01.22-10.39.04:308][  0]LogConfig: Setting CVar [[r.SSS.SampleSet:2]]
[2020.01.22-10.39.04:308][  0]LogConfig: Setting CVar [[r.SSS.Quality:1]]
[2020.01.22-10.39.04:309][  0]LogConfig: Setting CVar [[r.SSS.HalfRes:1]]
[2020.01.22-10.39.04:309][  0]LogConfig: Setting CVar [[r.EmitterSpawnRateScale:1.0]]
[2020.01.22-10.39.04:309][  0]LogConfig: Setting CVar [[r.ParticleLightQuality:2]]
[2020.01.22-10.39.04:309][  0]LogConfig: Applying CVar settings from Section [FoliageQuality@3] File [F:/Github/Jnckr-Lthr/Saved/Config/Windows/Scalability.ini]
[2020.01.22-10.39.04:309][  0]LogConfig: Setting CVar [[foliage.DensityScale:1.0]]
[2020.01.22-10.39.04:309][  0]LogConfig: Setting CVar [[grass.DensityScale:1.0]]
[2020.01.22-10.39.04:309][  0]LogInit: Selected Device Profile: [Windows]
[2020.01.22-10.39.04:309][  0]LogInit: Applying CVar settings loaded from the selected device profile: [Windows]
[2020.01.22-10.39.04:315][  0]LogHAL: Display: Platform has ~ 8 GB [8469159936 / 8589934592 / 8], which maps to Default [LargestMinGB=32, LargerMinGB=12, DefaultMinGB=8, SmallerMinGB=6, SmallestMinGB=0)
[2020.01.22-10.39.04:316][  0]LogInit: Going up to parent DeviceProfile []
[2020.01.22-10.39.04:316][  0]LogConfig: Applying CVar settings from Section [ViewDistanceQuality@3] File [F:/Github/Jnckr-Lthr/Saved/Config/Windows/Scalability.ini]
[2020.01.22-10.39.04:316][  0]LogConfig: Setting CVar [[r.SkeletalMeshLODBias:0]]
[2020.01.22-10.39.04:316][  0]LogConfig: Setting CVar [[r.ViewDistanceScale:1.0]]
[2020.01.22-10.39.04:316][  0]LogConfig: Applying CVar settings from Section [AntiAliasingQuality@3] File [F:/Github/Jnckr-Lthr/Saved/Config/Windows/Scalability.ini]
[2020.01.22-10.39.04:316][  0]LogConfig: Setting CVar [[r.PostProcessAAQuality:4]]
[2020.01.22-10.39.04:316][  0]LogConfig: Applying CVar settings from Section [ShadowQuality@3] File [F:/Github/Jnckr-Lthr/Saved/Config/Windows/Scalability.ini]
[2020.01.22-10.39.04:316][  0]LogConfig: Setting CVar [[r.LightFunctionQuality:1]]
[2020.01.22-10.39.04:316][  0]LogConfig: Setting CVar [[r.ShadowQuality:5]]
[2020.01.22-10.39.04:316][  0]LogConfig: Setting CVar [[r.Shadow.CSM.MaxCascades:10]]
[2020.01.22-10.39.04:316][  0]LogConfig: Setting CVar [[r.Shadow.MaxResolution:2048]]
[2020.01.22-10.39.04:316][  0]LogConfig: Setting CVar [[r.Shadow.MaxCSMResolution:2048]]
[2020.01.22-10.39.04:316][  0]LogConfig: Setting CVar [[r.Shadow.RadiusThreshold:0.01]]
[2020.01.22-10.39.04:316][  0]LogConfig: Setting CVar [[r.Shadow.DistanceScale:1.0]]
[2020.01.22-10.39.04:316][  0]LogConfig: Setting CVar [[r.Shadow.CSM.TransitionScale:1.0]]
[2020.01.22-10.39.04:316][  0]LogConfig: Setting CVar [[r.Shadow.PreShadowResolutionFactor:1.0]]
[2020.01.22-10.39.04:316][  0]LogConfig: Setting CVar [[r.DistanceFieldShadowing:1]]
[2020.01.22-10.39.04:316][  0]LogConfig: Setting CVar [[r.DistanceFieldAO:1]]
[2020.01.22-10.39.04:316][  0]LogConfig: Setting CVar [[r.AOQuality:2]]
[2020.01.22-10.39.04:316][  0]LogConfig: Setting CVar [[r.VolumetricFog:1]]
[2020.01.22-10.39.04:316][  0]LogConfig: Setting CVar [[r.VolumetricFog.GridPixelSize:8]]
[2020.01.22-10.39.04:316][  0]LogConfig: Setting CVar [[r.VolumetricFog.GridSizeZ:128]]
[2020.01.22-10.39.04:316][  0]LogConfig: Setting CVar [[r.VolumetricFog.HistoryMissSupersampleCount:4]]
[2020.01.22-10.39.04:316][  0]LogConfig: Setting CVar [[r.LightMaxDrawDistanceScale:1]]
[2020.01.22-10.39.04:316][  0]LogConfig: Setting CVar [[r.CapsuleShadows:1]]
[2020.01.22-10.39.04:316][  0]LogConfig: Applying CVar settings from Section [PostProcessQuality@3] File [F:/Github/Jnckr-Lthr/Saved/Config/Windows/Scalability.ini]
[2020.01.22-10.39.04:316][  0]LogConfig: Setting CVar [[r.MotionBlurQuality:4]]
[2020.01.22-10.39.04:316][  0]LogConfig: Setting CVar [[r.AmbientOcclusionMipLevelFactor:0.4]]
[2020.01.22-10.39.04:316][  0]LogConfig: Setting CVar [[r.AmbientOcclusionMaxQuality:100]]
[2020.01.22-10.39.04:316][  0]LogConfig: Setting CVar [[r.AmbientOcclusionLevels:-1]]
[2020.01.22-10.39.04:316][  0]LogConfig: Setting CVar [[r.AmbientOcclusionRadiusScale:1.0]]
[2020.01.22-10.39.04:316][  0]LogConfig: Setting CVar [[r.DepthOfFieldQuality:2]]
[2020.01.22-10.39.04:316][  0]LogConfig: Setting CVar [[r.RenderTargetPoolMin:400]]
[2020.01.22-10.39.04:316][  0]LogConfig: Setting CVar [[r.LensFlareQuality:2]]
[2020.01.22-10.39.04:316][  0]LogConfig: Setting CVar [[r.SceneColorFringeQuality:1]]
[2020.01.22-10.39.04:316][  0]LogConfig: Setting CVar [[r.EyeAdaptationQuality:2]]
[2020.01.22-10.39.04:316][  0]LogConfig: Setting CVar [[r.BloomQuality:5]]
[2020.01.22-10.39.04:316][  0]LogConfig: Setting CVar [[r.FastBlurThreshold:100]]
[2020.01.22-10.39.04:316][  0]LogConfig: Setting CVar [[r.Upscale.Quality:3]]
[2020.01.22-10.39.04:316][  0]LogConfig: Setting CVar [[r.Tonemapper.GrainQuantization:1]]
[2020.01.22-10.39.04:316][  0]LogConfig: Setting CVar [[r.LightShaftQuality:1]]
[2020.01.22-10.39.04:316][  0]LogConfig: Setting CVar [[r.Filter.SizeScale:1]]
[2020.01.22-10.39.04:316][  0]LogConfig: Setting CVar [[r.Tonemapper.Quality:5]]
[2020.01.22-10.39.04:316][  0]LogConfig: Setting CVar [[r.DOF.Gather.AccumulatorQuality:1        ; higher gathering accumulator quality]]
[2020.01.22-10.39.04:316][  0]LogConfig: Setting CVar [[r.DOF.Gather.PostfilterMethod:1          ; Median3x3 postfilering method]]
[2020.01.22-10.39.04:316][  0]LogConfig: Setting CVar [[r.DOF.Gather.EnableBokehSettings:0       ; no bokeh simulation when gathering]]
[2020.01.22-10.39.04:316][  0]LogConfig: Setting CVar [[r.DOF.Gather.RingCount:4                 ; medium number of samples when gathering]]
[2020.01.22-10.39.04:316][  0]LogConfig: Setting CVar [[r.DOF.Scatter.ForegroundCompositing:1    ; additive foreground scattering]]
[2020.01.22-10.39.04:316][  0]LogConfig: Setting CVar [[r.DOF.Scatter.BackgroundCompositing:2    ; additive background scattering]]
[2020.01.22-10.39.04:317][  0]LogConfig: Setting CVar [[r.DOF.Scatter.EnableBokehSettings:1      ; bokeh simulation when scattering]]
[2020.01.22-10.39.04:317][  0]LogConfig: Setting CVar [[r.DOF.Scatter.MaxSpriteRatio:0.1         ; only a maximum of 10% of scattered bokeh]]
[2020.01.22-10.39.04:317][  0]LogConfig: Setting CVar [[r.DOF.Recombine.Quality:1                ; cheap slight out of focus]]
[2020.01.22-10.39.04:317][  0]LogConfig: Setting CVar [[r.DOF.Recombine.EnableBokehSettings:0    ; no bokeh simulation on slight out of focus]]
[2020.01.22-10.39.04:317][  0]LogConfig: Setting CVar [[r.DOF.TemporalAAQuality:1                ; more stable temporal accumulation]]
[2020.01.22-10.39.04:317][  0]LogConfig: Setting CVar [[r.DOF.Kernel.MaxForegroundRadius:0.025]]
[2020.01.22-10.39.04:317][  0]LogConfig: Setting CVar [[r.DOF.Kernel.MaxBackgroundRadius:0.025]]
[2020.01.22-10.39.04:317][  0]LogConfig: Applying CVar settings from Section [TextureQuality@3] File [F:/Github/Jnckr-Lthr/Saved/Config/Windows/Scalability.ini]
[2020.01.22-10.39.04:317][  0]LogConfig: Setting CVar [[r.Streaming.MipBias:0]]
[2020.01.22-10.39.04:317][  0]LogConfig: Setting CVar [[r.Streaming.AmortizeCPUToGPUCopy:0]]
[2020.01.22-10.39.04:317][  0]LogConfig: Setting CVar [[r.Streaming.MaxNumTexturesToStreamPerFrame:0]]
[2020.01.22-10.39.04:317][  0]LogConfig: Setting CVar [[r.Streaming.Boost:1]]
[2020.01.22-10.39.04:317][  0]LogConfig: Setting CVar [[r.MaxAnisotropy:8]]
[2020.01.22-10.39.04:317][  0]LogConfig: Setting CVar [[r.Streaming.LimitPoolSizeToVRAM:0]]
[2020.01.22-10.39.04:317][  0]LogConfig: Setting CVar [[r.Streaming.PoolSize:1000]]
[2020.01.22-10.39.04:317][  0]LogConfig: Setting CVar [[r.Streaming.MaxEffectiveScreenSize:0]]
[2020.01.22-10.39.04:317][  0]LogConfig: Applying CVar settings from Section [EffectsQuality@3] File [F:/Github/Jnckr-Lthr/Saved/Config/Windows/Scalability.ini]
[2020.01.22-10.39.04:317][  0]LogConfig: Setting CVar [[r.TranslucencyLightingVolumeDim:64]]
[2020.01.22-10.39.04:317][  0]LogConfig: Setting CVar [[r.RefractionQuality:2]]
[2020.01.22-10.39.04:317][  0]LogConfig: Setting CVar [[r.SSR.Quality:3]]
[2020.01.22-10.39.04:317][  0]LogConfig: Setting CVar [[r.SceneColorFormat:4]]
[2020.01.22-10.39.04:317][  0]LogConfig: Setting CVar [[r.DetailMode:2]]
[2020.01.22-10.39.04:317][  0]LogConfig: Setting CVar [[r.TranslucencyVolumeBlur:1]]
[2020.01.22-10.39.04:317][  0]LogConfig: Setting CVar [[r.MaterialQualityLevel:1 ; High quality]]
[2020.01.22-10.39.04:317][  0]LogConfig: Setting CVar [[r.SSS.Scale:1]]
[2020.01.22-10.39.04:317][  0]LogConfig: Setting CVar [[r.SSS.SampleSet:2]]
[2020.01.22-10.39.04:317][  0]LogConfig: Setting CVar [[r.SSS.Quality:1]]
[2020.01.22-10.39.04:317][  0]LogConfig: Setting CVar [[r.SSS.HalfRes:1]]
[2020.01.22-10.39.04:317][  0]LogConfig: Setting CVar [[r.EmitterSpawnRateScale:1.0]]
[2020.01.22-10.39.04:317][  0]LogConfig: Setting CVar [[r.ParticleLightQuality:2]]
[2020.01.22-10.39.04:317][  0]LogConfig: Applying CVar settings from Section [FoliageQuality@3] File [F:/Github/Jnckr-Lthr/Saved/Config/Windows/Scalability.ini]
[2020.01.22-10.39.04:317][  0]LogConfig: Setting CVar [[foliage.DensityScale:1.0]]
[2020.01.22-10.39.04:317][  0]LogConfig: Setting CVar [[grass.DensityScale:1.0]]
[2020.01.22-10.39.04:317][  0]LogConfig: Applying CVar settings from Section [Startup] File [../../../Engine/Config/ConsoleVariables.ini]
[2020.01.22-10.39.04:318][  0]LogConfig: Setting CVar [[net.UseAdaptiveNetUpdateFrequency:0]]
[2020.01.22-10.39.04:318][  0]LogConfig: Setting CVar [[p.chaos.AllowCreatePhysxBodies:1]]
[2020.01.22-10.39.04:318][  0]LogConfig: Applying CVar settings from Section [ConsoleVariables] File [F:/Github/Jnckr-Lthr/Saved/Config/Windows/Engine.ini]
[2020.01.22-10.39.04:318][  0]LogInit: Computer: FABIONOTEBOOK
[2020.01.22-10.39.04:318][  0]LogInit: User: morfa
[2020.01.22-10.39.04:318][  0]LogInit: CPU Page size=4096, Cores=4
[2020.01.22-10.39.04:318][  0]LogInit: High frequency timer resolution =10.000000 MHz
[2020.01.22-10.39.04:318][  0]LogMemory: Memory total: Physical=7.9GB (8GB approx)
[2020.01.22-10.39.04:318][  0]LogMemory: Platform Memory Stats for Windows
[2020.01.22-10.39.04:318][  0]LogMemory: Process Physical Memory: 101.61 MB used, 101.61 MB peak
[2020.01.22-10.39.04:318][  0]LogMemory: Process Virtual Memory: 90.73 MB used, 90.73 MB peak
[2020.01.22-10.39.04:318][  0]LogMemory: Physical Memory: 6551.17 MB used,  1525.65 MB free, 8076.82 MB total
[2020.01.22-10.39.04:319][  0]LogMemory: Virtual Memory: 4652.37 MB used,  134213072.00 MB free, 134217728.00 MB total
[2020.01.22-10.39.04:328][  0]LogWindows: WindowsPlatformFeatures enabled
[2020.01.22-10.39.04:397][  0]LogInit: Using OS detected language (en-US).
[2020.01.22-10.39.04:397][  0]LogInit: Using OS detected locale (en-US).
[2020.01.22-10.39.04:398][  0]LogTextLocalizationManager: No specific localization for 'en-US' exists, so the 'en' localization will be used.
[2020.01.22-10.39.05:033][  0]LogSlate: New Slate User Created.  User Index 0, Is Virtual User: 0
[2020.01.22-10.39.05:033][  0]LogSlate: Slate User Registered.  User Index 0, Is Virtual User: 0
[2020.01.22-10.39.05:093][  0]LogHMD: Failed to initialize OpenVR with code 110
[2020.01.22-10.39.05:093][  0]LogD3D11RHI: D3D11 adapters:
[2020.01.22-10.39.05:191][  0]LogD3D11RHI:    0. 'NVIDIA GeForce GTX 1050' (Feature Level 11_0)
[2020.01.22-10.39.05:191][  0]LogD3D11RHI:       1979/0/4038 MB DedicatedVideo/DedicatedSystem/SharedSystem, Outputs:2, VendorId:0x10de
[2020.01.22-10.39.05:203][  0]LogD3D11RHI:    1. 'Intel(R) HD Graphics 630' (Feature Level 11_0)
[2020.01.22-10.39.05:203][  0]LogD3D11RHI:       128/0/4038 MB DedicatedVideo/DedicatedSystem/SharedSystem, Outputs:0, VendorId:0x8086
[2020.01.22-10.39.05:208][  0]LogD3D11RHI:    2. 'Microsoft Basic Render Driver' (Feature Level 11_0)
[2020.01.22-10.39.05:208][  0]LogD3D11RHI:       0/0/4038 MB DedicatedVideo/DedicatedSystem/SharedSystem, Outputs:0, VendorId:0x1414
[2020.01.22-10.39.05:208][  0]LogD3D11RHI: Chosen D3D11 Adapter: 0
[2020.01.22-10.39.05:265][  0]LogD3D11RHI: Creating new Direct3DDevice
[2020.01.22-10.39.05:265][  0]LogD3D11RHI:     GPU DeviceId: 0x1c8d (for the marketing name, search the web for "GPU Device Id")
[2020.01.22-10.39.05:265][  0]LogWindows: EnumDisplayDevices:
[2020.01.22-10.39.05:265][  0]LogWindows:    0. 'Intel(R) HD Graphics 630' (P:1 D:1)
[2020.01.22-10.39.05:265][  0]LogWindows:    1. 'Intel(R) HD Graphics 630' (P:0 D:1)
[2020.01.22-10.39.05:266][  0]LogWindows:    2. 'Intel(R) HD Graphics 630' (P:0 D:0)
[2020.01.22-10.39.05:267][  0]LogWindows: DebugString: PrimaryIsNotTheChoosenAdapter PrimaryIsNotTheChoosenAdapter PrimaryIsNotTheChoosenAdapter FoundDriverCount:0 
[2020.01.22-10.39.05:267][  0]LogD3D11RHI:     Adapter Name: NVIDIA GeForce GTX 1050
[2020.01.22-10.39.05:267][  0]LogD3D11RHI:   Driver Version: Unknown (internal:Unknown, unified:Unknown)
[2020.01.22-10.39.05:267][  0]LogD3D11RHI:      Driver Date: Unknown
[2020.01.22-10.39.05:267][  0]LogRHI: Texture pool is 1385 MB (70% of 1979 MB)
[2020.01.22-10.39.05:322][  0]LogD3D11RHI: Async texture creation enabled
[2020.01.22-10.39.05:339][  0]LogD3D11RHI: GPU Timing Frequency: 1000.000000 (Debug: 2 1)
[2020.01.22-10.39.05:824][  0]LogTemp: Display: Module 'WindowsClientTargetPlatform' loaded TargetPlatform 'WindowsClient'
[2020.01.22-10.39.05:834][  0]LogTemp: Display: Module 'WindowsNoEditorTargetPlatform' loaded TargetPlatform 'WindowsNoEditor'
[2020.01.22-10.39.05:844][  0]LogTemp: Display: Module 'WindowsServerTargetPlatform' loaded TargetPlatform 'WindowsServer'
[2020.01.22-10.39.05:848][  0]LogTemp: Display: Module 'WindowsTargetPlatform' loaded TargetPlatform 'Windows'
[2020.01.22-10.39.05:848][  0]LogTargetPlatformManager: Display: Building Assets For Windows
[2020.01.22-10.39.05:858][  0]LogAudioDebug: Display: Lib vorbis DLL was dynamically loaded.
[2020.01.22-10.39.05:907][  0]LogShaderCompilers: Guid format shader working directory is 26 characters bigger than the processId version (F:/Github/Jnckr-Lthr/Intermediate/Shaders/WorkingDirectory/6060/).
[2020.01.22-10.39.05:908][  0]LogShaderCompilers: Cleaned the shader compiler working directory 'C:/Users/morfa/AppData/Local/Temp/UnrealShaderWorkingDir/0E5B57FB429253A75F85EA9EDE12FCC1/'.
[2020.01.22-10.39.05:910][  0]LogXGEController: Cannot use XGE Controller as Incredibuild is not installed on this machine.
[2020.01.22-10.39.05:910][  0]LogShaderCompilers: Cannot use XGE Shader Compiler as Incredibuild is not installed on this machine.
[2020.01.22-10.39.05:910][  0]LogShaderCompilers: Display: Using Local Shader Compiler.
[2020.01.22-10.39.06:606][  0]LogDerivedDataCache: Display: Max Cache Size: 512 MB
[2020.01.22-10.39.06:689][  0]LogDerivedDataCache: Loaded boot cache 0.08s 73MB C:/Users/morfa/AppData/Local/UnrealEngine/4.23/DerivedDataCache/Boot.ddc.
[2020.01.22-10.39.06:689][  0]LogDerivedDataCache: Display: Loaded Boot cache: C:/Users/morfa/AppData/Local/UnrealEngine/4.23/DerivedDataCache/Boot.ddc
[2020.01.22-10.39.06:689][  0]LogDerivedDataCache: FDerivedDataBackendGraph:  Pak pak cache file F:/Github/Jnckr-Lthr/DerivedDataCache/DDC.ddp not found, will not use a pak cache.
[2020.01.22-10.39.06:689][  0]LogDerivedDataCache: Unable to find inner node Pak for hierarchical cache Hierarchy.
[2020.01.22-10.39.06:689][  0]LogDerivedDataCache: FDerivedDataBackendGraph:  CompressedPak pak cache file F:/Github/Jnckr-Lthr/DerivedDataCache/Compressed.ddp not found, will not use a pak cache.
[2020.01.22-10.39.06:689][  0]LogDerivedDataCache: Unable to find inner node CompressedPak for hierarchical cache Hierarchy.
[2020.01.22-10.39.06:703][  0]LogDerivedDataCache: Display: Pak cache opened for reading ../../../Engine/DerivedDataCache/Compressed.ddp.
[2020.01.22-10.39.06:704][  0]LogDerivedDataCache: FDerivedDataBackendGraph:  EnterprisePak pak cache file ../../../Enterprise/DerivedDataCache/Compressed.ddp not found, will not use a pak cache.
[2020.01.22-10.39.06:704][  0]LogDerivedDataCache: Unable to find inner node EnterprisePak for hierarchical cache Hierarchy.
[2020.01.22-10.39.06:705][  0]LogDerivedDataCache: Using Local data cache path C:/Users/morfa/AppData/Local/UnrealEngine/Common/DerivedDataCache: Writable
[2020.01.22-10.39.06:705][  0]LogDerivedDataCache: Shared data cache path not found in *engine.ini, will not use an Shared cache.
[2020.01.22-10.39.06:705][  0]LogDerivedDataCache: Unable to find inner node Shared for hierarchical cache Hierarchy.
[2020.01.22-10.39.06:730][  0]LogMaterial: Verifying Global Shaders for PCD3D_SM5
[2020.01.22-10.39.06:738][  0]LogSlate: Using FreeType 2.6.0
[2020.01.22-10.39.06:739][  0]LogSlate: SlateFontServices - WITH_FREETYPE: 1, WITH_HARFBUZZ: 1
[2020.01.22-10.39.06:909][  0]LogInit: Using OS detected language (en-US).
[2020.01.22-10.39.06:909][  0]LogInit: Using OS detected locale (en-US).
[2020.01.22-10.39.06:910][  0]LogTextLocalizationManager: No localization for 'en-US' exists, so 'en' will be used for the language.
[2020.01.22-10.39.06:910][  0]LogTextLocalizationManager: No localization for 'en-US' exists, so 'en' will be used for the locale.
[2020.01.22-10.39.06:910][  0]LogSlate: FontCache flush requested. Reason: Culture for localization was changed
[2020.01.22-10.39.06:910][  0]LogSlate: FontCache flush requested. Reason: Culture for localization was changed
[2020.01.22-10.39.06:911][  0]LogTextLocalizationManager: Compacting localization data took   0.00ms
[2020.01.22-10.39.06:916][  0]LogAssetRegistry: FAssetRegistry took 0.0018 seconds to start up
[2020.01.22-10.39.07:164][  0]LogPackageLocalizationCache: Processed 12 localized package path(s) for 1 prioritized culture(s) in 0.000961 seconds
[2020.01.22-10.39.07:220][  0]LogInit: Selected Device Profile: [Windows]
[2020.01.22-10.39.07:269][  0]LogMeshReduction: Using QuadricMeshReduction for automatic static mesh reduction
[2020.01.22-10.39.07:269][  0]LogMeshReduction: Using SimplygonMeshReduction for automatic skeletal mesh reduction
[2020.01.22-10.39.07:269][  0]LogMeshReduction: Using ProxyLODMeshReduction for automatic mesh merging
[2020.01.22-10.39.07:269][  0]LogMeshReduction: No distributed automatic mesh merging module available
[2020.01.22-10.39.07:269][  0]LogMeshMerging: No distributed automatic mesh merging module available
[2020.01.22-10.39.07:397][  0]LogNetVersion: JaxAndLegger 1.0.0, NetCL: 8386587, EngineNetVer: 11, GameNetVer: 0 (Checksum: 2648958118)
[2020.01.22-10.39.08:051][  0]LogMoviePlayer: Initializing movie player
[2020.01.22-10.39.08:158][  0]LogTcpMessaging: Initializing TcpMessaging bridge
[2020.01.22-10.39.08:161][  0]LogUdpMessaging: Initializing bridge on interface 0.0.0.0:0 to multicast group 230.0.0.1:6666.
[2020.01.22-10.39.08:200][  0]SourceControl: Source control is disabled
[2020.01.22-10.39.08:200][  0]SourceControl: Source control is disabled
[2020.01.22-10.39.08:201][  0]SourceControl: Source control is disabled
[2020.01.22-10.39.08:254][  0]LogAndroidPermission: UAndroidPermissionCallbackProxy::GetInstance
[2020.01.22-10.39.08:478][  0]LogOcInput: OculusInput pre-init called
[2020.01.22-10.39.08:490][  0]LogUObjectArray: 48866 objects as part of root set at end of initial load.
[2020.01.22-10.39.08:490][  0]LogUObjectAllocator: 8609784 out of 0 bytes used by permanent object pool.
[2020.01.22-10.39.08:490][  0]LogUObjectArray: CloseDisregardForGC: 0/0 objects in disregard for GC pool
[2020.01.22-10.39.08:559][  0]LogEngine: Initializing Engine...
[2020.01.22-10.39.08:562][  0]LogHMD: Failed to initialize OpenVR with code 110
[2020.01.22-10.39.08:563][  0]LogStats: UGameplayTagsManager::InitializeManager -  0.000 s
[2020.01.22-10.39.08:770][  0]LogInit: Initializing FReadOnlyCVARCache
[2020.01.22-10.39.08:809][  0]LogInit: XAudio2 using 'Speakers (Realtek High Definition Audio)' : 2 channels at 48 kHz using 32 bits per sample (channel mask 0x3)
[2020.01.22-10.39.08:876][  0]LogInit: FAudioDevice initialized.
[2020.01.22-10.39.08:877][  0]LogNetVersion: Set ProjectVersion to 1.0.0.0. Version Checksum will be recalculated on next use.
[2020.01.22-10.39.08:884][  0]LogInit: Texture streaming: Enabled
[2020.01.22-10.39.09:220][  0]LogSlate: Updating window title bar state: overlay mode, drag disabled, window buttons hidden, title bar hidden
[2020.01.22-10.39.09:222][  0]LogInit: Display: Game Engine Initialized.
[2020.01.22-10.39.09:283][  0]LogInit: Display: Starting Game.
[2020.01.22-10.39.09:283][  0]LogNet: Browse: /Game/Maps/MainMenu?Name=Player
[2020.01.22-10.39.09:284][  0]LogLoad: LoadMap: /Game/Maps/MainMenu?Name=Player
[2020.01.22-10.39.09:284][  0]LogWorld: BeginTearingDown for /Temp/Untitled_0
[2020.01.22-10.39.09:285][  0]LogWorld: UWorld::CleanupWorld for Untitled, bSessionEnded=true, bCleanupResources=true
[2020.01.22-10.39.09:313][  0]LogUObjectHash: Compacting FUObjectHashTables data took   2.18ms
[2020.01.22-10.39.09:354][  0]LogUObjectGlobals: Warning: While loading 'F:/Github/Jnckr-Lthr/Content/JandL_Models/BuckDock/duckblock_sm__1_.uasset' failed to load '/Game/JandL_Models/lambert1': Can't find file.
[2020.01.22-10.39.09:354][  0]LogUObjectGlobals: Warning: While loading 'F:/Github/Jnckr-Lthr/Content/JandL_Models/BuckDock/duckblock_sm__1_.uasset' failed to load '/Game/JandL_Models/lambert1': Can't find file.
[2020.01.22-10.39.09:355][  0]LogUObjectGlobals: Warning: While loading 'F:/Github/Jnckr-Lthr/Content/JandL_Models/BuckDock/duckblock_sm__1_.uasset' failed to load '/Game/JandL_Models/lambert1': Can't find file.
[2020.01.22-10.39.09:355][  0]LogUObjectGlobals: Warning: While loading 'F:/Github/Jnckr-Lthr/Content/JandL_Models/BuckDock/duckblock_sm__1_.uasset' failed to load '/Game/JandL_Models/lambert1': Can't find file.
[2020.01.22-10.39.09:466][  0]LogAIModule: Creating AISystem for world MainMenu
[2020.01.22-10.39.09:467][  0]LogLoad: Game class is 'GameMode'
[2020.01.22-10.39.09:473][  0]LogWorld: Bringing World /Game/Maps/MainMenu.MainMenu up for play (max tick rate 0) at 2020.01.22-11.39.09
[2020.01.22-10.39.09:474][  0]LogWorld: Bringing up level for play took: 0.002696
[2020.01.22-10.39.09:474][  0]LogGameMode: FindPlayerStart: PATHS NOT DEFINED or NO PLAYERSTART with positive rating
[2020.01.22-10.39.09:477][  0]LogGameMode: Display: Match State Changed from EnteringMap to WaitingToStart
[2020.01.22-10.39.09:477][  0]LogGameState: Match State Changed from EnteringMap to WaitingToStart
[2020.01.22-10.39.09:477][  0]LogGameMode: Display: Match State Changed from WaitingToStart to InProgress
[2020.01.22-10.39.09:479][  0]LogGameState: Match State Changed from WaitingToStart to InProgress
[2020.01.22-10.39.09:479][  0]LogLoad: Took 0.195971 seconds to LoadMap(/Game/Maps/MainMenu)
[2020.01.22-10.39.09:512][  0]LogRenderer: Reallocating scene render targets to support 1280x720 Format 10 NumSamples 1 (Frame:1).
[2020.01.22-10.39.09:512][  0]LogLoad: (Engine Initialization) Total time: 9.92 seconds
[2020.01.22-10.39.09:512][  0]LogLoad: (Engine Initialization) Total Blueprint compile time: 0.00 seconds
[2020.01.22-10.39.09:558][  0]LogContentStreaming: Texture pool size now 1000 MB
[2020.01.22-10.39.09:563][  0]LogAudio: Warning: Detected orphaned looping sound 'MenuMusic'.
[2020.01.22-10.39.09:737][  0]LogRenderer: Reallocating scene render targets to support 128x128 Format 10 NumSamples 1 (Frame:1).
[2020.01.22-10.39.09:780][  0]LogRenderer: Reallocating scene render targets to support 1280x720 Format 10 NumSamples 1 (Frame:2).
[2020.01.22-10.39.12:749][183]LogSlate: FSceneViewport::OnFocusLost() reason 0
[2020.01.22-10.39.12:817][187]LogSlate: Took 0.000376 seconds to synchronously load lazily loaded font '../../../Engine/Content/Slate/Fonts/Roboto-Regular.ttf' (155K)
[2020.01.22-10.39.13:879][253]LogSlate: FSceneViewport::OnFocusLost() reason 0
[2020.01.22-10.39.15:014][323]LogInit: WinSock: I am FabioNotebook (192.168.129.98:0)
[2020.01.22-10.39.15:169][323]LogPackageName: SearchForPackageOnDisk took   0.154s to resolve Lobby.umap.
[2020.01.22-10.39.15:171][323]LogGameMode: Display: Match State Changed from InProgress to LeavingMap
[2020.01.22-10.39.15:171][323]LogGameState: Match State Changed from InProgress to LeavingMap
[2020.01.22-10.39.15:314][323]LogPackageName: SearchForPackageOnDisk took   0.143s to resolve Lobby.umap.
[2020.01.22-10.39.15:314][323]LogNet: Browse: /Game/Maps/Lobby?Listen
[2020.01.22-10.39.15:314][323]LogLoad: LoadMap: /Game/Maps/Lobby?Listen
[2020.01.22-10.39.15:314][323]LogWorld: BeginTearingDown for /Game/Maps/MainMenu
[2020.01.22-10.39.15:314][323]LogWorld: UWorld::CleanupWorld for MainMenu, bSessionEnded=true, bCleanupResources=true
[2020.01.22-10.39.15:374][323]LogUObjectHash: Compacting FUObjectHashTables data took   2.30ms
[2020.01.22-10.39.15:799][323]LogBlueprint: Warning: [Compiler 0_Base] InputAction Event references unknown Action 'ResetVR' for  InputAction ResetVR
[2020.01.22-10.39.15:799][323]LogBlueprint: Warning: [Compiler 0_Base] InputAction Event references unknown Action 'Jump' for  InputAction Jump
[2020.01.22-10.39.16:461][323]LogAIModule: Creating AISystem for world Lobby
[2020.01.22-10.39.16:461][323]LogLoad: Game class is 'LobbyGM_C'
[2020.01.22-10.39.16:461][323]LogTemp: Display: ParseSettings for GameNetDriver
[2020.01.22-10.39.16:461][323]LogTemp: Display: ParseSettings for IpNetDriver_0
[2020.01.22-10.39.16:461][323]LogTemp: Display: ParseSettings for GameNetDriver
[2020.01.22-10.39.16:462][323]LogNet: ReplicationDriverClass is null! Not using ReplicationDriver.
[2020.01.22-10.39.16:462][323]PacketHandlerLog: DDoS detection status: detection enabled: 0 analytics enabled: 0
[2020.01.22-10.39.16:462][323]LogInit: WinSock: Socket queue. Rx: 131072 (config 131072) Tx: 131072 (config 131072)
[2020.01.22-10.39.16:462][323]PacketHandlerLog: Loaded PacketHandler component: Engine.EngineHandlerComponentFactory (StatelessConnectHandlerComponent)
[2020.01.22-10.39.16:463][323]LogNet: GameNetDriver IpNetDriver_0 IpNetDriver listening on port 7777
[2020.01.22-10.39.16:465][323]LogWorld: Bringing World /Game/Maps/Lobby.Lobby up for play (max tick rate 0) at 2020.01.22-11.39.16
[2020.01.22-10.39.16:465][323]LogWorld: Bringing up level for play took: 0.001279
[2020.01.22-10.39.16:466][323]LogScript: Warning: UGameplayStatics::BeginSpawningActorFromClass: can not spawn an actor from a NULL class
[2020.01.22-10.39.16:474][323]LogLoad: Took 1.160240 seconds to LoadMap(/Game/Maps/Lobby)
[2020.01.22-10.39.17:594][381]LogSlate: FSceneViewport::OnFocusLost() reason 0
[2020.01.22-10.39.17:642][384]PIE: Warning: This widget does not support focus.  If this is a UserWidget, you should set bIsFocusable to true.
[2020.01.22-10.39.17:869][398]LogSlate: FSceneViewport::OnFocusLost() reason 0
[2020.01.22-10.39.25:094][846]LogNet: NotifyAcceptingConnection accepted from: 192.168.129.99:60268
[2020.01.22-10.39.25:094][846]LogHandshake: SendConnectChallenge. Timestamp: 10.100147, Cookie: 251231064162088239012187107042053193052173033077050061059026
[2020.01.22-10.39.25:110][847]LogNet: NotifyAcceptingConnection accepted from: 192.168.129.99:60268
[2020.01.22-10.39.25:110][847]LogHandshake: SendChallengeAck. InCookie: 251231064162088239012187107042053193052173033077050061059026
[2020.01.22-10.39.25:111][847]LogNet: Server accepting post-challenge connection from: 192.168.129.99:60268
[2020.01.22-10.39.25:111][847]PacketHandlerLog: Loaded PacketHandler component: Engine.EngineHandlerComponentFactory (StatelessConnectHandlerComponent)
[2020.01.22-10.39.25:111][847]LogNet: NotifyAcceptedConnection: Name: Lobby, TimeStamp: 01/22/20 11:39:25, [UNetConnection] RemoteAddr: 192.168.129.99:60268, Name: IpConnection_0, Driver: GameNetDriver IpNetDriver_0, IsServer: YES, PC: NULL, Owner: NULL, UniqueId: INVALID
[2020.01.22-10.39.25:111][847]LogNet: AddClientConnection: Added client connection: [UNetConnection] RemoteAddr: 192.168.129.99:60268, Name: IpConnection_0, Driver: GameNetDriver IpNetDriver_0, IsServer: YES, PC: NULL, Owner: NULL, UniqueId: INVALID
[2020.01.22-10.39.25:126][848]LogNet: NotifyAcceptingChannel Control 0 server World /Game/Maps/Lobby.Lobby: Accepted
[2020.01.22-10.39.25:126][848]LogNet: Remote platform little endian=1
[2020.01.22-10.39.25:126][848]LogNet: This platform little endian=1
[2020.01.22-10.39.25:126][848]LogNetVersion: JaxAndLegger 1.0.0.0, NetCL: 8386587, EngineNetVer: 11, GameNetVer: 0 (Checksum: 2830000141)
[2020.01.22-10.39.25:142][849]LogNet: Login request: /Game/Maps/MainMenu?Name=MSI-E41F6836472163372FB579A5BBE224AA userId: NULL:MSI-E41F6836472163372FB579A5BBE224AA platform: NULL
[2020.01.22-10.39.25:159][850]LogNet: Client netspeed is 10000
[2020.01.22-10.39.25:933][898]LogNet: Join request: /Game/Maps/MainMenu?Name=MSI-E41F6836472163372FB579A5BBE224AA?SplitscreenCount=1
[2020.01.22-10.39.25:944][898]LogNet: Join succeeded: MSI-E41F683647216337
[2020.01.22-10.39.26:015][903]LogScript: Warning: UGameplayStatics::BeginSpawningActorFromClass: can not spawn an actor from a NULL class
[2020.01.22-10.39.30:597][187]LogGameMode: ProcessServerTravel: /Game/Maps/Prop_Test_2
[2020.01.22-10.39.30:603][187]LogWorld: SeamlessTravel to: /Game/Maps/Prop_Test_2
[2020.01.22-10.39.30:615][188]LogWorld: BeginTearingDown for /Game/Maps/Lobby
[2020.01.22-10.39.30:616][188]LogWorld: UWorld::CleanupWorld for Lobby, bSessionEnded=false, bCleanupResources=true
[2020.01.22-10.39.30:659][188]LogUObjectHash: Compacting FUObjectHashTables data took   3.43ms
[2020.01.22-10.39.30:661][188]LogAIModule: Creating AISystem for world TravelMap
[2020.01.22-10.39.30:662][188]LogStats:     SeamlessTravel FlushLevelStreaming  -  0.001 s
[2020.01.22-10.39.30:662][188]LogWorld: Bringing World /Game/Maps/TravelMap.TravelMap up for play (max tick rate 0) at 2020.01.22-11.39.30
[2020.01.22-10.39.30:662][188]LogWorld: Bringing up level for play took: 0.000298
[2020.01.22-10.39.30:663][188]LogWorld: Sending NotifyLoadedWorld for LP: LocalPlayer_0 PC: LobbyPC_C_0
[2020.01.22-10.39.30:663][188]LogNet: Verbose: NotifyLoadedWorld Begin
[2020.01.22-10.39.30:663][188]LogNet: VeryVerbose: GetFunctionCallspace Server calling Server function: ServerNotifyLoadedWorld Local
[2020.01.22-10.39.30:663][188]LogNet: Verbose: NotifyLoadedWorld End
[2020.01.22-10.39.30:663][188]LogWorld: StartLoadingDestination to: /Game/Maps/Prop_Test_2
[2020.01.22-10.39.30:937][196]LogStreaming: Error: Couldn't find file for package /Game/JandL_Models/lambert1 requested by async loading code. NameToLoad: /Game/JandL_Models/lambert1
[2020.01.22-10.39.31:212][204]LogWorld: BeginTearingDown for /Game/Maps/TravelMap
[2020.01.22-10.39.31:212][204]LogWorld: UWorld::CleanupWorld for TravelMap, bSessionEnded=true, bCleanupResources=true
[2020.01.22-10.39.31:248][204]LogUObjectHash: Compacting FUObjectHashTables data took   3.12ms
[2020.01.22-10.39.31:250][204]LogAIModule: Creating AISystem for world Prop_Test_2
[2020.01.22-10.39.31:251][204]LogLoad: Game class is 'GameplayGM_C'
[2020.01.22-10.39.31:252][204]LogStats:     SeamlessTravel FlushLevelStreaming  -  0.001 s
[2020.01.22-10.39.31:273][204]LogWorld: Bringing World /Game/Maps/Prop_Test_2.Prop_Test_2 up for play (max tick rate 0) at 2020.01.22-11.39.31
[2020.01.22-10.39.31:273][204]LogWorld: Bringing up level for play took: 0.021404
[2020.01.22-10.39.31:273][204]LogWorld: Sending NotifyLoadedWorld for LP: LocalPlayer_0 PC: LobbyPC_C_0
[2020.01.22-10.39.31:273][204]LogNet: Verbose: NotifyLoadedWorld Begin
[2020.01.22-10.39.31:273][204]LogNet: VeryVerbose: GetFunctionCallspace Server calling Server function: ServerNotifyLoadedWorld Local
[2020.01.22-10.39.31:273][204]LogNet: Verbose: NotifyLoadedWorld End
[2020.01.22-10.39.31:274][204]LogWorld: ----SeamlessTravel finished in 0.67 seconds ------
[2020.01.22-10.39.31:275][204]LogScript: Warning: Script Msg: DestroySession - Invalid player state
[2020.01.22-10.39.31:278][204]LogSlate: Updating window title bar state: overlay mode, drag disabled, window buttons hidden, title bar hidden
[2020.01.22-10.39.31:280][204]LogScript: Warning: Accessed None trying to read property CallFunc_GetPlayerCameraManager_ReturnValue
	Jax_C /Game/Maps/Prop_Test_2.Prop_Test_2:PersistentLevel.Jax_C_0
	Function /Game/Blueprints/Characters/Jax.Jax_C:ExecuteUbergraph_Jax:091D
[2020.01.22-10.39.31:280][204]LogScript: Warning: Script call stack:
	Function /Game/Blueprints/Characters/Jax.Jax_C:ReceiveBeginPlay
	Function /Game/Blueprints/Characters/Jax.Jax_C:ExecuteUbergraph_Jax

[2020.01.22-10.39.31:280][204]LogScript: Warning: Attempted to assign to None
	Jax_C /Game/Maps/Prop_Test_2.Prop_Test_2:PersistentLevel.Jax_C_0
	Function /Game/Blueprints/Characters/Jax.Jax_C:ExecuteUbergraph_Jax:0932
[2020.01.22-10.39.31:280][204]LogScript: Warning: Script call stack:
	Function /Game/Blueprints/Characters/Jax.Jax_C:ReceiveBeginPlay
	Function /Game/Blueprints/Characters/Jax.Jax_C:ExecuteUbergraph_Jax

[2020.01.22-10.39.31:280][204]LogScript: Warning: Accessed None trying to read property CallFunc_GetPlayerCameraManager_ReturnValue
	Jax_C /Game/Maps/Prop_Test_2.Prop_Test_2:PersistentLevel.Jax_C_0
	Function /Game/Blueprints/Characters/Jax.Jax_C:ExecuteUbergraph_Jax:0968
[2020.01.22-10.39.31:280][204]LogScript: Warning: Script call stack:
	Function /Game/Blueprints/Characters/Jax.Jax_C:ReceiveBeginPlay
	Function /Game/Blueprints/Characters/Jax.Jax_C:ExecuteUbergraph_Jax

[2020.01.22-10.39.31:280][204]LogScript: Warning: Attempted to assign to None
	Jax_C /Game/Maps/Prop_Test_2.Prop_Test_2:PersistentLevel.Jax_C_0
	Function /Game/Blueprints/Characters/Jax.Jax_C:ExecuteUbergraph_Jax:097D
[2020.01.22-10.39.31:280][204]LogScript: Warning: Script call stack:
	Function /Game/Blueprints/Characters/Jax.Jax_C:ReceiveBeginPlay
	Function /Game/Blueprints/Characters/Jax.Jax_C:ExecuteUbergraph_Jax

[2020.01.22-10.39.31:282][204]PIE: Error: Only Local Player Controllers can be assigned to widgets. LobbyPC_C_1 is not a Local Player Controller.
[2020.01.22-10.39.31:282][204]LogScript: Warning: Accessed None trying to read property CallFunc_Create_ReturnValue
	Beam_Signal_C /Game/Maps/Prop_Test_2.Prop_Test_2:PersistentLevel.Beam_Signal_C_0
	Function /Game/Blueprints/Beams/CharacterBeams/Beam_Signal.Beam_Signal_C:ExecuteUbergraph_Beam_Signal:00B0
[2020.01.22-10.39.31:282][204]LogScript: Warning: Script call stack:
	Function /Game/Blueprints/Beams/CharacterBeams/Beam_Signal.Beam_Signal_C:ReceiveBeginPlay
	Function /Game/Blueprints/Beams/CharacterBeams/Beam_Signal.Beam_Signal_C:ExecuteUbergraph_Beam_Signal

[2020.01.22-10.39.31:282][204]LogScript: Warning: Accessed None trying to read property Beamfo
	Beam_Signal_C /Game/Maps/Prop_Test_2.Prop_Test_2:PersistentLevel.Beam_Signal_C_0
	Function /Game/Blueprints/Beams/CharacterBeams/Beam_Signal.Beam_Signal_C:ExecuteUbergraph_Beam_Signal:00E8
[2020.01.22-10.39.31:282][204]LogScript: Warning: Script call stack:
	Function /Game/Blueprints/Beams/CharacterBeams/Beam_Signal.Beam_Signal_C:ReceiveBeginPlay
	Function /Game/Blueprints/Beams/CharacterBeams/Beam_Signal.Beam_Signal_C:ExecuteUbergraph_Beam_Signal

[2020.01.22-10.39.31:282][204]LogScript: Warning: Accessed None trying to read property Beamfo
	Beam_Signal_C /Game/Maps/Prop_Test_2.Prop_Test_2:PersistentLevel.Beam_Signal_C_0
	Function /Game/Blueprints/Beams/CharacterBeams/Beam_Signal.Beam_Signal_C:ExecuteUbergraph_Beam_Signal:0112
[2020.01.22-10.39.31:282][204]LogScript: Warning: Script call stack:
	Function /Game/Blueprints/Beams/CharacterBeams/Beam_Signal.Beam_Signal_C:ReceiveBeginPlay
	Function /Game/Blueprints/Beams/CharacterBeams/Beam_Signal.Beam_Signal_C:ExecuteUbergraph_Beam_Signal

[2020.01.22-10.39.31:282][204]LogScript: Warning: Accessed None attempting to assign variable on an object
	Beam_Signal_C /Game/Maps/Prop_Test_2.Prop_Test_2:PersistentLevel.Beam_Signal_C_0
	Function /Game/Blueprints/Beams/CharacterBeams/Beam_Signal.Beam_Signal_C:ExecuteUbergraph_Beam_Signal:0127
[2020.01.22-10.39.31:282][204]LogScript: Warning: Script call stack:
	Function /Game/Blueprints/Beams/CharacterBeams/Beam_Signal.Beam_Signal_C:ReceiveBeginPlay
	Function /Game/Blueprints/Beams/CharacterBeams/Beam_Signal.Beam_Signal_C:ExecuteUbergraph_Beam_Signal

[2020.01.22-10.39.37:609][593]LogNetPackageMap: Warning: FNetGUIDCache::SupportsObject: MaterialInstanceDynamic /Game/Maps/Prop_Test_2.Prop_Test_2:PersistentLevel.BP_Powerline_9.NewDecalComponent.MaterialInstanceDynamic_0 NOT Supported.
[2020.01.22-10.39.37:635][595]LogScript: Warning: Script Msg: DestroySession - Invalid player state
[2020.01.22-10.39.37:669][597]LogNetPackageMap: Warning: FNetGUIDCache::SupportsObject: MaterialInstanceDynamic /Game/Maps/Prop_Test_2.Prop_Test_2:PersistentLevel.BP_Powerline7_49.NewDecalComponent.MaterialInstanceDynamic_0 NOT Supported.
[2020.01.22-10.39.37:701][599]LogNetPackageMap: Warning: FNetGUIDCache::SupportsObject: MaterialInstanceDynamic /Game/Maps/Prop_Test_2.Prop_Test_2:PersistentLevel.BP_Powerline6_47.NewDecalComponent.MaterialInstanceDynamic_0 NOT Supported.
[2020.01.22-10.39.37:717][600]LogNetPackageMap: Warning: FNetGUIDCache::SupportsObject: MaterialInstanceDynamic /Game/Maps/Prop_Test_2.Prop_Test_2:PersistentLevel.BP_Powerline4_43.NewDecalComponent.MaterialInstanceDynamic_0 NOT Supported.
[2020.01.22-10.39.37:750][602]LogNetPackageMap: Warning: FNetGUIDCache::SupportsObject: MaterialInstanceDynamic /Game/Maps/Prop_Test_2.Prop_Test_2:PersistentLevel.BP_Powerline5_45.NewDecalComponent.MaterialInstanceDynamic_0 NOT Supported.
[2020.01.22-10.39.37:798][605]LogNetPackageMap: Warning: FNetGUIDCache::SupportsObject: MaterialInstanceDynamic /Game/Maps/Prop_Test_2.Prop_Test_2:PersistentLevel.BP_Powerline3_41.NewDecalComponent.MaterialInstanceDynamic_0 NOT Supported.
[2020.01.22-10.39.37:798][605]LogNetPackageMap: Warning: FNetGUIDCache::SupportsObject: MaterialInstanceDynamic /Game/Maps/Prop_Test_2.Prop_Test_2:PersistentLevel.BP_Powerline9_53.NewDecalComponent.MaterialInstanceDynamic_0 NOT Supported.
[2020.01.22-10.39.37:814][606]LogNetPackageMap: Warning: FNetGUIDCache::SupportsObject: MaterialInstanceDynamic /Game/Maps/Prop_Test_2.Prop_Test_2:PersistentLevel.BP_Powerline8_51.NewDecalComponent.MaterialInstanceDynamic_0 NOT Supported.
[2020.01.22-10.39.37:815][606]LogNetPackageMap: Warning: FNetGUIDCache::SupportsObject: MaterialInstanceDynamic /Game/Maps/Prop_Test_2.Prop_Test_2:PersistentLevel.BP_Powerline2.NewDecalComponent.MaterialInstanceDynamic_0 NOT Supported.
[2020.01.22-10.39.37:831][607]LogNetPackageMap: Warning: FNetGUIDCache::SupportsObject: MaterialInstanceDynamic /Game/Maps/Prop_Test_2.Prop_Test_2:PersistentLevel.BP_Powerline10_55.NewDecalComponent.MaterialInstanceDynamic_0 NOT Supported.
[2020.01.22-10.39.37:831][607]LogNetPackageMap: Warning: FNetGUIDCache::SupportsObject: MaterialInstanceDynamic /Game/Maps/Prop_Test_2.Prop_Test_2:PersistentLevel.BP_Powerline11_57.NewDecalComponent.MaterialInstanceDynamic_0 NOT Supported.
[2020.01.22-10.39.50:251][377]LogBlueprintUserMessages: [Jax_C_0] Beam
[2020.01.22-10.39.50:396][386]LogBlueprintUserMessages: [Jax_C_0] Beam
[2020.01.22-10.39.50:590][398]LogBlueprintUserMessages: [Jax_C_0] Beam
[2020.01.22-10.39.50:736][407]LogBlueprintUserMessages: [Jax_C_0] Beam
[2020.01.22-10.39.51:736][469]LogBlueprintUserMessages: [Jax_C_0] Beam
[2020.01.22-10.39.51:913][480]LogBlueprintUserMessages: [Jax_C_0] Beam
[2020.01.22-10.39.52:509][517]LogBlueprintUserMessages: [Jax_C_0] Beam
[2020.01.22-10.39.52:670][527]LogBlueprintUserMessages: [Jax_C_0] Beam
[2020.01.22-10.39.58:639][897]LogBlueprintUserMessages: [Jax_C_0] Beam
[2020.01.22-10.39.58:800][907]LogBlueprintUserMessages: [Jax_C_0] Beam
[2020.01.22-10.40.01:849][ 96]LogBlueprintUserMessages: [Jax_C_0] Beam
[2020.01.22-10.40.02:026][107]LogBlueprintUserMessages: [Jax_C_0] Beam
[2020.01.22-10.40.02:462][134]LogBlueprintUserMessages: [Jax_C_0] Beam
[2020.01.22-10.40.02:639][145]LogBlueprintUserMessages: [Jax_C_0] Beam
[2020.01.22-10.40.03:187][179]LogBlueprintUserMessages: [Jax_C_0] Beam
[2020.01.22-10.40.03:333][188]LogBlueprintUserMessages: [Jax_C_0] Beam
[2020.01.22-10.40.04:736][275]LogBlueprintUserMessages: [Jax_C_0] Beam
[2020.01.22-10.40.04:915][286]LogBlueprintUserMessages: [Jax_C_0] Beam
[2020.01.22-10.40.05:237][306]LogBlueprintUserMessages: [Jax_C_0] Beam
[2020.01.22-10.40.05:446][319]LogBlueprintUserMessages: [Jax_C_0] Beam
[2020.01.22-10.40.06:417][379]LogBlueprintUserMessages: [Jax_C_0] Beam
[2020.01.22-10.40.06:592][390]LogBlueprintUserMessages: [Jax_C_0] Beam
[2020.01.22-10.40.11:833][714]LogBlueprintUserMessages: [Jax_C_0] Beam
[2020.01.22-10.40.12:012][725]LogBlueprintUserMessages: [Jax_C_0] Beam
[2020.01.22-10.40.15:721][955]LogBlueprintUserMessages: [Jax_C_0] NoBeam
[2020.01.22-10.40.15:917][967]LogBlueprintUserMessages: [Jax_C_0] NoBeam
[2020.01.22-10.40.16:772][ 20]LogBlueprintUserMessages: [Jax_C_0] NoBeam
[2020.01.22-10.40.16:979][ 33]LogBlueprintUserMessages: [Jax_C_0] NoBeam
[2020.01.22-10.40.17:560][ 69]LogBlueprintUserMessages: [Jax_C_0] NoBeam
[2020.01.22-10.40.17:722][ 79]LogBlueprintUserMessages: [Jax_C_0] NoBeam
[2020.01.22-10.40.25:206][543]LogBlueprintUserMessages: [Jax_C_0] Beam
[2020.01.22-10.40.25:368][553]LogBlueprintUserMessages: [Jax_C_0] Beam
[2020.01.22-10.40.26:126][600]LogBlueprintUserMessages: [Jax_C_0] Beam
[2020.01.22-10.40.26:319][612]LogBlueprintUserMessages: [Jax_C_0] Beam
[2020.01.22-10.40.28:901][772]LogBlueprintUserMessages: [Jax_C_0] Beam
[2020.01.22-10.40.29:062][782]LogBlueprintUserMessages: [Jax_C_0] Beam
[2020.01.22-10.40.29:223][792]LogBlueprintUserMessages: [Jax_C_0] Beam
[2020.01.22-10.40.29:384][802]LogBlueprintUserMessages: [Jax_C_0] Beam
[2020.01.22-10.40.30:918][897]LogBlueprintUserMessages: [Jax_C_0] Beam
[2020.01.22-10.40.31:030][904]LogBlueprintUserMessages: [Jax_C_0] Beam
[2020.01.22-10.40.31:227][916]LogBlueprintUserMessages: [Jax_C_0] Beam
[2020.01.22-10.40.31:417][928]LogBlueprintUserMessages: [Jax_C_0] Beam
[2020.01.22-10.40.33:338][ 47]LogBlueprintUserMessages: [Jax_C_0] Beam
[2020.01.22-10.40.33:435][ 53]LogBlueprintUserMessages: [Jax_C_0] Beam
[2020.01.22-10.40.33:902][ 82]LogBlueprintUserMessages: [Jax_C_0] Beam
[2020.01.22-10.40.34:064][ 92]LogBlueprintUserMessages: [Jax_C_0] Beam
[2020.01.22-10.40.34:758][135]LogBlueprintUserMessages: [Jax_C_0] Beam
[2020.01.22-10.40.34:921][145]LogBlueprintUserMessages: [Jax_C_0] Beam
[2020.01.22-10.40.35:162][160]LogBlueprintUserMessages: [Jax_C_0] Beam
[2020.01.22-10.40.35:324][170]LogBlueprintUserMessages: [Jax_C_0] Beam
[2020.01.22-10.40.35:939][208]LogBlueprintUserMessages: [Jax_C_0] Beam
[2020.01.22-10.40.36:082][217]LogBlueprintUserMessages: [Jax_C_0] Beam
[2020.01.22-10.40.36:308][231]LogBlueprintUserMessages: [Jax_C_0] Beam
[2020.01.22-10.40.36:453][240]LogBlueprintUserMessages: [Jax_C_0] Beam
[2020.01.22-10.40.37:517][306]LogBlueprintUserMessages: [Jax_C_0] Beam
[2020.01.22-10.40.37:711][318]LogBlueprintUserMessages: [Jax_C_0] Beam
[2020.01.22-10.40.38:083][341]LogBlueprintUserMessages: [Jax_C_0] Beam
[2020.01.22-10.40.38:309][355]LogBlueprintUserMessages: [Jax_C_0] Beam
[2020.01.22-10.40.39:294][416]LogBlueprintUserMessages: [Jax_C_0] Beam
[2020.01.22-10.40.39:437][425]LogBlueprintUserMessages: [Jax_C_0] Beam
[2020.01.22-10.40.39:857][451]LogBlueprintUserMessages: [Jax_C_0] Beam
[2020.01.22-10.40.40:050][463]LogBlueprintUserMessages: [Jax_C_0] Beam
[2020.01.22-10.40.40:308][479]LogBlueprintUserMessages: [Jax_C_0] Beam
[2020.01.22-10.40.40:453][488]LogBlueprintUserMessages: [Jax_C_0] Beam
[2020.01.22-10.41.01:539][795]LogBlueprintUserMessages: [Jax_C_0] Server
[2020.01.22-10.41.01:539][795]LogScript: Warning: Script Msg: Attempted to access index 3 from array 'Emotes' of length 0 in '/Game/UI/InGame/Emote.Emote_C'!
[2020.01.22-10.41.05:362][ 32]LogScript: Warning: Script Msg: Attempted to access index 0 from array 'Emotes' of length 0 in '/Game/UI/InGame/Emote.Emote_C'!
[2020.01.22-10.41.11:508][413]LogBlueprintUserMessages: [Jax_C_0] Beam
[2020.01.22-10.41.11:589][418]LogBlueprintUserMessages: [Jax_C_0] Beam
[2020.01.22-10.41.12:374][466]LogBlueprintUserMessages: [Jax_C_0] Beam
[2020.01.22-10.41.12:437][470]LogBlueprintUserMessages: [Jax_C_0] Beam
[2020.01.22-10.41.12:857][496]LogBlueprintUserMessages: [Jax_C_0] Beam
[2020.01.22-10.41.12:954][502]LogBlueprintUserMessages: [Jax_C_0] Beam
[2020.01.22-10.41.15:131][637]LogBlueprintUserMessages: [Jax_C_0] Beam
[2020.01.22-10.41.15:325][649]LogBlueprintUserMessages: [Jax_C_0] Beam
[2020.01.22-10.41.15:730][674]LogBlueprintUserMessages: [Jax_C_0] Beam
[2020.01.22-10.41.17:503][784]LogBlueprintUserMessages: [Jax_C_0] Beam
[2020.01.22-10.41.17:553][787]LogBlueprintUserMessages: [Jax_C_0] Beam
[2020.01.22-10.41.17:569][788]LogBlueprintUserMessages: [Jax_C_0] Beam
[2020.01.22-10.41.30:157][549]LogNet: UChannel::ReceivedSequencedBunch: Bunch.bClose == true. ChIndex == 0. Calling ConditionalCleanUp.
[2020.01.22-10.41.30:158][549]LogNet: UChannel::CleanUp: ChIndex == 0. Closing connection. [UChannel] ChIndex: 0, Closing: 0 [UNetConnection] RemoteAddr: 192.168.129.99:60268, Name: IpConnection_0, Driver: GameNetDriver IpNetDriver_0, IsServer: YES, PC: GameplayPC_C_1, Owner: GameplayPC_C_1, UniqueId: NULL:MSI-E41F6836472163372FB579A5BBE224AA
[2020.01.22-10.41.30:158][549]LogNet: UNetConnection::Close: [UNetConnection] RemoteAddr: 192.168.129.99:60268, Name: IpConnection_0, Driver: GameNetDriver IpNetDriver_0, IsServer: YES, PC: GameplayPC_C_1, Owner: GameplayPC_C_1, UniqueId: NULL:MSI-E41F6836472163372FB579A5BBE224AA, Channels: 30, Time: 2020.01.22-10.41.30
[2020.01.22-10.41.30:159][549]LogNet: UChannel::Close: Sending CloseBunch. ChIndex == 0. Name: [UChannel] ChIndex: 0, Closing: 0 [UNetConnection] RemoteAddr: 192.168.129.99:60268, Name: IpConnection_0, Driver: GameNetDriver IpNetDriver_0, IsServer: YES, PC: GameplayPC_C_1, Owner: GameplayPC_C_1, UniqueId: NULL:MSI-E41F6836472163372FB579A5BBE224AA
[2020.01.22-10.41.30:183][550]LogOnlineSession: Warning: OSS: No game present to leave for session (GameSession)
