Log file open, 01/30/20 08:24:57
LogWindows: Failed to load 'aqProf.dll' (GetLastError=126)
LogWindows: File 'aqProf.dll' does not exist
LogWindows: Failed to load 'VtuneApi.dll' (GetLastError=126)
LogWindows: File 'VtuneApi.dll' does not exist
LogWindows: Failed to load 'VtuneApi32e.dll' (GetLastError=126)
LogWindows: File 'VtuneApi32e.dll' does not exist
LogConsoleResponse: Display: Failed to find resolution value strings in scalability ini. Falling back to default.
LogInit: Display: Running engine for game: JaxAndLegger
LogPlatformFile: Not using cached read wrapper
LogTaskGraph: Started task graph with 5 named threads and 23 total threads with 3 sets of task threads.
LogStats: Stats thread started at 0.182622
LogD3D11RHI: Loaded GFSDK_Aftermath_Lib.x64.dll
LogICUInternationalization: ICU TimeZone Detection - Raw Offset: +1:00, Platform Override: ''
LogPluginManager: Mounting plugin Paper2D
LogPluginManager: Mounting plugin AISupport
LogPluginManager: Mounting plugin LightPropagationVolume
LogPluginManager: Mounting plugin ActorLayerUtilities
LogPluginManager: Mounting plugin AnimationSharing
LogPluginManager: Mounting plugin CLionSourceCodeAccess
LogPluginManager: Mounting plugin CodeLiteSourceCodeAccess
LogPluginManager: Mounting plugin GitSourceControl
LogPluginManager: Mounting plugin KDevelopSourceCodeAccess
LogPluginManager: Mounting plugin NullSourceCodeAccess
LogPluginManager: Mounting plugin PerforceSourceControl
LogPluginManager: Mounting plugin SubversionSourceControl
LogPluginManager: Mounting plugin UObjectPlugin
LogPluginManager: Mounting plugin VisualStudioCodeSourceCodeAccess
LogPluginManager: Mounting plugin VisualStudioSourceCodeAccess
LogPluginManager: Mounting plugin XCodeSourceCodeAccess
LogPluginManager: Mounting plugin AssetManagerEditor
LogPluginManager: Mounting plugin CryptoKeys
LogPluginManager: Mounting plugin CurveEditorTools
LogPluginManager: Mounting plugin DataValidation
LogPluginManager: Mounting plugin FacialAnimation
LogPluginManager: Mounting plugin GameplayTagsEditor
LogPluginManager: Mounting plugin MacGraphicsSwitching
LogPluginManager: Mounting plugin MaterialAnalyzer
LogPluginManager: Mounting plugin MobileLauncherProfileWizard
LogPluginManager: Mounting plugin PluginBrowser
LogPluginManager: Mounting plugin SpeedTreeImporter
LogPluginManager: Mounting plugin DatasmithContent
LogPluginManager: Mounting plugin VariantManagerContent
LogPluginManager: Mounting plugin AlembicImporter
LogPluginManager: Mounting plugin AutomationUtils
LogPluginManager: Mounting plugin BackChannel
LogPluginManager: Mounting plugin CharacterAI
LogPluginManager: Mounting plugin GeometryCache
LogPluginManager: Mounting plugin HTML5Networking
LogPluginManager: Mounting plugin PlatformCrypto
LogPluginManager: Mounting plugin ProxyLODPlugin
LogPluginManager: Mounting plugin SkeletalReduction
LogPluginManager: Mounting plugin MagicLeap
LogPluginManager: Mounting plugin MagicLeapMedia
LogPluginManager: Mounting plugin AndroidMedia
LogPluginManager: Mounting plugin AvfMedia
LogPluginManager: Mounting plugin ImgMedia
LogPluginManager: Mounting plugin MediaCompositing
LogPluginManager: Mounting plugin MediaPlayerEditor
LogPluginManager: Mounting plugin WebMMedia
LogPluginManager: Mounting plugin WmfMedia
LogPluginManager: Mounting plugin TcpMessaging
LogPluginManager: Mounting plugin UdpMessaging
LogPluginManager: Mounting plugin ActorSequence
LogPluginManager: Mounting plugin LevelSequenceEditor
LogPluginManager: Mounting plugin MatineeToLevelSequence
LogPluginManager: Mounting plugin NetcodeUnitTest
LogPluginManager: Mounting plugin NUTUnrealEngine4
LogPluginManager: Mounting plugin OnlineSubsystemGooglePlay
LogPluginManager: Mounting plugin OnlineSubsystemIOS
LogPluginManager: Mounting plugin OnlineSubsystem
LogPluginManager: Mounting plugin OnlineSubsystemNull
LogPluginManager: Mounting plugin OnlineSubsystemUtils
LogPluginManager: Mounting plugin LauncherChunkInstaller
LogPluginManager: Mounting plugin AndroidDeviceProfileSelector
LogPluginManager: Mounting plugin AndroidMoviePlayer
LogPluginManager: Mounting plugin AndroidPermission
LogPluginManager: Mounting plugin AppleImageUtils
LogPluginManager: Mounting plugin AppleMoviePlayer
LogPluginManager: Mounting plugin ArchVisCharacter
LogPluginManager: Mounting plugin AudioCapture
LogPluginManager: Mounting plugin CableComponent
LogPluginManager: Mounting plugin CustomMeshComponent
LogPluginManager: Mounting plugin EditableMesh
LogPluginManager: Mounting plugin ExampleDeviceProfileSelector
LogPluginManager: Mounting plugin GoogleCloudMessaging
LogPluginManager: Mounting plugin IOSDeviceProfileSelector
LogPluginManager: Mounting plugin LinuxDeviceProfileSelector
LogPluginManager: Mounting plugin LocationServicesBPLibrary
LogPluginManager: Mounting plugin MobilePatchingUtils
LogPluginManager: Mounting plugin OculusVR
LogPluginManager: Mounting plugin PhysXVehicles
LogPluginManager: Mounting plugin ProceduralMeshComponent
LogPluginManager: Mounting plugin RuntimePhysXCooking
LogPluginManager: Mounting plugin SignificanceManager
LogPluginManager: Mounting plugin SteamVR
LogPluginManager: Mounting plugin WebMMoviePlayer
LogPluginManager: Mounting plugin WindowsMoviePlayer
LogPluginManager: Mounting plugin ScreenshotTools
LogInit: Using libcurl 7.55.1-DEV
LogInit:  - built for x86_64-pc-win32
LogInit:  - supports SSL with OpenSSL/1.1.1
LogInit:  - supports HTTP deflate (compression) using libz 1.2.8
LogInit:  - other features:
LogInit:      CURL_VERSION_SSL
LogInit:      CURL_VERSION_LIBZ
LogInit:      CURL_VERSION_IPV6
LogInit:      CURL_VERSION_ASYNCHDNS
LogInit:      CURL_VERSION_LARGEFILE
LogInit:      CURL_VERSION_IDN
LogInit:  CurlRequestOptions (configurable via config and command line):
LogInit:  - bVerifyPeer = true  - Libcurl will verify peer certificate
LogInit:  - bUseHttpProxy = false  - Libcurl will NOT use HTTP proxy
LogInit:  - bDontReuseConnections = false  - Libcurl will reuse connections
LogInit:  - MaxHostConnections = 16  - Libcurl will limit the number of connections to a host
LogInit:  - LocalHostAddr = Default
LogInit:  - BufferSize = 65536
LogOnline: OSS: Creating online subsystem instance for: NULL
LogInit: WinSock: version 1.1 (2.2), MaxSocks=32767, MaxUdp=65467
LogInit: Build: ++UE4+Release-4.23-CL-9631420
LogInit: Engine Version: 4.23.1-9631420+++UE4+Release-4.23
LogInit: Compatible Engine Version: 4.23.0-8386587+++UE4+Release-4.23
LogInit: Net CL: 8386587
LogInit: OS: Windows 10 (Release 1909) (), CPU: Intel(R) Core(TM) i7-7700HQ CPU @ 2.80GHz, GPU: Intel(R) HD Graphics 630
LogInit: Compiled (64-bit): Oct 18 2019 02:07:44
LogInit: Compiled with Visual C++: 19.16.27030.01
LogInit: Build Configuration: Development
LogInit: Branch Name: ++UE4+Release-4.23
LogInit: Command Line:  /Game/Maps/MainMenu -game -PIEVIACONSOLE -ResX=1280 -ResY=720 -Multiprocess -messaging -SessionName="Play in Standalone Game" -windowed
LogInit: Base Directory: D:/Program Files/Epic Games/UE_4.23/Engine/Binaries/Win64/
LogInit: Installed Engine Build: 1
LogDevObjectVersion: Number of dev versions registered: 23
LogDevObjectVersion:   Dev-Blueprints (B0D832E4-1F89-4F0D-ACCF-7EB736FD4AA2): 10
LogDevObjectVersion:   Dev-Build (E1C64328-A22C-4D53-A36C-8E866417BD8C): 0
LogDevObjectVersion:   Dev-Core (375EC13C-06E4-48FB-B500-84F0262A717E): 3
LogDevObjectVersion:   Dev-Editor (E4B068ED-F494-42E9-A231-DA0B2E46BB41): 34
LogDevObjectVersion:   Dev-Framework (CFFC743F-43B0-4480-9391-14DF171D2073): 35
LogDevObjectVersion:   Dev-Mobile (B02B49B5-BB20-44E9-A304-32B752E40360): 2
LogDevObjectVersion:   Dev-Networking (A4E4105C-59A1-49B5-A7C5-40C4547EDFEE): 0
LogDevObjectVersion:   Dev-Online (39C831C9-5AE6-47DC-9A44-9C173E1C8E7C): 0
LogDevObjectVersion:   Dev-Physics (78F01B33-EBEA-4F98-B9B4-84EACCB95AA2): 0
LogDevObjectVersion:   Dev-Platform (6631380F-2D4D-43E0-8009-CF276956A95A): 0
LogDevObjectVersion:   Dev-Rendering (12F88B9F-8875-4AFC-A67C-D90C383ABD29): 31
LogDevObjectVersion:   Dev-Sequencer (7B5AE74C-D270-4C10-A958-57980B212A5A): 11
LogDevObjectVersion:   Dev-VR (D7296918-1DD6-4BDD-9DE2-64A83CC13884): 2
LogDevObjectVersion:   Dev-LoadTimes (C2A15278-BFE7-4AFE-6C17-90FF531DF755): 1
LogDevObjectVersion:   Private-Geometry (6EACA3D4-40EC-4CC1-B786-8BED09428FC5): 3
LogDevObjectVersion:   Dev-AnimPhys (29E575DD-E0A3-4627-9D10-D276232CDCEA): 17
LogDevObjectVersion:   Dev-Anim (AF43A65D-7FD3-4947-9873-3E8ED9C1BB05): 2
LogDevObjectVersion:   Dev-ReflectionCapture (6B266CEC-1EC7-4B8F-A30B-E4D90942FC07): 1
LogDevObjectVersion:   Dev-Automation (0DF73D61-A23F-47EA-B727-89E90C41499A): 1
LogDevObjectVersion:   FortniteMain (601D1886-AC64-4F84-AA16-D3DE0DEAC7D6): 27
LogDevObjectVersion:   Dev-Enterprise (9DFFBCD6-494F-0158-E221-12823C92A888): 6
LogDevObjectVersion:   Dev-Niagara (F2AED0AC-9AFE-416F-8664-AA7FFA26D6FC): 1
LogDevObjectVersion:   Dev-Destruction (174F1F0B-B4C6-45A5-B13F-2EE8D0FB917D): 9
LogInit: Presizing for max 16777216 objects, including 0 objects not considered by GC, pre-allocating 0 bytes for permanent pool.
LogInit: Object subsystem initialized
LogConfig: Setting CVar [[con.DebugEarlyDefault:1]]
LogConfig: Setting CVar [[r.setres:1280x720]]
[2020.01.30-07.24.58:470][  0]LogConfig: Setting CVar [[con.DebugEarlyDefault:1]]
[2020.01.30-07.24.58:470][  0]LogConfig: Setting CVar [[r.setres:1280x720]]
[2020.01.30-07.24.58:470][  0]LogConfig: Applying CVar settings from Section [/Script/Engine.RendererSettings] File [F:/Github/Jnckr-Lthr/Saved/Config/Windows/Engine.ini]
[2020.01.30-07.24.58:470][  0]LogConfig: Setting CVar [[r.GPUCrashDebugging:0]]
[2020.01.30-07.24.58:470][  0]LogConfig: Applying CVar settings from Section [/Script/Engine.RendererOverrideSettings] File [F:/Github/Jnckr-Lthr/Saved/Config/Windows/Engine.ini]
[2020.01.30-07.24.58:470][  0]LogConfig: Applying CVar settings from Section [/Script/Engine.StreamingSettings] File [F:/Github/Jnckr-Lthr/Saved/Config/Windows/Engine.ini]
[2020.01.30-07.24.58:470][  0]LogConfig: Setting CVar [[s.MinBulkDataSizeForAsyncLoading:131072]]
[2020.01.30-07.24.58:470][  0]LogConfig: Setting CVar [[s.AsyncLoadingThreadEnabled:0]]
[2020.01.30-07.24.58:470][  0]LogConfig: Setting CVar [[s.EventDrivenLoaderEnabled:1]]
[2020.01.30-07.24.58:470][  0]LogConfig: Setting CVar [[s.WarnIfTimeLimitExceeded:0]]
[2020.01.30-07.24.58:470][  0]LogConfig: Setting CVar [[s.TimeLimitExceededMultiplier:1.5]]
[2020.01.30-07.24.58:470][  0]LogConfig: Setting CVar [[s.TimeLimitExceededMinTime:0.005]]
[2020.01.30-07.24.58:470][  0]LogConfig: Setting CVar [[s.UseBackgroundLevelStreaming:1]]
[2020.01.30-07.24.58:470][  0]LogConfig: Setting CVar [[s.PriorityAsyncLoadingExtraTime:15.0]]
[2020.01.30-07.24.58:470][  0]LogConfig: Setting CVar [[s.LevelStreamingActorsUpdateTimeLimit:5.0]]
[2020.01.30-07.24.58:470][  0]LogConfig: Setting CVar [[s.PriorityLevelStreamingActorsUpdateExtraTime:5.0]]
[2020.01.30-07.24.58:470][  0]LogConfig: Setting CVar [[s.LevelStreamingComponentsRegistrationGranularity:10]]
[2020.01.30-07.24.58:470][  0]LogConfig: Setting CVar [[s.UnregisterComponentsTimeLimit:1.0]]
[2020.01.30-07.24.58:470][  0]LogConfig: Setting CVar [[s.LevelStreamingComponentsUnregistrationGranularity:5]]
[2020.01.30-07.24.58:470][  0]LogConfig: Applying CVar settings from Section [/Script/Engine.GarbageCollectionSettings] File [F:/Github/Jnckr-Lthr/Saved/Config/Windows/Engine.ini]
[2020.01.30-07.24.58:470][  0]LogConfig: Setting CVar [[gc.MaxObjectsNotConsideredByGC:1]]
[2020.01.30-07.24.58:470][  0]LogConfig: Setting CVar [[gc.SizeOfPermanentObjectPool:0]]
[2020.01.30-07.24.58:470][  0]LogConfig: Setting CVar [[gc.FlushStreamingOnGC:0]]
[2020.01.30-07.24.58:470][  0]LogConfig: Setting CVar [[gc.NumRetriesBeforeForcingGC:10]]
[2020.01.30-07.24.58:470][  0]LogConfig: Setting CVar [[gc.AllowParallelGC:1]]
[2020.01.30-07.24.58:470][  0]LogConfig: Setting CVar [[gc.TimeBetweenPurgingPendingKillObjects:61.1]]
[2020.01.30-07.24.58:470][  0]LogConfig: Setting CVar [[gc.MaxObjectsInEditor:16777216]]
[2020.01.30-07.24.58:470][  0]LogConfig: Setting CVar [[gc.IncrementalBeginDestroyEnabled:1]]
[2020.01.30-07.24.58:470][  0]LogConfig: Setting CVar [[gc.CreateGCClusters:1]]
[2020.01.30-07.24.58:470][  0]LogConfig: Setting CVar [[gc.MinGCClusterSize:5]]
[2020.01.30-07.24.58:470][  0]LogConfig: Setting CVar [[gc.ActorClusteringEnabled:0]]
[2020.01.30-07.24.58:470][  0]LogConfig: Setting CVar [[gc.BlueprintClusteringEnabled:0]]
[2020.01.30-07.24.58:470][  0]LogConfig: Setting CVar [[gc.UseDisregardForGCOnDedicatedServers:0]]
[2020.01.30-07.24.58:470][  0]LogConfig: Applying CVar settings from Section [/Script/Engine.NetworkSettings] File [F:/Github/Jnckr-Lthr/Saved/Config/Windows/Engine.ini]
[2020.01.30-07.24.58:470][  0]LogConfig: Applying CVar settings from Section [/Script/UnrealEd.CookerSettings] File [F:/Github/Jnckr-Lthr/Saved/Config/Windows/Engine.ini]
[2020.01.30-07.24.58:492][  0]LogConfig: Applying CVar settings from Section [ViewDistanceQuality@3] File [F:/Github/Jnckr-Lthr/Saved/Config/Windows/Scalability.ini]
[2020.01.30-07.24.58:492][  0]LogConfig: Setting CVar [[r.SkeletalMeshLODBias:0]]
[2020.01.30-07.24.58:492][  0]LogConfig: Setting CVar [[r.ViewDistanceScale:1.0]]
[2020.01.30-07.24.58:492][  0]LogConfig: Applying CVar settings from Section [AntiAliasingQuality@3] File [F:/Github/Jnckr-Lthr/Saved/Config/Windows/Scalability.ini]
[2020.01.30-07.24.58:492][  0]LogConfig: Setting CVar [[r.PostProcessAAQuality:4]]
[2020.01.30-07.24.58:492][  0]LogConfig: Applying CVar settings from Section [ShadowQuality@3] File [F:/Github/Jnckr-Lthr/Saved/Config/Windows/Scalability.ini]
[2020.01.30-07.24.58:492][  0]LogConfig: Setting CVar [[r.LightFunctionQuality:1]]
[2020.01.30-07.24.58:492][  0]LogConfig: Setting CVar [[r.ShadowQuality:5]]
[2020.01.30-07.24.58:492][  0]LogConfig: Setting CVar [[r.Shadow.CSM.MaxCascades:10]]
[2020.01.30-07.24.58:492][  0]LogConfig: Setting CVar [[r.Shadow.MaxResolution:2048]]
[2020.01.30-07.24.58:492][  0]LogConfig: Setting CVar [[r.Shadow.MaxCSMResolution:2048]]
[2020.01.30-07.24.58:492][  0]LogConfig: Setting CVar [[r.Shadow.RadiusThreshold:0.01]]
[2020.01.30-07.24.58:492][  0]LogConfig: Setting CVar [[r.Shadow.DistanceScale:1.0]]
[2020.01.30-07.24.58:492][  0]LogConfig: Setting CVar [[r.Shadow.CSM.TransitionScale:1.0]]
[2020.01.30-07.24.58:492][  0]LogConfig: Setting CVar [[r.Shadow.PreShadowResolutionFactor:1.0]]
[2020.01.30-07.24.58:492][  0]LogConfig: Setting CVar [[r.DistanceFieldShadowing:1]]
[2020.01.30-07.24.58:492][  0]LogConfig: Setting CVar [[r.DistanceFieldAO:1]]
[2020.01.30-07.24.58:492][  0]LogConfig: Setting CVar [[r.AOQuality:2]]
[2020.01.30-07.24.58:492][  0]LogConfig: Setting CVar [[r.VolumetricFog:1]]
[2020.01.30-07.24.58:492][  0]LogConfig: Setting CVar [[r.VolumetricFog.GridPixelSize:8]]
[2020.01.30-07.24.58:492][  0]LogConfig: Setting CVar [[r.VolumetricFog.GridSizeZ:128]]
[2020.01.30-07.24.58:492][  0]LogConfig: Setting CVar [[r.VolumetricFog.HistoryMissSupersampleCount:4]]
[2020.01.30-07.24.58:492][  0]LogConfig: Setting CVar [[r.LightMaxDrawDistanceScale:1]]
[2020.01.30-07.24.58:492][  0]LogConfig: Setting CVar [[r.CapsuleShadows:1]]
[2020.01.30-07.24.58:492][  0]LogConfig: Applying CVar settings from Section [PostProcessQuality@3] File [F:/Github/Jnckr-Lthr/Saved/Config/Windows/Scalability.ini]
[2020.01.30-07.24.58:492][  0]LogConfig: Setting CVar [[r.MotionBlurQuality:4]]
[2020.01.30-07.24.58:492][  0]LogConfig: Setting CVar [[r.AmbientOcclusionMipLevelFactor:0.4]]
[2020.01.30-07.24.58:492][  0]LogConfig: Setting CVar [[r.AmbientOcclusionMaxQuality:100]]
[2020.01.30-07.24.58:492][  0]LogConfig: Setting CVar [[r.AmbientOcclusionLevels:-1]]
[2020.01.30-07.24.58:492][  0]LogConfig: Setting CVar [[r.AmbientOcclusionRadiusScale:1.0]]
[2020.01.30-07.24.58:492][  0]LogConfig: Setting CVar [[r.DepthOfFieldQuality:2]]
[2020.01.30-07.24.58:492][  0]LogConfig: Setting CVar [[r.RenderTargetPoolMin:400]]
[2020.01.30-07.24.58:492][  0]LogConfig: Setting CVar [[r.LensFlareQuality:2]]
[2020.01.30-07.24.58:492][  0]LogConfig: Setting CVar [[r.SceneColorFringeQuality:1]]
[2020.01.30-07.24.58:492][  0]LogConfig: Setting CVar [[r.EyeAdaptationQuality:2]]
[2020.01.30-07.24.58:492][  0]LogConfig: Setting CVar [[r.BloomQuality:5]]
[2020.01.30-07.24.58:492][  0]LogConfig: Setting CVar [[r.FastBlurThreshold:100]]
[2020.01.30-07.24.58:492][  0]LogConfig: Setting CVar [[r.Upscale.Quality:3]]
[2020.01.30-07.24.58:492][  0]LogConfig: Setting CVar [[r.Tonemapper.GrainQuantization:1]]
[2020.01.30-07.24.58:492][  0]LogConfig: Setting CVar [[r.LightShaftQuality:1]]
[2020.01.30-07.24.58:492][  0]LogConfig: Setting CVar [[r.Filter.SizeScale:1]]
[2020.01.30-07.24.58:492][  0]LogConfig: Setting CVar [[r.Tonemapper.Quality:5]]
[2020.01.30-07.24.58:492][  0]LogConfig: Setting CVar [[r.DOF.Gather.AccumulatorQuality:1        ; higher gathering accumulator quality]]
[2020.01.30-07.24.58:492][  0]LogConfig: Setting CVar [[r.DOF.Gather.PostfilterMethod:1          ; Median3x3 postfilering method]]
[2020.01.30-07.24.58:492][  0]LogConfig: Setting CVar [[r.DOF.Gather.EnableBokehSettings:0       ; no bokeh simulation when gathering]]
[2020.01.30-07.24.58:492][  0]LogConfig: Setting CVar [[r.DOF.Gather.RingCount:4                 ; medium number of samples when gathering]]
[2020.01.30-07.24.58:492][  0]LogConfig: Setting CVar [[r.DOF.Scatter.ForegroundCompositing:1    ; additive foreground scattering]]
[2020.01.30-07.24.58:493][  0]LogConfig: Setting CVar [[r.DOF.Scatter.BackgroundCompositing:2    ; additive background scattering]]
[2020.01.30-07.24.58:493][  0]LogConfig: Setting CVar [[r.DOF.Scatter.EnableBokehSettings:1      ; bokeh simulation when scattering]]
[2020.01.30-07.24.58:493][  0]LogConfig: Setting CVar [[r.DOF.Scatter.MaxSpriteRatio:0.1         ; only a maximum of 10% of scattered bokeh]]
[2020.01.30-07.24.58:493][  0]LogConfig: Setting CVar [[r.DOF.Recombine.Quality:1                ; cheap slight out of focus]]
[2020.01.30-07.24.58:493][  0]LogConfig: Setting CVar [[r.DOF.Recombine.EnableBokehSettings:0    ; no bokeh simulation on slight out of focus]]
[2020.01.30-07.24.58:493][  0]LogConfig: Setting CVar [[r.DOF.TemporalAAQuality:1                ; more stable temporal accumulation]]
[2020.01.30-07.24.58:493][  0]LogConfig: Setting CVar [[r.DOF.Kernel.MaxForegroundRadius:0.025]]
[2020.01.30-07.24.58:493][  0]LogConfig: Setting CVar [[r.DOF.Kernel.MaxBackgroundRadius:0.025]]
[2020.01.30-07.24.58:493][  0]LogConfig: Applying CVar settings from Section [TextureQuality@3] File [F:/Github/Jnckr-Lthr/Saved/Config/Windows/Scalability.ini]
[2020.01.30-07.24.58:493][  0]LogConfig: Setting CVar [[r.Streaming.MipBias:0]]
[2020.01.30-07.24.58:493][  0]LogConfig: Setting CVar [[r.Streaming.AmortizeCPUToGPUCopy:0]]
[2020.01.30-07.24.58:493][  0]LogConfig: Setting CVar [[r.Streaming.MaxNumTexturesToStreamPerFrame:0]]
[2020.01.30-07.24.58:493][  0]LogConfig: Setting CVar [[r.Streaming.Boost:1]]
[2020.01.30-07.24.58:493][  0]LogConfig: Setting CVar [[r.MaxAnisotropy:8]]
[2020.01.30-07.24.58:493][  0]LogConfig: Setting CVar [[r.Streaming.LimitPoolSizeToVRAM:0]]
[2020.01.30-07.24.58:493][  0]LogConfig: Setting CVar [[r.Streaming.PoolSize:1000]]
[2020.01.30-07.24.58:493][  0]LogConfig: Setting CVar [[r.Streaming.MaxEffectiveScreenSize:0]]
[2020.01.30-07.24.58:493][  0]LogConfig: Applying CVar settings from Section [EffectsQuality@3] File [F:/Github/Jnckr-Lthr/Saved/Config/Windows/Scalability.ini]
[2020.01.30-07.24.58:493][  0]LogConfig: Setting CVar [[r.TranslucencyLightingVolumeDim:64]]
[2020.01.30-07.24.58:493][  0]LogConfig: Setting CVar [[r.RefractionQuality:2]]
[2020.01.30-07.24.58:493][  0]LogConfig: Setting CVar [[r.SSR.Quality:3]]
[2020.01.30-07.24.58:493][  0]LogConfig: Setting CVar [[r.SceneColorFormat:4]]
[2020.01.30-07.24.58:493][  0]LogConfig: Setting CVar [[r.DetailMode:2]]
[2020.01.30-07.24.58:493][  0]LogConfig: Setting CVar [[r.TranslucencyVolumeBlur:1]]
[2020.01.30-07.24.58:493][  0]LogConfig: Setting CVar [[r.MaterialQualityLevel:1 ; High quality]]
[2020.01.30-07.24.58:493][  0]LogConfig: Setting CVar [[r.SSS.Scale:1]]
[2020.01.30-07.24.58:493][  0]LogConfig: Setting CVar [[r.SSS.SampleSet:2]]
[2020.01.30-07.24.58:493][  0]LogConfig: Setting CVar [[r.SSS.Quality:1]]
[2020.01.30-07.24.58:493][  0]LogConfig: Setting CVar [[r.SSS.HalfRes:1]]
[2020.01.30-07.24.58:493][  0]LogConfig: Setting CVar [[r.EmitterSpawnRateScale:1.0]]
[2020.01.30-07.24.58:493][  0]LogConfig: Setting CVar [[r.ParticleLightQuality:2]]
[2020.01.30-07.24.58:493][  0]LogConfig: Applying CVar settings from Section [FoliageQuality@3] File [F:/Github/Jnckr-Lthr/Saved/Config/Windows/Scalability.ini]
[2020.01.30-07.24.58:493][  0]LogConfig: Setting CVar [[foliage.DensityScale:1.0]]
[2020.01.30-07.24.58:493][  0]LogConfig: Setting CVar [[grass.DensityScale:1.0]]
[2020.01.30-07.24.58:493][  0]LogInit: Selected Device Profile: [Windows]
[2020.01.30-07.24.58:493][  0]LogInit: Applying CVar settings loaded from the selected device profile: [Windows]
[2020.01.30-07.24.58:497][  0]LogHAL: Display: Platform has ~ 8 GB [8469159936 / 8589934592 / 8], which maps to Default [LargestMinGB=32, LargerMinGB=12, DefaultMinGB=8, SmallerMinGB=6, SmallestMinGB=0)
[2020.01.30-07.24.58:497][  0]LogInit: Going up to parent DeviceProfile []
[2020.01.30-07.24.58:497][  0]LogConfig: Applying CVar settings from Section [ViewDistanceQuality@3] File [F:/Github/Jnckr-Lthr/Saved/Config/Windows/Scalability.ini]
[2020.01.30-07.24.58:497][  0]LogConfig: Setting CVar [[r.SkeletalMeshLODBias:0]]
[2020.01.30-07.24.58:497][  0]LogConfig: Setting CVar [[r.ViewDistanceScale:1.0]]
[2020.01.30-07.24.58:497][  0]LogConfig: Applying CVar settings from Section [AntiAliasingQuality@3] File [F:/Github/Jnckr-Lthr/Saved/Config/Windows/Scalability.ini]
[2020.01.30-07.24.58:497][  0]LogConfig: Setting CVar [[r.PostProcessAAQuality:4]]
[2020.01.30-07.24.58:497][  0]LogConfig: Applying CVar settings from Section [ShadowQuality@3] File [F:/Github/Jnckr-Lthr/Saved/Config/Windows/Scalability.ini]
[2020.01.30-07.24.58:497][  0]LogConfig: Setting CVar [[r.LightFunctionQuality:1]]
[2020.01.30-07.24.58:497][  0]LogConfig: Setting CVar [[r.ShadowQuality:5]]
[2020.01.30-07.24.58:497][  0]LogConfig: Setting CVar [[r.Shadow.CSM.MaxCascades:10]]
[2020.01.30-07.24.58:497][  0]LogConfig: Setting CVar [[r.Shadow.MaxResolution:2048]]
[2020.01.30-07.24.58:497][  0]LogConfig: Setting CVar [[r.Shadow.MaxCSMResolution:2048]]
[2020.01.30-07.24.58:497][  0]LogConfig: Setting CVar [[r.Shadow.RadiusThreshold:0.01]]
[2020.01.30-07.24.58:497][  0]LogConfig: Setting CVar [[r.Shadow.DistanceScale:1.0]]
[2020.01.30-07.24.58:497][  0]LogConfig: Setting CVar [[r.Shadow.CSM.TransitionScale:1.0]]
[2020.01.30-07.24.58:497][  0]LogConfig: Setting CVar [[r.Shadow.PreShadowResolutionFactor:1.0]]
[2020.01.30-07.24.58:497][  0]LogConfig: Setting CVar [[r.DistanceFieldShadowing:1]]
[2020.01.30-07.24.58:497][  0]LogConfig: Setting CVar [[r.DistanceFieldAO:1]]
[2020.01.30-07.24.58:497][  0]LogConfig: Setting CVar [[r.AOQuality:2]]
[2020.01.30-07.24.58:497][  0]LogConfig: Setting CVar [[r.VolumetricFog:1]]
[2020.01.30-07.24.58:497][  0]LogConfig: Setting CVar [[r.VolumetricFog.GridPixelSize:8]]
[2020.01.30-07.24.58:497][  0]LogConfig: Setting CVar [[r.VolumetricFog.GridSizeZ:128]]
[2020.01.30-07.24.58:497][  0]LogConfig: Setting CVar [[r.VolumetricFog.HistoryMissSupersampleCount:4]]
[2020.01.30-07.24.58:497][  0]LogConfig: Setting CVar [[r.LightMaxDrawDistanceScale:1]]
[2020.01.30-07.24.58:497][  0]LogConfig: Setting CVar [[r.CapsuleShadows:1]]
[2020.01.30-07.24.58:497][  0]LogConfig: Applying CVar settings from Section [PostProcessQuality@3] File [F:/Github/Jnckr-Lthr/Saved/Config/Windows/Scalability.ini]
[2020.01.30-07.24.58:497][  0]LogConfig: Setting CVar [[r.MotionBlurQuality:4]]
[2020.01.30-07.24.58:497][  0]LogConfig: Setting CVar [[r.AmbientOcclusionMipLevelFactor:0.4]]
[2020.01.30-07.24.58:497][  0]LogConfig: Setting CVar [[r.AmbientOcclusionMaxQuality:100]]
[2020.01.30-07.24.58:497][  0]LogConfig: Setting CVar [[r.AmbientOcclusionLevels:-1]]
[2020.01.30-07.24.58:497][  0]LogConfig: Setting CVar [[r.AmbientOcclusionRadiusScale:1.0]]
[2020.01.30-07.24.58:497][  0]LogConfig: Setting CVar [[r.DepthOfFieldQuality:2]]
[2020.01.30-07.24.58:497][  0]LogConfig: Setting CVar [[r.RenderTargetPoolMin:400]]
[2020.01.30-07.24.58:497][  0]LogConfig: Setting CVar [[r.LensFlareQuality:2]]
[2020.01.30-07.24.58:497][  0]LogConfig: Setting CVar [[r.SceneColorFringeQuality:1]]
[2020.01.30-07.24.58:497][  0]LogConfig: Setting CVar [[r.EyeAdaptationQuality:2]]
[2020.01.30-07.24.58:497][  0]LogConfig: Setting CVar [[r.BloomQuality:5]]
[2020.01.30-07.24.58:497][  0]LogConfig: Setting CVar [[r.FastBlurThreshold:100]]
[2020.01.30-07.24.58:498][  0]LogConfig: Setting CVar [[r.Upscale.Quality:3]]
[2020.01.30-07.24.58:498][  0]LogConfig: Setting CVar [[r.Tonemapper.GrainQuantization:1]]
[2020.01.30-07.24.58:498][  0]LogConfig: Setting CVar [[r.LightShaftQuality:1]]
[2020.01.30-07.24.58:498][  0]LogConfig: Setting CVar [[r.Filter.SizeScale:1]]
[2020.01.30-07.24.58:498][  0]LogConfig: Setting CVar [[r.Tonemapper.Quality:5]]
[2020.01.30-07.24.58:498][  0]LogConfig: Setting CVar [[r.DOF.Gather.AccumulatorQuality:1        ; higher gathering accumulator quality]]
[2020.01.30-07.24.58:498][  0]LogConfig: Setting CVar [[r.DOF.Gather.PostfilterMethod:1          ; Median3x3 postfilering method]]
[2020.01.30-07.24.58:498][  0]LogConfig: Setting CVar [[r.DOF.Gather.EnableBokehSettings:0       ; no bokeh simulation when gathering]]
[2020.01.30-07.24.58:498][  0]LogConfig: Setting CVar [[r.DOF.Gather.RingCount:4                 ; medium number of samples when gathering]]
[2020.01.30-07.24.58:498][  0]LogConfig: Setting CVar [[r.DOF.Scatter.ForegroundCompositing:1    ; additive foreground scattering]]
[2020.01.30-07.24.58:498][  0]LogConfig: Setting CVar [[r.DOF.Scatter.BackgroundCompositing:2    ; additive background scattering]]
[2020.01.30-07.24.58:498][  0]LogConfig: Setting CVar [[r.DOF.Scatter.EnableBokehSettings:1      ; bokeh simulation when scattering]]
[2020.01.30-07.24.58:498][  0]LogConfig: Setting CVar [[r.DOF.Scatter.MaxSpriteRatio:0.1         ; only a maximum of 10% of scattered bokeh]]
[2020.01.30-07.24.58:498][  0]LogConfig: Setting CVar [[r.DOF.Recombine.Quality:1                ; cheap slight out of focus]]
[2020.01.30-07.24.58:498][  0]LogConfig: Setting CVar [[r.DOF.Recombine.EnableBokehSettings:0    ; no bokeh simulation on slight out of focus]]
[2020.01.30-07.24.58:498][  0]LogConfig: Setting CVar [[r.DOF.TemporalAAQuality:1                ; more stable temporal accumulation]]
[2020.01.30-07.24.58:498][  0]LogConfig: Setting CVar [[r.DOF.Kernel.MaxForegroundRadius:0.025]]
[2020.01.30-07.24.58:498][  0]LogConfig: Setting CVar [[r.DOF.Kernel.MaxBackgroundRadius:0.025]]
[2020.01.30-07.24.58:498][  0]LogConfig: Applying CVar settings from Section [TextureQuality@3] File [F:/Github/Jnckr-Lthr/Saved/Config/Windows/Scalability.ini]
[2020.01.30-07.24.58:498][  0]LogConfig: Setting CVar [[r.Streaming.MipBias:0]]
[2020.01.30-07.24.58:498][  0]LogConfig: Setting CVar [[r.Streaming.AmortizeCPUToGPUCopy:0]]
[2020.01.30-07.24.58:498][  0]LogConfig: Setting CVar [[r.Streaming.MaxNumTexturesToStreamPerFrame:0]]
[2020.01.30-07.24.58:498][  0]LogConfig: Setting CVar [[r.Streaming.Boost:1]]
[2020.01.30-07.24.58:498][  0]LogConfig: Setting CVar [[r.MaxAnisotropy:8]]
[2020.01.30-07.24.58:498][  0]LogConfig: Setting CVar [[r.Streaming.LimitPoolSizeToVRAM:0]]
[2020.01.30-07.24.58:498][  0]LogConfig: Setting CVar [[r.Streaming.PoolSize:1000]]
[2020.01.30-07.24.58:498][  0]LogConfig: Setting CVar [[r.Streaming.MaxEffectiveScreenSize:0]]
[2020.01.30-07.24.58:498][  0]LogConfig: Applying CVar settings from Section [EffectsQuality@3] File [F:/Github/Jnckr-Lthr/Saved/Config/Windows/Scalability.ini]
[2020.01.30-07.24.58:498][  0]LogConfig: Setting CVar [[r.TranslucencyLightingVolumeDim:64]]
[2020.01.30-07.24.58:498][  0]LogConfig: Setting CVar [[r.RefractionQuality:2]]
[2020.01.30-07.24.58:498][  0]LogConfig: Setting CVar [[r.SSR.Quality:3]]
[2020.01.30-07.24.58:498][  0]LogConfig: Setting CVar [[r.SceneColorFormat:4]]
[2020.01.30-07.24.58:498][  0]LogConfig: Setting CVar [[r.DetailMode:2]]
[2020.01.30-07.24.58:498][  0]LogConfig: Setting CVar [[r.TranslucencyVolumeBlur:1]]
[2020.01.30-07.24.58:498][  0]LogConfig: Setting CVar [[r.MaterialQualityLevel:1 ; High quality]]
[2020.01.30-07.24.58:498][  0]LogConfig: Setting CVar [[r.SSS.Scale:1]]
[2020.01.30-07.24.58:498][  0]LogConfig: Setting CVar [[r.SSS.SampleSet:2]]
[2020.01.30-07.24.58:498][  0]LogConfig: Setting CVar [[r.SSS.Quality:1]]
[2020.01.30-07.24.58:498][  0]LogConfig: Setting CVar [[r.SSS.HalfRes:1]]
[2020.01.30-07.24.58:498][  0]LogConfig: Setting CVar [[r.EmitterSpawnRateScale:1.0]]
[2020.01.30-07.24.58:498][  0]LogConfig: Setting CVar [[r.ParticleLightQuality:2]]
[2020.01.30-07.24.58:498][  0]LogConfig: Applying CVar settings from Section [FoliageQuality@3] File [F:/Github/Jnckr-Lthr/Saved/Config/Windows/Scalability.ini]
[2020.01.30-07.24.58:498][  0]LogConfig: Setting CVar [[foliage.DensityScale:1.0]]
[2020.01.30-07.24.58:498][  0]LogConfig: Setting CVar [[grass.DensityScale:1.0]]
[2020.01.30-07.24.58:498][  0]LogConfig: Applying CVar settings from Section [Startup] File [../../../Engine/Config/ConsoleVariables.ini]
[2020.01.30-07.24.58:499][  0]LogConfig: Setting CVar [[net.UseAdaptiveNetUpdateFrequency:0]]
[2020.01.30-07.24.58:499][  0]LogConfig: Setting CVar [[p.chaos.AllowCreatePhysxBodies:1]]
[2020.01.30-07.24.58:499][  0]LogConfig: Applying CVar settings from Section [ConsoleVariables] File [F:/Github/Jnckr-Lthr/Saved/Config/Windows/Engine.ini]
[2020.01.30-07.24.58:499][  0]LogInit: Computer: FABIONOTEBOOK
[2020.01.30-07.24.58:499][  0]LogInit: User: morfa
[2020.01.30-07.24.58:499][  0]LogInit: CPU Page size=4096, Cores=4
[2020.01.30-07.24.58:499][  0]LogInit: High frequency timer resolution =10.000000 MHz
[2020.01.30-07.24.58:499][  0]LogMemory: Memory total: Physical=7.9GB (8GB approx)
[2020.01.30-07.24.58:499][  0]LogMemory: Platform Memory Stats for Windows
[2020.01.30-07.24.58:499][  0]LogMemory: Process Physical Memory: 102.25 MB used, 102.25 MB peak
[2020.01.30-07.24.58:499][  0]LogMemory: Process Virtual Memory: 113.36 MB used, 113.36 MB peak
[2020.01.30-07.24.58:499][  0]LogMemory: Physical Memory: 5731.48 MB used,  2345.34 MB free, 8076.82 MB total
[2020.01.30-07.24.58:499][  0]LogMemory: Virtual Memory: 4668.37 MB used,  134213056.00 MB free, 134217728.00 MB total
[2020.01.30-07.24.58:509][  0]LogWindows: WindowsPlatformFeatures enabled
[2020.01.30-07.24.58:560][  0]LogInit: Using OS detected language (en-US).
[2020.01.30-07.24.58:560][  0]LogInit: Using OS detected locale (en-US).
[2020.01.30-07.24.58:562][  0]LogTextLocalizationManager: No specific localization for 'en-US' exists, so the 'en' localization will be used.
[2020.01.30-07.24.59:091][  0]LogSlate: New Slate User Created.  User Index 0, Is Virtual User: 0
[2020.01.30-07.24.59:091][  0]LogSlate: Slate User Registered.  User Index 0, Is Virtual User: 0
[2020.01.30-07.24.59:167][  0]LogHMD: Failed to initialize OpenVR with code 110
[2020.01.30-07.24.59:167][  0]LogD3D11RHI: D3D11 adapters:
[2020.01.30-07.24.59:263][  0]LogD3D11RHI:    0. 'NVIDIA GeForce GTX 1050' (Feature Level 11_0)
[2020.01.30-07.24.59:263][  0]LogD3D11RHI:       1979/0/4038 MB DedicatedVideo/DedicatedSystem/SharedSystem, Outputs:2, VendorId:0x10de
[2020.01.30-07.24.59:274][  0]LogD3D11RHI:    1. 'Intel(R) HD Graphics 630' (Feature Level 11_0)
[2020.01.30-07.24.59:274][  0]LogD3D11RHI:       128/0/4038 MB DedicatedVideo/DedicatedSystem/SharedSystem, Outputs:0, VendorId:0x8086
[2020.01.30-07.24.59:278][  0]LogD3D11RHI:    2. 'Microsoft Basic Render Driver' (Feature Level 11_0)
[2020.01.30-07.24.59:278][  0]LogD3D11RHI:       0/0/4038 MB DedicatedVideo/DedicatedSystem/SharedSystem, Outputs:0, VendorId:0x1414
[2020.01.30-07.24.59:278][  0]LogD3D11RHI: Chosen D3D11 Adapter: 0
[2020.01.30-07.24.59:328][  0]LogD3D11RHI: Creating new Direct3DDevice
[2020.01.30-07.24.59:328][  0]LogD3D11RHI:     GPU DeviceId: 0x1c8d (for the marketing name, search the web for "GPU Device Id")
[2020.01.30-07.24.59:328][  0]LogWindows: EnumDisplayDevices:
[2020.01.30-07.24.59:328][  0]LogWindows:    0. 'Intel(R) HD Graphics 630' (P:1 D:1)
[2020.01.30-07.24.59:329][  0]LogWindows:    1. 'Intel(R) HD Graphics 630' (P:0 D:1)
[2020.01.30-07.24.59:329][  0]LogWindows:    2. 'Intel(R) HD Graphics 630' (P:0 D:0)
[2020.01.30-07.24.59:330][  0]LogWindows: DebugString: PrimaryIsNotTheChoosenAdapter PrimaryIsNotTheChoosenAdapter PrimaryIsNotTheChoosenAdapter FoundDriverCount:0 
[2020.01.30-07.24.59:330][  0]LogD3D11RHI:     Adapter Name: NVIDIA GeForce GTX 1050
[2020.01.30-07.24.59:330][  0]LogD3D11RHI:   Driver Version: Unknown (internal:Unknown, unified:Unknown)
[2020.01.30-07.24.59:330][  0]LogD3D11RHI:      Driver Date: Unknown
[2020.01.30-07.24.59:330][  0]LogRHI: Texture pool is 1385 MB (70% of 1979 MB)
[2020.01.30-07.24.59:384][  0]LogD3D11RHI: Async texture creation enabled
[2020.01.30-07.24.59:407][  0]LogD3D11RHI: GPU Timing Frequency: 1000.000000 (Debug: 2 1)
[2020.01.30-07.24.59:921][  0]LogTemp: Display: Module 'WindowsClientTargetPlatform' loaded TargetPlatform 'WindowsClient'
[2020.01.30-07.24.59:930][  0]LogTemp: Display: Module 'WindowsNoEditorTargetPlatform' loaded TargetPlatform 'WindowsNoEditor'
[2020.01.30-07.24.59:939][  0]LogTemp: Display: Module 'WindowsServerTargetPlatform' loaded TargetPlatform 'WindowsServer'
[2020.01.30-07.24.59:943][  0]LogTemp: Display: Module 'WindowsTargetPlatform' loaded TargetPlatform 'Windows'
[2020.01.30-07.24.59:943][  0]LogTargetPlatformManager: Display: Building Assets For Windows
[2020.01.30-07.24.59:952][  0]LogAudioDebug: Display: Lib vorbis DLL was dynamically loaded.
[2020.01.30-07.24.59:997][  0]LogShaderCompilers: Guid format shader working directory is 25 characters bigger than the processId version (F:/Github/Jnckr-Lthr/Intermediate/Shaders/WorkingDirectory/20772/).
[2020.01.30-07.24.59:997][  0]LogShaderCompilers: Cleaned the shader compiler working directory 'C:/Users/morfa/AppData/Local/Temp/UnrealShaderWorkingDir/942D96104F9C332649BABA9EE28F7693/'.
[2020.01.30-07.24.59:999][  0]LogXGEController: Cannot use XGE Controller as Incredibuild is not installed on this machine.
[2020.01.30-07.24.59:999][  0]LogShaderCompilers: Cannot use XGE Shader Compiler as Incredibuild is not installed on this machine.
[2020.01.30-07.24.59:999][  0]LogShaderCompilers: Display: Using Local Shader Compiler.
[2020.01.30-07.25.00:685][  0]LogDerivedDataCache: Display: Max Cache Size: 512 MB
[2020.01.30-07.25.00:762][  0]LogDerivedDataCache: Loaded boot cache 0.08s 73MB C:/Users/morfa/AppData/Local/UnrealEngine/4.23/DerivedDataCache/Boot.ddc.
[2020.01.30-07.25.00:762][  0]LogDerivedDataCache: Display: Loaded Boot cache: C:/Users/morfa/AppData/Local/UnrealEngine/4.23/DerivedDataCache/Boot.ddc
[2020.01.30-07.25.00:762][  0]LogDerivedDataCache: FDerivedDataBackendGraph:  Pak pak cache file F:/Github/Jnckr-Lthr/DerivedDataCache/DDC.ddp not found, will not use a pak cache.
[2020.01.30-07.25.00:762][  0]LogDerivedDataCache: Unable to find inner node Pak for hierarchical cache Hierarchy.
[2020.01.30-07.25.00:762][  0]LogDerivedDataCache: FDerivedDataBackendGraph:  CompressedPak pak cache file F:/Github/Jnckr-Lthr/DerivedDataCache/Compressed.ddp not found, will not use a pak cache.
[2020.01.30-07.25.00:762][  0]LogDerivedDataCache: Unable to find inner node CompressedPak for hierarchical cache Hierarchy.
[2020.01.30-07.25.00:776][  0]LogDerivedDataCache: Display: Pak cache opened for reading ../../../Engine/DerivedDataCache/Compressed.ddp.
[2020.01.30-07.25.00:776][  0]LogDerivedDataCache: FDerivedDataBackendGraph:  EnterprisePak pak cache file ../../../Enterprise/DerivedDataCache/Compressed.ddp not found, will not use a pak cache.
[2020.01.30-07.25.00:776][  0]LogDerivedDataCache: Unable to find inner node EnterprisePak for hierarchical cache Hierarchy.
[2020.01.30-07.25.00:778][  0]LogDerivedDataCache: Using Local data cache path C:/Users/morfa/AppData/Local/UnrealEngine/Common/DerivedDataCache: Writable
[2020.01.30-07.25.00:778][  0]LogDerivedDataCache: Shared data cache path not found in *engine.ini, will not use an Shared cache.
[2020.01.30-07.25.00:778][  0]LogDerivedDataCache: Unable to find inner node Shared for hierarchical cache Hierarchy.
[2020.01.30-07.25.00:803][  0]LogMaterial: Verifying Global Shaders for PCD3D_SM5
[2020.01.30-07.25.00:807][  0]LogSlate: Using FreeType 2.6.0
[2020.01.30-07.25.00:808][  0]LogSlate: SlateFontServices - WITH_FREETYPE: 1, WITH_HARFBUZZ: 1
[2020.01.30-07.25.00:970][  0]LogInit: Using OS detected language (en-US).
[2020.01.30-07.25.00:970][  0]LogInit: Using OS detected locale (en-US).
[2020.01.30-07.25.00:970][  0]LogTextLocalizationManager: No localization for 'en-US' exists, so 'en' will be used for the language.
[2020.01.30-07.25.00:970][  0]LogTextLocalizationManager: No localization for 'en-US' exists, so 'en' will be used for the locale.
[2020.01.30-07.25.00:970][  0]LogSlate: FontCache flush requested. Reason: Culture for localization was changed
[2020.01.30-07.25.00:970][  0]LogSlate: FontCache flush requested. Reason: Culture for localization was changed
[2020.01.30-07.25.00:972][  0]LogTextLocalizationManager: Compacting localization data took   0.00ms
[2020.01.30-07.25.00:977][  0]LogAssetRegistry: FAssetRegistry took 0.0017 seconds to start up
[2020.01.30-07.25.01:254][  0]LogPackageLocalizationCache: Processed 12 localized package path(s) for 1 prioritized culture(s) in 0.000905 seconds
[2020.01.30-07.25.01:310][  0]LogInit: Selected Device Profile: [Windows]
[2020.01.30-07.25.01:481][  0]LogMeshReduction: Using QuadricMeshReduction for automatic static mesh reduction
[2020.01.30-07.25.01:481][  0]LogMeshReduction: Using SimplygonMeshReduction for automatic skeletal mesh reduction
[2020.01.30-07.25.01:481][  0]LogMeshReduction: Using ProxyLODMeshReduction for automatic mesh merging
[2020.01.30-07.25.01:481][  0]LogMeshReduction: No distributed automatic mesh merging module available
[2020.01.30-07.25.01:481][  0]LogMeshMerging: No distributed automatic mesh merging module available
[2020.01.30-07.25.01:498][  0]LogNetVersion: JaxAndLegger 1.0.0, NetCL: 8386587, EngineNetVer: 11, GameNetVer: 0 (Checksum: 2648958118)
[2020.01.30-07.25.02:182][  0]LogMoviePlayer: Initializing movie player
[2020.01.30-07.25.02:286][  0]LogTcpMessaging: Initializing TcpMessaging bridge
[2020.01.30-07.25.02:288][  0]LogUdpMessaging: Initializing bridge on interface 0.0.0.0:0 to multicast group 230.0.0.1:6666.
[2020.01.30-07.25.02:325][  0]SourceControl: Source control is disabled
[2020.01.30-07.25.02:325][  0]SourceControl: Source control is disabled
[2020.01.30-07.25.02:327][  0]SourceControl: Source control is disabled
[2020.01.30-07.25.02:377][  0]LogAndroidPermission: UAndroidPermissionCallbackProxy::GetInstance
[2020.01.30-07.25.02:612][  0]LogOcInput: OculusInput pre-init called
[2020.01.30-07.25.02:624][  0]LogUObjectArray: 48866 objects as part of root set at end of initial load.
[2020.01.30-07.25.02:624][  0]LogUObjectAllocator: 8609784 out of 0 bytes used by permanent object pool.
[2020.01.30-07.25.02:624][  0]LogUObjectArray: CloseDisregardForGC: 0/0 objects in disregard for GC pool
[2020.01.30-07.25.02:697][  0]LogEngine: Initializing Engine...
[2020.01.30-07.25.02:699][  0]LogHMD: Failed to initialize OpenVR with code 110
[2020.01.30-07.25.02:701][  0]LogStats: UGameplayTagsManager::InitializeManager -  0.000 s
[2020.01.30-07.25.02:941][  0]LogInit: Initializing FReadOnlyCVARCache
[2020.01.30-07.25.02:979][  0]LogInit: XAudio2 using 'Speakers (Realtek High Definition Audio)' : 2 channels at 48 kHz using 32 bits per sample (channel mask 0x3)
[2020.01.30-07.25.03:054][  0]LogInit: FAudioDevice initialized.
[2020.01.30-07.25.03:056][  0]LogNetVersion: Set ProjectVersion to 1.0.0.0. Version Checksum will be recalculated on next use.
[2020.01.30-07.25.03:065][  0]LogInit: Texture streaming: Enabled
[2020.01.30-07.25.03:395][  0]LogSlate: Updating window title bar state: overlay mode, drag disabled, window buttons hidden, title bar hidden
[2020.01.30-07.25.03:396][  0]LogInit: Display: Game Engine Initialized.
[2020.01.30-07.25.03:470][  0]LogInit: Display: Starting Game.
[2020.01.30-07.25.03:470][  0]LogNet: Browse: /Game/Maps/MainMenu?Name=Player
[2020.01.30-07.25.03:470][  0]LogLoad: LoadMap: /Game/Maps/MainMenu?Name=Player
[2020.01.30-07.25.03:470][  0]LogWorld: BeginTearingDown for /Temp/Untitled_0
[2020.01.30-07.25.03:472][  0]LogWorld: UWorld::CleanupWorld for Untitled, bSessionEnded=true, bCleanupResources=true
[2020.01.30-07.25.03:507][  0]LogUObjectHash: Compacting FUObjectHashTables data took   2.46ms
[2020.01.30-07.25.03:627][  0]LogUObjectGlobals: Warning: While loading 'F:/Github/Jnckr-Lthr/Content/JandL_Models/BuckDock/duckblock_sm__1_.uasset' failed to load '/Game/JandL_Models/lambert1': Can't find file.
[2020.01.30-07.25.03:627][  0]LogUObjectGlobals: Warning: While loading 'F:/Github/Jnckr-Lthr/Content/JandL_Models/BuckDock/duckblock_sm__1_.uasset' failed to load '/Game/JandL_Models/lambert1': Can't find file.
[2020.01.30-07.25.03:627][  0]LogUObjectGlobals: Warning: While loading 'F:/Github/Jnckr-Lthr/Content/JandL_Models/BuckDock/duckblock_sm__1_.uasset' failed to load '/Game/JandL_Models/lambert1': Can't find file.
[2020.01.30-07.25.03:627][  0]LogUObjectGlobals: Warning: While loading 'F:/Github/Jnckr-Lthr/Content/JandL_Models/BuckDock/duckblock_sm__1_.uasset' failed to load '/Game/JandL_Models/lambert1': Can't find file.
[2020.01.30-07.25.03:830][  0]LogAIModule: Creating AISystem for world MainMenu
[2020.01.30-07.25.03:830][  0]LogLoad: Game class is 'GameMode'
[2020.01.30-07.25.03:834][  0]LogWorld: Bringing World /Game/Maps/MainMenu.MainMenu up for play (max tick rate 0) at 2020.01.30-08.25.03
[2020.01.30-07.25.03:834][  0]LogWorld: Bringing up level for play took: 0.002826
[2020.01.30-07.25.03:834][  0]LogGameMode: FindPlayerStart: PATHS NOT DEFINED or NO PLAYERSTART with positive rating
[2020.01.30-07.25.03:837][  0]LogGameMode: Display: Match State Changed from EnteringMap to WaitingToStart
[2020.01.30-07.25.03:837][  0]LogGameState: Match State Changed from EnteringMap to WaitingToStart
[2020.01.30-07.25.03:837][  0]LogGameMode: Display: Match State Changed from WaitingToStart to InProgress
[2020.01.30-07.25.03:839][  0]LogGameState: Match State Changed from WaitingToStart to InProgress
[2020.01.30-07.25.03:839][  0]LogLoad: Took 0.368802 seconds to LoadMap(/Game/Maps/MainMenu)
[2020.01.30-07.25.03:875][  0]LogRenderer: Reallocating scene render targets to support 1280x720 Format 10 NumSamples 1 (Frame:1).
[2020.01.30-07.25.03:875][  0]LogLoad: (Engine Initialization) Total time: 9.33 seconds
[2020.01.30-07.25.03:875][  0]LogLoad: (Engine Initialization) Total Blueprint compile time: 0.00 seconds
[2020.01.30-07.25.03:914][  0]LogContentStreaming: Texture pool size now 1000 MB
[2020.01.30-07.25.03:919][  0]LogAudio: Warning: Detected orphaned looping sound 'MenuMusic'.
[2020.01.30-07.25.04:187][  0]LogRenderer: Reallocating scene render targets to support 128x128 Format 10 NumSamples 1 (Frame:1).
[2020.01.30-07.25.04:228][  0]LogRenderer: Reallocating scene render targets to support 1280x720 Format 10 NumSamples 1 (Frame:2).
[2020.01.30-07.25.05:388][ 72]LogSlate: FSceneViewport::OnFocusLost() reason 0
[2020.01.30-07.25.05:456][ 76]LogSlate: Took 0.000368 seconds to synchronously load lazily loaded font '../../../Engine/Content/Slate/Fonts/Roboto-Regular.ttf' (155K)
[2020.01.30-07.25.07:136][180]LogInit: WinSock: I am FabioNotebook (192.168.129.98:0)
[2020.01.30-07.25.07:273][180]LogPackageName: SearchForPackageOnDisk took   0.136s to resolve Lobby.umap.
[2020.01.30-07.25.07:274][180]LogGameMode: Display: Match State Changed from InProgress to LeavingMap
[2020.01.30-07.25.07:274][180]LogGameState: Match State Changed from InProgress to LeavingMap
[2020.01.30-07.25.07:417][180]LogPackageName: SearchForPackageOnDisk took   0.143s to resolve Lobby.umap.
[2020.01.30-07.25.07:417][180]LogNet: Browse: /Game/Maps/Lobby?Listen
[2020.01.30-07.25.07:417][180]LogLoad: LoadMap: /Game/Maps/Lobby?Listen
[2020.01.30-07.25.07:418][180]LogWorld: BeginTearingDown for /Game/Maps/MainMenu
[2020.01.30-07.25.07:418][180]LogWorld: UWorld::CleanupWorld for MainMenu, bSessionEnded=true, bCleanupResources=true
[2020.01.30-07.25.07:493][180]LogUObjectHash: Compacting FUObjectHashTables data took   5.70ms
[2020.01.30-07.25.07:948][180]LogBlueprint: Warning: [Compiler 0_Base] InputAction Event references unknown Action 'ResetVR' for  InputAction ResetVR
[2020.01.30-07.25.07:948][180]LogBlueprint: Warning: [Compiler 0_Base] InputAction Event references unknown Action 'Jump' for  InputAction Jump
[2020.01.30-07.25.08:630][180]LogAIModule: Creating AISystem for world Lobby
[2020.01.30-07.25.08:630][180]LogLoad: Game class is 'LobbyGM_C'
[2020.01.30-07.25.08:631][180]LogTemp: Display: ParseSettings for GameNetDriver
[2020.01.30-07.25.08:631][180]LogTemp: Display: ParseSettings for IpNetDriver_0
[2020.01.30-07.25.08:631][180]LogTemp: Display: ParseSettings for GameNetDriver
[2020.01.30-07.25.08:631][180]LogNet: ReplicationDriverClass is null! Not using ReplicationDriver.
[2020.01.30-07.25.08:631][180]PacketHandlerLog: DDoS detection status: detection enabled: 0 analytics enabled: 0
[2020.01.30-07.25.08:632][180]LogInit: WinSock: Socket queue. Rx: 131072 (config 131072) Tx: 131072 (config 131072)
[2020.01.30-07.25.08:632][180]PacketHandlerLog: Loaded PacketHandler component: Engine.EngineHandlerComponentFactory (StatelessConnectHandlerComponent)
[2020.01.30-07.25.08:632][180]LogNet: GameNetDriver IpNetDriver_0 IpNetDriver listening on port 7777
[2020.01.30-07.25.08:634][180]LogWorld: Bringing World /Game/Maps/Lobby.Lobby up for play (max tick rate 0) at 2020.01.30-08.25.08
[2020.01.30-07.25.08:635][180]LogWorld: Bringing up level for play took: 0.001491
[2020.01.30-07.25.08:636][180]LogScript: Warning: UGameplayStatics::BeginSpawningActorFromClass: can not spawn an actor from a NULL class
[2020.01.30-07.25.08:645][180]LogLoad: Took 1.227408 seconds to LoadMap(/Game/Maps/Lobby)
[2020.01.30-07.25.09:578][229]LogSlate: FSceneViewport::OnFocusLost() reason 0
[2020.01.30-07.25.09:610][231]PIE: Warning: This widget does not support focus.  If this is a UserWidget, you should set bIsFocusable to true.
[2020.01.30-07.25.09:804][243]LogSlate: FSceneViewport::OnFocusLost() reason 0
[2020.01.30-07.25.10:903][311]LogBlueprintUserMessages: [EmotesWheel_C_0] 3
[2020.01.30-07.25.10:918][312]LogBlueprintUserMessages: [EmotesWheel_C_0] 3
[2020.01.30-07.25.10:934][313]LogBlueprintUserMessages: [EmotesWheel_C_0] 3
[2020.01.30-07.25.10:950][314]LogBlueprintUserMessages: [EmotesWheel_C_0] 3
[2020.01.30-07.25.10:967][315]LogBlueprintUserMessages: [EmotesWheel_C_0] 3
[2020.01.30-07.25.10:982][316]LogBlueprintUserMessages: [EmotesWheel_C_0] 3
[2020.01.30-07.25.10:999][317]LogBlueprintUserMessages: [EmotesWheel_C_0] 3
[2020.01.30-07.25.11:015][318]LogBlueprintUserMessages: [EmotesWheel_C_0] 3
[2020.01.30-07.25.11:031][319]LogBlueprintUserMessages: [EmotesWheel_C_0] 3
[2020.01.30-07.25.11:047][320]LogBlueprintUserMessages: [EmotesWheel_C_0] 3
[2020.01.30-07.25.11:063][321]LogBlueprintUserMessages: [EmotesWheel_C_0] 3
[2020.01.30-07.25.11:079][322]LogBlueprintUserMessages: [EmotesWheel_C_0] 3
[2020.01.30-07.25.11:096][323]LogBlueprintUserMessages: [EmotesWheel_C_0] 3
[2020.01.30-07.25.11:116][324]LogBlueprintUserMessages: [EmotesWheel_C_0] 3
[2020.01.30-07.25.11:129][325]LogBlueprintUserMessages: [EmotesWheel_C_0] 3
[2020.01.30-07.25.11:144][326]LogBlueprintUserMessages: [EmotesWheel_C_0] 3
[2020.01.30-07.25.11:161][327]LogBlueprintUserMessages: [EmotesWheel_C_0] 3
[2020.01.30-07.25.11:177][328]LogBlueprintUserMessages: [EmotesWheel_C_0] 3
[2020.01.30-07.25.11:193][329]LogBlueprintUserMessages: [EmotesWheel_C_0] 3
[2020.01.30-07.25.11:208][330]LogBlueprintUserMessages: [EmotesWheel_C_0] 3
[2020.01.30-07.25.11:224][331]LogBlueprintUserMessages: [EmotesWheel_C_0] 3
[2020.01.30-07.25.11:240][332]LogBlueprintUserMessages: [EmotesWheel_C_0] 3
[2020.01.30-07.25.11:257][333]LogBlueprintUserMessages: [EmotesWheel_C_0] 3
[2020.01.30-07.25.11:274][334]LogBlueprintUserMessages: [EmotesWheel_C_0] 3
[2020.01.30-07.25.11:290][335]LogBlueprintUserMessages: [EmotesWheel_C_0] 3
[2020.01.30-07.25.11:306][336]LogBlueprintUserMessages: [EmotesWheel_C_0] 3
[2020.01.30-07.25.11:323][337]LogBlueprintUserMessages: [EmotesWheel_C_0] 3
[2020.01.30-07.25.11:339][338]LogBlueprintUserMessages: [EmotesWheel_C_0] 3
[2020.01.30-07.25.11:354][339]LogBlueprintUserMessages: [EmotesWheel_C_0] 3
[2020.01.30-07.25.11:370][340]LogBlueprintUserMessages: [EmotesWheel_C_0] 3
[2020.01.30-07.25.11:386][341]LogBlueprintUserMessages: [EmotesWheel_C_0] 3
[2020.01.30-07.25.11:402][342]LogBlueprintUserMessages: [EmotesWheel_C_0] 3
[2020.01.30-07.25.11:418][343]LogBlueprintUserMessages: [EmotesWheel_C_0] 3
[2020.01.30-07.25.11:433][344]LogBlueprintUserMessages: [Jax_C_0] Server
[2020.01.30-07.25.11:662][358]LogBlueprintUserMessages: [EmotesWheel_C_1] 3
[2020.01.30-07.25.11:677][359]LogBlueprintUserMessages: [EmotesWheel_C_1] 3
[2020.01.30-07.25.11:693][360]LogBlueprintUserMessages: [EmotesWheel_C_1] 1
[2020.01.30-07.25.11:709][361]LogBlueprintUserMessages: [EmotesWheel_C_1] 11
[2020.01.30-07.25.11:725][362]LogBlueprintUserMessages: [EmotesWheel_C_1] 11
[2020.01.30-07.25.11:741][363]LogBlueprintUserMessages: [EmotesWheel_C_1] 11
[2020.01.30-07.25.11:757][364]LogBlueprintUserMessages: [EmotesWheel_C_1] 11
[2020.01.30-07.25.11:780][365]LogBlueprintUserMessages: [EmotesWheel_C_1] 11
[2020.01.30-07.25.11:793][366]LogBlueprintUserMessages: [EmotesWheel_C_1] 11
[2020.01.30-07.25.11:807][367]LogBlueprintUserMessages: [EmotesWheel_C_1] 11
[2020.01.30-07.25.11:823][368]LogBlueprintUserMessages: [EmotesWheel_C_1] 11
[2020.01.30-07.25.11:839][369]LogBlueprintUserMessages: [EmotesWheel_C_1] 11
[2020.01.30-07.25.11:854][370]LogBlueprintUserMessages: [EmotesWheel_C_1] 11
[2020.01.30-07.25.11:870][371]LogBlueprintUserMessages: [EmotesWheel_C_1] 11
[2020.01.30-07.25.11:886][372]LogBlueprintUserMessages: [EmotesWheel_C_1] 11
[2020.01.30-07.25.11:902][373]LogBlueprintUserMessages: [EmotesWheel_C_1] 11
[2020.01.30-07.25.11:918][374]LogBlueprintUserMessages: [EmotesWheel_C_1] 11
[2020.01.30-07.25.11:934][375]LogBlueprintUserMessages: [EmotesWheel_C_1] 11
[2020.01.30-07.25.11:950][376]LogBlueprintUserMessages: [EmotesWheel_C_1] 11
[2020.01.30-07.25.11:967][377]LogBlueprintUserMessages: [EmotesWheel_C_1] 11
[2020.01.30-07.25.11:983][378]LogBlueprintUserMessages: [EmotesWheel_C_1] 11
[2020.01.30-07.25.11:999][379]LogBlueprintUserMessages: [EmotesWheel_C_1] 11
[2020.01.30-07.25.12:016][380]LogBlueprintUserMessages: [EmotesWheel_C_1] 11
[2020.01.30-07.25.12:032][381]LogBlueprintUserMessages: [EmotesWheel_C_1] 11
[2020.01.30-07.25.12:048][382]LogBlueprintUserMessages: [EmotesWheel_C_1] 11
[2020.01.30-07.25.12:065][383]LogBlueprintUserMessages: [EmotesWheel_C_1] 11
[2020.01.30-07.25.12:080][384]LogBlueprintUserMessages: [EmotesWheel_C_1] 11
[2020.01.30-07.25.12:097][385]LogBlueprintUserMessages: [EmotesWheel_C_1] 11
[2020.01.30-07.25.12:118][386]LogBlueprintUserMessages: [EmotesWheel_C_1] 11
[2020.01.30-07.25.12:129][387]LogBlueprintUserMessages: [EmotesWheel_C_1] 11
[2020.01.30-07.25.12:145][388]LogBlueprintUserMessages: [EmotesWheel_C_1] 11
[2020.01.30-07.25.12:161][389]LogBlueprintUserMessages: [EmotesWheel_C_1] 11
[2020.01.30-07.25.12:177][390]LogBlueprintUserMessages: [EmotesWheel_C_1] 10
[2020.01.30-07.25.12:193][391]LogBlueprintUserMessages: [EmotesWheel_C_1] 10
[2020.01.30-07.25.12:209][392]LogBlueprintUserMessages: [EmotesWheel_C_1] 10
[2020.01.30-07.25.12:226][393]LogBlueprintUserMessages: [EmotesWheel_C_1] 10
[2020.01.30-07.25.12:242][394]LogBlueprintUserMessages: [EmotesWheel_C_1] 10
[2020.01.30-07.25.12:257][395]LogBlueprintUserMessages: [EmotesWheel_C_1] 10
[2020.01.30-07.25.12:274][396]LogBlueprintUserMessages: [EmotesWheel_C_1] 10
[2020.01.30-07.25.12:290][397]LogBlueprintUserMessages: [EmotesWheel_C_1] 10
[2020.01.30-07.25.12:307][398]LogBlueprintUserMessages: [EmotesWheel_C_1] 10
[2020.01.30-07.25.12:323][399]LogBlueprintUserMessages: [EmotesWheel_C_1] 10
[2020.01.30-07.25.12:338][400]LogBlueprintUserMessages: [EmotesWheel_C_1] 10
[2020.01.30-07.25.12:354][401]LogBlueprintUserMessages: [EmotesWheel_C_1] 10
[2020.01.30-07.25.12:370][402]LogBlueprintUserMessages: [EmotesWheel_C_1] 10
[2020.01.30-07.25.12:386][403]LogBlueprintUserMessages: [EmotesWheel_C_1] 10
[2020.01.30-07.25.12:403][404]LogBlueprintUserMessages: [EmotesWheel_C_1] 10
[2020.01.30-07.25.12:419][405]LogBlueprintUserMessages: [EmotesWheel_C_1] 10
[2020.01.30-07.25.12:435][406]LogBlueprintUserMessages: [EmotesWheel_C_1] 10
[2020.01.30-07.25.12:454][407]LogBlueprintUserMessages: [Jax_C_0] Server
[2020.01.30-07.25.22:225][ 13]LogScript: Warning: Script Msg: DestroySession - Invalid player state
[2020.01.30-07.25.22:725][ 44]LogBlueprintUserMessages: [Jax_C_0] NoBeam
[2020.01.30-07.25.22:757][ 46]LogBlueprintUserMessages: [Jax_C_0] NoBeam
[2020.01.30-07.25.22:778][ 47]LogBlueprintUserMessages: [Jax_C_0] NoBeam
[2020.01.30-07.25.22:806][ 49]LogBlueprintUserMessages: [Jax_C_0] NoBeam
[2020.01.30-07.25.22:934][ 57]LogWindowsDesktop: Alt-F4 pressed!
[2020.01.30-07.25.22:941][ 57]LogSlate: Window 'JaxAndLegger (64-bit Development PCD3D_SM5) ' being destroyed
[2020.01.30-07.25.22:942][ 57]LogWindowsTextInputMethodSystem: Display: IME system now deactivated.
[2020.01.30-07.25.22:946][ 57]LogWindowsTextInputMethodSystem: Display: IME system now deactivated.
[2020.01.30-07.25.22:947][ 57]LogScript: Warning: Script Msg: DestroySession - Invalid player state
[2020.01.30-07.25.22:948][ 57]LogSlate: Updating window title bar state: overlay mode, drag disabled, window buttons hidden, title bar hidden
[2020.01.30-07.25.22:948][ 57]LogEngine: All Windows Closed
[2020.01.30-07.25.22:948][ 57]LogWindows: FPlatformMisc::RequestExit(0)
[2020.01.30-07.25.22:963][ 58]LogWorld: BeginTearingDown for /Game/Maps/Lobby
[2020.01.30-07.25.22:963][ 58]LogNet: World NetDriver shutdown IpNetDriver_0 [GameNetDriver]
[2020.01.30-07.25.22:963][ 58]LogNet: DestroyNamedNetDriver IpNetDriver_0 [GameNetDriver]
[2020.01.30-07.25.22:963][ 58]LogExit: GameNetDriver IpNetDriver_0 shut down
[2020.01.30-07.25.22:963][ 58]LogWorld: UWorld::CleanupWorld for Lobby, bSessionEnded=true, bCleanupResources=true
[2020.01.30-07.25.23:714][ 58]LogExit: Preparing to exit.
[2020.01.30-07.25.23:714][ 58]LogMoviePlayer: Shutting down movie player
[2020.01.30-07.25.24:319][ 58]LogSlate: Updating window title bar state: overlay mode, drag disabled, window buttons hidden, title bar hidden
[2020.01.30-07.25.24:330][ 58]LogDemo: Cleaned up 0 splitscreen connections with owner deletion
[2020.01.30-07.25.24:337][ 58]LogExit: Game engine shut down
[2020.01.30-07.25.24:432][ 58]LogExit: Object subsystem successfully closed.
[2020.01.30-07.25.24:448][ 58]LogShaderCompilers: Display: Shaders left to compile 0
[2020.01.30-07.25.24:459][ 58]LogModuleManager: Shutting down and abandoning module SequenceRecorderSections (410)
[2020.01.30-07.25.24:459][ 58]LogModuleManager: Shutting down and abandoning module SequenceRecorder (408)
[2020.01.30-07.25.24:459][ 58]LogModuleManager: Shutting down and abandoning module AutomationController (406)
[2020.01.30-07.25.24:459][ 58]LogModuleManager: Shutting down and abandoning module AutomationWorker (404)
[2020.01.30-07.25.24:459][ 58]LogModuleManager: Shutting down and abandoning module Voice (402)
[2020.01.30-07.25.24:459][ 58]LogModuleManager: Shutting down and abandoning module AIModule (400)
[2020.01.30-07.25.24:459][ 58]LogModuleManager: Shutting down and abandoning module GameplayDebugger (399)
[2020.01.30-07.25.24:460][ 58]LogModuleManager: Shutting down and abandoning module AITestSuite (397)
[2020.01.30-07.25.24:460][ 58]LogModuleManager: Shutting down and abandoning module NavigationSystem (395)
[2020.01.30-07.25.24:460][ 58]LogModuleManager: Shutting down and abandoning module OculusMR (392)
[2020.01.30-07.25.24:460][ 58]LogModuleManager: Shutting down and abandoning module WmfMediaFactory (390)
[2020.01.30-07.25.24:460][ 58]LogModuleManager: Shutting down and abandoning module WebMMediaFactory (388)
[2020.01.30-07.25.24:460][ 58]LogModuleManager: Shutting down and abandoning module WebMMedia (386)
[2020.01.30-07.25.24:460][ 58]LogModuleManager: Shutting down and abandoning module OpenExrWrapper (384)
[2020.01.30-07.25.24:460][ 58]LogModuleManager: Shutting down and abandoning module ImgMediaFactory (382)
[2020.01.30-07.25.24:460][ 58]LogModuleManager: Shutting down and abandoning module AvfMediaFactory (380)
[2020.01.30-07.25.24:460][ 58]LogModuleManager: Shutting down and abandoning module MagicLeapCameraPreviewFactory (378)
[2020.01.30-07.25.24:460][ 58]LogModuleManager: Shutting down and abandoning module MagicLeapMediaCodecFactory (376)
[2020.01.30-07.25.24:460][ 58]LogModuleManager: Shutting down and abandoning module MagicLeapMediaFactory (374)
[2020.01.30-07.25.24:460][ 58]LogModuleManager: Shutting down and abandoning module CharacterAI (372)
[2020.01.30-07.25.24:460][ 58]LogModuleManager: Shutting down and abandoning module SessionServices (370)
[2020.01.30-07.25.24:460][ 58]LogModuleManager: Shutting down and abandoning module MovieSceneCapture (368)
[2020.01.30-07.25.24:460][ 58]LogModuleManager: Shutting down and abandoning module LiveCoding (366)
[2020.01.30-07.25.24:460][ 58]LogModuleManager: Shutting down and abandoning module LevelSequence (364)
[2020.01.30-07.25.24:460][ 58]LogModuleManager: Shutting down and abandoning module MovieSceneTracks (362)
[2020.01.30-07.25.24:460][ 58]LogModuleManager: Shutting down and abandoning module MovieScene (360)
[2020.01.30-07.25.24:460][ 58]LogModuleManager: Shutting down and abandoning module StreamingPauseRendering (358)
[2020.01.30-07.25.24:460][ 58]LogModuleManager: Shutting down and abandoning module PortalServices (356)
[2020.01.30-07.25.24:460][ 58]LogModuleManager: Shutting down and abandoning module PortalRpc (354)
[2020.01.30-07.25.24:460][ 58]LogModuleManager: Shutting down and abandoning module MessagingRpc (352)
[2020.01.30-07.25.24:460][ 58]LogModuleManager: Shutting down and abandoning module ImageWriteQueue (350)
[2020.01.30-07.25.24:463][ 58]LogModuleManager: Shutting down and abandoning module ProfilerService (348)
[2020.01.30-07.25.24:677][ 58]LogModuleManager: Shutting down and abandoning module TaskGraph (346)
[2020.01.30-07.25.24:677][ 58]LogModuleManager: Shutting down and abandoning module SteamVRController (344)
[2020.01.30-07.25.24:678][ 58]LogModuleManager: Shutting down and abandoning module ProceduralMeshComponent (342)
[2020.01.30-07.25.24:678][ 58]LogModuleManager: Shutting down and abandoning module OculusInput (340)
[2020.01.30-07.25.24:678][ 58]LogModuleManager: Shutting down and abandoning module MobilePatchingUtils (338)
[2020.01.30-07.25.24:678][ 58]LogModuleManager: Shutting down and abandoning module EditableMesh (336)
[2020.01.30-07.25.24:678][ 58]LogModuleManager: Shutting down and abandoning module CustomMeshComponent (334)
[2020.01.30-07.25.24:678][ 58]LogModuleManager: Shutting down and abandoning module CableComponent (332)
[2020.01.30-07.25.24:678][ 58]LogModuleManager: Shutting down and abandoning module AudioCapture (330)
[2020.01.30-07.25.24:678][ 58]LogModuleManager: Shutting down and abandoning module ArchVisCharacter (328)
[2020.01.30-07.25.24:678][ 58]LogModuleManager: Shutting down and abandoning module AppleImageUtilsBlueprintSupport (326)
[2020.01.30-07.25.24:678][ 58]LogModuleManager: Shutting down and abandoning module AppleImageUtils (324)
[2020.01.30-07.25.24:678][ 58]LogModuleManager: Shutting down and abandoning module AndroidPermission (322)
[2020.01.30-07.25.24:678][ 58]LogModuleManager: Shutting down and abandoning module NUTUnrealEngine4 (320)
[2020.01.30-07.25.24:678][ 58]LogModuleManager: Shutting down and abandoning module NetcodeUnitTest (318)
[2020.01.30-07.25.24:678][ 58]LogModuleManager: Shutting down and abandoning module MediaCompositing (316)
[2020.01.30-07.25.24:678][ 58]LogModuleManager: Shutting down and abandoning module ImgMedia (314)
[2020.01.30-07.25.24:678][ 58]LogModuleManager: Shutting down and abandoning module MagicLeapHelperVulkan (312)
[2020.01.30-07.25.24:678][ 58]LogModuleManager: Shutting down and abandoning module MagicLeapHelperOpenGL (310)
[2020.01.30-07.25.24:678][ 58]LogModuleManager: Shutting down and abandoning module MagicLeapAudio (308)
[2020.01.30-07.25.24:678][ 58]LogModuleManager: Shutting down and abandoning module HTML5Networking (306)
[2020.01.30-07.25.24:679][ 58]LogModuleManager: Shutting down and abandoning module GeometryCacheTracks (304)
[2020.01.30-07.25.24:679][ 58]LogModuleManager: Shutting down and abandoning module GeometryCacheSequencer (303)
[2020.01.30-07.25.24:679][ 58]LogModuleManager: Shutting down and abandoning module GeometryCache (300)
[2020.01.30-07.25.24:679][ 58]LogModuleManager: Shutting down and abandoning module GeometryCacheEd (299)
[2020.01.30-07.25.24:679][ 58]LogModuleManager: Shutting down and abandoning module BackChannel (296)
[2020.01.30-07.25.24:679][ 58]LogModuleManager: Shutting down and abandoning module AutomationUtils (294)
[2020.01.30-07.25.24:679][ 58]LogModuleManager: Shutting down and abandoning module VariantManagerContent (292)
[2020.01.30-07.25.24:679][ 58]LogModuleManager: Shutting down and abandoning module CryptoKeysOpenSSL (290)
[2020.01.30-07.25.24:679][ 58]LogModuleManager: Shutting down and abandoning module CryptoKeys (288)
[2020.01.30-07.25.24:679][ 58]LogModuleManager: Shutting down and abandoning module VisualStudioSourceCodeAccess (286)
[2020.01.30-07.25.24:679][ 58]LogModuleManager: Shutting down and abandoning module HotReload (285)
[2020.01.30-07.25.24:680][ 58]LogModuleManager: Shutting down and abandoning module DirectoryWatcher (284)
[2020.01.30-07.25.24:680][ 58]LogModuleManager: Shutting down and abandoning module VisualStudioCodeSourceCodeAccess (280)
[2020.01.30-07.25.24:680][ 58]LogModuleManager: Shutting down and abandoning module UObjectPlugin (278)
[2020.01.30-07.25.24:680][ 58]LogModuleManager: Shutting down and abandoning module SubversionSourceControl (276)
[2020.01.30-07.25.24:680][ 58]LogModuleManager: Shutting down and abandoning module PerforceSourceControl (274)
[2020.01.30-07.25.24:680][ 58]LogModuleManager: Shutting down and abandoning module SourceControl (273)
[2020.01.30-07.25.24:680][ 58]LogModuleManager: Shutting down and abandoning module CLionSourceCodeAccess (270)
[2020.01.30-07.25.24:680][ 58]LogModuleManager: Shutting down and abandoning module ActorLayerUtilities (268)
[2020.01.30-07.25.24:680][ 58]LogModuleManager: Shutting down and abandoning module JaxAndLegger (266)
[2020.01.30-07.25.24:680][ 58]LogModuleManager: Shutting down and abandoning module SignificanceManager (264)
[2020.01.30-07.25.24:680][ 58]LogModuleManager: Shutting down and abandoning module RuntimePhysXCooking (262)
[2020.01.30-07.25.24:680][ 58]LogModuleManager: Shutting down and abandoning module PhysXVehiclesEditor (260)
[2020.01.30-07.25.24:680][ 58]LogModuleManager: Shutting down and abandoning module LocationServicesBPLibrary (256)
[2020.01.30-07.25.24:680][ 58]LogModuleManager: Shutting down and abandoning module ActorSequence (254)
[2020.01.30-07.25.24:680][ 58]LogModuleManager: Shutting down and abandoning module UdpMessaging (252)
[2020.01.30-07.25.24:782][ 58]LogModuleManager: Shutting down and abandoning module TcpMessaging (250)
[2020.01.30-07.25.25:300][ 58]LogModuleManager: Shutting down and abandoning module MagicLeapIdentity (248)
[2020.01.30-07.25.25:300][ 58]LogModuleManager: Shutting down and abandoning module MagicLeapSecureStorage (246)
[2020.01.30-07.25.25:300][ 58]LogModuleManager: Shutting down and abandoning module MagicLeapHandTracking (244)
[2020.01.30-07.25.25:300][ 58]LogModuleManager: Shutting down and abandoning module MagicLeapEyeTracker (242)
[2020.01.30-07.25.25:300][ 58]LogModuleManager: Shutting down and abandoning module MagicLeapController (240)
[2020.01.30-07.25.25:301][ 58]LogSlate: Slate User Destroyed.  User Index 0, Is Virtual User: 0
[2020.01.30-07.25.25:301][ 58]LogModuleManager: Shutting down and abandoning module MagicLeapAR (238)
[2020.01.30-07.25.25:301][ 58]LogModuleManager: Shutting down and abandoning module AugmentedReality (237)
[2020.01.30-07.25.25:301][ 58]LogModuleManager: Shutting down and abandoning module GameplayTagsEditor (234)
[2020.01.30-07.25.25:301][ 58]LogModuleManager: Shutting down and abandoning module FacialAnimation (232)
[2020.01.30-07.25.25:301][ 58]LogModuleManager: Shutting down and abandoning module AssetManagerEditor (230)
[2020.01.30-07.25.25:301][ 58]LogModuleManager: Shutting down and abandoning module TreeMap (229)
[2020.01.30-07.25.25:301][ 58]LogModuleManager: Shutting down and abandoning module AnimationSharing (226)
[2020.01.30-07.25.25:301][ 58]LogModuleManager: Shutting down and abandoning module LightPropagationVolumeRuntime (224)
[2020.01.30-07.25.25:301][ 58]LogModuleManager: Shutting down and abandoning module Paper2D (222)
[2020.01.30-07.25.25:301][ 58]LogModuleManager: Shutting down and abandoning module WindowsMoviePlayer (220)
[2020.01.30-07.25.25:303][ 58]LogModuleManager: Shutting down and abandoning module WebMMoviePlayer (218)
[2020.01.30-07.25.25:303][ 58]LogModuleManager: Shutting down and abandoning module NetworkReplayStreaming (216)
[2020.01.30-07.25.25:303][ 58]LogModuleManager: Shutting down and abandoning module PacketHandler (214)
[2020.01.30-07.25.25:303][ 58]LogModuleManager: Shutting down and abandoning module ClothingSystemEditor (212)
[2020.01.30-07.25.25:303][ 58]LogModuleManager: Shutting down and abandoning module ClothingSystemRuntime (210)
[2020.01.30-07.25.25:303][ 58]LogModuleManager: Shutting down and abandoning module MediaAssets (208)
[2020.01.30-07.25.25:303][ 58]LogModuleManager: Shutting down and abandoning module Overlay (206)
[2020.01.30-07.25.25:303][ 58]LogModuleManager: Shutting down and abandoning module OverlayEditor (205)
[2020.01.30-07.25.25:303][ 58]LogModuleManager: Shutting down and abandoning module VREditor (202)
[2020.01.30-07.25.25:303][ 58]LogModuleManager: Shutting down and abandoning module StringTableEditor (200)
[2020.01.30-07.25.25:303][ 58]LogModuleManager: Shutting down and abandoning module GameplayTasksEditor (198)
[2020.01.30-07.25.25:303][ 58]LogModuleManager: Shutting down and abandoning module BehaviorTreeEditor (196)
[2020.01.30-07.25.25:303][ 58]LogModuleManager: Shutting down and abandoning module FunctionalTesting (194)
[2020.01.30-07.25.25:303][ 58]LogModuleManager: Shutting down and abandoning module CollisionAnalyzer (192)
[2020.01.30-07.25.25:303][ 58]LogModuleManager: Shutting down and abandoning module WorkspaceMenuStructure (191)
[2020.01.30-07.25.25:304][ 58]LogModuleManager: Shutting down and abandoning module UMG (188)
[2020.01.30-07.25.25:304][ 58]LogModuleManager: Shutting down and abandoning module UMGEditor (187)
[2020.01.30-07.25.25:304][ 58]LogModuleManager: Shutting down and abandoning module Sequencer (186)
[2020.01.30-07.25.25:304][ 58]LogModuleManager: Shutting down and abandoning module MessageLog (183)
[2020.01.30-07.25.25:304][ 58]LogModuleManager: Shutting down and abandoning module SlateReflector (178)
[2020.01.30-07.25.25:304][ 58]LogModuleManager: Shutting down and abandoning module Slate (176)
[2020.01.30-07.25.25:304][ 58]LogModuleManager: Shutting down and abandoning module LandscapeEditorUtilities (174)
[2020.01.30-07.25.25:304][ 58]LogModuleManager: Shutting down and abandoning module EditorStyle (172)
[2020.01.30-07.25.25:305][ 58]LogModuleManager: Shutting down and abandoning module UnrealEd (170)
[2020.01.30-07.25.25:305][ 58]LogModuleManager: Shutting down and abandoning module MRMesh (168)
[2020.01.30-07.25.25:305][ 58]LogModuleManager: Shutting down and abandoning module Messaging (166)
[2020.01.30-07.25.25:306][ 58]LogModuleManager: Shutting down and abandoning module SourceCodeAccess (164)
[2020.01.30-07.25.25:306][ 58]LogModuleManager: Shutting down and abandoning module HeadMountedDisplay (162)
[2020.01.30-07.25.25:306][ 58]LogModuleManager: Shutting down and abandoning module XAudio2 (160)
[2020.01.30-07.25.25:306][ 58]LogModuleManager: Shutting down and abandoning module Networking (158)
[2020.01.30-07.25.25:306][ 58]LogModuleManager: Shutting down and abandoning module Core (156)
[2020.01.30-07.25.25:306][ 58]LogModuleManager: Shutting down and abandoning module KismetCompiler (154)
[2020.01.30-07.25.25:306][ 58]LogModuleManager: Shutting down and abandoning module MeshUtilities (152)
[2020.01.30-07.25.25:306][ 58]LogModuleManager: Shutting down and abandoning module MeshMergeUtilities (151)
[2020.01.30-07.25.25:306][ 58]LogModuleManager: Shutting down and abandoning module MeshReductionInterface (150)
[2020.01.30-07.25.25:307][ 58]LogModuleManager: Shutting down and abandoning module SkeletalMeshReduction (149)
[2020.01.30-07.25.25:307][ 58]LogModuleManager: Shutting down and abandoning module ProxyLODMeshReduction (147)
[2020.01.30-07.25.25:307][ 58]LogModuleManager: Shutting down and abandoning module QuadricMeshReduction (145)
[2020.01.30-07.25.25:307][ 58]LogModuleManager: Shutting down and abandoning module MaterialBaking (141)
[2020.01.30-07.25.25:307][ 58]LogModuleManager: Shutting down and abandoning module NullInstallBundleManager (136)
[2020.01.30-07.25.25:307][ 58]LogModuleManager: Shutting down and abandoning module PIEPreviewDeviceProfileSelector (134)
[2020.01.30-07.25.25:307][ 58]LogModuleManager: Shutting down and abandoning module DerivedDataCache (132)
[2020.01.30-07.25.25:814][ 58]LogDerivedDataCache: Shutdown
[2020.01.30-07.25.25:814][ 58]LogModuleManager: Shutting down and abandoning module XGEController (130)
[2020.01.30-07.25.25:814][ 58]LogModuleManager: Shutting down and abandoning module TargetPlatform (128)
[2020.01.30-07.25.25:814][ 58]LogModuleManager: Shutting down and abandoning module VulkanShaderFormat (127)
[2020.01.30-07.25.25:814][ 58]LogModuleManager: Shutting down and abandoning module ShaderFormatVectorVM (125)
[2020.01.30-07.25.25:814][ 58]LogModuleManager: Shutting down and abandoning module ShaderFormatOpenGL (123)
[2020.01.30-07.25.25:814][ 58]LogModuleManager: Shutting down and abandoning module ShaderFormatD3D (121)
[2020.01.30-07.25.25:814][ 58]LogModuleManager: Shutting down and abandoning module MetalShaderFormat (119)
[2020.01.30-07.25.25:815][ 58]LogModuleManager: Shutting down and abandoning module TextureFormatUncompressed (117)
[2020.01.30-07.25.25:815][ 58]LogModuleManager: Shutting down and abandoning module TextureFormatPVR (115)
[2020.01.30-07.25.25:815][ 58]LogModuleManager: Shutting down and abandoning module TextureFormatDXT (113)
[2020.01.30-07.25.25:815][ 58]LogModuleManager: Shutting down and abandoning module TextureFormatIntelISPCTexComp (111)
[2020.01.30-07.25.25:815][ 58]LogModuleManager: Shutting down and abandoning module TextureFormatASTC (109)
[2020.01.30-07.25.25:815][ 58]LogModuleManager: Shutting down and abandoning module ImageWrapper (108)
[2020.01.30-07.25.25:815][ 58]LogModuleManager: Shutting down and abandoning module TextureFormatAndroid (105)
[2020.01.30-07.25.25:815][ 58]LogModuleManager: Shutting down and abandoning module AudioFormatOpus (103)
[2020.01.30-07.25.25:815][ 58]LogModuleManager: Shutting down and abandoning module AudioFormatOgg (101)
[2020.01.30-07.25.25:815][ 58]LogModuleManager: Shutting down and abandoning module AudioFormatADPCM (99)
[2020.01.30-07.25.25:815][ 58]LogModuleManager: Shutting down and abandoning module WindowsTargetPlatform (97)
[2020.01.30-07.25.25:815][ 58]LogModuleManager: Shutting down and abandoning module WindowsServerTargetPlatform (95)
[2020.01.30-07.25.25:815][ 58]LogModuleManager: Shutting down and abandoning module WindowsNoEditorTargetPlatform (93)
[2020.01.30-07.25.25:815][ 58]LogModuleManager: Shutting down and abandoning module WindowsClientTargetPlatform (91)
[2020.01.30-07.25.25:815][ 58]LogModuleManager: Shutting down and abandoning module InputCore (88)
[2020.01.30-07.25.25:815][ 58]LogModuleManager: Shutting down and abandoning module Settings (86)
[2020.01.30-07.25.25:815][ 58]LogModuleManager: Shutting down and abandoning module PhysXCooking (84)
[2020.01.30-07.25.25:815][ 58]LogModuleManager: Shutting down and abandoning module WindowsPlatformFeatures (82)
[2020.01.30-07.25.25:815][ 58]LogModuleManager: Shutting down and abandoning module GameplayMediaEncoder (81)
[2020.01.30-07.25.25:815][ 58]LogModuleManager: Shutting down and abandoning module SteamVR (78)
[2020.01.30-07.25.25:815][ 58]LogHMD: Freeing OpenVRDLLHandle.
[2020.01.30-07.25.25:815][ 58]LogModuleManager: Shutting down and abandoning module OculusHMD (76)
[2020.01.30-07.25.25:815][ 58]LogModuleManager: Shutting down and abandoning module ExampleDeviceProfileSelector (74)
[2020.01.30-07.25.25:815][ 58]LogModuleManager: Shutting down and abandoning module LauncherChunkInstaller (72)
[2020.01.30-07.25.25:815][ 58]LogModuleManager: Shutting down and abandoning module OnlineBlueprintSupport (70)
[2020.01.30-07.25.25:815][ 58]LogModuleManager: Shutting down and abandoning module OnlineSubsystem (66)
[2020.01.30-07.25.25:816][ 58]LogModuleManager: Shutting down and abandoning module XMPP (61)
[2020.01.30-07.25.25:816][ 58]LogModuleManager: Shutting down and abandoning module WebSockets (60)
[2020.01.30-07.25.25:859][ 58]LogModuleManager: Shutting down and abandoning module HTTP (57)
[2020.01.30-07.25.25:883][ 58]LogModuleManager: Shutting down and abandoning module SSL (56)
[2020.01.30-07.25.25:887][ 58]LogModuleManager: Shutting down and abandoning module WmfMedia (52)
[2020.01.30-07.25.25:890][ 58]LogModuleManager: Shutting down and abandoning module Media (51)
[2020.01.30-07.25.25:893][ 58]LogModuleManager: Shutting down and abandoning module MagicLeap (48)
[2020.01.30-07.25.25:893][ 58]LogModuleManager: Shutting down and abandoning module DatasmithContent (46)
[2020.01.30-07.25.25:895][ 58]LogModuleManager: Shutting down and abandoning module AISupportModule (44)
[2020.01.30-07.25.25:896][ 58]LogModuleManager: Shutting down and abandoning module PlatformCryptoOpenSSL (42)
[2020.01.30-07.25.25:896][ 58]LogModuleManager: Shutting down and abandoning module PlatformCrypto (40)
[2020.01.30-07.25.25:896][ 58]LogModuleManager: Shutting down and abandoning module AnimationModifiers (38)
[2020.01.30-07.25.25:896][ 58]LogModuleManager: Shutting down and abandoning module PropertyEditor (37)
[2020.01.30-07.25.25:896][ 58]LogModuleManager: Shutting down and abandoning module AudioEditor (34)
[2020.01.30-07.25.25:896][ 58]LogModuleManager: Shutting down and abandoning module TextureCompressor (32)
[2020.01.30-07.25.25:896][ 58]LogModuleManager: Shutting down and abandoning module RenderCore (30)
[2020.01.30-07.25.25:896][ 58]LogModuleManager: Shutting down and abandoning module Landscape (28)
[2020.01.30-07.25.25:896][ 58]LogModuleManager: Shutting down and abandoning module SlateRHIRenderer (26)
[2020.01.30-07.25.25:897][ 58]LogModuleManager: Shutting down and abandoning module OpenGLDrv (24)
[2020.01.30-07.25.25:897][ 58]LogModuleManager: Shutting down and abandoning module D3D11RHI (22)
[2020.01.30-07.25.25:897][ 58]LogModuleManager: Shutting down and abandoning module AnimGraphRuntime (20)
[2020.01.30-07.25.25:897][ 58]LogModuleManager: Shutting down and abandoning module Renderer (18)
[2020.01.30-07.25.25:897][ 58]LogModuleManager: Shutting down and abandoning module Engine (16)
[2020.01.30-07.25.25:897][ 58]LogModuleManager: Shutting down and abandoning module CoreUObject (14)
[2020.01.30-07.25.25:897][ 58]LogModuleManager: Shutting down and abandoning module NetworkFile (12)
[2020.01.30-07.25.25:897][ 58]LogModuleManager: Shutting down and abandoning module CookedIterativeFile (10)
[2020.01.30-07.25.25:897][ 58]LogModuleManager: Shutting down and abandoning module StreamingFile (8)
[2020.01.30-07.25.25:897][ 58]LogModuleManager: Shutting down and abandoning module SandboxFile (6)
[2020.01.30-07.25.25:897][ 58]LogModuleManager: Shutting down and abandoning module PakFile (4)
[2020.01.30-07.25.25:897][ 58]LogModuleManager: Shutting down and abandoning module RSA (3)
[2020.01.30-07.25.25:897][ 58]LogD3D11RHI: Shutdown
[2020.01.30-07.25.25:897][ 58]LogD3D11RHI: CleanupD3DDevice
[2020.01.30-07.25.25:898][ 58]LogRendererCore: FGlobalDynamicReadBuffer::Cleanup()
[2020.01.30-07.25.25:898][ 58]LogRendererCore: FGlobalDynamicReadBuffer::Cleanup()
[2020.01.30-07.25.25:898][ 58]LogRendererCore: FGlobalDynamicReadBuffer::Cleanup()
[2020.01.30-07.25.26:030][ 58]LogD3D11RHI: ~FD3D11DynamicRHI
[2020.01.30-07.25.26:043][ 58]LogExit: Exiting.
[2020.01.30-07.25.26:060][ 58]Log file closed, 01/30/20 08:25:26
