Log file open, 01/22/20 13:02:56
LogWindows: Failed to load 'aqProf.dll' (GetLastError=126)
LogWindows: File 'aqProf.dll' does not exist
LogWindows: Failed to load 'VtuneApi.dll' (GetLastError=126)
LogWindows: File 'VtuneApi.dll' does not exist
LogWindows: Failed to load 'VtuneApi32e.dll' (GetLastError=126)
LogWindows: File 'VtuneApi32e.dll' does not exist
LogConsoleResponse: Display: Failed to find resolution value strings in scalability ini. Falling back to default.
LogInit: Display: Running engine for game: JaxAndLegger
LogPlatformFile: Not using cached read wrapper
LogTaskGraph: Started task graph with 5 named threads and 23 total threads with 3 sets of task threads.
LogStats: Stats thread started at 0.180694
LogD3D11RHI: Loaded GFSDK_Aftermath_Lib.x64.dll
LogICUInternationalization: ICU TimeZone Detection - Raw Offset: +1:00, Platform Override: ''
LogPluginManager: Mounting plugin Paper2D
LogPluginManager: Mounting plugin AISupport
LogPluginManager: Mounting plugin LightPropagationVolume
LogPluginManager: Mounting plugin ActorLayerUtilities
LogPluginManager: Mounting plugin AnimationSharing
LogPluginManager: Mounting plugin CLionSourceCodeAccess
LogPluginManager: Mounting plugin CodeLiteSourceCodeAccess
LogPluginManager: Mounting plugin GitSourceControl
LogPluginManager: Mounting plugin KDevelopSourceCodeAccess
LogPluginManager: Mounting plugin NullSourceCodeAccess
LogPluginManager: Mounting plugin PerforceSourceControl
LogPluginManager: Mounting plugin SubversionSourceControl
LogPluginManager: Mounting plugin UObjectPlugin
LogPluginManager: Mounting plugin VisualStudioCodeSourceCodeAccess
LogPluginManager: Mounting plugin VisualStudioSourceCodeAccess
LogPluginManager: Mounting plugin XCodeSourceCodeAccess
LogPluginManager: Mounting plugin AssetManagerEditor
LogPluginManager: Mounting plugin CryptoKeys
LogPluginManager: Mounting plugin CurveEditorTools
LogPluginManager: Mounting plugin DataValidation
LogPluginManager: Mounting plugin FacialAnimation
LogPluginManager: Mounting plugin GameplayTagsEditor
LogPluginManager: Mounting plugin MacGraphicsSwitching
LogPluginManager: Mounting plugin MaterialAnalyzer
LogPluginManager: Mounting plugin MobileLauncherProfileWizard
LogPluginManager: Mounting plugin PluginBrowser
LogPluginManager: Mounting plugin SpeedTreeImporter
LogPluginManager: Mounting plugin DatasmithContent
LogPluginManager: Mounting plugin VariantManagerContent
LogPluginManager: Mounting plugin AlembicImporter
LogPluginManager: Mounting plugin AutomationUtils
LogPluginManager: Mounting plugin BackChannel
LogPluginManager: Mounting plugin CharacterAI
LogPluginManager: Mounting plugin GeometryCache
LogPluginManager: Mounting plugin HTML5Networking
LogPluginManager: Mounting plugin PlatformCrypto
LogPluginManager: Mounting plugin ProxyLODPlugin
LogPluginManager: Mounting plugin SkeletalReduction
LogPluginManager: Mounting plugin MagicLeap
LogPluginManager: Mounting plugin MagicLeapMedia
LogPluginManager: Mounting plugin AndroidMedia
LogPluginManager: Mounting plugin AvfMedia
LogPluginManager: Mounting plugin ImgMedia
LogPluginManager: Mounting plugin MediaCompositing
LogPluginManager: Mounting plugin MediaPlayerEditor
LogPluginManager: Mounting plugin WebMMedia
LogPluginManager: Mounting plugin WmfMedia
LogPluginManager: Mounting plugin TcpMessaging
LogPluginManager: Mounting plugin UdpMessaging
LogPluginManager: Mounting plugin ActorSequence
LogPluginManager: Mounting plugin LevelSequenceEditor
LogPluginManager: Mounting plugin MatineeToLevelSequence
LogPluginManager: Mounting plugin NetcodeUnitTest
LogPluginManager: Mounting plugin NUTUnrealEngine4
LogPluginManager: Mounting plugin OnlineSubsystemGooglePlay
LogPluginManager: Mounting plugin OnlineSubsystemIOS
LogPluginManager: Mounting plugin OnlineSubsystem
LogPluginManager: Mounting plugin OnlineSubsystemNull
LogPluginManager: Mounting plugin OnlineSubsystemUtils
LogPluginManager: Mounting plugin LauncherChunkInstaller
LogPluginManager: Mounting plugin AndroidDeviceProfileSelector
LogPluginManager: Mounting plugin AndroidMoviePlayer
LogPluginManager: Mounting plugin AndroidPermission
LogPluginManager: Mounting plugin AppleImageUtils
LogPluginManager: Mounting plugin AppleMoviePlayer
LogPluginManager: Mounting plugin ArchVisCharacter
LogPluginManager: Mounting plugin AudioCapture
LogPluginManager: Mounting plugin CableComponent
LogPluginManager: Mounting plugin CustomMeshComponent
LogPluginManager: Mounting plugin EditableMesh
LogPluginManager: Mounting plugin ExampleDeviceProfileSelector
LogPluginManager: Mounting plugin GoogleCloudMessaging
LogPluginManager: Mounting plugin IOSDeviceProfileSelector
LogPluginManager: Mounting plugin LinuxDeviceProfileSelector
LogPluginManager: Mounting plugin LocationServicesBPLibrary
LogPluginManager: Mounting plugin MobilePatchingUtils
LogPluginManager: Mounting plugin OculusVR
LogPluginManager: Mounting plugin PhysXVehicles
LogPluginManager: Mounting plugin ProceduralMeshComponent
LogPluginManager: Mounting plugin RuntimePhysXCooking
LogPluginManager: Mounting plugin SignificanceManager
LogPluginManager: Mounting plugin SteamVR
LogPluginManager: Mounting plugin WebMMoviePlayer
LogPluginManager: Mounting plugin WindowsMoviePlayer
LogPluginManager: Mounting plugin ScreenshotTools
LogInit: Using libcurl 7.55.1-DEV
LogInit:  - built for x86_64-pc-win32
LogInit:  - supports SSL with OpenSSL/1.1.1
LogInit:  - supports HTTP deflate (compression) using libz 1.2.8
LogInit:  - other features:
LogInit:      CURL_VERSION_SSL
LogInit:      CURL_VERSION_LIBZ
LogInit:      CURL_VERSION_IPV6
LogInit:      CURL_VERSION_ASYNCHDNS
LogInit:      CURL_VERSION_LARGEFILE
LogInit:      CURL_VERSION_IDN
LogInit:  CurlRequestOptions (configurable via config and command line):
LogInit:  - bVerifyPeer = true  - Libcurl will verify peer certificate
LogInit:  - bUseHttpProxy = false  - Libcurl will NOT use HTTP proxy
LogInit:  - bDontReuseConnections = false  - Libcurl will reuse connections
LogInit:  - MaxHostConnections = 16  - Libcurl will limit the number of connections to a host
LogInit:  - LocalHostAddr = Default
LogInit:  - BufferSize = 65536
LogOnline: OSS: Creating online subsystem instance for: NULL
LogInit: WinSock: version 1.1 (2.2), MaxSocks=32767, MaxUdp=65467
LogInit: Build: ++UE4+Release-4.23-CL-9631420
LogInit: Engine Version: 4.23.1-9631420+++UE4+Release-4.23
LogInit: Compatible Engine Version: 4.23.0-8386587+++UE4+Release-4.23
LogInit: Net CL: 8386587
LogInit: OS: Windows 10 (Release 1909) (), CPU: Intel(R) Core(TM) i7-7700HQ CPU @ 2.80GHz, GPU: Intel(R) HD Graphics 630
LogInit: Compiled (64-bit): Oct 18 2019 02:07:44
LogInit: Compiled with Visual C++: 19.16.27030.01
LogInit: Build Configuration: Development
LogInit: Branch Name: ++UE4+Release-4.23
LogInit: Command Line:  /Game/Maps/MainMenu -game -PIEVIACONSOLE -ResX=1280 -ResY=720 -Multiprocess -messaging -SessionName="Play in Standalone Game" -windowed
LogInit: Base Directory: D:/Program Files/Epic Games/UE_4.23/Engine/Binaries/Win64/
LogInit: Installed Engine Build: 1
LogDevObjectVersion: Number of dev versions registered: 23
LogDevObjectVersion:   Dev-Blueprints (B0D832E4-1F89-4F0D-ACCF-7EB736FD4AA2): 10
LogDevObjectVersion:   Dev-Build (E1C64328-A22C-4D53-A36C-8E866417BD8C): 0
LogDevObjectVersion:   Dev-Core (375EC13C-06E4-48FB-B500-84F0262A717E): 3
LogDevObjectVersion:   Dev-Editor (E4B068ED-F494-42E9-A231-DA0B2E46BB41): 34
LogDevObjectVersion:   Dev-Framework (CFFC743F-43B0-4480-9391-14DF171D2073): 35
LogDevObjectVersion:   Dev-Mobile (B02B49B5-BB20-44E9-A304-32B752E40360): 2
LogDevObjectVersion:   Dev-Networking (A4E4105C-59A1-49B5-A7C5-40C4547EDFEE): 0
LogDevObjectVersion:   Dev-Online (39C831C9-5AE6-47DC-9A44-9C173E1C8E7C): 0
LogDevObjectVersion:   Dev-Physics (78F01B33-EBEA-4F98-B9B4-84EACCB95AA2): 0
LogDevObjectVersion:   Dev-Platform (6631380F-2D4D-43E0-8009-CF276956A95A): 0
LogDevObjectVersion:   Dev-Rendering (12F88B9F-8875-4AFC-A67C-D90C383ABD29): 31
LogDevObjectVersion:   Dev-Sequencer (7B5AE74C-D270-4C10-A958-57980B212A5A): 11
LogDevObjectVersion:   Dev-VR (D7296918-1DD6-4BDD-9DE2-64A83CC13884): 2
LogDevObjectVersion:   Dev-LoadTimes (C2A15278-BFE7-4AFE-6C17-90FF531DF755): 1
LogDevObjectVersion:   Private-Geometry (6EACA3D4-40EC-4CC1-B786-8BED09428FC5): 3
LogDevObjectVersion:   Dev-AnimPhys (29E575DD-E0A3-4627-9D10-D276232CDCEA): 17
LogDevObjectVersion:   Dev-Anim (AF43A65D-7FD3-4947-9873-3E8ED9C1BB05): 2
LogDevObjectVersion:   Dev-ReflectionCapture (6B266CEC-1EC7-4B8F-A30B-E4D90942FC07): 1
LogDevObjectVersion:   Dev-Automation (0DF73D61-A23F-47EA-B727-89E90C41499A): 1
LogDevObjectVersion:   FortniteMain (601D1886-AC64-4F84-AA16-D3DE0DEAC7D6): 27
LogDevObjectVersion:   Dev-Enterprise (9DFFBCD6-494F-0158-E221-12823C92A888): 6
LogDevObjectVersion:   Dev-Niagara (F2AED0AC-9AFE-416F-8664-AA7FFA26D6FC): 1
LogDevObjectVersion:   Dev-Destruction (174F1F0B-B4C6-45A5-B13F-2EE8D0FB917D): 9
LogInit: Presizing for max 16777216 objects, including 0 objects not considered by GC, pre-allocating 0 bytes for permanent pool.
LogInit: Object subsystem initialized
LogConfig: Setting CVar [[con.DebugEarlyDefault:1]]
LogConfig: Setting CVar [[r.setres:1280x720]]
[2020.01.22-12.02.56:871][  0]LogConfig: Setting CVar [[con.DebugEarlyDefault:1]]
[2020.01.22-12.02.56:871][  0]LogConfig: Setting CVar [[r.setres:1280x720]]
[2020.01.22-12.02.56:872][  0]LogConfig: Applying CVar settings from Section [/Script/Engine.RendererSettings] File [F:/Github/Jnckr-Lthr/Saved/Config/Windows/Engine.ini]
[2020.01.22-12.02.56:872][  0]LogConfig: Setting CVar [[r.GPUCrashDebugging:0]]
[2020.01.22-12.02.56:872][  0]LogConfig: Applying CVar settings from Section [/Script/Engine.RendererOverrideSettings] File [F:/Github/Jnckr-Lthr/Saved/Config/Windows/Engine.ini]
[2020.01.22-12.02.56:872][  0]LogConfig: Applying CVar settings from Section [/Script/Engine.StreamingSettings] File [F:/Github/Jnckr-Lthr/Saved/Config/Windows/Engine.ini]
[2020.01.22-12.02.56:872][  0]LogConfig: Setting CVar [[s.MinBulkDataSizeForAsyncLoading:131072]]
[2020.01.22-12.02.56:872][  0]LogConfig: Setting CVar [[s.AsyncLoadingThreadEnabled:0]]
[2020.01.22-12.02.56:872][  0]LogConfig: Setting CVar [[s.EventDrivenLoaderEnabled:1]]
[2020.01.22-12.02.56:872][  0]LogConfig: Setting CVar [[s.WarnIfTimeLimitExceeded:0]]
[2020.01.22-12.02.56:872][  0]LogConfig: Setting CVar [[s.TimeLimitExceededMultiplier:1.5]]
[2020.01.22-12.02.56:872][  0]LogConfig: Setting CVar [[s.TimeLimitExceededMinTime:0.005]]
[2020.01.22-12.02.56:872][  0]LogConfig: Setting CVar [[s.UseBackgroundLevelStreaming:1]]
[2020.01.22-12.02.56:872][  0]LogConfig: Setting CVar [[s.PriorityAsyncLoadingExtraTime:15.0]]
[2020.01.22-12.02.56:872][  0]LogConfig: Setting CVar [[s.LevelStreamingActorsUpdateTimeLimit:5.0]]
[2020.01.22-12.02.56:872][  0]LogConfig: Setting CVar [[s.PriorityLevelStreamingActorsUpdateExtraTime:5.0]]
[2020.01.22-12.02.56:872][  0]LogConfig: Setting CVar [[s.LevelStreamingComponentsRegistrationGranularity:10]]
[2020.01.22-12.02.56:872][  0]LogConfig: Setting CVar [[s.UnregisterComponentsTimeLimit:1.0]]
[2020.01.22-12.02.56:872][  0]LogConfig: Setting CVar [[s.LevelStreamingComponentsUnregistrationGranularity:5]]
[2020.01.22-12.02.56:873][  0]LogConfig: Applying CVar settings from Section [/Script/Engine.GarbageCollectionSettings] File [F:/Github/Jnckr-Lthr/Saved/Config/Windows/Engine.ini]
[2020.01.22-12.02.56:873][  0]LogConfig: Setting CVar [[gc.MaxObjectsNotConsideredByGC:1]]
[2020.01.22-12.02.56:873][  0]LogConfig: Setting CVar [[gc.SizeOfPermanentObjectPool:0]]
[2020.01.22-12.02.56:873][  0]LogConfig: Setting CVar [[gc.FlushStreamingOnGC:0]]
[2020.01.22-12.02.56:873][  0]LogConfig: Setting CVar [[gc.NumRetriesBeforeForcingGC:10]]
[2020.01.22-12.02.56:873][  0]LogConfig: Setting CVar [[gc.AllowParallelGC:1]]
[2020.01.22-12.02.56:873][  0]LogConfig: Setting CVar [[gc.TimeBetweenPurgingPendingKillObjects:61.1]]
[2020.01.22-12.02.56:873][  0]LogConfig: Setting CVar [[gc.MaxObjectsInEditor:16777216]]
[2020.01.22-12.02.56:873][  0]LogConfig: Setting CVar [[gc.IncrementalBeginDestroyEnabled:1]]
[2020.01.22-12.02.56:873][  0]LogConfig: Setting CVar [[gc.CreateGCClusters:1]]
[2020.01.22-12.02.56:873][  0]LogConfig: Setting CVar [[gc.MinGCClusterSize:5]]
[2020.01.22-12.02.56:873][  0]LogConfig: Setting CVar [[gc.ActorClusteringEnabled:0]]
[2020.01.22-12.02.56:873][  0]LogConfig: Setting CVar [[gc.BlueprintClusteringEnabled:0]]
[2020.01.22-12.02.56:873][  0]LogConfig: Setting CVar [[gc.UseDisregardForGCOnDedicatedServers:0]]
[2020.01.22-12.02.56:873][  0]LogConfig: Applying CVar settings from Section [/Script/Engine.NetworkSettings] File [F:/Github/Jnckr-Lthr/Saved/Config/Windows/Engine.ini]
[2020.01.22-12.02.56:873][  0]LogConfig: Applying CVar settings from Section [/Script/UnrealEd.CookerSettings] File [F:/Github/Jnckr-Lthr/Saved/Config/Windows/Engine.ini]
[2020.01.22-12.02.56:882][  0]LogConfig: Applying CVar settings from Section [ViewDistanceQuality@3] File [F:/Github/Jnckr-Lthr/Saved/Config/Windows/Scalability.ini]
[2020.01.22-12.02.56:882][  0]LogConfig: Setting CVar [[r.SkeletalMeshLODBias:0]]
[2020.01.22-12.02.56:882][  0]LogConfig: Setting CVar [[r.ViewDistanceScale:1.0]]
[2020.01.22-12.02.56:882][  0]LogConfig: Applying CVar settings from Section [AntiAliasingQuality@3] File [F:/Github/Jnckr-Lthr/Saved/Config/Windows/Scalability.ini]
[2020.01.22-12.02.56:882][  0]LogConfig: Setting CVar [[r.PostProcessAAQuality:4]]
[2020.01.22-12.02.56:882][  0]LogConfig: Applying CVar settings from Section [ShadowQuality@3] File [F:/Github/Jnckr-Lthr/Saved/Config/Windows/Scalability.ini]
[2020.01.22-12.02.56:882][  0]LogConfig: Setting CVar [[r.LightFunctionQuality:1]]
[2020.01.22-12.02.56:882][  0]LogConfig: Setting CVar [[r.ShadowQuality:5]]
[2020.01.22-12.02.56:882][  0]LogConfig: Setting CVar [[r.Shadow.CSM.MaxCascades:10]]
[2020.01.22-12.02.56:882][  0]LogConfig: Setting CVar [[r.Shadow.MaxResolution:2048]]
[2020.01.22-12.02.56:882][  0]LogConfig: Setting CVar [[r.Shadow.MaxCSMResolution:2048]]
[2020.01.22-12.02.56:882][  0]LogConfig: Setting CVar [[r.Shadow.RadiusThreshold:0.01]]
[2020.01.22-12.02.56:882][  0]LogConfig: Setting CVar [[r.Shadow.DistanceScale:1.0]]
[2020.01.22-12.02.56:882][  0]LogConfig: Setting CVar [[r.Shadow.CSM.TransitionScale:1.0]]
[2020.01.22-12.02.56:882][  0]LogConfig: Setting CVar [[r.Shadow.PreShadowResolutionFactor:1.0]]
[2020.01.22-12.02.56:882][  0]LogConfig: Setting CVar [[r.DistanceFieldShadowing:1]]
[2020.01.22-12.02.56:882][  0]LogConfig: Setting CVar [[r.DistanceFieldAO:1]]
[2020.01.22-12.02.56:882][  0]LogConfig: Setting CVar [[r.AOQuality:2]]
[2020.01.22-12.02.56:882][  0]LogConfig: Setting CVar [[r.VolumetricFog:1]]
[2020.01.22-12.02.56:882][  0]LogConfig: Setting CVar [[r.VolumetricFog.GridPixelSize:8]]
[2020.01.22-12.02.56:882][  0]LogConfig: Setting CVar [[r.VolumetricFog.GridSizeZ:128]]
[2020.01.22-12.02.56:882][  0]LogConfig: Setting CVar [[r.VolumetricFog.HistoryMissSupersampleCount:4]]
[2020.01.22-12.02.56:882][  0]LogConfig: Setting CVar [[r.LightMaxDrawDistanceScale:1]]
[2020.01.22-12.02.56:882][  0]LogConfig: Setting CVar [[r.CapsuleShadows:1]]
[2020.01.22-12.02.56:882][  0]LogConfig: Applying CVar settings from Section [PostProcessQuality@3] File [F:/Github/Jnckr-Lthr/Saved/Config/Windows/Scalability.ini]
[2020.01.22-12.02.56:882][  0]LogConfig: Setting CVar [[r.MotionBlurQuality:4]]
[2020.01.22-12.02.56:882][  0]LogConfig: Setting CVar [[r.AmbientOcclusionMipLevelFactor:0.4]]
[2020.01.22-12.02.56:882][  0]LogConfig: Setting CVar [[r.AmbientOcclusionMaxQuality:100]]
[2020.01.22-12.02.56:882][  0]LogConfig: Setting CVar [[r.AmbientOcclusionLevels:-1]]
[2020.01.22-12.02.56:882][  0]LogConfig: Setting CVar [[r.AmbientOcclusionRadiusScale:1.0]]
[2020.01.22-12.02.56:882][  0]LogConfig: Setting CVar [[r.DepthOfFieldQuality:2]]
[2020.01.22-12.02.56:882][  0]LogConfig: Setting CVar [[r.RenderTargetPoolMin:400]]
[2020.01.22-12.02.56:883][  0]LogConfig: Setting CVar [[r.LensFlareQuality:2]]
[2020.01.22-12.02.56:883][  0]LogConfig: Setting CVar [[r.SceneColorFringeQuality:1]]
[2020.01.22-12.02.56:883][  0]LogConfig: Setting CVar [[r.EyeAdaptationQuality:2]]
[2020.01.22-12.02.56:883][  0]LogConfig: Setting CVar [[r.BloomQuality:5]]
[2020.01.22-12.02.56:883][  0]LogConfig: Setting CVar [[r.FastBlurThreshold:100]]
[2020.01.22-12.02.56:883][  0]LogConfig: Setting CVar [[r.Upscale.Quality:3]]
[2020.01.22-12.02.56:883][  0]LogConfig: Setting CVar [[r.Tonemapper.GrainQuantization:1]]
[2020.01.22-12.02.56:883][  0]LogConfig: Setting CVar [[r.LightShaftQuality:1]]
[2020.01.22-12.02.56:883][  0]LogConfig: Setting CVar [[r.Filter.SizeScale:1]]
[2020.01.22-12.02.56:883][  0]LogConfig: Setting CVar [[r.Tonemapper.Quality:5]]
[2020.01.22-12.02.56:883][  0]LogConfig: Setting CVar [[r.DOF.Gather.AccumulatorQuality:1        ; higher gathering accumulator quality]]
[2020.01.22-12.02.56:883][  0]LogConfig: Setting CVar [[r.DOF.Gather.PostfilterMethod:1          ; Median3x3 postfilering method]]
[2020.01.22-12.02.56:883][  0]LogConfig: Setting CVar [[r.DOF.Gather.EnableBokehSettings:0       ; no bokeh simulation when gathering]]
[2020.01.22-12.02.56:883][  0]LogConfig: Setting CVar [[r.DOF.Gather.RingCount:4                 ; medium number of samples when gathering]]
[2020.01.22-12.02.56:883][  0]LogConfig: Setting CVar [[r.DOF.Scatter.ForegroundCompositing:1    ; additive foreground scattering]]
[2020.01.22-12.02.56:883][  0]LogConfig: Setting CVar [[r.DOF.Scatter.BackgroundCompositing:2    ; additive background scattering]]
[2020.01.22-12.02.56:883][  0]LogConfig: Setting CVar [[r.DOF.Scatter.EnableBokehSettings:1      ; bokeh simulation when scattering]]
[2020.01.22-12.02.56:883][  0]LogConfig: Setting CVar [[r.DOF.Scatter.MaxSpriteRatio:0.1         ; only a maximum of 10% of scattered bokeh]]
[2020.01.22-12.02.56:883][  0]LogConfig: Setting CVar [[r.DOF.Recombine.Quality:1                ; cheap slight out of focus]]
[2020.01.22-12.02.56:883][  0]LogConfig: Setting CVar [[r.DOF.Recombine.EnableBokehSettings:0    ; no bokeh simulation on slight out of focus]]
[2020.01.22-12.02.56:883][  0]LogConfig: Setting CVar [[r.DOF.TemporalAAQuality:1                ; more stable temporal accumulation]]
[2020.01.22-12.02.56:883][  0]LogConfig: Setting CVar [[r.DOF.Kernel.MaxForegroundRadius:0.025]]
[2020.01.22-12.02.56:883][  0]LogConfig: Setting CVar [[r.DOF.Kernel.MaxBackgroundRadius:0.025]]
[2020.01.22-12.02.56:883][  0]LogConfig: Applying CVar settings from Section [TextureQuality@3] File [F:/Github/Jnckr-Lthr/Saved/Config/Windows/Scalability.ini]
[2020.01.22-12.02.56:883][  0]LogConfig: Setting CVar [[r.Streaming.MipBias:0]]
[2020.01.22-12.02.56:883][  0]LogConfig: Setting CVar [[r.Streaming.AmortizeCPUToGPUCopy:0]]
[2020.01.22-12.02.56:883][  0]LogConfig: Setting CVar [[r.Streaming.MaxNumTexturesToStreamPerFrame:0]]
[2020.01.22-12.02.56:883][  0]LogConfig: Setting CVar [[r.Streaming.Boost:1]]
[2020.01.22-12.02.56:883][  0]LogConfig: Setting CVar [[r.MaxAnisotropy:8]]
[2020.01.22-12.02.56:883][  0]LogConfig: Setting CVar [[r.Streaming.LimitPoolSizeToVRAM:0]]
[2020.01.22-12.02.56:883][  0]LogConfig: Setting CVar [[r.Streaming.PoolSize:1000]]
[2020.01.22-12.02.56:883][  0]LogConfig: Setting CVar [[r.Streaming.MaxEffectiveScreenSize:0]]
[2020.01.22-12.02.56:883][  0]LogConfig: Applying CVar settings from Section [EffectsQuality@3] File [F:/Github/Jnckr-Lthr/Saved/Config/Windows/Scalability.ini]
[2020.01.22-12.02.56:883][  0]LogConfig: Setting CVar [[r.TranslucencyLightingVolumeDim:64]]
[2020.01.22-12.02.56:883][  0]LogConfig: Setting CVar [[r.RefractionQuality:2]]
[2020.01.22-12.02.56:883][  0]LogConfig: Setting CVar [[r.SSR.Quality:3]]
[2020.01.22-12.02.56:883][  0]LogConfig: Setting CVar [[r.SceneColorFormat:4]]
[2020.01.22-12.02.56:883][  0]LogConfig: Setting CVar [[r.DetailMode:2]]
[2020.01.22-12.02.56:883][  0]LogConfig: Setting CVar [[r.TranslucencyVolumeBlur:1]]
[2020.01.22-12.02.56:884][  0]LogConfig: Setting CVar [[r.MaterialQualityLevel:1 ; High quality]]
[2020.01.22-12.02.56:884][  0]LogConfig: Setting CVar [[r.SSS.Scale:1]]
[2020.01.22-12.02.56:884][  0]LogConfig: Setting CVar [[r.SSS.SampleSet:2]]
[2020.01.22-12.02.56:884][  0]LogConfig: Setting CVar [[r.SSS.Quality:1]]
[2020.01.22-12.02.56:884][  0]LogConfig: Setting CVar [[r.SSS.HalfRes:1]]
[2020.01.22-12.02.56:884][  0]LogConfig: Setting CVar [[r.EmitterSpawnRateScale:1.0]]
[2020.01.22-12.02.56:884][  0]LogConfig: Setting CVar [[r.ParticleLightQuality:2]]
[2020.01.22-12.02.56:884][  0]LogConfig: Applying CVar settings from Section [FoliageQuality@3] File [F:/Github/Jnckr-Lthr/Saved/Config/Windows/Scalability.ini]
[2020.01.22-12.02.56:884][  0]LogConfig: Setting CVar [[foliage.DensityScale:1.0]]
[2020.01.22-12.02.56:884][  0]LogConfig: Setting CVar [[grass.DensityScale:1.0]]
[2020.01.22-12.02.56:884][  0]LogInit: Selected Device Profile: [Windows]
[2020.01.22-12.02.56:884][  0]LogInit: Applying CVar settings loaded from the selected device profile: [Windows]
[2020.01.22-12.02.56:890][  0]LogHAL: Display: Platform has ~ 8 GB [8469159936 / 8589934592 / 8], which maps to Default [LargestMinGB=32, LargerMinGB=12, DefaultMinGB=8, SmallerMinGB=6, SmallestMinGB=0)
[2020.01.22-12.02.56:890][  0]LogInit: Going up to parent DeviceProfile []
[2020.01.22-12.02.56:890][  0]LogConfig: Applying CVar settings from Section [ViewDistanceQuality@3] File [F:/Github/Jnckr-Lthr/Saved/Config/Windows/Scalability.ini]
[2020.01.22-12.02.56:890][  0]LogConfig: Setting CVar [[r.SkeletalMeshLODBias:0]]
[2020.01.22-12.02.56:890][  0]LogConfig: Setting CVar [[r.ViewDistanceScale:1.0]]
[2020.01.22-12.02.56:890][  0]LogConfig: Applying CVar settings from Section [AntiAliasingQuality@3] File [F:/Github/Jnckr-Lthr/Saved/Config/Windows/Scalability.ini]
[2020.01.22-12.02.56:890][  0]LogConfig: Setting CVar [[r.PostProcessAAQuality:4]]
[2020.01.22-12.02.56:890][  0]LogConfig: Applying CVar settings from Section [ShadowQuality@3] File [F:/Github/Jnckr-Lthr/Saved/Config/Windows/Scalability.ini]
[2020.01.22-12.02.56:890][  0]LogConfig: Setting CVar [[r.LightFunctionQuality:1]]
[2020.01.22-12.02.56:890][  0]LogConfig: Setting CVar [[r.ShadowQuality:5]]
[2020.01.22-12.02.56:890][  0]LogConfig: Setting CVar [[r.Shadow.CSM.MaxCascades:10]]
[2020.01.22-12.02.56:890][  0]LogConfig: Setting CVar [[r.Shadow.MaxResolution:2048]]
[2020.01.22-12.02.56:890][  0]LogConfig: Setting CVar [[r.Shadow.MaxCSMResolution:2048]]
[2020.01.22-12.02.56:890][  0]LogConfig: Setting CVar [[r.Shadow.RadiusThreshold:0.01]]
[2020.01.22-12.02.56:890][  0]LogConfig: Setting CVar [[r.Shadow.DistanceScale:1.0]]
[2020.01.22-12.02.56:890][  0]LogConfig: Setting CVar [[r.Shadow.CSM.TransitionScale:1.0]]
[2020.01.22-12.02.56:890][  0]LogConfig: Setting CVar [[r.Shadow.PreShadowResolutionFactor:1.0]]
[2020.01.22-12.02.56:890][  0]LogConfig: Setting CVar [[r.DistanceFieldShadowing:1]]
[2020.01.22-12.02.56:890][  0]LogConfig: Setting CVar [[r.DistanceFieldAO:1]]
[2020.01.22-12.02.56:890][  0]LogConfig: Setting CVar [[r.AOQuality:2]]
[2020.01.22-12.02.56:890][  0]LogConfig: Setting CVar [[r.VolumetricFog:1]]
[2020.01.22-12.02.56:890][  0]LogConfig: Setting CVar [[r.VolumetricFog.GridPixelSize:8]]
[2020.01.22-12.02.56:890][  0]LogConfig: Setting CVar [[r.VolumetricFog.GridSizeZ:128]]
[2020.01.22-12.02.56:890][  0]LogConfig: Setting CVar [[r.VolumetricFog.HistoryMissSupersampleCount:4]]
[2020.01.22-12.02.56:890][  0]LogConfig: Setting CVar [[r.LightMaxDrawDistanceScale:1]]
[2020.01.22-12.02.56:890][  0]LogConfig: Setting CVar [[r.CapsuleShadows:1]]
[2020.01.22-12.02.56:890][  0]LogConfig: Applying CVar settings from Section [PostProcessQuality@3] File [F:/Github/Jnckr-Lthr/Saved/Config/Windows/Scalability.ini]
[2020.01.22-12.02.56:890][  0]LogConfig: Setting CVar [[r.MotionBlurQuality:4]]
[2020.01.22-12.02.56:890][  0]LogConfig: Setting CVar [[r.AmbientOcclusionMipLevelFactor:0.4]]
[2020.01.22-12.02.56:890][  0]LogConfig: Setting CVar [[r.AmbientOcclusionMaxQuality:100]]
[2020.01.22-12.02.56:890][  0]LogConfig: Setting CVar [[r.AmbientOcclusionLevels:-1]]
[2020.01.22-12.02.56:890][  0]LogConfig: Setting CVar [[r.AmbientOcclusionRadiusScale:1.0]]
[2020.01.22-12.02.56:890][  0]LogConfig: Setting CVar [[r.DepthOfFieldQuality:2]]
[2020.01.22-12.02.56:890][  0]LogConfig: Setting CVar [[r.RenderTargetPoolMin:400]]
[2020.01.22-12.02.56:890][  0]LogConfig: Setting CVar [[r.LensFlareQuality:2]]
[2020.01.22-12.02.56:890][  0]LogConfig: Setting CVar [[r.SceneColorFringeQuality:1]]
[2020.01.22-12.02.56:890][  0]LogConfig: Setting CVar [[r.EyeAdaptationQuality:2]]
[2020.01.22-12.02.56:890][  0]LogConfig: Setting CVar [[r.BloomQuality:5]]
[2020.01.22-12.02.56:890][  0]LogConfig: Setting CVar [[r.FastBlurThreshold:100]]
[2020.01.22-12.02.56:890][  0]LogConfig: Setting CVar [[r.Upscale.Quality:3]]
[2020.01.22-12.02.56:890][  0]LogConfig: Setting CVar [[r.Tonemapper.GrainQuantization:1]]
[2020.01.22-12.02.56:890][  0]LogConfig: Setting CVar [[r.LightShaftQuality:1]]
[2020.01.22-12.02.56:890][  0]LogConfig: Setting CVar [[r.Filter.SizeScale:1]]
[2020.01.22-12.02.56:890][  0]LogConfig: Setting CVar [[r.Tonemapper.Quality:5]]
[2020.01.22-12.02.56:890][  0]LogConfig: Setting CVar [[r.DOF.Gather.AccumulatorQuality:1        ; higher gathering accumulator quality]]
[2020.01.22-12.02.56:890][  0]LogConfig: Setting CVar [[r.DOF.Gather.PostfilterMethod:1          ; Median3x3 postfilering method]]
[2020.01.22-12.02.56:890][  0]LogConfig: Setting CVar [[r.DOF.Gather.EnableBokehSettings:0       ; no bokeh simulation when gathering]]
[2020.01.22-12.02.56:891][  0]LogConfig: Setting CVar [[r.DOF.Gather.RingCount:4                 ; medium number of samples when gathering]]
[2020.01.22-12.02.56:891][  0]LogConfig: Setting CVar [[r.DOF.Scatter.ForegroundCompositing:1    ; additive foreground scattering]]
[2020.01.22-12.02.56:891][  0]LogConfig: Setting CVar [[r.DOF.Scatter.BackgroundCompositing:2    ; additive background scattering]]
[2020.01.22-12.02.56:891][  0]LogConfig: Setting CVar [[r.DOF.Scatter.EnableBokehSettings:1      ; bokeh simulation when scattering]]
[2020.01.22-12.02.56:891][  0]LogConfig: Setting CVar [[r.DOF.Scatter.MaxSpriteRatio:0.1         ; only a maximum of 10% of scattered bokeh]]
[2020.01.22-12.02.56:891][  0]LogConfig: Setting CVar [[r.DOF.Recombine.Quality:1                ; cheap slight out of focus]]
[2020.01.22-12.02.56:891][  0]LogConfig: Setting CVar [[r.DOF.Recombine.EnableBokehSettings:0    ; no bokeh simulation on slight out of focus]]
[2020.01.22-12.02.56:891][  0]LogConfig: Setting CVar [[r.DOF.TemporalAAQuality:1                ; more stable temporal accumulation]]
[2020.01.22-12.02.56:891][  0]LogConfig: Setting CVar [[r.DOF.Kernel.MaxForegroundRadius:0.025]]
[2020.01.22-12.02.56:891][  0]LogConfig: Setting CVar [[r.DOF.Kernel.MaxBackgroundRadius:0.025]]
[2020.01.22-12.02.56:891][  0]LogConfig: Applying CVar settings from Section [TextureQuality@3] File [F:/Github/Jnckr-Lthr/Saved/Config/Windows/Scalability.ini]
[2020.01.22-12.02.56:891][  0]LogConfig: Setting CVar [[r.Streaming.MipBias:0]]
[2020.01.22-12.02.56:891][  0]LogConfig: Setting CVar [[r.Streaming.AmortizeCPUToGPUCopy:0]]
[2020.01.22-12.02.56:891][  0]LogConfig: Setting CVar [[r.Streaming.MaxNumTexturesToStreamPerFrame:0]]
[2020.01.22-12.02.56:891][  0]LogConfig: Setting CVar [[r.Streaming.Boost:1]]
[2020.01.22-12.02.56:891][  0]LogConfig: Setting CVar [[r.MaxAnisotropy:8]]
[2020.01.22-12.02.56:891][  0]LogConfig: Setting CVar [[r.Streaming.LimitPoolSizeToVRAM:0]]
[2020.01.22-12.02.56:891][  0]LogConfig: Setting CVar [[r.Streaming.PoolSize:1000]]
[2020.01.22-12.02.56:891][  0]LogConfig: Setting CVar [[r.Streaming.MaxEffectiveScreenSize:0]]
[2020.01.22-12.02.56:891][  0]LogConfig: Applying CVar settings from Section [EffectsQuality@3] File [F:/Github/Jnckr-Lthr/Saved/Config/Windows/Scalability.ini]
[2020.01.22-12.02.56:891][  0]LogConfig: Setting CVar [[r.TranslucencyLightingVolumeDim:64]]
[2020.01.22-12.02.56:891][  0]LogConfig: Setting CVar [[r.RefractionQuality:2]]
[2020.01.22-12.02.56:891][  0]LogConfig: Setting CVar [[r.SSR.Quality:3]]
[2020.01.22-12.02.56:891][  0]LogConfig: Setting CVar [[r.SceneColorFormat:4]]
[2020.01.22-12.02.56:891][  0]LogConfig: Setting CVar [[r.DetailMode:2]]
[2020.01.22-12.02.56:891][  0]LogConfig: Setting CVar [[r.TranslucencyVolumeBlur:1]]
[2020.01.22-12.02.56:891][  0]LogConfig: Setting CVar [[r.MaterialQualityLevel:1 ; High quality]]
[2020.01.22-12.02.56:891][  0]LogConfig: Setting CVar [[r.SSS.Scale:1]]
[2020.01.22-12.02.56:891][  0]LogConfig: Setting CVar [[r.SSS.SampleSet:2]]
[2020.01.22-12.02.56:891][  0]LogConfig: Setting CVar [[r.SSS.Quality:1]]
[2020.01.22-12.02.56:891][  0]LogConfig: Setting CVar [[r.SSS.HalfRes:1]]
[2020.01.22-12.02.56:891][  0]LogConfig: Setting CVar [[r.EmitterSpawnRateScale:1.0]]
[2020.01.22-12.02.56:891][  0]LogConfig: Setting CVar [[r.ParticleLightQuality:2]]
[2020.01.22-12.02.56:891][  0]LogConfig: Applying CVar settings from Section [FoliageQuality@3] File [F:/Github/Jnckr-Lthr/Saved/Config/Windows/Scalability.ini]
[2020.01.22-12.02.56:891][  0]LogConfig: Setting CVar [[foliage.DensityScale:1.0]]
[2020.01.22-12.02.56:891][  0]LogConfig: Setting CVar [[grass.DensityScale:1.0]]
[2020.01.22-12.02.56:891][  0]LogConfig: Applying CVar settings from Section [Startup] File [../../../Engine/Config/ConsoleVariables.ini]
[2020.01.22-12.02.56:891][  0]LogConfig: Setting CVar [[net.UseAdaptiveNetUpdateFrequency:0]]
[2020.01.22-12.02.56:891][  0]LogConfig: Setting CVar [[p.chaos.AllowCreatePhysxBodies:1]]
[2020.01.22-12.02.56:892][  0]LogConfig: Applying CVar settings from Section [ConsoleVariables] File [F:/Github/Jnckr-Lthr/Saved/Config/Windows/Engine.ini]
[2020.01.22-12.02.56:892][  0]LogInit: Computer: FABIONOTEBOOK
[2020.01.22-12.02.56:892][  0]LogInit: User: morfa
[2020.01.22-12.02.56:892][  0]LogInit: CPU Page size=4096, Cores=4
[2020.01.22-12.02.56:892][  0]LogInit: High frequency timer resolution =10.000000 MHz
[2020.01.22-12.02.56:892][  0]LogMemory: Memory total: Physical=7.9GB (8GB approx)
[2020.01.22-12.02.56:892][  0]LogMemory: Platform Memory Stats for Windows
[2020.01.22-12.02.56:892][  0]LogMemory: Process Physical Memory: 104.65 MB used, 104.65 MB peak
[2020.01.22-12.02.56:892][  0]LogMemory: Process Virtual Memory: 102.50 MB used, 102.50 MB peak
[2020.01.22-12.02.56:892][  0]LogMemory: Physical Memory: 6240.38 MB used,  1836.44 MB free, 8076.82 MB total
[2020.01.22-12.02.56:892][  0]LogMemory: Virtual Memory: 4664.93 MB used,  134213064.00 MB free, 134217728.00 MB total
[2020.01.22-12.02.56:897][  0]LogWindows: WindowsPlatformFeatures enabled
[2020.01.22-12.02.56:951][  0]LogInit: Using OS detected language (en-US).
[2020.01.22-12.02.56:951][  0]LogInit: Using OS detected locale (en-US).
[2020.01.22-12.02.56:954][  0]LogTextLocalizationManager: No specific localization for 'en-US' exists, so the 'en' localization will be used.
[2020.01.22-12.02.57:424][  0]LogSlate: New Slate User Created.  User Index 0, Is Virtual User: 0
[2020.01.22-12.02.57:425][  0]LogSlate: Slate User Registered.  User Index 0, Is Virtual User: 0
[2020.01.22-12.02.57:489][  0]LogHMD: Failed to initialize OpenVR with code 110
[2020.01.22-12.02.57:489][  0]LogD3D11RHI: D3D11 adapters:
[2020.01.22-12.02.57:587][  0]LogD3D11RHI:    0. 'NVIDIA GeForce GTX 1050' (Feature Level 11_0)
[2020.01.22-12.02.57:587][  0]LogD3D11RHI:       1979/0/4038 MB DedicatedVideo/DedicatedSystem/SharedSystem, Outputs:2, VendorId:0x10de
[2020.01.22-12.02.57:598][  0]LogD3D11RHI:    1. 'Intel(R) HD Graphics 630' (Feature Level 11_0)
[2020.01.22-12.02.57:598][  0]LogD3D11RHI:       128/0/4038 MB DedicatedVideo/DedicatedSystem/SharedSystem, Outputs:0, VendorId:0x8086
[2020.01.22-12.02.57:602][  0]LogD3D11RHI:    2. 'Microsoft Basic Render Driver' (Feature Level 11_0)
[2020.01.22-12.02.57:602][  0]LogD3D11RHI:       0/0/4038 MB DedicatedVideo/DedicatedSystem/SharedSystem, Outputs:0, VendorId:0x1414
[2020.01.22-12.02.57:602][  0]LogD3D11RHI: Chosen D3D11 Adapter: 0
[2020.01.22-12.02.57:650][  0]LogD3D11RHI: Creating new Direct3DDevice
[2020.01.22-12.02.57:650][  0]LogD3D11RHI:     GPU DeviceId: 0x1c8d (for the marketing name, search the web for "GPU Device Id")
[2020.01.22-12.02.57:650][  0]LogWindows: EnumDisplayDevices:
[2020.01.22-12.02.57:651][  0]LogWindows:    0. 'Intel(R) HD Graphics 630' (P:1 D:1)
[2020.01.22-12.02.57:651][  0]LogWindows:    1. 'Intel(R) HD Graphics 630' (P:0 D:1)
[2020.01.22-12.02.57:652][  0]LogWindows:    2. 'Intel(R) HD Graphics 630' (P:0 D:0)
[2020.01.22-12.02.57:652][  0]LogWindows: DebugString: PrimaryIsNotTheChoosenAdapter PrimaryIsNotTheChoosenAdapter PrimaryIsNotTheChoosenAdapter FoundDriverCount:0 
[2020.01.22-12.02.57:652][  0]LogD3D11RHI:     Adapter Name: NVIDIA GeForce GTX 1050
[2020.01.22-12.02.57:652][  0]LogD3D11RHI:   Driver Version: Unknown (internal:Unknown, unified:Unknown)
[2020.01.22-12.02.57:652][  0]LogD3D11RHI:      Driver Date: Unknown
[2020.01.22-12.02.57:652][  0]LogRHI: Texture pool is 1385 MB (70% of 1979 MB)
[2020.01.22-12.02.57:706][  0]LogD3D11RHI: Async texture creation enabled
[2020.01.22-12.02.57:721][  0]LogD3D11RHI: GPU Timing Frequency: 1000.000000 (Debug: 2 1)
[2020.01.22-12.02.58:214][  0]LogTemp: Display: Module 'WindowsClientTargetPlatform' loaded TargetPlatform 'WindowsClient'
[2020.01.22-12.02.58:223][  0]LogTemp: Display: Module 'WindowsNoEditorTargetPlatform' loaded TargetPlatform 'WindowsNoEditor'
[2020.01.22-12.02.58:233][  0]LogTemp: Display: Module 'WindowsServerTargetPlatform' loaded TargetPlatform 'WindowsServer'
[2020.01.22-12.02.58:237][  0]LogTemp: Display: Module 'WindowsTargetPlatform' loaded TargetPlatform 'Windows'
[2020.01.22-12.02.58:237][  0]LogTargetPlatformManager: Display: Building Assets For Windows
[2020.01.22-12.02.58:247][  0]LogAudioDebug: Display: Lib vorbis DLL was dynamically loaded.
[2020.01.22-12.02.58:301][  0]LogShaderCompilers: Guid format shader working directory is 26 characters bigger than the processId version (F:/Github/Jnckr-Lthr/Intermediate/Shaders/WorkingDirectory/3600/).
[2020.01.22-12.02.58:301][  0]LogShaderCompilers: Cleaned the shader compiler working directory 'C:/Users/morfa/AppData/Local/Temp/UnrealShaderWorkingDir/27EC876E41AC82319F2B1EB30829E5F7/'.
[2020.01.22-12.02.58:303][  0]LogXGEController: Cannot use XGE Controller as Incredibuild is not installed on this machine.
[2020.01.22-12.02.58:303][  0]LogShaderCompilers: Cannot use XGE Shader Compiler as Incredibuild is not installed on this machine.
[2020.01.22-12.02.58:303][  0]LogShaderCompilers: Display: Using Local Shader Compiler.
[2020.01.22-12.02.59:034][  0]LogDerivedDataCache: Display: Max Cache Size: 512 MB
[2020.01.22-12.02.59:116][  0]LogDerivedDataCache: Loaded boot cache 0.08s 73MB C:/Users/morfa/AppData/Local/UnrealEngine/4.23/DerivedDataCache/Boot.ddc.
[2020.01.22-12.02.59:116][  0]LogDerivedDataCache: Display: Loaded Boot cache: C:/Users/morfa/AppData/Local/UnrealEngine/4.23/DerivedDataCache/Boot.ddc
[2020.01.22-12.02.59:116][  0]LogDerivedDataCache: FDerivedDataBackendGraph:  Pak pak cache file F:/Github/Jnckr-Lthr/DerivedDataCache/DDC.ddp not found, will not use a pak cache.
[2020.01.22-12.02.59:116][  0]LogDerivedDataCache: Unable to find inner node Pak for hierarchical cache Hierarchy.
[2020.01.22-12.02.59:116][  0]LogDerivedDataCache: FDerivedDataBackendGraph:  CompressedPak pak cache file F:/Github/Jnckr-Lthr/DerivedDataCache/Compressed.ddp not found, will not use a pak cache.
[2020.01.22-12.02.59:116][  0]LogDerivedDataCache: Unable to find inner node CompressedPak for hierarchical cache Hierarchy.
[2020.01.22-12.02.59:128][  0]LogDerivedDataCache: Display: Pak cache opened for reading ../../../Engine/DerivedDataCache/Compressed.ddp.
[2020.01.22-12.02.59:128][  0]LogDerivedDataCache: FDerivedDataBackendGraph:  EnterprisePak pak cache file ../../../Enterprise/DerivedDataCache/Compressed.ddp not found, will not use a pak cache.
[2020.01.22-12.02.59:128][  0]LogDerivedDataCache: Unable to find inner node EnterprisePak for hierarchical cache Hierarchy.
[2020.01.22-12.02.59:130][  0]LogDerivedDataCache: Using Local data cache path C:/Users/morfa/AppData/Local/UnrealEngine/Common/DerivedDataCache: Writable
[2020.01.22-12.02.59:130][  0]LogDerivedDataCache: Shared data cache path not found in *engine.ini, will not use an Shared cache.
[2020.01.22-12.02.59:130][  0]LogDerivedDataCache: Unable to find inner node Shared for hierarchical cache Hierarchy.
[2020.01.22-12.02.59:153][  0]LogMaterial: Verifying Global Shaders for PCD3D_SM5
[2020.01.22-12.02.59:156][  0]LogSlate: Using FreeType 2.6.0
[2020.01.22-12.02.59:157][  0]LogSlate: SlateFontServices - WITH_FREETYPE: 1, WITH_HARFBUZZ: 1
[2020.01.22-12.02.59:309][  0]LogInit: Using OS detected language (en-US).
[2020.01.22-12.02.59:309][  0]LogInit: Using OS detected locale (en-US).
[2020.01.22-12.02.59:310][  0]LogTextLocalizationManager: No localization for 'en-US' exists, so 'en' will be used for the language.
[2020.01.22-12.02.59:310][  0]LogTextLocalizationManager: No localization for 'en-US' exists, so 'en' will be used for the locale.
[2020.01.22-12.02.59:310][  0]LogSlate: FontCache flush requested. Reason: Culture for localization was changed
[2020.01.22-12.02.59:310][  0]LogSlate: FontCache flush requested. Reason: Culture for localization was changed
[2020.01.22-12.02.59:312][  0]LogTextLocalizationManager: Compacting localization data took   0.00ms
[2020.01.22-12.02.59:318][  0]LogAssetRegistry: FAssetRegistry took 0.0038 seconds to start up
[2020.01.22-12.02.59:569][  0]LogPackageLocalizationCache: Processed 12 localized package path(s) for 1 prioritized culture(s) in 0.000879 seconds
[2020.01.22-12.02.59:621][  0]LogInit: Selected Device Profile: [Windows]
[2020.01.22-12.02.59:669][  0]LogMeshReduction: Using QuadricMeshReduction for automatic static mesh reduction
[2020.01.22-12.02.59:669][  0]LogMeshReduction: Using SimplygonMeshReduction for automatic skeletal mesh reduction
[2020.01.22-12.02.59:669][  0]LogMeshReduction: Using ProxyLODMeshReduction for automatic mesh merging
[2020.01.22-12.02.59:669][  0]LogMeshReduction: No distributed automatic mesh merging module available
[2020.01.22-12.02.59:669][  0]LogMeshMerging: No distributed automatic mesh merging module available
[2020.01.22-12.02.59:800][  0]LogNetVersion: JaxAndLegger 1.0.0, NetCL: 8386587, EngineNetVer: 11, GameNetVer: 0 (Checksum: 2648958118)
[2020.01.22-12.03.00:437][  0]LogMoviePlayer: Initializing movie player
[2020.01.22-12.03.00:546][  0]LogTcpMessaging: Initializing TcpMessaging bridge
[2020.01.22-12.03.00:548][  0]LogUdpMessaging: Initializing bridge on interface 0.0.0.0:0 to multicast group 230.0.0.1:6666.
[2020.01.22-12.03.00:592][  0]SourceControl: Source control is disabled
[2020.01.22-12.03.00:592][  0]SourceControl: Source control is disabled
[2020.01.22-12.03.00:593][  0]SourceControl: Source control is disabled
[2020.01.22-12.03.00:650][  0]LogAndroidPermission: UAndroidPermissionCallbackProxy::GetInstance
[2020.01.22-12.03.00:884][  0]LogOcInput: OculusInput pre-init called
[2020.01.22-12.03.00:895][  0]LogUObjectArray: 48866 objects as part of root set at end of initial load.
[2020.01.22-12.03.00:895][  0]LogUObjectAllocator: 8609784 out of 0 bytes used by permanent object pool.
[2020.01.22-12.03.00:895][  0]LogUObjectArray: CloseDisregardForGC: 0/0 objects in disregard for GC pool
[2020.01.22-12.03.00:966][  0]LogEngine: Initializing Engine...
[2020.01.22-12.03.00:968][  0]LogHMD: Failed to initialize OpenVR with code 110
[2020.01.22-12.03.00:970][  0]LogStats: UGameplayTagsManager::InitializeManager -  0.000 s
[2020.01.22-12.03.01:215][  0]LogInit: Initializing FReadOnlyCVARCache
[2020.01.22-12.03.01:252][  0]LogInit: XAudio2 using 'Speakers (Realtek High Definition Audio)' : 2 channels at 48 kHz using 32 bits per sample (channel mask 0x3)
[2020.01.22-12.03.01:327][  0]LogInit: FAudioDevice initialized.
[2020.01.22-12.03.01:328][  0]LogNetVersion: Set ProjectVersion to 1.0.0.0. Version Checksum will be recalculated on next use.
[2020.01.22-12.03.01:335][  0]LogInit: Texture streaming: Enabled
[2020.01.22-12.03.01:656][  0]LogSlate: Updating window title bar state: overlay mode, drag disabled, window buttons hidden, title bar hidden
[2020.01.22-12.03.01:657][  0]LogInit: Display: Game Engine Initialized.
[2020.01.22-12.03.01:720][  0]LogInit: Display: Starting Game.
[2020.01.22-12.03.01:720][  0]LogNet: Browse: /Game/Maps/MainMenu?Name=Player
[2020.01.22-12.03.01:720][  0]LogLoad: LoadMap: /Game/Maps/MainMenu?Name=Player
[2020.01.22-12.03.01:720][  0]LogWorld: BeginTearingDown for /Temp/Untitled_0
[2020.01.22-12.03.01:722][  0]LogWorld: UWorld::CleanupWorld for Untitled, bSessionEnded=true, bCleanupResources=true
[2020.01.22-12.03.01:755][  0]LogUObjectHash: Compacting FUObjectHashTables data took   3.26ms
[2020.01.22-12.03.01:803][  0]LogUObjectGlobals: Warning: While loading 'F:/Github/Jnckr-Lthr/Content/JandL_Models/BuckDock/duckblock_sm__1_.uasset' failed to load '/Game/JandL_Models/lambert1': Can't find file.
[2020.01.22-12.03.01:804][  0]LogUObjectGlobals: Warning: While loading 'F:/Github/Jnckr-Lthr/Content/JandL_Models/BuckDock/duckblock_sm__1_.uasset' failed to load '/Game/JandL_Models/lambert1': Can't find file.
[2020.01.22-12.03.01:804][  0]LogUObjectGlobals: Warning: While loading 'F:/Github/Jnckr-Lthr/Content/JandL_Models/BuckDock/duckblock_sm__1_.uasset' failed to load '/Game/JandL_Models/lambert1': Can't find file.
[2020.01.22-12.03.01:804][  0]LogUObjectGlobals: Warning: While loading 'F:/Github/Jnckr-Lthr/Content/JandL_Models/BuckDock/duckblock_sm__1_.uasset' failed to load '/Game/JandL_Models/lambert1': Can't find file.
[2020.01.22-12.03.01:904][  0]LogAIModule: Creating AISystem for world MainMenu
[2020.01.22-12.03.01:904][  0]LogLoad: Game class is 'GameMode'
[2020.01.22-12.03.01:907][  0]LogWorld: Bringing World /Game/Maps/MainMenu.MainMenu up for play (max tick rate 0) at 2020.01.22-13.03.01
[2020.01.22-12.03.01:908][  0]LogWorld: Bringing up level for play took: 0.002606
[2020.01.22-12.03.01:908][  0]LogGameMode: FindPlayerStart: PATHS NOT DEFINED or NO PLAYERSTART with positive rating
[2020.01.22-12.03.01:911][  0]LogGameMode: Display: Match State Changed from EnteringMap to WaitingToStart
[2020.01.22-12.03.01:911][  0]LogGameState: Match State Changed from EnteringMap to WaitingToStart
[2020.01.22-12.03.01:911][  0]LogGameMode: Display: Match State Changed from WaitingToStart to InProgress
[2020.01.22-12.03.01:913][  0]LogGameState: Match State Changed from WaitingToStart to InProgress
[2020.01.22-12.03.01:913][  0]LogLoad: Took 0.193144 seconds to LoadMap(/Game/Maps/MainMenu)
[2020.01.22-12.03.01:944][  0]LogRenderer: Reallocating scene render targets to support 1280x720 Format 10 NumSamples 1 (Frame:1).
[2020.01.22-12.03.01:944][  0]LogLoad: (Engine Initialization) Total time: 8.53 seconds
[2020.01.22-12.03.01:944][  0]LogLoad: (Engine Initialization) Total Blueprint compile time: 0.00 seconds
[2020.01.22-12.03.01:989][  0]LogContentStreaming: Texture pool size now 1000 MB
[2020.01.22-12.03.01:995][  0]LogAudio: Warning: Detected orphaned looping sound 'MenuMusic'.
[2020.01.22-12.03.02:193][  0]LogRenderer: Reallocating scene render targets to support 128x128 Format 10 NumSamples 1 (Frame:1).
[2020.01.22-12.03.02:234][  0]LogRenderer: Reallocating scene render targets to support 1280x720 Format 10 NumSamples 1 (Frame:2).
[2020.01.22-12.03.04:989][171]LogSlate: FSceneViewport::OnFocusLost() reason 0
[2020.01.22-12.03.05:057][175]LogSlate: Took 0.000362 seconds to synchronously load lazily loaded font '../../../Engine/Content/Slate/Fonts/Roboto-Regular.ttf' (155K)
[2020.01.22-12.03.05:924][229]LogSlate: FSceneViewport::OnFocusLost() reason 0
[2020.01.22-12.03.09:949][478]LogInit: WinSock: I am FabioNotebook (192.168.129.98:0)
[2020.01.22-12.03.10:081][478]LogPackageName: SearchForPackageOnDisk took   0.130s to resolve Lobby.umap.
[2020.01.22-12.03.10:082][478]LogGameMode: Display: Match State Changed from InProgress to LeavingMap
[2020.01.22-12.03.10:082][478]LogGameState: Match State Changed from InProgress to LeavingMap
[2020.01.22-12.03.10:244][478]LogPackageName: SearchForPackageOnDisk took   0.162s to resolve Lobby.umap.
[2020.01.22-12.03.10:244][478]LogNet: Browse: /Game/Maps/Lobby?Listen
[2020.01.22-12.03.10:244][478]LogLoad: LoadMap: /Game/Maps/Lobby?Listen
[2020.01.22-12.03.10:244][478]LogWorld: BeginTearingDown for /Game/Maps/MainMenu
[2020.01.22-12.03.10:245][478]LogWorld: UWorld::CleanupWorld for MainMenu, bSessionEnded=true, bCleanupResources=true
[2020.01.22-12.03.10:304][478]LogUObjectHash: Compacting FUObjectHashTables data took   2.28ms
[2020.01.22-12.03.10:726][478]LogBlueprint: Warning: [Compiler 0_Base] InputAction Event references unknown Action 'ResetVR' for  InputAction ResetVR
[2020.01.22-12.03.10:726][478]LogBlueprint: Warning: [Compiler 0_Base] InputAction Event references unknown Action 'Jump' for  InputAction Jump
[2020.01.22-12.03.11:368][478]LogAIModule: Creating AISystem for world Lobby
[2020.01.22-12.03.11:369][478]LogLoad: Game class is 'LobbyGM_C'
[2020.01.22-12.03.11:369][478]LogTemp: Display: ParseSettings for GameNetDriver
[2020.01.22-12.03.11:369][478]LogTemp: Display: ParseSettings for IpNetDriver_0
[2020.01.22-12.03.11:369][478]LogTemp: Display: ParseSettings for GameNetDriver
[2020.01.22-12.03.11:369][478]LogNet: ReplicationDriverClass is null! Not using ReplicationDriver.
[2020.01.22-12.03.11:369][478]PacketHandlerLog: DDoS detection status: detection enabled: 0 analytics enabled: 0
[2020.01.22-12.03.11:370][478]LogInit: WinSock: Socket queue. Rx: 131072 (config 131072) Tx: 131072 (config 131072)
[2020.01.22-12.03.11:371][478]PacketHandlerLog: Loaded PacketHandler component: Engine.EngineHandlerComponentFactory (StatelessConnectHandlerComponent)
[2020.01.22-12.03.11:371][478]LogNet: GameNetDriver IpNetDriver_0 IpNetDriver listening on port 7777
[2020.01.22-12.03.11:373][478]LogWorld: Bringing World /Game/Maps/Lobby.Lobby up for play (max tick rate 0) at 2020.01.22-13.03.11
[2020.01.22-12.03.11:373][478]LogWorld: Bringing up level for play took: 0.001535
[2020.01.22-12.03.11:375][478]LogScript: Warning: UGameplayStatics::BeginSpawningActorFromClass: can not spawn an actor from a NULL class
[2020.01.22-12.03.11:386][478]LogLoad: Took 1.142442 seconds to LoadMap(/Game/Maps/Lobby)
[2020.01.22-12.03.12:462][537]LogSlate: FSceneViewport::OnFocusLost() reason 0
[2020.01.22-12.03.12:507][540]PIE: Warning: This widget does not support focus.  If this is a UserWidget, you should set bIsFocusable to true.
[2020.01.22-12.03.13:540][604]LogSlate: FSceneViewport::OnFocusLost() reason 0
[2020.01.22-12.03.18:363][903]LogNet: NotifyAcceptingConnection accepted from: 192.168.129.99:64384
[2020.01.22-12.03.18:363][903]LogHandshake: SendConnectChallenge. Timestamp: 8.433084, Cookie: 110064185153152180176007144081082172061020180207136013111186
[2020.01.22-12.03.18:379][904]LogNet: NotifyAcceptingConnection accepted from: 192.168.129.99:64384
[2020.01.22-12.03.18:379][904]LogHandshake: SendChallengeAck. InCookie: 110064185153152180176007144081082172061020180207136013111186
[2020.01.22-12.03.18:379][904]LogNet: Server accepting post-challenge connection from: 192.168.129.99:64384
[2020.01.22-12.03.18:379][904]PacketHandlerLog: Loaded PacketHandler component: Engine.EngineHandlerComponentFactory (StatelessConnectHandlerComponent)
[2020.01.22-12.03.18:380][904]LogNet: NotifyAcceptedConnection: Name: Lobby, TimeStamp: 01/22/20 13:03:18, [UNetConnection] RemoteAddr: 192.168.129.99:64384, Name: IpConnection_0, Driver: GameNetDriver IpNetDriver_0, IsServer: YES, PC: NULL, Owner: NULL, UniqueId: INVALID
[2020.01.22-12.03.18:380][904]LogNet: AddClientConnection: Added client connection: [UNetConnection] RemoteAddr: 192.168.129.99:64384, Name: IpConnection_0, Driver: GameNetDriver IpNetDriver_0, IsServer: YES, PC: NULL, Owner: NULL, UniqueId: INVALID
[2020.01.22-12.03.18:395][905]LogNet: NotifyAcceptingChannel Control 0 server World /Game/Maps/Lobby.Lobby: Accepted
[2020.01.22-12.03.18:395][905]LogNet: Remote platform little endian=1
[2020.01.22-12.03.18:395][905]LogNet: This platform little endian=1
[2020.01.22-12.03.18:395][905]LogNetVersion: JaxAndLegger 1.0.0.0, NetCL: 8386587, EngineNetVer: 11, GameNetVer: 0 (Checksum: 2830000141)
[2020.01.22-12.03.18:411][906]LogNet: Login request: /Game/Maps/MainMenu?Name=MSI-0C685C1645DFBA1207B679AD136E96EF userId: NULL:MSI-0C685C1645DFBA1207B679AD136E96EF platform: NULL
[2020.01.22-12.03.18:427][907]LogNet: Client netspeed is 10000
[2020.01.22-12.03.19:300][961]LogNet: Join request: /Game/Maps/MainMenu?Name=MSI-0C685C1645DFBA1207B679AD136E96EF?SplitscreenCount=1
[2020.01.22-12.03.19:305][961]LogNet: Join succeeded: MSI-0C685C1645DFBA12
[2020.01.22-12.03.19:347][964]LogScript: Warning: UGameplayStatics::BeginSpawningActorFromClass: can not spawn an actor from a NULL class
[2020.01.22-12.03.23:768][238]LogGameMode: ProcessServerTravel: /Game/Maps/Prop_Test_2
[2020.01.22-12.03.23:770][238]LogWorld: SeamlessTravel to: /Game/Maps/Prop_Test_2
[2020.01.22-12.03.23:783][239]LogWorld: BeginTearingDown for /Game/Maps/Lobby
[2020.01.22-12.03.23:784][239]LogWorld: UWorld::CleanupWorld for Lobby, bSessionEnded=false, bCleanupResources=true
[2020.01.22-12.03.23:824][239]LogUObjectHash: Compacting FUObjectHashTables data took   3.02ms
[2020.01.22-12.03.23:825][239]LogAIModule: Creating AISystem for world TravelMap
[2020.01.22-12.03.23:826][239]LogStats:     SeamlessTravel FlushLevelStreaming  -  0.001 s
[2020.01.22-12.03.23:827][239]LogWorld: Bringing World /Game/Maps/TravelMap.TravelMap up for play (max tick rate 0) at 2020.01.22-13.03.23
[2020.01.22-12.03.23:827][239]LogWorld: Bringing up level for play took: 0.000380
[2020.01.22-12.03.23:827][239]LogWorld: Sending NotifyLoadedWorld for LP: LocalPlayer_0 PC: LobbyPC_C_0
[2020.01.22-12.03.23:827][239]LogNet: Verbose: NotifyLoadedWorld Begin
[2020.01.22-12.03.23:827][239]LogNet: VeryVerbose: GetFunctionCallspace Server calling Server function: ServerNotifyLoadedWorld Local
[2020.01.22-12.03.23:827][239]LogNet: Verbose: NotifyLoadedWorld End
[2020.01.22-12.03.23:827][239]LogWorld: StartLoadingDestination to: /Game/Maps/Prop_Test_2
[2020.01.22-12.03.23:989][243]LogStreaming: Error: Couldn't find file for package /Game/JandL_Models/lambert1 requested by async loading code. NameToLoad: /Game/JandL_Models/lambert1
[2020.01.22-12.03.24:326][254]LogWorld: BeginTearingDown for /Game/Maps/TravelMap
[2020.01.22-12.03.24:327][254]LogWorld: UWorld::CleanupWorld for TravelMap, bSessionEnded=true, bCleanupResources=true
[2020.01.22-12.03.24:380][254]LogUObjectHash: Compacting FUObjectHashTables data took   3.34ms
[2020.01.22-12.03.24:382][254]LogAIModule: Creating AISystem for world Prop_Test_2
[2020.01.22-12.03.24:382][254]LogLoad: Game class is 'GameplayGM_C'
[2020.01.22-12.03.24:383][254]LogStats:     SeamlessTravel FlushLevelStreaming  -  0.001 s
[2020.01.22-12.03.24:397][254]LogWorld: Bringing World /Game/Maps/Prop_Test_2.Prop_Test_2 up for play (max tick rate 0) at 2020.01.22-13.03.24
[2020.01.22-12.03.24:397][254]LogWorld: Bringing up level for play took: 0.013962
[2020.01.22-12.03.24:397][254]LogWorld: Sending NotifyLoadedWorld for LP: LocalPlayer_0 PC: LobbyPC_C_0
[2020.01.22-12.03.24:397][254]LogNet: Verbose: NotifyLoadedWorld Begin
[2020.01.22-12.03.24:397][254]LogNet: VeryVerbose: GetFunctionCallspace Server calling Server function: ServerNotifyLoadedWorld Local
[2020.01.22-12.03.24:397][254]LogNet: Verbose: NotifyLoadedWorld End
[2020.01.22-12.03.24:397][254]LogWorld: ----SeamlessTravel finished in 0.63 seconds ------
[2020.01.22-12.03.24:398][254]LogScript: Warning: Script Msg: DestroySession - Invalid player state
[2020.01.22-12.03.24:400][254]LogSlate: Updating window title bar state: overlay mode, drag disabled, window buttons hidden, title bar hidden
[2020.01.22-12.03.24:401][254]LogScript: Warning: Accessed None trying to read property CallFunc_GetPlayerCameraManager_ReturnValue
	Leggers_C /Game/Maps/Prop_Test_2.Prop_Test_2:PersistentLevel.Leggers_C_0
	Function /Game/Blueprints/Characters/Leggers.Leggers_C:ExecuteUbergraph_Leggers:08A6
[2020.01.22-12.03.24:401][254]LogScript: Warning: Script call stack:
	Function /Game/Blueprints/Characters/Leggers.Leggers_C:ReceiveBeginPlay
	Function /Game/Blueprints/Characters/Leggers.Leggers_C:ExecuteUbergraph_Leggers

[2020.01.22-12.03.24:401][254]LogScript: Warning: Attempted to assign to None
	Leggers_C /Game/Maps/Prop_Test_2.Prop_Test_2:PersistentLevel.Leggers_C_0
	Function /Game/Blueprints/Characters/Leggers.Leggers_C:ExecuteUbergraph_Leggers:08BB
[2020.01.22-12.03.24:401][254]LogScript: Warning: Script call stack:
	Function /Game/Blueprints/Characters/Leggers.Leggers_C:ReceiveBeginPlay
	Function /Game/Blueprints/Characters/Leggers.Leggers_C:ExecuteUbergraph_Leggers

[2020.01.22-12.03.24:401][254]LogScript: Warning: Accessed None trying to read property CallFunc_GetPlayerCameraManager_ReturnValue
	Leggers_C /Game/Maps/Prop_Test_2.Prop_Test_2:PersistentLevel.Leggers_C_0
	Function /Game/Blueprints/Characters/Leggers.Leggers_C:ExecuteUbergraph_Leggers:08F1
[2020.01.22-12.03.24:401][254]LogScript: Warning: Script call stack:
	Function /Game/Blueprints/Characters/Leggers.Leggers_C:ReceiveBeginPlay
	Function /Game/Blueprints/Characters/Leggers.Leggers_C:ExecuteUbergraph_Leggers

[2020.01.22-12.03.24:401][254]LogScript: Warning: Attempted to assign to None
	Leggers_C /Game/Maps/Prop_Test_2.Prop_Test_2:PersistentLevel.Leggers_C_0
	Function /Game/Blueprints/Characters/Leggers.Leggers_C:ExecuteUbergraph_Leggers:0906
[2020.01.22-12.03.24:401][254]LogScript: Warning: Script call stack:
	Function /Game/Blueprints/Characters/Leggers.Leggers_C:ReceiveBeginPlay
	Function /Game/Blueprints/Characters/Leggers.Leggers_C:ExecuteUbergraph_Leggers

[2020.01.22-12.03.24:402][254]LogScript: Warning: Accessed None trying to read property CallFunc_GetActorOfClass_ReturnValue
	GameplayGM_C /Game/Maps/Prop_Test_2.Prop_Test_2:PersistentLevel.GameplayGM_C_0
	Function /Game/Blueprints/GamePlay/GameplayGM.GameplayGM_C:ExecuteUbergraph_GameplayGM:0032
[2020.01.22-12.03.24:402][254]LogScript: Warning: Script call stack:
	Function /Game/Blueprints/GamePlay/GameplayPC.GameplayPC_C:ReceiveBeginPlay
	Function /Game/Blueprints/GamePlay/GameplayPC.GameplayPC_C:ExecuteUbergraph_GameplayPC
	Function /Game/Blueprints/GamePlay/GameplayPC.GameplayPC_C:PassCharacterInfoToServer
	Function /Game/Blueprints/GamePlay/GameplayPC.GameplayPC_C:ExecuteUbergraph_GameplayPC
	Function /Game/Blueprints/GamePlay/GameplayGM.GameplayGM_C:RespawnPlayer
	Function /Game/Blueprints/GamePlay/GameplayGM.GameplayGM_C:ExecuteUbergraph_GameplayGM

[2020.01.22-12.03.24:440][256]LogScript: Warning: Script Msg: DestroySession - Invalid player state
[2020.01.22-12.03.24:441][256]LogNetPackageMap: Warning: FNetGUIDCache::SupportsObject: MaterialInstanceDynamic /Game/Maps/Prop_Test_2.Prop_Test_2:PersistentLevel.BP_Powerline_9.NewDecalComponent.MaterialInstanceDynamic_0 NOT Supported.
[2020.01.22-12.03.24:441][256]LogNetPackageMap: Warning: FNetGUIDCache::SupportsObject: MaterialInstanceDynamic /Game/Maps/Prop_Test_2.Prop_Test_2:PersistentLevel.BP_Powerline2.NewDecalComponent.MaterialInstanceDynamic_0 NOT Supported.
[2020.01.22-12.03.24:441][256]LogNetPackageMap: Warning: FNetGUIDCache::SupportsObject: MaterialInstanceDynamic /Game/Maps/Prop_Test_2.Prop_Test_2:PersistentLevel.BP_Powerline5_45.NewDecalComponent.MaterialInstanceDynamic_0 NOT Supported.
[2020.01.22-12.03.24:441][256]LogNetPackageMap: Warning: FNetGUIDCache::SupportsObject: MaterialInstanceDynamic /Game/Maps/Prop_Test_2.Prop_Test_2:PersistentLevel.BP_Powerline6_47.NewDecalComponent.MaterialInstanceDynamic_0 NOT Supported.
[2020.01.22-12.03.24:442][256]LogNetPackageMap: Warning: FNetGUIDCache::SupportsObject: MaterialInstanceDynamic /Game/Maps/Prop_Test_2.Prop_Test_2:PersistentLevel.BP_Powerline3_41.NewDecalComponent.MaterialInstanceDynamic_0 NOT Supported.
[2020.01.22-12.03.24:442][256]LogNetPackageMap: Warning: FNetGUIDCache::SupportsObject: MaterialInstanceDynamic /Game/Maps/Prop_Test_2.Prop_Test_2:PersistentLevel.BP_Powerline4_43.NewDecalComponent.MaterialInstanceDynamic_0 NOT Supported.
[2020.01.22-12.03.24:442][256]LogNetPackageMap: Warning: FNetGUIDCache::SupportsObject: MaterialInstanceDynamic /Game/Maps/Prop_Test_2.Prop_Test_2:PersistentLevel.BP_Powerline7_49.NewDecalComponent.MaterialInstanceDynamic_0 NOT Supported.
[2020.01.22-12.03.24:522][261]LogNetPackageMap: Warning: FNetGUIDCache::SupportsObject: MaterialInstanceDynamic /Game/Maps/Prop_Test_2.Prop_Test_2:PersistentLevel.BP_Powerline11_57.NewDecalComponent.MaterialInstanceDynamic_0 NOT Supported.
[2020.01.22-12.03.24:522][261]LogNetPackageMap: Warning: FNetGUIDCache::SupportsObject: MaterialInstanceDynamic /Game/Maps/Prop_Test_2.Prop_Test_2:PersistentLevel.BP_Powerline8_51.NewDecalComponent.MaterialInstanceDynamic_0 NOT Supported.
[2020.01.22-12.03.24:538][262]LogNetPackageMap: Warning: FNetGUIDCache::SupportsObject: MaterialInstanceDynamic /Game/Maps/Prop_Test_2.Prop_Test_2:PersistentLevel.BP_Powerline10_55.NewDecalComponent.MaterialInstanceDynamic_0 NOT Supported.
[2020.01.22-12.03.24:538][262]LogNetPackageMap: Warning: FNetGUIDCache::SupportsObject: MaterialInstanceDynamic /Game/Maps/Prop_Test_2.Prop_Test_2:PersistentLevel.BP_Powerline9_53.NewDecalComponent.MaterialInstanceDynamic_0 NOT Supported.
[2020.01.22-12.03.29:248][554]LogBlueprintUserMessages: [Beam_Signal_C_5] Called from server
[2020.01.22-12.03.29:248][554]LogBlueprintUserMessages: [Beam_Signal_C_5] Multi executed
[2020.01.22-12.03.29:651][579]LogBlueprintUserMessages: [Beam_Signal_C_5] Called from server
[2020.01.22-12.03.29:652][579]LogBlueprintUserMessages: [Beam_Signal_C_5] Multi executed
[2020.01.22-12.03.30:602][638]LogBlueprintUserMessages: [Beam_Signal_C_5] Called from server
[2020.01.22-12.03.30:602][638]LogBlueprintUserMessages: [Beam_Signal_C_5] Multi executed
[2020.01.22-12.03.31:086][668]LogBlueprintUserMessages: [Beam_Signal_C_5] Called from server
[2020.01.22-12.03.31:086][668]LogBlueprintUserMessages: [Beam_Signal_C_5] Multi executed
[2020.01.22-12.03.33:087][792]LogBlueprintUserMessages: [Beam_Signal_C_5] Called from server
[2020.01.22-12.03.33:087][792]LogBlueprintUserMessages: [Beam_Signal_C_5] Multi executed
[2020.01.22-12.03.33:169][797]LogBlueprintUserMessages: [Beam_Signal_C_5] Called from server
[2020.01.22-12.03.33:169][797]LogBlueprintUserMessages: [Beam_Signal_C_5] Multi executed
[2020.01.22-12.03.33:894][842]LogBlueprintUserMessages: [Beam_Signal_C_5] Called from server
[2020.01.22-12.03.33:894][842]LogBlueprintUserMessages: [Beam_Signal_C_5] Multi executed
[2020.01.22-12.03.33:990][848]LogBlueprintUserMessages: [Beam_Signal_C_5] Called from server
[2020.01.22-12.03.33:990][848]LogBlueprintUserMessages: [Beam_Signal_C_5] Multi executed
[2020.01.22-12.03.34:312][868]LogBlueprintUserMessages: [Beam_Signal_C_5] Called from server
[2020.01.22-12.03.34:312][868]LogBlueprintUserMessages: [Beam_Signal_C_5] Multi executed
[2020.01.22-12.03.34:409][874]LogBlueprintUserMessages: [Beam_Signal_C_5] Called from server
[2020.01.22-12.03.34:409][874]LogBlueprintUserMessages: [Beam_Signal_C_5] Multi executed
[2020.01.22-12.03.34:668][890]LogBlueprintUserMessages: [Beam_Signal_C_5] Called from server
[2020.01.22-12.03.34:668][890]LogBlueprintUserMessages: [Beam_Signal_C_5] Multi executed
[2020.01.22-12.03.34:764][896]LogBlueprintUserMessages: [Beam_Signal_C_5] Called from server
[2020.01.22-12.03.34:764][896]LogBlueprintUserMessages: [Beam_Signal_C_5] Multi executed
[2020.01.22-12.03.35:409][936]LogBlueprintUserMessages: [Beam_Signal_C_5] Called from server
[2020.01.22-12.03.35:409][936]LogBlueprintUserMessages: [Beam_Signal_C_5] Multi executed
[2020.01.22-12.03.35:474][940]LogBlueprintUserMessages: [Beam_Signal_C_5] Called from server
[2020.01.22-12.03.35:474][940]LogBlueprintUserMessages: [Beam_Signal_C_5] Multi executed
[2020.01.22-12.03.35:845][963]LogBlueprintUserMessages: [Beam_Signal_C_5] Called from server
[2020.01.22-12.03.35:845][963]LogBlueprintUserMessages: [Beam_Signal_C_5] Multi executed
[2020.01.22-12.03.35:926][968]LogBlueprintUserMessages: [Beam_Signal_C_5] Called from server
[2020.01.22-12.03.35:926][968]LogBlueprintUserMessages: [Beam_Signal_C_5] Multi executed
[2020.01.22-12.03.38:990][158]LogBlueprintUserMessages: [Beam_Signal_C_5] Called from server
[2020.01.22-12.03.38:990][158]LogBlueprintUserMessages: [Beam_Signal_C_5] Multi executed
[2020.01.22-12.03.39:087][164]LogBlueprintUserMessages: [Beam_Signal_C_5] Called from server
[2020.01.22-12.03.39:088][164]LogBlueprintUserMessages: [Beam_Signal_C_5] Multi executed
[2020.01.22-12.03.39:606][196]LogBlueprintUserMessages: [Beam_Signal_C_5] Called from server
[2020.01.22-12.03.39:606][196]LogBlueprintUserMessages: [Beam_Signal_C_5] Multi executed
[2020.01.22-12.03.39:700][202]LogBlueprintUserMessages: [Beam_Signal_C_5] Called from server
[2020.01.22-12.03.39:701][202]LogBlueprintUserMessages: [Beam_Signal_C_5] Multi executed
[2020.01.22-12.03.40:781][269]LogBlueprintUserMessages: [Beam_Signal_C_5] Called from server
[2020.01.22-12.03.40:782][269]LogBlueprintUserMessages: [Beam_Signal_C_5] Multi executed
[2020.01.22-12.03.40:894][276]LogBlueprintUserMessages: [Beam_Signal_C_5] Called from server
[2020.01.22-12.03.40:894][276]LogBlueprintUserMessages: [Beam_Signal_C_5] Multi executed
[2020.01.22-12.03.42:024][346]LogBlueprintUserMessages: [Beam_Signal_C_5] Called from server
[2020.01.22-12.03.42:024][346]LogBlueprintUserMessages: [Beam_Signal_C_5] Multi executed
[2020.01.22-12.03.42:152][354]LogBlueprintUserMessages: [Beam_Signal_C_5] Called from server
[2020.01.22-12.03.42:153][354]LogBlueprintUserMessages: [Beam_Signal_C_5] Multi executed
[2020.01.22-12.03.43:410][432]LogBlueprintUserMessages: [Beam_Signal_C_5] Called from server
[2020.01.22-12.03.43:410][432]LogBlueprintUserMessages: [Beam_Signal_C_5] Multi executed
[2020.01.22-12.03.43:556][441]LogBlueprintUserMessages: [Beam_Signal_C_5] Called from server
[2020.01.22-12.03.43:556][441]LogBlueprintUserMessages: [Beam_Signal_C_5] Multi executed
[2020.01.22-12.03.51:814][953]LogBlueprintUserMessages: [Beam_Teleport_C_16] Called from server
[2020.01.22-12.03.51:814][953]LogBlueprintUserMessages: [Beam_Teleport_C_16] Multi executed
[2020.01.22-12.03.51:895][958]LogBlueprintUserMessages: [Beam_Teleport_C_16] Called from server
[2020.01.22-12.03.51:895][958]LogBlueprintUserMessages: [Beam_Teleport_C_16] Multi executed
[2020.01.22-12.03.52:573][  0]LogBlueprintUserMessages: [Beam_Teleport_C_16] Called from server
[2020.01.22-12.03.52:573][  0]LogBlueprintUserMessages: [Beam_Teleport_C_16] Multi executed
[2020.01.22-12.03.52:687][  7]LogBlueprintUserMessages: [Beam_Teleport_C_16] Called from server
[2020.01.22-12.03.52:687][  7]LogBlueprintUserMessages: [Beam_Teleport_C_16] Multi executed
[2020.01.22-12.03.53:104][ 33]LogBlueprintUserMessages: [Beam_Teleport_C_16] Called from server
[2020.01.22-12.03.53:105][ 33]LogBlueprintUserMessages: [Beam_Teleport_C_16] Multi executed
[2020.01.22-12.03.53:217][ 40]LogBlueprintUserMessages: [Beam_Teleport_C_16] Called from server
[2020.01.22-12.03.53:218][ 40]LogBlueprintUserMessages: [Beam_Teleport_C_16] Multi executed
[2020.01.22-12.03.57:815][325]LogWindowsDesktop: Alt-F4 pressed!
[2020.01.22-12.03.57:823][325]LogSlate: Window 'JaxAndLegger (64-bit Development PCD3D_SM5) ' being destroyed
[2020.01.22-12.03.57:828][325]LogWindowsTextInputMethodSystem: Display: IME system now deactivated.
[2020.01.22-12.03.57:832][325]LogWindowsTextInputMethodSystem: Display: IME system now deactivated.
[2020.01.22-12.03.57:833][325]LogOnlineSession: Warning: OSS: No game present to leave for session (GameSession)
[2020.01.22-12.03.57:834][325]LogSlate: Updating window title bar state: overlay mode, drag disabled, window buttons hidden, title bar hidden
[2020.01.22-12.03.57:834][325]LogEngine: All Windows Closed
[2020.01.22-12.03.57:834][325]LogWindows: FPlatformMisc::RequestExit(0)
[2020.01.22-12.03.57:847][326]LogWorld: BeginTearingDown for /Game/Maps/Prop_Test_2
[2020.01.22-12.03.57:847][326]LogNet: World NetDriver shutdown IpNetDriver_0 [GameNetDriver]
[2020.01.22-12.03.57:847][326]LogNet: DestroyNamedNetDriver IpNetDriver_0 [GameNetDriver]
[2020.01.22-12.03.57:848][326]LogNet: UNetConnection::Cleanup: Closing open connection. [UNetConnection] RemoteAddr: 192.168.129.99:64384, Name: IpConnection_0, Driver: GameNetDriver IpNetDriver_0, IsServer: YES, PC: GameplayPC_C_1, Owner: GameplayPC_C_1, UniqueId: NULL:MSI-0C685C1645DFBA1207B679AD136E96EF
[2020.01.22-12.03.57:848][326]LogNet: UNetConnection::Close: [UNetConnection] RemoteAddr: 192.168.129.99:64384, Name: IpConnection_0, Driver: GameNetDriver IpNetDriver_0, IsServer: YES, PC: GameplayPC_C_1, Owner: GameplayPC_C_1, UniqueId: NULL:MSI-0C685C1645DFBA1207B679AD136E96EF, Channels: 30, Time: 2020.01.22-12.03.57
[2020.01.22-12.03.57:848][326]LogNet: UChannel::Close: Sending CloseBunch. ChIndex == 0. Name: [UChannel] ChIndex: 0, Closing: 0 [UNetConnection] RemoteAddr: 192.168.129.99:64384, Name: IpConnection_0, Driver: GameNetDriver IpNetDriver_0, IsServer: YES, PC: GameplayPC_C_1, Owner: GameplayPC_C_1, UniqueId: NULL:MSI-0C685C1645DFBA1207B679AD136E96EF
[2020.01.22-12.03.57:849][326]LogExit: GameNetDriver IpNetDriver_0 shut down
[2020.01.22-12.03.57:849][326]LogWorld: UWorld::CleanupWorld for Prop_Test_2, bSessionEnded=true, bCleanupResources=true
[2020.01.22-12.03.58:002][326]LogExit: Preparing to exit.
[2020.01.22-12.03.58:002][326]LogMoviePlayer: Shutting down movie player
[2020.01.22-12.03.58:616][326]LogSlate: Updating window title bar state: overlay mode, drag disabled, window buttons hidden, title bar hidden
[2020.01.22-12.03.58:630][326]LogDemo: Cleaned up 0 splitscreen connections with owner deletion
[2020.01.22-12.03.58:645][326]LogExit: Game engine shut down
[2020.01.22-12.03.58:751][326]LogExit: Object subsystem successfully closed.
[2020.01.22-12.03.58:771][326]LogShaderCompilers: Display: Shaders left to compile 0
[2020.01.22-12.03.58:782][326]LogModuleManager: Shutting down and abandoning module SequenceRecorderSections (410)
[2020.01.22-12.03.58:782][326]LogModuleManager: Shutting down and abandoning module SequenceRecorder (408)
[2020.01.22-12.03.58:782][326]LogModuleManager: Shutting down and abandoning module AutomationController (406)
[2020.01.22-12.03.58:782][326]LogModuleManager: Shutting down and abandoning module AutomationWorker (404)
[2020.01.22-12.03.58:782][326]LogModuleManager: Shutting down and abandoning module Voice (402)
[2020.01.22-12.03.58:782][326]LogModuleManager: Shutting down and abandoning module AIModule (400)
[2020.01.22-12.03.58:782][326]LogModuleManager: Shutting down and abandoning module GameplayDebugger (399)
[2020.01.22-12.03.58:782][326]LogModuleManager: Shutting down and abandoning module AITestSuite (397)
[2020.01.22-12.03.58:782][326]LogModuleManager: Shutting down and abandoning module NavigationSystem (395)
[2020.01.22-12.03.58:782][326]LogModuleManager: Shutting down and abandoning module OculusMR (392)
[2020.01.22-12.03.58:782][326]LogModuleManager: Shutting down and abandoning module WmfMediaFactory (390)
[2020.01.22-12.03.58:782][326]LogModuleManager: Shutting down and abandoning module WebMMediaFactory (388)
[2020.01.22-12.03.58:782][326]LogModuleManager: Shutting down and abandoning module WebMMedia (386)
[2020.01.22-12.03.58:782][326]LogModuleManager: Shutting down and abandoning module OpenExrWrapper (384)
[2020.01.22-12.03.58:782][326]LogModuleManager: Shutting down and abandoning module ImgMediaFactory (382)
[2020.01.22-12.03.58:782][326]LogModuleManager: Shutting down and abandoning module AvfMediaFactory (380)
[2020.01.22-12.03.58:782][326]LogModuleManager: Shutting down and abandoning module MagicLeapCameraPreviewFactory (378)
[2020.01.22-12.03.58:782][326]LogModuleManager: Shutting down and abandoning module MagicLeapMediaCodecFactory (376)
[2020.01.22-12.03.58:782][326]LogModuleManager: Shutting down and abandoning module MagicLeapMediaFactory (374)
[2020.01.22-12.03.58:782][326]LogModuleManager: Shutting down and abandoning module CharacterAI (372)
[2020.01.22-12.03.58:782][326]LogModuleManager: Shutting down and abandoning module SessionServices (370)
[2020.01.22-12.03.58:782][326]LogModuleManager: Shutting down and abandoning module MovieSceneCapture (368)
[2020.01.22-12.03.58:782][326]LogModuleManager: Shutting down and abandoning module LiveCoding (366)
[2020.01.22-12.03.58:783][326]LogModuleManager: Shutting down and abandoning module LevelSequence (364)
[2020.01.22-12.03.58:783][326]LogModuleManager: Shutting down and abandoning module MovieSceneTracks (362)
[2020.01.22-12.03.58:783][326]LogModuleManager: Shutting down and abandoning module MovieScene (360)
[2020.01.22-12.03.58:783][326]LogModuleManager: Shutting down and abandoning module StreamingPauseRendering (358)
[2020.01.22-12.03.58:783][326]LogModuleManager: Shutting down and abandoning module PortalServices (356)
[2020.01.22-12.03.58:783][326]LogModuleManager: Shutting down and abandoning module PortalRpc (354)
[2020.01.22-12.03.58:783][326]LogModuleManager: Shutting down and abandoning module MessagingRpc (352)
[2020.01.22-12.03.58:783][326]LogModuleManager: Shutting down and abandoning module ImageWriteQueue (350)
[2020.01.22-12.03.58:784][326]LogModuleManager: Shutting down and abandoning module ProfilerService (348)
[2020.01.22-12.03.59:014][326]LogModuleManager: Shutting down and abandoning module TaskGraph (346)
[2020.01.22-12.03.59:014][326]LogModuleManager: Shutting down and abandoning module SteamVRController (344)
[2020.01.22-12.03.59:014][326]LogModuleManager: Shutting down and abandoning module ProceduralMeshComponent (342)
[2020.01.22-12.03.59:015][326]LogModuleManager: Shutting down and abandoning module OculusInput (340)
[2020.01.22-12.03.59:015][326]LogModuleManager: Shutting down and abandoning module MobilePatchingUtils (338)
[2020.01.22-12.03.59:015][326]LogModuleManager: Shutting down and abandoning module EditableMesh (336)
[2020.01.22-12.03.59:015][326]LogModuleManager: Shutting down and abandoning module CustomMeshComponent (334)
[2020.01.22-12.03.59:015][326]LogModuleManager: Shutting down and abandoning module CableComponent (332)
[2020.01.22-12.03.59:015][326]LogModuleManager: Shutting down and abandoning module AudioCapture (330)
[2020.01.22-12.03.59:015][326]LogModuleManager: Shutting down and abandoning module ArchVisCharacter (328)
[2020.01.22-12.03.59:015][326]LogModuleManager: Shutting down and abandoning module AppleImageUtilsBlueprintSupport (326)
[2020.01.22-12.03.59:015][326]LogModuleManager: Shutting down and abandoning module AppleImageUtils (324)
[2020.01.22-12.03.59:015][326]LogModuleManager: Shutting down and abandoning module AndroidPermission (322)
[2020.01.22-12.03.59:015][326]LogModuleManager: Shutting down and abandoning module NUTUnrealEngine4 (320)
[2020.01.22-12.03.59:015][326]LogModuleManager: Shutting down and abandoning module NetcodeUnitTest (318)
[2020.01.22-12.03.59:015][326]LogModuleManager: Shutting down and abandoning module MediaCompositing (316)
[2020.01.22-12.03.59:015][326]LogModuleManager: Shutting down and abandoning module ImgMedia (314)
[2020.01.22-12.03.59:015][326]LogModuleManager: Shutting down and abandoning module MagicLeapHelperVulkan (312)
[2020.01.22-12.03.59:015][326]LogModuleManager: Shutting down and abandoning module MagicLeapHelperOpenGL (310)
[2020.01.22-12.03.59:015][326]LogModuleManager: Shutting down and abandoning module MagicLeapAudio (308)
[2020.01.22-12.03.59:015][326]LogModuleManager: Shutting down and abandoning module HTML5Networking (306)
[2020.01.22-12.03.59:015][326]LogModuleManager: Shutting down and abandoning module GeometryCacheTracks (304)
[2020.01.22-12.03.59:015][326]LogModuleManager: Shutting down and abandoning module GeometryCacheSequencer (303)
[2020.01.22-12.03.59:015][326]LogModuleManager: Shutting down and abandoning module GeometryCache (300)
[2020.01.22-12.03.59:015][326]LogModuleManager: Shutting down and abandoning module GeometryCacheEd (299)
[2020.01.22-12.03.59:015][326]LogModuleManager: Shutting down and abandoning module BackChannel (296)
[2020.01.22-12.03.59:015][326]LogModuleManager: Shutting down and abandoning module AutomationUtils (294)
[2020.01.22-12.03.59:015][326]LogModuleManager: Shutting down and abandoning module VariantManagerContent (292)
[2020.01.22-12.03.59:015][326]LogModuleManager: Shutting down and abandoning module CryptoKeysOpenSSL (290)
[2020.01.22-12.03.59:015][326]LogModuleManager: Shutting down and abandoning module CryptoKeys (288)
[2020.01.22-12.03.59:015][326]LogModuleManager: Shutting down and abandoning module VisualStudioSourceCodeAccess (286)
[2020.01.22-12.03.59:015][326]LogModuleManager: Shutting down and abandoning module HotReload (285)
[2020.01.22-12.03.59:015][326]LogModuleManager: Shutting down and abandoning module DirectoryWatcher (284)
[2020.01.22-12.03.59:015][326]LogModuleManager: Shutting down and abandoning module VisualStudioCodeSourceCodeAccess (280)
[2020.01.22-12.03.59:015][326]LogModuleManager: Shutting down and abandoning module UObjectPlugin (278)
[2020.01.22-12.03.59:015][326]LogModuleManager: Shutting down and abandoning module SubversionSourceControl (276)
[2020.01.22-12.03.59:015][326]LogModuleManager: Shutting down and abandoning module PerforceSourceControl (274)
[2020.01.22-12.03.59:015][326]LogModuleManager: Shutting down and abandoning module SourceControl (273)
[2020.01.22-12.03.59:015][326]LogModuleManager: Shutting down and abandoning module CLionSourceCodeAccess (270)
[2020.01.22-12.03.59:015][326]LogModuleManager: Shutting down and abandoning module ActorLayerUtilities (268)
[2020.01.22-12.03.59:015][326]LogModuleManager: Shutting down and abandoning module JaxAndLegger (266)
[2020.01.22-12.03.59:015][326]LogModuleManager: Shutting down and abandoning module SignificanceManager (264)
[2020.01.22-12.03.59:015][326]LogModuleManager: Shutting down and abandoning module RuntimePhysXCooking (262)
[2020.01.22-12.03.59:016][326]LogModuleManager: Shutting down and abandoning module PhysXVehiclesEditor (260)
[2020.01.22-12.03.59:016][326]LogModuleManager: Shutting down and abandoning module LocationServicesBPLibrary (256)
[2020.01.22-12.03.59:016][326]LogModuleManager: Shutting down and abandoning module ActorSequence (254)
[2020.01.22-12.03.59:016][326]LogModuleManager: Shutting down and abandoning module UdpMessaging (252)
[2020.01.22-12.03.59:117][326]LogModuleManager: Shutting down and abandoning module TcpMessaging (250)
[2020.01.22-12.03.59:583][326]LogModuleManager: Shutting down and abandoning module MagicLeapIdentity (248)
[2020.01.22-12.03.59:583][326]LogModuleManager: Shutting down and abandoning module MagicLeapSecureStorage (246)
[2020.01.22-12.03.59:583][326]LogModuleManager: Shutting down and abandoning module MagicLeapHandTracking (244)
[2020.01.22-12.03.59:583][326]LogModuleManager: Shutting down and abandoning module MagicLeapEyeTracker (242)
[2020.01.22-12.03.59:583][326]LogModuleManager: Shutting down and abandoning module MagicLeapController (240)
[2020.01.22-12.03.59:583][326]LogSlate: Slate User Destroyed.  User Index 0, Is Virtual User: 0
[2020.01.22-12.03.59:584][326]LogModuleManager: Shutting down and abandoning module MagicLeapAR (238)
[2020.01.22-12.03.59:584][326]LogModuleManager: Shutting down and abandoning module AugmentedReality (237)
[2020.01.22-12.03.59:584][326]LogModuleManager: Shutting down and abandoning module GameplayTagsEditor (234)
[2020.01.22-12.03.59:584][326]LogModuleManager: Shutting down and abandoning module FacialAnimation (232)
[2020.01.22-12.03.59:584][326]LogModuleManager: Shutting down and abandoning module AssetManagerEditor (230)
[2020.01.22-12.03.59:584][326]LogModuleManager: Shutting down and abandoning module TreeMap (229)
[2020.01.22-12.03.59:584][326]LogModuleManager: Shutting down and abandoning module AnimationSharing (226)
[2020.01.22-12.03.59:584][326]LogModuleManager: Shutting down and abandoning module LightPropagationVolumeRuntime (224)
[2020.01.22-12.03.59:584][326]LogModuleManager: Shutting down and abandoning module Paper2D (222)
[2020.01.22-12.03.59:584][326]LogModuleManager: Shutting down and abandoning module WindowsMoviePlayer (220)
[2020.01.22-12.03.59:586][326]LogModuleManager: Shutting down and abandoning module WebMMoviePlayer (218)
[2020.01.22-12.03.59:586][326]LogModuleManager: Shutting down and abandoning module NetworkReplayStreaming (216)
[2020.01.22-12.03.59:586][326]LogModuleManager: Shutting down and abandoning module PacketHandler (214)
[2020.01.22-12.03.59:586][326]LogModuleManager: Shutting down and abandoning module ClothingSystemEditor (212)
[2020.01.22-12.03.59:586][326]LogModuleManager: Shutting down and abandoning module ClothingSystemRuntime (210)
[2020.01.22-12.03.59:586][326]LogModuleManager: Shutting down and abandoning module MediaAssets (208)
[2020.01.22-12.03.59:586][326]LogModuleManager: Shutting down and abandoning module Overlay (206)
[2020.01.22-12.03.59:586][326]LogModuleManager: Shutting down and abandoning module OverlayEditor (205)
[2020.01.22-12.03.59:587][326]LogModuleManager: Shutting down and abandoning module VREditor (202)
[2020.01.22-12.03.59:587][326]LogModuleManager: Shutting down and abandoning module StringTableEditor (200)
[2020.01.22-12.03.59:587][326]LogModuleManager: Shutting down and abandoning module GameplayTasksEditor (198)
[2020.01.22-12.03.59:587][326]LogModuleManager: Shutting down and abandoning module BehaviorTreeEditor (196)
[2020.01.22-12.03.59:587][326]LogModuleManager: Shutting down and abandoning module FunctionalTesting (194)
[2020.01.22-12.03.59:587][326]LogModuleManager: Shutting down and abandoning module CollisionAnalyzer (192)
[2020.01.22-12.03.59:587][326]LogModuleManager: Shutting down and abandoning module WorkspaceMenuStructure (191)
[2020.01.22-12.03.59:587][326]LogModuleManager: Shutting down and abandoning module UMG (188)
[2020.01.22-12.03.59:587][326]LogModuleManager: Shutting down and abandoning module UMGEditor (187)
[2020.01.22-12.03.59:587][326]LogModuleManager: Shutting down and abandoning module Sequencer (186)
[2020.01.22-12.03.59:587][326]LogModuleManager: Shutting down and abandoning module MessageLog (183)
[2020.01.22-12.03.59:587][326]LogModuleManager: Shutting down and abandoning module SlateReflector (178)
[2020.01.22-12.03.59:587][326]LogModuleManager: Shutting down and abandoning module Slate (176)
[2020.01.22-12.03.59:587][326]LogModuleManager: Shutting down and abandoning module LandscapeEditorUtilities (174)
[2020.01.22-12.03.59:587][326]LogModuleManager: Shutting down and abandoning module EditorStyle (172)
[2020.01.22-12.03.59:588][326]LogModuleManager: Shutting down and abandoning module UnrealEd (170)
[2020.01.22-12.03.59:588][326]LogModuleManager: Shutting down and abandoning module MRMesh (168)
[2020.01.22-12.03.59:588][326]LogModuleManager: Shutting down and abandoning module Messaging (166)
[2020.01.22-12.03.59:588][326]LogModuleManager: Shutting down and abandoning module SourceCodeAccess (164)
[2020.01.22-12.03.59:588][326]LogModuleManager: Shutting down and abandoning module HeadMountedDisplay (162)
[2020.01.22-12.03.59:588][326]LogModuleManager: Shutting down and abandoning module XAudio2 (160)
[2020.01.22-12.03.59:588][326]LogModuleManager: Shutting down and abandoning module Networking (158)
[2020.01.22-12.03.59:588][326]LogModuleManager: Shutting down and abandoning module Core (156)
[2020.01.22-12.03.59:588][326]LogModuleManager: Shutting down and abandoning module KismetCompiler (154)
[2020.01.22-12.03.59:588][326]LogModuleManager: Shutting down and abandoning module MeshUtilities (152)
[2020.01.22-12.03.59:588][326]LogModuleManager: Shutting down and abandoning module MeshMergeUtilities (151)
[2020.01.22-12.03.59:588][326]LogModuleManager: Shutting down and abandoning module MeshReductionInterface (150)
[2020.01.22-12.03.59:588][326]LogModuleManager: Shutting down and abandoning module SkeletalMeshReduction (149)
[2020.01.22-12.03.59:588][326]LogModuleManager: Shutting down and abandoning module ProxyLODMeshReduction (147)
[2020.01.22-12.03.59:588][326]LogModuleManager: Shutting down and abandoning module QuadricMeshReduction (145)
[2020.01.22-12.03.59:588][326]LogModuleManager: Shutting down and abandoning module MaterialBaking (141)
[2020.01.22-12.03.59:588][326]LogModuleManager: Shutting down and abandoning module NullInstallBundleManager (136)
[2020.01.22-12.03.59:588][326]LogModuleManager: Shutting down and abandoning module PIEPreviewDeviceProfileSelector (134)
[2020.01.22-12.03.59:588][326]LogModuleManager: Shutting down and abandoning module DerivedDataCache (132)
[2020.01.22-12.03.59:701][326]LogDerivedDataCache: Shutdown
[2020.01.22-12.03.59:701][326]LogModuleManager: Shutting down and abandoning module XGEController (130)
[2020.01.22-12.03.59:701][326]LogModuleManager: Shutting down and abandoning module TargetPlatform (128)
[2020.01.22-12.03.59:701][326]LogModuleManager: Shutting down and abandoning module VulkanShaderFormat (127)
[2020.01.22-12.03.59:701][326]LogModuleManager: Shutting down and abandoning module ShaderFormatVectorVM (125)
[2020.01.22-12.03.59:701][326]LogModuleManager: Shutting down and abandoning module ShaderFormatOpenGL (123)
[2020.01.22-12.03.59:701][326]LogModuleManager: Shutting down and abandoning module ShaderFormatD3D (121)
[2020.01.22-12.03.59:701][326]LogModuleManager: Shutting down and abandoning module MetalShaderFormat (119)
[2020.01.22-12.03.59:701][326]LogModuleManager: Shutting down and abandoning module TextureFormatUncompressed (117)
[2020.01.22-12.03.59:701][326]LogModuleManager: Shutting down and abandoning module TextureFormatPVR (115)
[2020.01.22-12.03.59:701][326]LogModuleManager: Shutting down and abandoning module TextureFormatDXT (113)
[2020.01.22-12.03.59:701][326]LogModuleManager: Shutting down and abandoning module TextureFormatIntelISPCTexComp (111)
[2020.01.22-12.03.59:701][326]LogModuleManager: Shutting down and abandoning module TextureFormatASTC (109)
[2020.01.22-12.03.59:701][326]LogModuleManager: Shutting down and abandoning module ImageWrapper (108)
[2020.01.22-12.03.59:701][326]LogModuleManager: Shutting down and abandoning module TextureFormatAndroid (105)
[2020.01.22-12.03.59:701][326]LogModuleManager: Shutting down and abandoning module AudioFormatOpus (103)
[2020.01.22-12.03.59:701][326]LogModuleManager: Shutting down and abandoning module AudioFormatOgg (101)
[2020.01.22-12.03.59:701][326]LogModuleManager: Shutting down and abandoning module AudioFormatADPCM (99)
[2020.01.22-12.03.59:701][326]LogModuleManager: Shutting down and abandoning module WindowsTargetPlatform (97)
[2020.01.22-12.03.59:701][326]LogModuleManager: Shutting down and abandoning module WindowsServerTargetPlatform (95)
[2020.01.22-12.03.59:701][326]LogModuleManager: Shutting down and abandoning module WindowsNoEditorTargetPlatform (93)
[2020.01.22-12.03.59:701][326]LogModuleManager: Shutting down and abandoning module WindowsClientTargetPlatform (91)
[2020.01.22-12.03.59:701][326]LogModuleManager: Shutting down and abandoning module InputCore (88)
[2020.01.22-12.03.59:701][326]LogModuleManager: Shutting down and abandoning module Settings (86)
[2020.01.22-12.03.59:701][326]LogModuleManager: Shutting down and abandoning module PhysXCooking (84)
[2020.01.22-12.03.59:701][326]LogModuleManager: Shutting down and abandoning module WindowsPlatformFeatures (82)
[2020.01.22-12.03.59:701][326]LogModuleManager: Shutting down and abandoning module GameplayMediaEncoder (81)
[2020.01.22-12.03.59:701][326]LogModuleManager: Shutting down and abandoning module SteamVR (78)
[2020.01.22-12.03.59:701][326]LogHMD: Freeing OpenVRDLLHandle.
[2020.01.22-12.03.59:701][326]LogModuleManager: Shutting down and abandoning module OculusHMD (76)
[2020.01.22-12.03.59:701][326]LogModuleManager: Shutting down and abandoning module ExampleDeviceProfileSelector (74)
[2020.01.22-12.03.59:701][326]LogModuleManager: Shutting down and abandoning module LauncherChunkInstaller (72)
[2020.01.22-12.03.59:702][326]LogModuleManager: Shutting down and abandoning module OnlineBlueprintSupport (70)
[2020.01.22-12.03.59:702][326]LogModuleManager: Shutting down and abandoning module OnlineSubsystem (66)
[2020.01.22-12.03.59:702][326]LogModuleManager: Shutting down and abandoning module XMPP (61)
[2020.01.22-12.03.59:702][326]LogModuleManager: Shutting down and abandoning module WebSockets (60)
[2020.01.22-12.03.59:708][326]LogModuleManager: Shutting down and abandoning module HTTP (57)
[2020.01.22-12.03.59:721][326]LogModuleManager: Shutting down and abandoning module SSL (56)
[2020.01.22-12.03.59:723][326]LogModuleManager: Shutting down and abandoning module WmfMedia (52)
[2020.01.22-12.03.59:724][326]LogModuleManager: Shutting down and abandoning module Media (51)
[2020.01.22-12.03.59:724][326]LogModuleManager: Shutting down and abandoning module MagicLeap (48)
[2020.01.22-12.03.59:724][326]LogModuleManager: Shutting down and abandoning module DatasmithContent (46)
[2020.01.22-12.03.59:730][326]LogModuleManager: Shutting down and abandoning module AISupportModule (44)
[2020.01.22-12.03.59:730][326]LogModuleManager: Shutting down and abandoning module PlatformCryptoOpenSSL (42)
[2020.01.22-12.03.59:730][326]LogModuleManager: Shutting down and abandoning module PlatformCrypto (40)
[2020.01.22-12.03.59:730][326]LogModuleManager: Shutting down and abandoning module AnimationModifiers (38)
[2020.01.22-12.03.59:730][326]LogModuleManager: Shutting down and abandoning module PropertyEditor (37)
[2020.01.22-12.03.59:730][326]LogModuleManager: Shutting down and abandoning module AudioEditor (34)
[2020.01.22-12.03.59:730][326]LogModuleManager: Shutting down and abandoning module TextureCompressor (32)
[2020.01.22-12.03.59:730][326]LogModuleManager: Shutting down and abandoning module RenderCore (30)
[2020.01.22-12.03.59:730][326]LogModuleManager: Shutting down and abandoning module Landscape (28)
[2020.01.22-12.03.59:730][326]LogModuleManager: Shutting down and abandoning module SlateRHIRenderer (26)
[2020.01.22-12.03.59:731][326]LogModuleManager: Shutting down and abandoning module OpenGLDrv (24)
[2020.01.22-12.03.59:731][326]LogModuleManager: Shutting down and abandoning module D3D11RHI (22)
[2020.01.22-12.03.59:731][326]LogModuleManager: Shutting down and abandoning module AnimGraphRuntime (20)
[2020.01.22-12.03.59:731][326]LogModuleManager: Shutting down and abandoning module Renderer (18)
[2020.01.22-12.03.59:731][326]LogModuleManager: Shutting down and abandoning module Engine (16)
[2020.01.22-12.03.59:732][326]LogModuleManager: Shutting down and abandoning module CoreUObject (14)
[2020.01.22-12.03.59:732][326]LogModuleManager: Shutting down and abandoning module NetworkFile (12)
[2020.01.22-12.03.59:732][326]LogModuleManager: Shutting down and abandoning module CookedIterativeFile (10)
[2020.01.22-12.03.59:732][326]LogModuleManager: Shutting down and abandoning module StreamingFile (8)
[2020.01.22-12.03.59:732][326]LogModuleManager: Shutting down and abandoning module SandboxFile (6)
[2020.01.22-12.03.59:732][326]LogModuleManager: Shutting down and abandoning module PakFile (4)
[2020.01.22-12.03.59:732][326]LogModuleManager: Shutting down and abandoning module RSA (3)
[2020.01.22-12.03.59:732][326]LogD3D11RHI: Shutdown
[2020.01.22-12.03.59:732][326]LogD3D11RHI: CleanupD3DDevice
[2020.01.22-12.03.59:732][326]LogRendererCore: FGlobalDynamicReadBuffer::Cleanup()
[2020.01.22-12.03.59:732][326]LogRendererCore: FGlobalDynamicReadBuffer::Cleanup()
[2020.01.22-12.03.59:732][326]LogRendererCore: FGlobalDynamicReadBuffer::Cleanup()
[2020.01.22-12.03.59:733][326]LogD3D11RHI: ~FD3D11DynamicRHI
[2020.01.22-12.03.59:739][326]LogExit: Exiting.
[2020.01.22-12.03.59:751][326]Log file closed, 01/22/20 13:03:59
